[2022-12-15T06:14:43.907+0000] {taskinstance.py:1165} INFO - Dependencies all met for <TaskInstance: aws_to_bq.extract scheduled__2022-12-15T00:14:18.922226+00:00 [queued]>
[2022-12-15T06:14:43.923+0000] {taskinstance.py:1165} INFO - Dependencies all met for <TaskInstance: aws_to_bq.extract scheduled__2022-12-15T00:14:18.922226+00:00 [queued]>
[2022-12-15T06:14:43.924+0000] {taskinstance.py:1362} INFO - 
--------------------------------------------------------------------------------
[2022-12-15T06:14:43.924+0000] {taskinstance.py:1363} INFO - Starting attempt 1 of 2
[2022-12-15T06:14:43.924+0000] {taskinstance.py:1364} INFO - 
--------------------------------------------------------------------------------
[2022-12-15T06:14:43.951+0000] {taskinstance.py:1383} INFO - Executing <Task(BashOperator): extract> on 2022-12-15 00:14:18.922226+00:00
[2022-12-15T06:14:43.956+0000] {standard_task_runner.py:55} INFO - Started process 111 to run task
[2022-12-15T06:14:43.964+0000] {standard_task_runner.py:82} INFO - Running: ['***', 'tasks', 'run', 'aws_to_bq', 'extract', 'scheduled__2022-12-15T00:14:18.922226+00:00', '--job-id', '13', '--raw', '--subdir', 'DAGS_FOLDER/dags.py', '--cfg-path', '/tmp/tmp98hgxgmq']
[2022-12-15T06:14:43.965+0000] {standard_task_runner.py:83} INFO - Job 13: Subtask extract
[2022-12-15T06:14:44.056+0000] {task_command.py:376} INFO - Running <TaskInstance: aws_to_bq.extract scheduled__2022-12-15T00:14:18.922226+00:00 [running]> on host 3d17ccc81221
[2022-12-15T06:14:44.153+0000] {taskinstance.py:1590} INFO - Exporting the following env vars:
AIRFLOW_CTX_DAG_EMAIL=lambobr1994@gmail.com
AIRFLOW_CTX_DAG_OWNER=***
AIRFLOW_CTX_DAG_ID=aws_to_bq
AIRFLOW_CTX_TASK_ID=extract
AIRFLOW_CTX_EXECUTION_DATE=2022-12-15T00:14:18.922226+00:00
AIRFLOW_CTX_TRY_NUMBER=1
AIRFLOW_CTX_DAG_RUN_ID=scheduled__2022-12-15T00:14:18.922226+00:00
[2022-12-15T06:14:44.154+0000] {subprocess.py:63} INFO - Tmp dir root location: 
 /tmp
[2022-12-15T06:14:44.155+0000] {subprocess.py:75} INFO - Running command: ['/bin/bash', '-c', 'python3 /opt/***/python_scripts/start_dms.py']
[2022-12-15T06:14:44.166+0000] {subprocess.py:86} INFO - Output:
[2022-12-15T06:16:51.268+0000] {subprocess.py:97} INFO - Command exited with return code 0
[2022-12-15T06:16:51.292+0000] {taskinstance.py:1401} INFO - Marking task as SUCCESS. dag_id=aws_to_bq, task_id=extract, execution_date=20221215T001418, start_date=20221215T061443, end_date=20221215T061651
[2022-12-15T06:16:51.349+0000] {local_task_job.py:159} INFO - Task exited with return code 0
[2022-12-15T06:16:51.370+0000] {taskinstance.py:2623} INFO - 1 downstream tasks scheduled from follow-on schedule check
