[2022-12-15T05:51:33.227+0000] {processor.py:154} INFO - Started process (PID=54) to work on /home/airflow/.local/lib/python3.10/site-packages/airflow/example_dags/example_complex.py
[2022-12-15T05:51:33.228+0000] {processor.py:756} INFO - Processing file /home/airflow/.local/lib/python3.10/site-packages/airflow/example_dags/example_complex.py for tasks to queue
[2022-12-15T05:51:33.229+0000] {logging_mixin.py:137} INFO - [2022-12-15T05:51:33.229+0000] {dagbag.py:537} INFO - Filling up the DagBag from /home/airflow/.local/lib/python3.10/site-packages/airflow/example_dags/example_complex.py
[2022-12-15T05:51:33.247+0000] {logging_mixin.py:137} INFO - [2022-12-15T05:51:33.247+0000] {taskmixin.py:205} WARNING - Dependency <Task(BashOperator): create_entry_group>, delete_entry_group already registered for DAG: example_complex
[2022-12-15T05:51:33.248+0000] {logging_mixin.py:137} INFO - [2022-12-15T05:51:33.248+0000] {taskmixin.py:205} WARNING - Dependency <Task(BashOperator): delete_entry_group>, create_entry_group already registered for DAG: example_complex
[2022-12-15T05:51:33.248+0000] {logging_mixin.py:137} INFO - [2022-12-15T05:51:33.248+0000] {taskmixin.py:205} WARNING - Dependency <Task(BashOperator): create_entry_gcs>, delete_entry already registered for DAG: example_complex
[2022-12-15T05:51:33.249+0000] {logging_mixin.py:137} INFO - [2022-12-15T05:51:33.248+0000] {taskmixin.py:205} WARNING - Dependency <Task(BashOperator): delete_entry>, create_entry_gcs already registered for DAG: example_complex
[2022-12-15T05:51:33.249+0000] {logging_mixin.py:137} INFO - [2022-12-15T05:51:33.249+0000] {taskmixin.py:205} WARNING - Dependency <Task(BashOperator): create_tag>, delete_tag already registered for DAG: example_complex
[2022-12-15T05:51:33.250+0000] {logging_mixin.py:137} INFO - [2022-12-15T05:51:33.249+0000] {taskmixin.py:205} WARNING - Dependency <Task(BashOperator): delete_tag>, create_tag already registered for DAG: example_complex
[2022-12-15T05:51:33.261+0000] {processor.py:766} INFO - DAG(s) dict_keys(['example_complex']) retrieved from /home/airflow/.local/lib/python3.10/site-packages/airflow/example_dags/example_complex.py
[2022-12-15T05:51:33.615+0000] {logging_mixin.py:137} INFO - [2022-12-15T05:51:33.615+0000] {manager.py:507} INFO - Created Permission View: can delete on DAG:example_complex
[2022-12-15T05:51:33.632+0000] {logging_mixin.py:137} INFO - [2022-12-15T05:51:33.632+0000] {manager.py:507} INFO - Created Permission View: can edit on DAG:example_complex
[2022-12-15T05:51:33.646+0000] {logging_mixin.py:137} INFO - [2022-12-15T05:51:33.646+0000] {manager.py:507} INFO - Created Permission View: can read on DAG:example_complex
[2022-12-15T05:51:33.646+0000] {logging_mixin.py:137} INFO - [2022-12-15T05:51:33.646+0000] {dag.py:2585} INFO - Sync 1 DAGs
[2022-12-15T05:51:33.664+0000] {logging_mixin.py:137} INFO - [2022-12-15T05:51:33.664+0000] {dag.py:2606} INFO - Creating ORM DAG for example_complex
[2022-12-15T05:51:33.689+0000] {logging_mixin.py:137} INFO - [2022-12-15T05:51:33.688+0000] {dag.py:3336} INFO - Setting next_dagrun for example_complex to None, run_after=None
[2022-12-15T05:51:33.738+0000] {processor.py:176} INFO - Processing /home/airflow/.local/lib/python3.10/site-packages/airflow/example_dags/example_complex.py took 0.515 seconds
[2022-12-15T05:52:03.827+0000] {processor.py:154} INFO - Started process (PID=113) to work on /home/airflow/.local/lib/python3.10/site-packages/airflow/example_dags/example_complex.py
[2022-12-15T05:52:03.828+0000] {processor.py:756} INFO - Processing file /home/airflow/.local/lib/python3.10/site-packages/airflow/example_dags/example_complex.py for tasks to queue
[2022-12-15T05:52:03.829+0000] {logging_mixin.py:137} INFO - [2022-12-15T05:52:03.829+0000] {dagbag.py:537} INFO - Filling up the DagBag from /home/airflow/.local/lib/python3.10/site-packages/airflow/example_dags/example_complex.py
[2022-12-15T05:52:03.838+0000] {logging_mixin.py:137} INFO - [2022-12-15T05:52:03.838+0000] {taskmixin.py:205} WARNING - Dependency <Task(BashOperator): create_entry_group>, delete_entry_group already registered for DAG: example_complex
[2022-12-15T05:52:03.839+0000] {logging_mixin.py:137} INFO - [2022-12-15T05:52:03.838+0000] {taskmixin.py:205} WARNING - Dependency <Task(BashOperator): delete_entry_group>, create_entry_group already registered for DAG: example_complex
[2022-12-15T05:52:03.839+0000] {logging_mixin.py:137} INFO - [2022-12-15T05:52:03.839+0000] {taskmixin.py:205} WARNING - Dependency <Task(BashOperator): create_entry_gcs>, delete_entry already registered for DAG: example_complex
[2022-12-15T05:52:03.839+0000] {logging_mixin.py:137} INFO - [2022-12-15T05:52:03.839+0000] {taskmixin.py:205} WARNING - Dependency <Task(BashOperator): delete_entry>, create_entry_gcs already registered for DAG: example_complex
[2022-12-15T05:52:03.839+0000] {logging_mixin.py:137} INFO - [2022-12-15T05:52:03.839+0000] {taskmixin.py:205} WARNING - Dependency <Task(BashOperator): create_tag>, delete_tag already registered for DAG: example_complex
[2022-12-15T05:52:03.839+0000] {logging_mixin.py:137} INFO - [2022-12-15T05:52:03.839+0000] {taskmixin.py:205} WARNING - Dependency <Task(BashOperator): delete_tag>, create_tag already registered for DAG: example_complex
[2022-12-15T05:52:03.955+0000] {processor.py:766} INFO - DAG(s) dict_keys(['example_complex']) retrieved from /home/airflow/.local/lib/python3.10/site-packages/airflow/example_dags/example_complex.py
[2022-12-15T05:52:03.995+0000] {logging_mixin.py:137} INFO - [2022-12-15T05:52:03.995+0000] {dag.py:2585} INFO - Sync 1 DAGs
[2022-12-15T05:52:04.017+0000] {logging_mixin.py:137} INFO - [2022-12-15T05:52:04.017+0000] {dag.py:3336} INFO - Setting next_dagrun for example_complex to None, run_after=None
[2022-12-15T05:52:04.041+0000] {processor.py:176} INFO - Processing /home/airflow/.local/lib/python3.10/site-packages/airflow/example_dags/example_complex.py took 0.216 seconds
[2022-12-15T05:52:34.273+0000] {processor.py:154} INFO - Started process (PID=166) to work on /home/airflow/.local/lib/python3.10/site-packages/airflow/example_dags/example_complex.py
[2022-12-15T05:52:34.274+0000] {processor.py:756} INFO - Processing file /home/airflow/.local/lib/python3.10/site-packages/airflow/example_dags/example_complex.py for tasks to queue
[2022-12-15T05:52:34.274+0000] {logging_mixin.py:137} INFO - [2022-12-15T05:52:34.274+0000] {dagbag.py:537} INFO - Filling up the DagBag from /home/airflow/.local/lib/python3.10/site-packages/airflow/example_dags/example_complex.py
[2022-12-15T05:52:34.393+0000] {logging_mixin.py:137} INFO - [2022-12-15T05:52:34.393+0000] {taskmixin.py:205} WARNING - Dependency <Task(BashOperator): create_entry_group>, delete_entry_group already registered for DAG: example_complex
[2022-12-15T05:52:34.393+0000] {logging_mixin.py:137} INFO - [2022-12-15T05:52:34.393+0000] {taskmixin.py:205} WARNING - Dependency <Task(BashOperator): delete_entry_group>, create_entry_group already registered for DAG: example_complex
[2022-12-15T05:52:34.393+0000] {logging_mixin.py:137} INFO - [2022-12-15T05:52:34.393+0000] {taskmixin.py:205} WARNING - Dependency <Task(BashOperator): create_entry_gcs>, delete_entry already registered for DAG: example_complex
[2022-12-15T05:52:34.393+0000] {logging_mixin.py:137} INFO - [2022-12-15T05:52:34.393+0000] {taskmixin.py:205} WARNING - Dependency <Task(BashOperator): delete_entry>, create_entry_gcs already registered for DAG: example_complex
[2022-12-15T05:52:34.394+0000] {logging_mixin.py:137} INFO - [2022-12-15T05:52:34.394+0000] {taskmixin.py:205} WARNING - Dependency <Task(BashOperator): create_tag>, delete_tag already registered for DAG: example_complex
[2022-12-15T05:52:34.394+0000] {logging_mixin.py:137} INFO - [2022-12-15T05:52:34.394+0000] {taskmixin.py:205} WARNING - Dependency <Task(BashOperator): delete_tag>, create_tag already registered for DAG: example_complex
[2022-12-15T05:52:34.400+0000] {processor.py:766} INFO - DAG(s) dict_keys(['example_complex']) retrieved from /home/airflow/.local/lib/python3.10/site-packages/airflow/example_dags/example_complex.py
[2022-12-15T05:52:34.433+0000] {logging_mixin.py:137} INFO - [2022-12-15T05:52:34.433+0000] {dag.py:2585} INFO - Sync 1 DAGs
[2022-12-15T05:52:34.453+0000] {logging_mixin.py:137} INFO - [2022-12-15T05:52:34.452+0000] {dag.py:3336} INFO - Setting next_dagrun for example_complex to None, run_after=None
[2022-12-15T05:52:34.470+0000] {processor.py:176} INFO - Processing /home/airflow/.local/lib/python3.10/site-packages/airflow/example_dags/example_complex.py took 0.199 seconds
[2022-12-15T05:53:04.952+0000] {processor.py:154} INFO - Started process (PID=224) to work on /home/airflow/.local/lib/python3.10/site-packages/airflow/example_dags/example_complex.py
[2022-12-15T05:53:04.953+0000] {processor.py:756} INFO - Processing file /home/airflow/.local/lib/python3.10/site-packages/airflow/example_dags/example_complex.py for tasks to queue
[2022-12-15T05:53:04.953+0000] {logging_mixin.py:137} INFO - [2022-12-15T05:53:04.953+0000] {dagbag.py:537} INFO - Filling up the DagBag from /home/airflow/.local/lib/python3.10/site-packages/airflow/example_dags/example_complex.py
[2022-12-15T05:53:04.962+0000] {logging_mixin.py:137} INFO - [2022-12-15T05:53:04.962+0000] {taskmixin.py:205} WARNING - Dependency <Task(BashOperator): create_entry_group>, delete_entry_group already registered for DAG: example_complex
[2022-12-15T05:53:04.963+0000] {logging_mixin.py:137} INFO - [2022-12-15T05:53:04.962+0000] {taskmixin.py:205} WARNING - Dependency <Task(BashOperator): delete_entry_group>, create_entry_group already registered for DAG: example_complex
[2022-12-15T05:53:04.963+0000] {logging_mixin.py:137} INFO - [2022-12-15T05:53:04.963+0000] {taskmixin.py:205} WARNING - Dependency <Task(BashOperator): create_entry_gcs>, delete_entry already registered for DAG: example_complex
[2022-12-15T05:53:04.963+0000] {logging_mixin.py:137} INFO - [2022-12-15T05:53:04.963+0000] {taskmixin.py:205} WARNING - Dependency <Task(BashOperator): delete_entry>, create_entry_gcs already registered for DAG: example_complex
[2022-12-15T05:53:04.963+0000] {logging_mixin.py:137} INFO - [2022-12-15T05:53:04.963+0000] {taskmixin.py:205} WARNING - Dependency <Task(BashOperator): create_tag>, delete_tag already registered for DAG: example_complex
[2022-12-15T05:53:04.963+0000] {logging_mixin.py:137} INFO - [2022-12-15T05:53:04.963+0000] {taskmixin.py:205} WARNING - Dependency <Task(BashOperator): delete_tag>, create_tag already registered for DAG: example_complex
[2022-12-15T05:53:04.972+0000] {processor.py:766} INFO - DAG(s) dict_keys(['example_complex']) retrieved from /home/airflow/.local/lib/python3.10/site-packages/airflow/example_dags/example_complex.py
[2022-12-15T05:53:05.020+0000] {logging_mixin.py:137} INFO - [2022-12-15T05:53:05.020+0000] {dag.py:2585} INFO - Sync 1 DAGs
[2022-12-15T05:53:05.043+0000] {logging_mixin.py:137} INFO - [2022-12-15T05:53:05.043+0000] {dag.py:3336} INFO - Setting next_dagrun for example_complex to None, run_after=None
[2022-12-15T05:53:05.065+0000] {processor.py:176} INFO - Processing /home/airflow/.local/lib/python3.10/site-packages/airflow/example_dags/example_complex.py took 0.115 seconds
[2022-12-15T05:53:35.363+0000] {processor.py:154} INFO - Started process (PID=282) to work on /home/airflow/.local/lib/python3.10/site-packages/airflow/example_dags/example_complex.py
[2022-12-15T05:53:35.364+0000] {processor.py:756} INFO - Processing file /home/airflow/.local/lib/python3.10/site-packages/airflow/example_dags/example_complex.py for tasks to queue
[2022-12-15T05:53:35.364+0000] {logging_mixin.py:137} INFO - [2022-12-15T05:53:35.364+0000] {dagbag.py:537} INFO - Filling up the DagBag from /home/airflow/.local/lib/python3.10/site-packages/airflow/example_dags/example_complex.py
[2022-12-15T05:53:35.373+0000] {logging_mixin.py:137} INFO - [2022-12-15T05:53:35.373+0000] {taskmixin.py:205} WARNING - Dependency <Task(BashOperator): create_entry_group>, delete_entry_group already registered for DAG: example_complex
[2022-12-15T05:53:35.373+0000] {logging_mixin.py:137} INFO - [2022-12-15T05:53:35.373+0000] {taskmixin.py:205} WARNING - Dependency <Task(BashOperator): delete_entry_group>, create_entry_group already registered for DAG: example_complex
[2022-12-15T05:53:35.374+0000] {logging_mixin.py:137} INFO - [2022-12-15T05:53:35.374+0000] {taskmixin.py:205} WARNING - Dependency <Task(BashOperator): create_entry_gcs>, delete_entry already registered for DAG: example_complex
[2022-12-15T05:53:35.374+0000] {logging_mixin.py:137} INFO - [2022-12-15T05:53:35.374+0000] {taskmixin.py:205} WARNING - Dependency <Task(BashOperator): delete_entry>, create_entry_gcs already registered for DAG: example_complex
[2022-12-15T05:53:35.374+0000] {logging_mixin.py:137} INFO - [2022-12-15T05:53:35.374+0000] {taskmixin.py:205} WARNING - Dependency <Task(BashOperator): create_tag>, delete_tag already registered for DAG: example_complex
[2022-12-15T05:53:35.374+0000] {logging_mixin.py:137} INFO - [2022-12-15T05:53:35.374+0000] {taskmixin.py:205} WARNING - Dependency <Task(BashOperator): delete_tag>, create_tag already registered for DAG: example_complex
[2022-12-15T05:53:35.383+0000] {processor.py:766} INFO - DAG(s) dict_keys(['example_complex']) retrieved from /home/airflow/.local/lib/python3.10/site-packages/airflow/example_dags/example_complex.py
[2022-12-15T05:53:35.423+0000] {logging_mixin.py:137} INFO - [2022-12-15T05:53:35.423+0000] {dag.py:2585} INFO - Sync 1 DAGs
[2022-12-15T05:53:35.443+0000] {logging_mixin.py:137} INFO - [2022-12-15T05:53:35.443+0000] {dag.py:3336} INFO - Setting next_dagrun for example_complex to None, run_after=None
[2022-12-15T05:53:35.461+0000] {processor.py:176} INFO - Processing /home/airflow/.local/lib/python3.10/site-packages/airflow/example_dags/example_complex.py took 0.100 seconds
[2022-12-15T05:54:05.796+0000] {processor.py:154} INFO - Started process (PID=333) to work on /home/airflow/.local/lib/python3.10/site-packages/airflow/example_dags/example_complex.py
[2022-12-15T05:54:05.797+0000] {processor.py:756} INFO - Processing file /home/airflow/.local/lib/python3.10/site-packages/airflow/example_dags/example_complex.py for tasks to queue
[2022-12-15T05:54:05.798+0000] {logging_mixin.py:137} INFO - [2022-12-15T05:54:05.798+0000] {dagbag.py:537} INFO - Filling up the DagBag from /home/airflow/.local/lib/python3.10/site-packages/airflow/example_dags/example_complex.py
[2022-12-15T05:54:05.810+0000] {logging_mixin.py:137} INFO - [2022-12-15T05:54:05.810+0000] {taskmixin.py:205} WARNING - Dependency <Task(BashOperator): create_entry_group>, delete_entry_group already registered for DAG: example_complex
[2022-12-15T05:54:05.810+0000] {logging_mixin.py:137} INFO - [2022-12-15T05:54:05.810+0000] {taskmixin.py:205} WARNING - Dependency <Task(BashOperator): delete_entry_group>, create_entry_group already registered for DAG: example_complex
[2022-12-15T05:54:05.810+0000] {logging_mixin.py:137} INFO - [2022-12-15T05:54:05.810+0000] {taskmixin.py:205} WARNING - Dependency <Task(BashOperator): create_entry_gcs>, delete_entry already registered for DAG: example_complex
[2022-12-15T05:54:05.810+0000] {logging_mixin.py:137} INFO - [2022-12-15T05:54:05.810+0000] {taskmixin.py:205} WARNING - Dependency <Task(BashOperator): delete_entry>, create_entry_gcs already registered for DAG: example_complex
[2022-12-15T05:54:05.811+0000] {logging_mixin.py:137} INFO - [2022-12-15T05:54:05.811+0000] {taskmixin.py:205} WARNING - Dependency <Task(BashOperator): create_tag>, delete_tag already registered for DAG: example_complex
[2022-12-15T05:54:05.811+0000] {logging_mixin.py:137} INFO - [2022-12-15T05:54:05.811+0000] {taskmixin.py:205} WARNING - Dependency <Task(BashOperator): delete_tag>, create_tag already registered for DAG: example_complex
[2022-12-15T05:54:05.822+0000] {processor.py:766} INFO - DAG(s) dict_keys(['example_complex']) retrieved from /home/airflow/.local/lib/python3.10/site-packages/airflow/example_dags/example_complex.py
[2022-12-15T05:54:05.886+0000] {logging_mixin.py:137} INFO - [2022-12-15T05:54:05.886+0000] {dag.py:2585} INFO - Sync 1 DAGs
[2022-12-15T05:54:05.915+0000] {logging_mixin.py:137} INFO - [2022-12-15T05:54:05.915+0000] {dag.py:3336} INFO - Setting next_dagrun for example_complex to None, run_after=None
[2022-12-15T05:54:05.950+0000] {processor.py:176} INFO - Processing /home/airflow/.local/lib/python3.10/site-packages/airflow/example_dags/example_complex.py took 0.158 seconds
[2022-12-15T05:54:36.117+0000] {processor.py:154} INFO - Started process (PID=391) to work on /home/airflow/.local/lib/python3.10/site-packages/airflow/example_dags/example_complex.py
[2022-12-15T05:54:36.117+0000] {processor.py:756} INFO - Processing file /home/airflow/.local/lib/python3.10/site-packages/airflow/example_dags/example_complex.py for tasks to queue
[2022-12-15T05:54:36.118+0000] {logging_mixin.py:137} INFO - [2022-12-15T05:54:36.118+0000] {dagbag.py:537} INFO - Filling up the DagBag from /home/airflow/.local/lib/python3.10/site-packages/airflow/example_dags/example_complex.py
[2022-12-15T05:54:36.127+0000] {logging_mixin.py:137} INFO - [2022-12-15T05:54:36.127+0000] {taskmixin.py:205} WARNING - Dependency <Task(BashOperator): create_entry_group>, delete_entry_group already registered for DAG: example_complex
[2022-12-15T05:54:36.127+0000] {logging_mixin.py:137} INFO - [2022-12-15T05:54:36.127+0000] {taskmixin.py:205} WARNING - Dependency <Task(BashOperator): delete_entry_group>, create_entry_group already registered for DAG: example_complex
[2022-12-15T05:54:36.128+0000] {logging_mixin.py:137} INFO - [2022-12-15T05:54:36.128+0000] {taskmixin.py:205} WARNING - Dependency <Task(BashOperator): create_entry_gcs>, delete_entry already registered for DAG: example_complex
[2022-12-15T05:54:36.128+0000] {logging_mixin.py:137} INFO - [2022-12-15T05:54:36.128+0000] {taskmixin.py:205} WARNING - Dependency <Task(BashOperator): delete_entry>, create_entry_gcs already registered for DAG: example_complex
[2022-12-15T05:54:36.128+0000] {logging_mixin.py:137} INFO - [2022-12-15T05:54:36.128+0000] {taskmixin.py:205} WARNING - Dependency <Task(BashOperator): create_tag>, delete_tag already registered for DAG: example_complex
[2022-12-15T05:54:36.128+0000] {logging_mixin.py:137} INFO - [2022-12-15T05:54:36.128+0000] {taskmixin.py:205} WARNING - Dependency <Task(BashOperator): delete_tag>, create_tag already registered for DAG: example_complex
[2022-12-15T05:54:36.135+0000] {processor.py:766} INFO - DAG(s) dict_keys(['example_complex']) retrieved from /home/airflow/.local/lib/python3.10/site-packages/airflow/example_dags/example_complex.py
[2022-12-15T05:54:36.175+0000] {logging_mixin.py:137} INFO - [2022-12-15T05:54:36.175+0000] {dag.py:2585} INFO - Sync 1 DAGs
[2022-12-15T05:54:36.196+0000] {logging_mixin.py:137} INFO - [2022-12-15T05:54:36.195+0000] {dag.py:3336} INFO - Setting next_dagrun for example_complex to None, run_after=None
[2022-12-15T05:54:36.214+0000] {processor.py:176} INFO - Processing /home/airflow/.local/lib/python3.10/site-packages/airflow/example_dags/example_complex.py took 0.099 seconds
[2022-12-15T05:55:06.569+0000] {processor.py:154} INFO - Started process (PID=449) to work on /home/airflow/.local/lib/python3.10/site-packages/airflow/example_dags/example_complex.py
[2022-12-15T05:55:06.570+0000] {processor.py:756} INFO - Processing file /home/airflow/.local/lib/python3.10/site-packages/airflow/example_dags/example_complex.py for tasks to queue
[2022-12-15T05:55:06.570+0000] {logging_mixin.py:137} INFO - [2022-12-15T05:55:06.570+0000] {dagbag.py:537} INFO - Filling up the DagBag from /home/airflow/.local/lib/python3.10/site-packages/airflow/example_dags/example_complex.py
[2022-12-15T05:55:06.580+0000] {logging_mixin.py:137} INFO - [2022-12-15T05:55:06.580+0000] {taskmixin.py:205} WARNING - Dependency <Task(BashOperator): create_entry_group>, delete_entry_group already registered for DAG: example_complex
[2022-12-15T05:55:06.581+0000] {logging_mixin.py:137} INFO - [2022-12-15T05:55:06.580+0000] {taskmixin.py:205} WARNING - Dependency <Task(BashOperator): delete_entry_group>, create_entry_group already registered for DAG: example_complex
[2022-12-15T05:55:06.581+0000] {logging_mixin.py:137} INFO - [2022-12-15T05:55:06.581+0000] {taskmixin.py:205} WARNING - Dependency <Task(BashOperator): create_entry_gcs>, delete_entry already registered for DAG: example_complex
[2022-12-15T05:55:06.581+0000] {logging_mixin.py:137} INFO - [2022-12-15T05:55:06.581+0000] {taskmixin.py:205} WARNING - Dependency <Task(BashOperator): delete_entry>, create_entry_gcs already registered for DAG: example_complex
[2022-12-15T05:55:06.581+0000] {logging_mixin.py:137} INFO - [2022-12-15T05:55:06.581+0000] {taskmixin.py:205} WARNING - Dependency <Task(BashOperator): create_tag>, delete_tag already registered for DAG: example_complex
[2022-12-15T05:55:06.581+0000] {logging_mixin.py:137} INFO - [2022-12-15T05:55:06.581+0000] {taskmixin.py:205} WARNING - Dependency <Task(BashOperator): delete_tag>, create_tag already registered for DAG: example_complex
[2022-12-15T05:55:06.588+0000] {processor.py:766} INFO - DAG(s) dict_keys(['example_complex']) retrieved from /home/airflow/.local/lib/python3.10/site-packages/airflow/example_dags/example_complex.py
[2022-12-15T05:55:06.639+0000] {logging_mixin.py:137} INFO - [2022-12-15T05:55:06.639+0000] {dag.py:2585} INFO - Sync 1 DAGs
[2022-12-15T05:55:06.659+0000] {logging_mixin.py:137} INFO - [2022-12-15T05:55:06.659+0000] {dag.py:3336} INFO - Setting next_dagrun for example_complex to None, run_after=None
[2022-12-15T05:55:06.680+0000] {processor.py:176} INFO - Processing /home/airflow/.local/lib/python3.10/site-packages/airflow/example_dags/example_complex.py took 0.113 seconds
[2022-12-15T05:56:27.769+0000] {processor.py:154} INFO - Started process (PID=52) to work on /home/airflow/.local/lib/python3.10/site-packages/airflow/example_dags/example_complex.py
[2022-12-15T05:56:27.770+0000] {processor.py:756} INFO - Processing file /home/airflow/.local/lib/python3.10/site-packages/airflow/example_dags/example_complex.py for tasks to queue
[2022-12-15T05:56:27.771+0000] {logging_mixin.py:137} INFO - [2022-12-15T05:56:27.771+0000] {dagbag.py:537} INFO - Filling up the DagBag from /home/airflow/.local/lib/python3.10/site-packages/airflow/example_dags/example_complex.py
[2022-12-15T05:56:27.782+0000] {logging_mixin.py:137} INFO - [2022-12-15T05:56:27.782+0000] {taskmixin.py:205} WARNING - Dependency <Task(BashOperator): create_entry_group>, delete_entry_group already registered for DAG: example_complex
[2022-12-15T05:56:27.783+0000] {logging_mixin.py:137} INFO - [2022-12-15T05:56:27.783+0000] {taskmixin.py:205} WARNING - Dependency <Task(BashOperator): delete_entry_group>, create_entry_group already registered for DAG: example_complex
[2022-12-15T05:56:27.783+0000] {logging_mixin.py:137} INFO - [2022-12-15T05:56:27.783+0000] {taskmixin.py:205} WARNING - Dependency <Task(BashOperator): create_entry_gcs>, delete_entry already registered for DAG: example_complex
[2022-12-15T05:56:27.783+0000] {logging_mixin.py:137} INFO - [2022-12-15T05:56:27.783+0000] {taskmixin.py:205} WARNING - Dependency <Task(BashOperator): delete_entry>, create_entry_gcs already registered for DAG: example_complex
[2022-12-15T05:56:27.783+0000] {logging_mixin.py:137} INFO - [2022-12-15T05:56:27.783+0000] {taskmixin.py:205} WARNING - Dependency <Task(BashOperator): create_tag>, delete_tag already registered for DAG: example_complex
[2022-12-15T05:56:27.783+0000] {logging_mixin.py:137} INFO - [2022-12-15T05:56:27.783+0000] {taskmixin.py:205} WARNING - Dependency <Task(BashOperator): delete_tag>, create_tag already registered for DAG: example_complex
[2022-12-15T05:56:27.792+0000] {processor.py:766} INFO - DAG(s) dict_keys(['example_complex']) retrieved from /home/airflow/.local/lib/python3.10/site-packages/airflow/example_dags/example_complex.py
[2022-12-15T05:56:28.013+0000] {logging_mixin.py:137} INFO - [2022-12-15T05:56:28.012+0000] {dag.py:2585} INFO - Sync 1 DAGs
[2022-12-15T05:56:28.035+0000] {logging_mixin.py:137} INFO - [2022-12-15T05:56:28.035+0000] {dag.py:3336} INFO - Setting next_dagrun for example_complex to None, run_after=None
[2022-12-15T05:56:28.059+0000] {processor.py:176} INFO - Processing /home/airflow/.local/lib/python3.10/site-packages/airflow/example_dags/example_complex.py took 0.294 seconds
[2022-12-15T05:56:58.990+0000] {processor.py:154} INFO - Started process (PID=110) to work on /home/airflow/.local/lib/python3.10/site-packages/airflow/example_dags/example_complex.py
[2022-12-15T05:56:58.991+0000] {processor.py:756} INFO - Processing file /home/airflow/.local/lib/python3.10/site-packages/airflow/example_dags/example_complex.py for tasks to queue
[2022-12-15T05:56:58.991+0000] {logging_mixin.py:137} INFO - [2022-12-15T05:56:58.991+0000] {dagbag.py:537} INFO - Filling up the DagBag from /home/airflow/.local/lib/python3.10/site-packages/airflow/example_dags/example_complex.py
[2022-12-15T05:56:59.003+0000] {logging_mixin.py:137} INFO - [2022-12-15T05:56:59.002+0000] {taskmixin.py:205} WARNING - Dependency <Task(BashOperator): create_entry_group>, delete_entry_group already registered for DAG: example_complex
[2022-12-15T05:56:59.003+0000] {logging_mixin.py:137} INFO - [2022-12-15T05:56:59.003+0000] {taskmixin.py:205} WARNING - Dependency <Task(BashOperator): delete_entry_group>, create_entry_group already registered for DAG: example_complex
[2022-12-15T05:56:59.003+0000] {logging_mixin.py:137} INFO - [2022-12-15T05:56:59.003+0000] {taskmixin.py:205} WARNING - Dependency <Task(BashOperator): create_entry_gcs>, delete_entry already registered for DAG: example_complex
[2022-12-15T05:56:59.003+0000] {logging_mixin.py:137} INFO - [2022-12-15T05:56:59.003+0000] {taskmixin.py:205} WARNING - Dependency <Task(BashOperator): delete_entry>, create_entry_gcs already registered for DAG: example_complex
[2022-12-15T05:56:59.003+0000] {logging_mixin.py:137} INFO - [2022-12-15T05:56:59.003+0000] {taskmixin.py:205} WARNING - Dependency <Task(BashOperator): create_tag>, delete_tag already registered for DAG: example_complex
[2022-12-15T05:56:59.004+0000] {logging_mixin.py:137} INFO - [2022-12-15T05:56:59.004+0000] {taskmixin.py:205} WARNING - Dependency <Task(BashOperator): delete_tag>, create_tag already registered for DAG: example_complex
[2022-12-15T05:56:59.162+0000] {processor.py:766} INFO - DAG(s) dict_keys(['example_complex']) retrieved from /home/airflow/.local/lib/python3.10/site-packages/airflow/example_dags/example_complex.py
[2022-12-15T05:56:59.226+0000] {logging_mixin.py:137} INFO - [2022-12-15T05:56:59.226+0000] {dag.py:2585} INFO - Sync 1 DAGs
[2022-12-15T05:56:59.257+0000] {logging_mixin.py:137} INFO - [2022-12-15T05:56:59.257+0000] {dag.py:3336} INFO - Setting next_dagrun for example_complex to None, run_after=None
[2022-12-15T05:56:59.283+0000] {processor.py:176} INFO - Processing /home/airflow/.local/lib/python3.10/site-packages/airflow/example_dags/example_complex.py took 0.295 seconds
[2022-12-15T05:57:29.348+0000] {processor.py:154} INFO - Started process (PID=163) to work on /home/airflow/.local/lib/python3.10/site-packages/airflow/example_dags/example_complex.py
[2022-12-15T05:57:29.349+0000] {processor.py:756} INFO - Processing file /home/airflow/.local/lib/python3.10/site-packages/airflow/example_dags/example_complex.py for tasks to queue
[2022-12-15T05:57:29.349+0000] {logging_mixin.py:137} INFO - [2022-12-15T05:57:29.349+0000] {dagbag.py:537} INFO - Filling up the DagBag from /home/airflow/.local/lib/python3.10/site-packages/airflow/example_dags/example_complex.py
[2022-12-15T05:57:29.358+0000] {logging_mixin.py:137} INFO - [2022-12-15T05:57:29.358+0000] {taskmixin.py:205} WARNING - Dependency <Task(BashOperator): create_entry_group>, delete_entry_group already registered for DAG: example_complex
[2022-12-15T05:57:29.358+0000] {logging_mixin.py:137} INFO - [2022-12-15T05:57:29.358+0000] {taskmixin.py:205} WARNING - Dependency <Task(BashOperator): delete_entry_group>, create_entry_group already registered for DAG: example_complex
[2022-12-15T05:57:29.358+0000] {logging_mixin.py:137} INFO - [2022-12-15T05:57:29.358+0000] {taskmixin.py:205} WARNING - Dependency <Task(BashOperator): create_entry_gcs>, delete_entry already registered for DAG: example_complex
[2022-12-15T05:57:29.358+0000] {logging_mixin.py:137} INFO - [2022-12-15T05:57:29.358+0000] {taskmixin.py:205} WARNING - Dependency <Task(BashOperator): delete_entry>, create_entry_gcs already registered for DAG: example_complex
[2022-12-15T05:57:29.359+0000] {logging_mixin.py:137} INFO - [2022-12-15T05:57:29.359+0000] {taskmixin.py:205} WARNING - Dependency <Task(BashOperator): create_tag>, delete_tag already registered for DAG: example_complex
[2022-12-15T05:57:29.359+0000] {logging_mixin.py:137} INFO - [2022-12-15T05:57:29.359+0000] {taskmixin.py:205} WARNING - Dependency <Task(BashOperator): delete_tag>, create_tag already registered for DAG: example_complex
[2022-12-15T05:57:29.366+0000] {processor.py:766} INFO - DAG(s) dict_keys(['example_complex']) retrieved from /home/airflow/.local/lib/python3.10/site-packages/airflow/example_dags/example_complex.py
[2022-12-15T05:57:29.405+0000] {logging_mixin.py:137} INFO - [2022-12-15T05:57:29.404+0000] {dag.py:2585} INFO - Sync 1 DAGs
[2022-12-15T05:57:29.423+0000] {logging_mixin.py:137} INFO - [2022-12-15T05:57:29.423+0000] {dag.py:3336} INFO - Setting next_dagrun for example_complex to None, run_after=None
[2022-12-15T05:57:29.441+0000] {processor.py:176} INFO - Processing /home/airflow/.local/lib/python3.10/site-packages/airflow/example_dags/example_complex.py took 0.095 seconds
[2022-12-15T05:59:38.372+0000] {processor.py:154} INFO - Started process (PID=52) to work on /home/airflow/.local/lib/python3.10/site-packages/airflow/example_dags/example_complex.py
[2022-12-15T05:59:38.376+0000] {processor.py:756} INFO - Processing file /home/airflow/.local/lib/python3.10/site-packages/airflow/example_dags/example_complex.py for tasks to queue
[2022-12-15T05:59:38.377+0000] {logging_mixin.py:137} INFO - [2022-12-15T05:59:38.377+0000] {dagbag.py:537} INFO - Filling up the DagBag from /home/airflow/.local/lib/python3.10/site-packages/airflow/example_dags/example_complex.py
[2022-12-15T05:59:38.390+0000] {logging_mixin.py:137} INFO - [2022-12-15T05:59:38.389+0000] {taskmixin.py:205} WARNING - Dependency <Task(BashOperator): create_entry_group>, delete_entry_group already registered for DAG: example_complex
[2022-12-15T05:59:38.390+0000] {logging_mixin.py:137} INFO - [2022-12-15T05:59:38.390+0000] {taskmixin.py:205} WARNING - Dependency <Task(BashOperator): delete_entry_group>, create_entry_group already registered for DAG: example_complex
[2022-12-15T05:59:38.390+0000] {logging_mixin.py:137} INFO - [2022-12-15T05:59:38.390+0000] {taskmixin.py:205} WARNING - Dependency <Task(BashOperator): create_entry_gcs>, delete_entry already registered for DAG: example_complex
[2022-12-15T05:59:38.390+0000] {logging_mixin.py:137} INFO - [2022-12-15T05:59:38.390+0000] {taskmixin.py:205} WARNING - Dependency <Task(BashOperator): delete_entry>, create_entry_gcs already registered for DAG: example_complex
[2022-12-15T05:59:38.391+0000] {logging_mixin.py:137} INFO - [2022-12-15T05:59:38.390+0000] {taskmixin.py:205} WARNING - Dependency <Task(BashOperator): create_tag>, delete_tag already registered for DAG: example_complex
[2022-12-15T05:59:38.391+0000] {logging_mixin.py:137} INFO - [2022-12-15T05:59:38.391+0000] {taskmixin.py:205} WARNING - Dependency <Task(BashOperator): delete_tag>, create_tag already registered for DAG: example_complex
[2022-12-15T05:59:38.398+0000] {processor.py:766} INFO - DAG(s) dict_keys(['example_complex']) retrieved from /home/airflow/.local/lib/python3.10/site-packages/airflow/example_dags/example_complex.py
[2022-12-15T05:59:38.620+0000] {logging_mixin.py:137} INFO - [2022-12-15T05:59:38.620+0000] {dag.py:2585} INFO - Sync 1 DAGs
[2022-12-15T05:59:38.646+0000] {logging_mixin.py:137} INFO - [2022-12-15T05:59:38.646+0000] {dag.py:3336} INFO - Setting next_dagrun for example_complex to None, run_after=None
[2022-12-15T05:59:38.667+0000] {processor.py:176} INFO - Processing /home/airflow/.local/lib/python3.10/site-packages/airflow/example_dags/example_complex.py took 0.298 seconds
[2022-12-15T06:00:08.742+0000] {processor.py:154} INFO - Started process (PID=110) to work on /home/airflow/.local/lib/python3.10/site-packages/airflow/example_dags/example_complex.py
[2022-12-15T06:00:08.743+0000] {processor.py:756} INFO - Processing file /home/airflow/.local/lib/python3.10/site-packages/airflow/example_dags/example_complex.py for tasks to queue
[2022-12-15T06:00:08.743+0000] {logging_mixin.py:137} INFO - [2022-12-15T06:00:08.743+0000] {dagbag.py:537} INFO - Filling up the DagBag from /home/airflow/.local/lib/python3.10/site-packages/airflow/example_dags/example_complex.py
[2022-12-15T06:00:08.754+0000] {logging_mixin.py:137} INFO - [2022-12-15T06:00:08.754+0000] {taskmixin.py:205} WARNING - Dependency <Task(BashOperator): create_entry_group>, delete_entry_group already registered for DAG: example_complex
[2022-12-15T06:00:08.754+0000] {logging_mixin.py:137} INFO - [2022-12-15T06:00:08.754+0000] {taskmixin.py:205} WARNING - Dependency <Task(BashOperator): delete_entry_group>, create_entry_group already registered for DAG: example_complex
[2022-12-15T06:00:08.754+0000] {logging_mixin.py:137} INFO - [2022-12-15T06:00:08.754+0000] {taskmixin.py:205} WARNING - Dependency <Task(BashOperator): create_entry_gcs>, delete_entry already registered for DAG: example_complex
[2022-12-15T06:00:08.754+0000] {logging_mixin.py:137} INFO - [2022-12-15T06:00:08.754+0000] {taskmixin.py:205} WARNING - Dependency <Task(BashOperator): delete_entry>, create_entry_gcs already registered for DAG: example_complex
[2022-12-15T06:00:08.755+0000] {logging_mixin.py:137} INFO - [2022-12-15T06:00:08.755+0000] {taskmixin.py:205} WARNING - Dependency <Task(BashOperator): create_tag>, delete_tag already registered for DAG: example_complex
[2022-12-15T06:00:08.755+0000] {logging_mixin.py:137} INFO - [2022-12-15T06:00:08.755+0000] {taskmixin.py:205} WARNING - Dependency <Task(BashOperator): delete_tag>, create_tag already registered for DAG: example_complex
[2022-12-15T06:00:08.890+0000] {processor.py:766} INFO - DAG(s) dict_keys(['example_complex']) retrieved from /home/airflow/.local/lib/python3.10/site-packages/airflow/example_dags/example_complex.py
[2022-12-15T06:00:08.929+0000] {logging_mixin.py:137} INFO - [2022-12-15T06:00:08.929+0000] {dag.py:2585} INFO - Sync 1 DAGs
[2022-12-15T06:00:08.952+0000] {logging_mixin.py:137} INFO - [2022-12-15T06:00:08.952+0000] {dag.py:3336} INFO - Setting next_dagrun for example_complex to None, run_after=None
[2022-12-15T06:00:08.972+0000] {processor.py:176} INFO - Processing /home/airflow/.local/lib/python3.10/site-packages/airflow/example_dags/example_complex.py took 0.233 seconds
[2022-12-15T06:00:39.300+0000] {processor.py:154} INFO - Started process (PID=162) to work on /home/airflow/.local/lib/python3.10/site-packages/airflow/example_dags/example_complex.py
[2022-12-15T06:00:39.301+0000] {processor.py:756} INFO - Processing file /home/airflow/.local/lib/python3.10/site-packages/airflow/example_dags/example_complex.py for tasks to queue
[2022-12-15T06:00:39.302+0000] {logging_mixin.py:137} INFO - [2022-12-15T06:00:39.302+0000] {dagbag.py:537} INFO - Filling up the DagBag from /home/airflow/.local/lib/python3.10/site-packages/airflow/example_dags/example_complex.py
[2022-12-15T06:00:39.311+0000] {logging_mixin.py:137} INFO - [2022-12-15T06:00:39.311+0000] {taskmixin.py:205} WARNING - Dependency <Task(BashOperator): create_entry_group>, delete_entry_group already registered for DAG: example_complex
[2022-12-15T06:00:39.312+0000] {logging_mixin.py:137} INFO - [2022-12-15T06:00:39.312+0000] {taskmixin.py:205} WARNING - Dependency <Task(BashOperator): delete_entry_group>, create_entry_group already registered for DAG: example_complex
[2022-12-15T06:00:39.312+0000] {logging_mixin.py:137} INFO - [2022-12-15T06:00:39.312+0000] {taskmixin.py:205} WARNING - Dependency <Task(BashOperator): create_entry_gcs>, delete_entry already registered for DAG: example_complex
[2022-12-15T06:00:39.312+0000] {logging_mixin.py:137} INFO - [2022-12-15T06:00:39.312+0000] {taskmixin.py:205} WARNING - Dependency <Task(BashOperator): delete_entry>, create_entry_gcs already registered for DAG: example_complex
[2022-12-15T06:00:39.312+0000] {logging_mixin.py:137} INFO - [2022-12-15T06:00:39.312+0000] {taskmixin.py:205} WARNING - Dependency <Task(BashOperator): create_tag>, delete_tag already registered for DAG: example_complex
[2022-12-15T06:00:39.312+0000] {logging_mixin.py:137} INFO - [2022-12-15T06:00:39.312+0000] {taskmixin.py:205} WARNING - Dependency <Task(BashOperator): delete_tag>, create_tag already registered for DAG: example_complex
[2022-12-15T06:00:39.320+0000] {processor.py:766} INFO - DAG(s) dict_keys(['example_complex']) retrieved from /home/airflow/.local/lib/python3.10/site-packages/airflow/example_dags/example_complex.py
[2022-12-15T06:00:39.364+0000] {logging_mixin.py:137} INFO - [2022-12-15T06:00:39.364+0000] {dag.py:2585} INFO - Sync 1 DAGs
[2022-12-15T06:00:39.383+0000] {logging_mixin.py:137} INFO - [2022-12-15T06:00:39.383+0000] {dag.py:3336} INFO - Setting next_dagrun for example_complex to None, run_after=None
[2022-12-15T06:00:39.409+0000] {processor.py:176} INFO - Processing /home/airflow/.local/lib/python3.10/site-packages/airflow/example_dags/example_complex.py took 0.112 seconds
[2022-12-15T06:01:10.138+0000] {processor.py:154} INFO - Started process (PID=221) to work on /home/airflow/.local/lib/python3.10/site-packages/airflow/example_dags/example_complex.py
[2022-12-15T06:01:10.139+0000] {processor.py:756} INFO - Processing file /home/airflow/.local/lib/python3.10/site-packages/airflow/example_dags/example_complex.py for tasks to queue
[2022-12-15T06:01:10.140+0000] {logging_mixin.py:137} INFO - [2022-12-15T06:01:10.140+0000] {dagbag.py:537} INFO - Filling up the DagBag from /home/airflow/.local/lib/python3.10/site-packages/airflow/example_dags/example_complex.py
[2022-12-15T06:01:10.149+0000] {logging_mixin.py:137} INFO - [2022-12-15T06:01:10.149+0000] {taskmixin.py:205} WARNING - Dependency <Task(BashOperator): create_entry_group>, delete_entry_group already registered for DAG: example_complex
[2022-12-15T06:01:10.150+0000] {logging_mixin.py:137} INFO - [2022-12-15T06:01:10.149+0000] {taskmixin.py:205} WARNING - Dependency <Task(BashOperator): delete_entry_group>, create_entry_group already registered for DAG: example_complex
[2022-12-15T06:01:10.150+0000] {logging_mixin.py:137} INFO - [2022-12-15T06:01:10.150+0000] {taskmixin.py:205} WARNING - Dependency <Task(BashOperator): create_entry_gcs>, delete_entry already registered for DAG: example_complex
[2022-12-15T06:01:10.150+0000] {logging_mixin.py:137} INFO - [2022-12-15T06:01:10.150+0000] {taskmixin.py:205} WARNING - Dependency <Task(BashOperator): delete_entry>, create_entry_gcs already registered for DAG: example_complex
[2022-12-15T06:01:10.150+0000] {logging_mixin.py:137} INFO - [2022-12-15T06:01:10.150+0000] {taskmixin.py:205} WARNING - Dependency <Task(BashOperator): create_tag>, delete_tag already registered for DAG: example_complex
[2022-12-15T06:01:10.150+0000] {logging_mixin.py:137} INFO - [2022-12-15T06:01:10.150+0000] {taskmixin.py:205} WARNING - Dependency <Task(BashOperator): delete_tag>, create_tag already registered for DAG: example_complex
[2022-12-15T06:01:10.157+0000] {processor.py:766} INFO - DAG(s) dict_keys(['example_complex']) retrieved from /home/airflow/.local/lib/python3.10/site-packages/airflow/example_dags/example_complex.py
[2022-12-15T06:01:10.198+0000] {logging_mixin.py:137} INFO - [2022-12-15T06:01:10.198+0000] {dag.py:2585} INFO - Sync 1 DAGs
[2022-12-15T06:01:10.219+0000] {logging_mixin.py:137} INFO - [2022-12-15T06:01:10.219+0000] {dag.py:3336} INFO - Setting next_dagrun for example_complex to None, run_after=None
[2022-12-15T06:01:10.240+0000] {processor.py:176} INFO - Processing /home/airflow/.local/lib/python3.10/site-packages/airflow/example_dags/example_complex.py took 0.104 seconds
[2022-12-15T06:01:40.501+0000] {processor.py:154} INFO - Started process (PID=272) to work on /home/airflow/.local/lib/python3.10/site-packages/airflow/example_dags/example_complex.py
[2022-12-15T06:01:40.502+0000] {processor.py:756} INFO - Processing file /home/airflow/.local/lib/python3.10/site-packages/airflow/example_dags/example_complex.py for tasks to queue
[2022-12-15T06:01:40.502+0000] {logging_mixin.py:137} INFO - [2022-12-15T06:01:40.502+0000] {dagbag.py:537} INFO - Filling up the DagBag from /home/airflow/.local/lib/python3.10/site-packages/airflow/example_dags/example_complex.py
[2022-12-15T06:01:40.512+0000] {logging_mixin.py:137} INFO - [2022-12-15T06:01:40.512+0000] {taskmixin.py:205} WARNING - Dependency <Task(BashOperator): create_entry_group>, delete_entry_group already registered for DAG: example_complex
[2022-12-15T06:01:40.512+0000] {logging_mixin.py:137} INFO - [2022-12-15T06:01:40.512+0000] {taskmixin.py:205} WARNING - Dependency <Task(BashOperator): delete_entry_group>, create_entry_group already registered for DAG: example_complex
[2022-12-15T06:01:40.513+0000] {logging_mixin.py:137} INFO - [2022-12-15T06:01:40.512+0000] {taskmixin.py:205} WARNING - Dependency <Task(BashOperator): create_entry_gcs>, delete_entry already registered for DAG: example_complex
[2022-12-15T06:01:40.513+0000] {logging_mixin.py:137} INFO - [2022-12-15T06:01:40.513+0000] {taskmixin.py:205} WARNING - Dependency <Task(BashOperator): delete_entry>, create_entry_gcs already registered for DAG: example_complex
[2022-12-15T06:01:40.513+0000] {logging_mixin.py:137} INFO - [2022-12-15T06:01:40.513+0000] {taskmixin.py:205} WARNING - Dependency <Task(BashOperator): create_tag>, delete_tag already registered for DAG: example_complex
[2022-12-15T06:01:40.513+0000] {logging_mixin.py:137} INFO - [2022-12-15T06:01:40.513+0000] {taskmixin.py:205} WARNING - Dependency <Task(BashOperator): delete_tag>, create_tag already registered for DAG: example_complex
[2022-12-15T06:01:40.521+0000] {processor.py:766} INFO - DAG(s) dict_keys(['example_complex']) retrieved from /home/airflow/.local/lib/python3.10/site-packages/airflow/example_dags/example_complex.py
[2022-12-15T06:01:40.567+0000] {logging_mixin.py:137} INFO - [2022-12-15T06:01:40.566+0000] {dag.py:2585} INFO - Sync 1 DAGs
[2022-12-15T06:01:40.589+0000] {logging_mixin.py:137} INFO - [2022-12-15T06:01:40.589+0000] {dag.py:3336} INFO - Setting next_dagrun for example_complex to None, run_after=None
[2022-12-15T06:01:40.610+0000] {processor.py:176} INFO - Processing /home/airflow/.local/lib/python3.10/site-packages/airflow/example_dags/example_complex.py took 0.111 seconds
