[2022-12-15T05:51:37.636+0000] {processor.py:154} INFO - Started process (PID=78) to work on /home/airflow/.local/lib/python3.10/site-packages/airflow/example_dags/example_branch_python_dop_operator_3.py
[2022-12-15T05:51:37.637+0000] {processor.py:756} INFO - Processing file /home/airflow/.local/lib/python3.10/site-packages/airflow/example_dags/example_branch_python_dop_operator_3.py for tasks to queue
[2022-12-15T05:51:37.638+0000] {logging_mixin.py:137} INFO - [2022-12-15T05:51:37.638+0000] {dagbag.py:537} INFO - Filling up the DagBag from /home/airflow/.local/lib/python3.10/site-packages/airflow/example_dags/example_branch_python_dop_operator_3.py
[2022-12-15T05:51:37.667+0000] {processor.py:766} INFO - DAG(s) dict_keys(['example_branch_dop_operator_v3']) retrieved from /home/airflow/.local/lib/python3.10/site-packages/airflow/example_dags/example_branch_python_dop_operator_3.py
[2022-12-15T05:51:37.953+0000] {logging_mixin.py:137} INFO - [2022-12-15T05:51:37.952+0000] {manager.py:507} INFO - Created Permission View: can delete on DAG:example_branch_dop_operator_v3
[2022-12-15T05:51:37.969+0000] {logging_mixin.py:137} INFO - [2022-12-15T05:51:37.968+0000] {manager.py:507} INFO - Created Permission View: can edit on DAG:example_branch_dop_operator_v3
[2022-12-15T05:51:37.981+0000] {logging_mixin.py:137} INFO - [2022-12-15T05:51:37.981+0000] {manager.py:507} INFO - Created Permission View: can read on DAG:example_branch_dop_operator_v3
[2022-12-15T05:51:37.981+0000] {logging_mixin.py:137} INFO - [2022-12-15T05:51:37.981+0000] {dag.py:2585} INFO - Sync 1 DAGs
[2022-12-15T05:51:37.993+0000] {logging_mixin.py:137} INFO - [2022-12-15T05:51:37.993+0000] {dag.py:2606} INFO - Creating ORM DAG for example_branch_dop_operator_v3
[2022-12-15T05:51:38.020+0000] {logging_mixin.py:137} INFO - [2022-12-15T05:51:38.020+0000] {dag.py:3336} INFO - Setting next_dagrun for example_branch_dop_operator_v3 to 2022-12-15T05:50:00+00:00, run_after=2022-12-15T05:51:00+00:00
[2022-12-15T05:51:38.048+0000] {processor.py:176} INFO - Processing /home/airflow/.local/lib/python3.10/site-packages/airflow/example_dags/example_branch_python_dop_operator_3.py took 0.414 seconds
[2022-12-15T05:52:08.936+0000] {processor.py:154} INFO - Started process (PID=129) to work on /home/airflow/.local/lib/python3.10/site-packages/airflow/example_dags/example_branch_python_dop_operator_3.py
[2022-12-15T05:52:08.938+0000] {processor.py:756} INFO - Processing file /home/airflow/.local/lib/python3.10/site-packages/airflow/example_dags/example_branch_python_dop_operator_3.py for tasks to queue
[2022-12-15T05:52:08.939+0000] {logging_mixin.py:137} INFO - [2022-12-15T05:52:08.939+0000] {dagbag.py:537} INFO - Filling up the DagBag from /home/airflow/.local/lib/python3.10/site-packages/airflow/example_dags/example_branch_python_dop_operator_3.py
[2022-12-15T05:52:09.093+0000] {processor.py:766} INFO - DAG(s) dict_keys(['example_branch_dop_operator_v3']) retrieved from /home/airflow/.local/lib/python3.10/site-packages/airflow/example_dags/example_branch_python_dop_operator_3.py
[2022-12-15T05:52:09.129+0000] {logging_mixin.py:137} INFO - [2022-12-15T05:52:09.129+0000] {dag.py:2585} INFO - Sync 1 DAGs
[2022-12-15T05:52:09.158+0000] {logging_mixin.py:137} INFO - [2022-12-15T05:52:09.158+0000] {dag.py:3336} INFO - Setting next_dagrun for example_branch_dop_operator_v3 to 2022-12-15T05:51:00+00:00, run_after=2022-12-15T05:52:00+00:00
[2022-12-15T05:52:09.179+0000] {processor.py:176} INFO - Processing /home/airflow/.local/lib/python3.10/site-packages/airflow/example_dags/example_branch_python_dop_operator_3.py took 0.246 seconds
[2022-12-15T05:52:39.515+0000] {processor.py:154} INFO - Started process (PID=189) to work on /home/airflow/.local/lib/python3.10/site-packages/airflow/example_dags/example_branch_python_dop_operator_3.py
[2022-12-15T05:52:39.515+0000] {processor.py:756} INFO - Processing file /home/airflow/.local/lib/python3.10/site-packages/airflow/example_dags/example_branch_python_dop_operator_3.py for tasks to queue
[2022-12-15T05:52:39.516+0000] {logging_mixin.py:137} INFO - [2022-12-15T05:52:39.516+0000] {dagbag.py:537} INFO - Filling up the DagBag from /home/airflow/.local/lib/python3.10/site-packages/airflow/example_dags/example_branch_python_dop_operator_3.py
[2022-12-15T05:52:39.538+0000] {processor.py:766} INFO - DAG(s) dict_keys(['example_branch_dop_operator_v3']) retrieved from /home/airflow/.local/lib/python3.10/site-packages/airflow/example_dags/example_branch_python_dop_operator_3.py
[2022-12-15T05:52:39.576+0000] {logging_mixin.py:137} INFO - [2022-12-15T05:52:39.575+0000] {dag.py:2585} INFO - Sync 1 DAGs
[2022-12-15T05:52:39.601+0000] {logging_mixin.py:137} INFO - [2022-12-15T05:52:39.601+0000] {dag.py:3336} INFO - Setting next_dagrun for example_branch_dop_operator_v3 to 2022-12-15T05:51:00+00:00, run_after=2022-12-15T05:52:00+00:00
[2022-12-15T05:52:39.625+0000] {processor.py:176} INFO - Processing /home/airflow/.local/lib/python3.10/site-packages/airflow/example_dags/example_branch_python_dop_operator_3.py took 0.113 seconds
[2022-12-15T05:53:09.840+0000] {processor.py:154} INFO - Started process (PID=240) to work on /home/airflow/.local/lib/python3.10/site-packages/airflow/example_dags/example_branch_python_dop_operator_3.py
[2022-12-15T05:53:09.841+0000] {processor.py:756} INFO - Processing file /home/airflow/.local/lib/python3.10/site-packages/airflow/example_dags/example_branch_python_dop_operator_3.py for tasks to queue
[2022-12-15T05:53:09.842+0000] {logging_mixin.py:137} INFO - [2022-12-15T05:53:09.841+0000] {dagbag.py:537} INFO - Filling up the DagBag from /home/airflow/.local/lib/python3.10/site-packages/airflow/example_dags/example_branch_python_dop_operator_3.py
[2022-12-15T05:53:09.862+0000] {processor.py:766} INFO - DAG(s) dict_keys(['example_branch_dop_operator_v3']) retrieved from /home/airflow/.local/lib/python3.10/site-packages/airflow/example_dags/example_branch_python_dop_operator_3.py
[2022-12-15T05:53:09.894+0000] {logging_mixin.py:137} INFO - [2022-12-15T05:53:09.894+0000] {dag.py:2585} INFO - Sync 1 DAGs
[2022-12-15T05:53:09.917+0000] {logging_mixin.py:137} INFO - [2022-12-15T05:53:09.916+0000] {dag.py:3336} INFO - Setting next_dagrun for example_branch_dop_operator_v3 to 2022-12-15T05:52:00+00:00, run_after=2022-12-15T05:53:00+00:00
[2022-12-15T05:53:09.941+0000] {processor.py:176} INFO - Processing /home/airflow/.local/lib/python3.10/site-packages/airflow/example_dags/example_branch_python_dop_operator_3.py took 0.102 seconds
[2022-12-15T05:53:40.347+0000] {processor.py:154} INFO - Started process (PID=298) to work on /home/airflow/.local/lib/python3.10/site-packages/airflow/example_dags/example_branch_python_dop_operator_3.py
[2022-12-15T05:53:40.347+0000] {processor.py:756} INFO - Processing file /home/airflow/.local/lib/python3.10/site-packages/airflow/example_dags/example_branch_python_dop_operator_3.py for tasks to queue
[2022-12-15T05:53:40.350+0000] {logging_mixin.py:137} INFO - [2022-12-15T05:53:40.350+0000] {dagbag.py:537} INFO - Filling up the DagBag from /home/airflow/.local/lib/python3.10/site-packages/airflow/example_dags/example_branch_python_dop_operator_3.py
[2022-12-15T05:53:40.370+0000] {processor.py:766} INFO - DAG(s) dict_keys(['example_branch_dop_operator_v3']) retrieved from /home/airflow/.local/lib/python3.10/site-packages/airflow/example_dags/example_branch_python_dop_operator_3.py
[2022-12-15T05:53:40.406+0000] {logging_mixin.py:137} INFO - [2022-12-15T05:53:40.406+0000] {dag.py:2585} INFO - Sync 1 DAGs
[2022-12-15T05:53:40.438+0000] {logging_mixin.py:137} INFO - [2022-12-15T05:53:40.438+0000] {dag.py:3336} INFO - Setting next_dagrun for example_branch_dop_operator_v3 to 2022-12-15T05:52:00+00:00, run_after=2022-12-15T05:53:00+00:00
[2022-12-15T05:53:40.459+0000] {processor.py:176} INFO - Processing /home/airflow/.local/lib/python3.10/site-packages/airflow/example_dags/example_branch_python_dop_operator_3.py took 0.116 seconds
[2022-12-15T05:54:10.943+0000] {processor.py:154} INFO - Started process (PID=356) to work on /home/airflow/.local/lib/python3.10/site-packages/airflow/example_dags/example_branch_python_dop_operator_3.py
[2022-12-15T05:54:10.944+0000] {processor.py:756} INFO - Processing file /home/airflow/.local/lib/python3.10/site-packages/airflow/example_dags/example_branch_python_dop_operator_3.py for tasks to queue
[2022-12-15T05:54:10.945+0000] {logging_mixin.py:137} INFO - [2022-12-15T05:54:10.945+0000] {dagbag.py:537} INFO - Filling up the DagBag from /home/airflow/.local/lib/python3.10/site-packages/airflow/example_dags/example_branch_python_dop_operator_3.py
[2022-12-15T05:54:10.965+0000] {processor.py:766} INFO - DAG(s) dict_keys(['example_branch_dop_operator_v3']) retrieved from /home/airflow/.local/lib/python3.10/site-packages/airflow/example_dags/example_branch_python_dop_operator_3.py
[2022-12-15T05:54:11.000+0000] {logging_mixin.py:137} INFO - [2022-12-15T05:54:11.000+0000] {dag.py:2585} INFO - Sync 1 DAGs
[2022-12-15T05:54:11.026+0000] {logging_mixin.py:137} INFO - [2022-12-15T05:54:11.026+0000] {dag.py:3336} INFO - Setting next_dagrun for example_branch_dop_operator_v3 to 2022-12-15T05:53:00+00:00, run_after=2022-12-15T05:54:00+00:00
[2022-12-15T05:54:11.046+0000] {processor.py:176} INFO - Processing /home/airflow/.local/lib/python3.10/site-packages/airflow/example_dags/example_branch_python_dop_operator_3.py took 0.106 seconds
[2022-12-15T05:54:41.215+0000] {processor.py:154} INFO - Started process (PID=407) to work on /home/airflow/.local/lib/python3.10/site-packages/airflow/example_dags/example_branch_python_dop_operator_3.py
[2022-12-15T05:54:41.216+0000] {processor.py:756} INFO - Processing file /home/airflow/.local/lib/python3.10/site-packages/airflow/example_dags/example_branch_python_dop_operator_3.py for tasks to queue
[2022-12-15T05:54:41.217+0000] {logging_mixin.py:137} INFO - [2022-12-15T05:54:41.216+0000] {dagbag.py:537} INFO - Filling up the DagBag from /home/airflow/.local/lib/python3.10/site-packages/airflow/example_dags/example_branch_python_dop_operator_3.py
[2022-12-15T05:54:41.238+0000] {processor.py:766} INFO - DAG(s) dict_keys(['example_branch_dop_operator_v3']) retrieved from /home/airflow/.local/lib/python3.10/site-packages/airflow/example_dags/example_branch_python_dop_operator_3.py
[2022-12-15T05:54:41.270+0000] {logging_mixin.py:137} INFO - [2022-12-15T05:54:41.270+0000] {dag.py:2585} INFO - Sync 1 DAGs
[2022-12-15T05:54:41.295+0000] {logging_mixin.py:137} INFO - [2022-12-15T05:54:41.295+0000] {dag.py:3336} INFO - Setting next_dagrun for example_branch_dop_operator_v3 to 2022-12-15T05:53:00+00:00, run_after=2022-12-15T05:54:00+00:00
[2022-12-15T05:54:41.313+0000] {processor.py:176} INFO - Processing /home/airflow/.local/lib/python3.10/site-packages/airflow/example_dags/example_branch_python_dop_operator_3.py took 0.100 seconds
[2022-12-15T05:55:11.608+0000] {processor.py:154} INFO - Started process (PID=465) to work on /home/airflow/.local/lib/python3.10/site-packages/airflow/example_dags/example_branch_python_dop_operator_3.py
[2022-12-15T05:55:11.609+0000] {processor.py:756} INFO - Processing file /home/airflow/.local/lib/python3.10/site-packages/airflow/example_dags/example_branch_python_dop_operator_3.py for tasks to queue
[2022-12-15T05:55:11.610+0000] {logging_mixin.py:137} INFO - [2022-12-15T05:55:11.610+0000] {dagbag.py:537} INFO - Filling up the DagBag from /home/airflow/.local/lib/python3.10/site-packages/airflow/example_dags/example_branch_python_dop_operator_3.py
[2022-12-15T05:55:11.630+0000] {processor.py:766} INFO - DAG(s) dict_keys(['example_branch_dop_operator_v3']) retrieved from /home/airflow/.local/lib/python3.10/site-packages/airflow/example_dags/example_branch_python_dop_operator_3.py
[2022-12-15T05:55:11.666+0000] {logging_mixin.py:137} INFO - [2022-12-15T05:55:11.665+0000] {dag.py:2585} INFO - Sync 1 DAGs
[2022-12-15T05:55:11.693+0000] {logging_mixin.py:137} INFO - [2022-12-15T05:55:11.693+0000] {dag.py:3336} INFO - Setting next_dagrun for example_branch_dop_operator_v3 to 2022-12-15T05:54:00+00:00, run_after=2022-12-15T05:55:00+00:00
[2022-12-15T05:55:11.713+0000] {processor.py:176} INFO - Processing /home/airflow/.local/lib/python3.10/site-packages/airflow/example_dags/example_branch_python_dop_operator_3.py took 0.108 seconds
[2022-12-15T05:56:30.335+0000] {processor.py:154} INFO - Started process (PID=68) to work on /home/airflow/.local/lib/python3.10/site-packages/airflow/example_dags/example_branch_python_dop_operator_3.py
[2022-12-15T05:56:30.336+0000] {processor.py:756} INFO - Processing file /home/airflow/.local/lib/python3.10/site-packages/airflow/example_dags/example_branch_python_dop_operator_3.py for tasks to queue
[2022-12-15T05:56:30.336+0000] {logging_mixin.py:137} INFO - [2022-12-15T05:56:30.336+0000] {dagbag.py:537} INFO - Filling up the DagBag from /home/airflow/.local/lib/python3.10/site-packages/airflow/example_dags/example_branch_python_dop_operator_3.py
[2022-12-15T05:56:30.358+0000] {processor.py:766} INFO - DAG(s) dict_keys(['example_branch_dop_operator_v3']) retrieved from /home/airflow/.local/lib/python3.10/site-packages/airflow/example_dags/example_branch_python_dop_operator_3.py
[2022-12-15T05:56:30.535+0000] {logging_mixin.py:137} INFO - [2022-12-15T05:56:30.535+0000] {dag.py:2585} INFO - Sync 1 DAGs
[2022-12-15T05:56:30.560+0000] {logging_mixin.py:137} INFO - [2022-12-15T05:56:30.560+0000] {dag.py:3336} INFO - Setting next_dagrun for example_branch_dop_operator_v3 to 2022-12-15T05:55:00+00:00, run_after=2022-12-15T05:56:00+00:00
[2022-12-15T05:56:30.578+0000] {processor.py:176} INFO - Processing /home/airflow/.local/lib/python3.10/site-packages/airflow/example_dags/example_branch_python_dop_operator_3.py took 0.245 seconds
[2022-12-15T05:57:01.541+0000] {processor.py:154} INFO - Started process (PID=126) to work on /home/airflow/.local/lib/python3.10/site-packages/airflow/example_dags/example_branch_python_dop_operator_3.py
[2022-12-15T05:57:01.542+0000] {processor.py:756} INFO - Processing file /home/airflow/.local/lib/python3.10/site-packages/airflow/example_dags/example_branch_python_dop_operator_3.py for tasks to queue
[2022-12-15T05:57:01.543+0000] {logging_mixin.py:137} INFO - [2022-12-15T05:57:01.543+0000] {dagbag.py:537} INFO - Filling up the DagBag from /home/airflow/.local/lib/python3.10/site-packages/airflow/example_dags/example_branch_python_dop_operator_3.py
[2022-12-15T05:57:01.710+0000] {processor.py:766} INFO - DAG(s) dict_keys(['example_branch_dop_operator_v3']) retrieved from /home/airflow/.local/lib/python3.10/site-packages/airflow/example_dags/example_branch_python_dop_operator_3.py
[2022-12-15T05:57:01.745+0000] {logging_mixin.py:137} INFO - [2022-12-15T05:57:01.745+0000] {dag.py:2585} INFO - Sync 1 DAGs
[2022-12-15T05:57:01.773+0000] {logging_mixin.py:137} INFO - [2022-12-15T05:57:01.772+0000] {dag.py:3336} INFO - Setting next_dagrun for example_branch_dop_operator_v3 to 2022-12-15T05:56:00+00:00, run_after=2022-12-15T05:57:00+00:00
[2022-12-15T05:57:01.798+0000] {processor.py:176} INFO - Processing /home/airflow/.local/lib/python3.10/site-packages/airflow/example_dags/example_branch_python_dop_operator_3.py took 0.259 seconds
[2022-12-15T05:57:31.835+0000] {processor.py:154} INFO - Started process (PID=179) to work on /home/airflow/.local/lib/python3.10/site-packages/airflow/example_dags/example_branch_python_dop_operator_3.py
[2022-12-15T05:57:31.836+0000] {processor.py:756} INFO - Processing file /home/airflow/.local/lib/python3.10/site-packages/airflow/example_dags/example_branch_python_dop_operator_3.py for tasks to queue
[2022-12-15T05:57:31.836+0000] {logging_mixin.py:137} INFO - [2022-12-15T05:57:31.836+0000] {dagbag.py:537} INFO - Filling up the DagBag from /home/airflow/.local/lib/python3.10/site-packages/airflow/example_dags/example_branch_python_dop_operator_3.py
[2022-12-15T05:57:31.860+0000] {processor.py:766} INFO - DAG(s) dict_keys(['example_branch_dop_operator_v3']) retrieved from /home/airflow/.local/lib/python3.10/site-packages/airflow/example_dags/example_branch_python_dop_operator_3.py
[2022-12-15T05:57:31.892+0000] {logging_mixin.py:137} INFO - [2022-12-15T05:57:31.892+0000] {dag.py:2585} INFO - Sync 1 DAGs
[2022-12-15T05:57:31.914+0000] {logging_mixin.py:137} INFO - [2022-12-15T05:57:31.914+0000] {dag.py:3336} INFO - Setting next_dagrun for example_branch_dop_operator_v3 to 2022-12-15T05:56:00+00:00, run_after=2022-12-15T05:57:00+00:00
[2022-12-15T05:57:31.934+0000] {processor.py:176} INFO - Processing /home/airflow/.local/lib/python3.10/site-packages/airflow/example_dags/example_branch_python_dop_operator_3.py took 0.100 seconds
[2022-12-15T05:59:40.790+0000] {processor.py:154} INFO - Started process (PID=68) to work on /home/airflow/.local/lib/python3.10/site-packages/airflow/example_dags/example_branch_python_dop_operator_3.py
[2022-12-15T05:59:40.791+0000] {processor.py:756} INFO - Processing file /home/airflow/.local/lib/python3.10/site-packages/airflow/example_dags/example_branch_python_dop_operator_3.py for tasks to queue
[2022-12-15T05:59:40.792+0000] {logging_mixin.py:137} INFO - [2022-12-15T05:59:40.792+0000] {dagbag.py:537} INFO - Filling up the DagBag from /home/airflow/.local/lib/python3.10/site-packages/airflow/example_dags/example_branch_python_dop_operator_3.py
[2022-12-15T05:59:40.815+0000] {processor.py:766} INFO - DAG(s) dict_keys(['example_branch_dop_operator_v3']) retrieved from /home/airflow/.local/lib/python3.10/site-packages/airflow/example_dags/example_branch_python_dop_operator_3.py
[2022-12-15T05:59:40.984+0000] {logging_mixin.py:137} INFO - [2022-12-15T05:59:40.984+0000] {dag.py:2585} INFO - Sync 1 DAGs
[2022-12-15T05:59:41.009+0000] {logging_mixin.py:137} INFO - [2022-12-15T05:59:41.009+0000] {dag.py:3336} INFO - Setting next_dagrun for example_branch_dop_operator_v3 to 2022-12-15T05:58:00+00:00, run_after=2022-12-15T05:59:00+00:00
[2022-12-15T05:59:41.030+0000] {processor.py:176} INFO - Processing /home/airflow/.local/lib/python3.10/site-packages/airflow/example_dags/example_branch_python_dop_operator_3.py took 0.242 seconds
[2022-12-15T06:00:11.260+0000] {processor.py:154} INFO - Started process (PID=126) to work on /home/airflow/.local/lib/python3.10/site-packages/airflow/example_dags/example_branch_python_dop_operator_3.py
[2022-12-15T06:00:11.261+0000] {processor.py:756} INFO - Processing file /home/airflow/.local/lib/python3.10/site-packages/airflow/example_dags/example_branch_python_dop_operator_3.py for tasks to queue
[2022-12-15T06:00:11.261+0000] {logging_mixin.py:137} INFO - [2022-12-15T06:00:11.261+0000] {dagbag.py:537} INFO - Filling up the DagBag from /home/airflow/.local/lib/python3.10/site-packages/airflow/example_dags/example_branch_python_dop_operator_3.py
[2022-12-15T06:00:11.403+0000] {processor.py:766} INFO - DAG(s) dict_keys(['example_branch_dop_operator_v3']) retrieved from /home/airflow/.local/lib/python3.10/site-packages/airflow/example_dags/example_branch_python_dop_operator_3.py
[2022-12-15T06:00:11.433+0000] {logging_mixin.py:137} INFO - [2022-12-15T06:00:11.433+0000] {dag.py:2585} INFO - Sync 1 DAGs
[2022-12-15T06:00:11.459+0000] {logging_mixin.py:137} INFO - [2022-12-15T06:00:11.458+0000] {dag.py:3336} INFO - Setting next_dagrun for example_branch_dop_operator_v3 to 2022-12-15T05:59:00+00:00, run_after=2022-12-15T06:00:00+00:00
[2022-12-15T06:00:11.482+0000] {processor.py:176} INFO - Processing /home/airflow/.local/lib/python3.10/site-packages/airflow/example_dags/example_branch_python_dop_operator_3.py took 0.224 seconds
[2022-12-15T06:00:41.600+0000] {processor.py:154} INFO - Started process (PID=179) to work on /home/airflow/.local/lib/python3.10/site-packages/airflow/example_dags/example_branch_python_dop_operator_3.py
[2022-12-15T06:00:41.601+0000] {processor.py:756} INFO - Processing file /home/airflow/.local/lib/python3.10/site-packages/airflow/example_dags/example_branch_python_dop_operator_3.py for tasks to queue
[2022-12-15T06:00:41.601+0000] {logging_mixin.py:137} INFO - [2022-12-15T06:00:41.601+0000] {dagbag.py:537} INFO - Filling up the DagBag from /home/airflow/.local/lib/python3.10/site-packages/airflow/example_dags/example_branch_python_dop_operator_3.py
[2022-12-15T06:00:41.621+0000] {processor.py:766} INFO - DAG(s) dict_keys(['example_branch_dop_operator_v3']) retrieved from /home/airflow/.local/lib/python3.10/site-packages/airflow/example_dags/example_branch_python_dop_operator_3.py
[2022-12-15T06:00:41.653+0000] {logging_mixin.py:137} INFO - [2022-12-15T06:00:41.653+0000] {dag.py:2585} INFO - Sync 1 DAGs
[2022-12-15T06:00:41.678+0000] {logging_mixin.py:137} INFO - [2022-12-15T06:00:41.678+0000] {dag.py:3336} INFO - Setting next_dagrun for example_branch_dop_operator_v3 to 2022-12-15T05:59:00+00:00, run_after=2022-12-15T06:00:00+00:00
[2022-12-15T06:00:41.720+0000] {processor.py:176} INFO - Processing /home/airflow/.local/lib/python3.10/site-packages/airflow/example_dags/example_branch_python_dop_operator_3.py took 0.122 seconds
[2022-12-15T06:01:12.189+0000] {processor.py:154} INFO - Started process (PID=237) to work on /home/airflow/.local/lib/python3.10/site-packages/airflow/example_dags/example_branch_python_dop_operator_3.py
[2022-12-15T06:01:12.190+0000] {processor.py:756} INFO - Processing file /home/airflow/.local/lib/python3.10/site-packages/airflow/example_dags/example_branch_python_dop_operator_3.py for tasks to queue
[2022-12-15T06:01:12.190+0000] {logging_mixin.py:137} INFO - [2022-12-15T06:01:12.190+0000] {dagbag.py:537} INFO - Filling up the DagBag from /home/airflow/.local/lib/python3.10/site-packages/airflow/example_dags/example_branch_python_dop_operator_3.py
[2022-12-15T06:01:12.211+0000] {processor.py:766} INFO - DAG(s) dict_keys(['example_branch_dop_operator_v3']) retrieved from /home/airflow/.local/lib/python3.10/site-packages/airflow/example_dags/example_branch_python_dop_operator_3.py
[2022-12-15T06:01:12.244+0000] {logging_mixin.py:137} INFO - [2022-12-15T06:01:12.244+0000] {dag.py:2585} INFO - Sync 1 DAGs
[2022-12-15T06:01:12.269+0000] {logging_mixin.py:137} INFO - [2022-12-15T06:01:12.269+0000] {dag.py:3336} INFO - Setting next_dagrun for example_branch_dop_operator_v3 to 2022-12-15T06:00:00+00:00, run_after=2022-12-15T06:01:00+00:00
[2022-12-15T06:01:12.290+0000] {processor.py:176} INFO - Processing /home/airflow/.local/lib/python3.10/site-packages/airflow/example_dags/example_branch_python_dop_operator_3.py took 0.103 seconds
[2022-12-15T06:01:42.873+0000] {processor.py:154} INFO - Started process (PID=295) to work on /home/airflow/.local/lib/python3.10/site-packages/airflow/example_dags/example_branch_python_dop_operator_3.py
[2022-12-15T06:01:42.874+0000] {processor.py:756} INFO - Processing file /home/airflow/.local/lib/python3.10/site-packages/airflow/example_dags/example_branch_python_dop_operator_3.py for tasks to queue
[2022-12-15T06:01:42.875+0000] {logging_mixin.py:137} INFO - [2022-12-15T06:01:42.874+0000] {dagbag.py:537} INFO - Filling up the DagBag from /home/airflow/.local/lib/python3.10/site-packages/airflow/example_dags/example_branch_python_dop_operator_3.py
[2022-12-15T06:01:42.900+0000] {processor.py:766} INFO - DAG(s) dict_keys(['example_branch_dop_operator_v3']) retrieved from /home/airflow/.local/lib/python3.10/site-packages/airflow/example_dags/example_branch_python_dop_operator_3.py
[2022-12-15T06:01:42.938+0000] {logging_mixin.py:137} INFO - [2022-12-15T06:01:42.938+0000] {dag.py:2585} INFO - Sync 1 DAGs
[2022-12-15T06:01:42.963+0000] {logging_mixin.py:137} INFO - [2022-12-15T06:01:42.963+0000] {dag.py:3336} INFO - Setting next_dagrun for example_branch_dop_operator_v3 to 2022-12-15T06:00:00+00:00, run_after=2022-12-15T06:01:00+00:00
[2022-12-15T06:01:42.985+0000] {processor.py:176} INFO - Processing /home/airflow/.local/lib/python3.10/site-packages/airflow/example_dags/example_branch_python_dop_operator_3.py took 0.115 seconds
