[2022-12-15T05:51:38.474+0000] {processor.py:154} INFO - Started process (PID=82) to work on /home/airflow/.local/lib/python3.10/site-packages/airflow/example_dags/example_trigger_target_dag.py
[2022-12-15T05:51:38.475+0000] {processor.py:756} INFO - Processing file /home/airflow/.local/lib/python3.10/site-packages/airflow/example_dags/example_trigger_target_dag.py for tasks to queue
[2022-12-15T05:51:38.475+0000] {logging_mixin.py:137} INFO - [2022-12-15T05:51:38.475+0000] {dagbag.py:537} INFO - Filling up the DagBag from /home/airflow/.local/lib/python3.10/site-packages/airflow/example_dags/example_trigger_target_dag.py
[2022-12-15T05:51:38.499+0000] {processor.py:766} INFO - DAG(s) dict_keys(['example_trigger_target_dag']) retrieved from /home/airflow/.local/lib/python3.10/site-packages/airflow/example_dags/example_trigger_target_dag.py
[2022-12-15T05:51:38.827+0000] {logging_mixin.py:137} INFO - [2022-12-15T05:51:38.827+0000] {manager.py:507} INFO - Created Permission View: can delete on DAG:example_trigger_target_dag
[2022-12-15T05:51:38.840+0000] {logging_mixin.py:137} INFO - [2022-12-15T05:51:38.839+0000] {manager.py:507} INFO - Created Permission View: can edit on DAG:example_trigger_target_dag
[2022-12-15T05:51:38.850+0000] {logging_mixin.py:137} INFO - [2022-12-15T05:51:38.849+0000] {manager.py:507} INFO - Created Permission View: can read on DAG:example_trigger_target_dag
[2022-12-15T05:51:38.850+0000] {logging_mixin.py:137} INFO - [2022-12-15T05:51:38.850+0000] {dag.py:2585} INFO - Sync 1 DAGs
[2022-12-15T05:51:38.865+0000] {logging_mixin.py:137} INFO - [2022-12-15T05:51:38.864+0000] {dag.py:2606} INFO - Creating ORM DAG for example_trigger_target_dag
[2022-12-15T05:51:38.897+0000] {logging_mixin.py:137} INFO - [2022-12-15T05:51:38.897+0000] {dag.py:3336} INFO - Setting next_dagrun for example_trigger_target_dag to None, run_after=None
[2022-12-15T05:51:38.939+0000] {processor.py:176} INFO - Processing /home/airflow/.local/lib/python3.10/site-packages/airflow/example_dags/example_trigger_target_dag.py took 0.467 seconds
[2022-12-15T05:52:09.463+0000] {processor.py:154} INFO - Started process (PID=133) to work on /home/airflow/.local/lib/python3.10/site-packages/airflow/example_dags/example_trigger_target_dag.py
[2022-12-15T05:52:09.464+0000] {processor.py:756} INFO - Processing file /home/airflow/.local/lib/python3.10/site-packages/airflow/example_dags/example_trigger_target_dag.py for tasks to queue
[2022-12-15T05:52:09.464+0000] {logging_mixin.py:137} INFO - [2022-12-15T05:52:09.464+0000] {dagbag.py:537} INFO - Filling up the DagBag from /home/airflow/.local/lib/python3.10/site-packages/airflow/example_dags/example_trigger_target_dag.py
[2022-12-15T05:52:09.610+0000] {processor.py:766} INFO - DAG(s) dict_keys(['example_trigger_target_dag']) retrieved from /home/airflow/.local/lib/python3.10/site-packages/airflow/example_dags/example_trigger_target_dag.py
[2022-12-15T05:52:09.639+0000] {logging_mixin.py:137} INFO - [2022-12-15T05:52:09.638+0000] {dag.py:2585} INFO - Sync 1 DAGs
[2022-12-15T05:52:09.657+0000] {logging_mixin.py:137} INFO - [2022-12-15T05:52:09.657+0000] {dag.py:3336} INFO - Setting next_dagrun for example_trigger_target_dag to None, run_after=None
[2022-12-15T05:52:09.674+0000] {processor.py:176} INFO - Processing /home/airflow/.local/lib/python3.10/site-packages/airflow/example_dags/example_trigger_target_dag.py took 0.213 seconds
[2022-12-15T05:52:39.859+0000] {processor.py:154} INFO - Started process (PID=193) to work on /home/airflow/.local/lib/python3.10/site-packages/airflow/example_dags/example_trigger_target_dag.py
[2022-12-15T05:52:39.860+0000] {processor.py:756} INFO - Processing file /home/airflow/.local/lib/python3.10/site-packages/airflow/example_dags/example_trigger_target_dag.py for tasks to queue
[2022-12-15T05:52:39.860+0000] {logging_mixin.py:137} INFO - [2022-12-15T05:52:39.860+0000] {dagbag.py:537} INFO - Filling up the DagBag from /home/airflow/.local/lib/python3.10/site-packages/airflow/example_dags/example_trigger_target_dag.py
[2022-12-15T05:52:39.879+0000] {processor.py:766} INFO - DAG(s) dict_keys(['example_trigger_target_dag']) retrieved from /home/airflow/.local/lib/python3.10/site-packages/airflow/example_dags/example_trigger_target_dag.py
[2022-12-15T05:52:39.912+0000] {logging_mixin.py:137} INFO - [2022-12-15T05:52:39.912+0000] {dag.py:2585} INFO - Sync 1 DAGs
[2022-12-15T05:52:39.931+0000] {logging_mixin.py:137} INFO - [2022-12-15T05:52:39.931+0000] {dag.py:3336} INFO - Setting next_dagrun for example_trigger_target_dag to None, run_after=None
[2022-12-15T05:52:39.949+0000] {processor.py:176} INFO - Processing /home/airflow/.local/lib/python3.10/site-packages/airflow/example_dags/example_trigger_target_dag.py took 0.092 seconds
[2022-12-15T05:53:10.159+0000] {processor.py:154} INFO - Started process (PID=251) to work on /home/airflow/.local/lib/python3.10/site-packages/airflow/example_dags/example_trigger_target_dag.py
[2022-12-15T05:53:10.160+0000] {processor.py:756} INFO - Processing file /home/airflow/.local/lib/python3.10/site-packages/airflow/example_dags/example_trigger_target_dag.py for tasks to queue
[2022-12-15T05:53:10.160+0000] {logging_mixin.py:137} INFO - [2022-12-15T05:53:10.160+0000] {dagbag.py:537} INFO - Filling up the DagBag from /home/airflow/.local/lib/python3.10/site-packages/airflow/example_dags/example_trigger_target_dag.py
[2022-12-15T05:53:10.179+0000] {processor.py:766} INFO - DAG(s) dict_keys(['example_trigger_target_dag']) retrieved from /home/airflow/.local/lib/python3.10/site-packages/airflow/example_dags/example_trigger_target_dag.py
[2022-12-15T05:53:10.221+0000] {logging_mixin.py:137} INFO - [2022-12-15T05:53:10.221+0000] {dag.py:2585} INFO - Sync 1 DAGs
[2022-12-15T05:53:10.242+0000] {logging_mixin.py:137} INFO - [2022-12-15T05:53:10.241+0000] {dag.py:3336} INFO - Setting next_dagrun for example_trigger_target_dag to None, run_after=None
[2022-12-15T05:53:10.264+0000] {processor.py:176} INFO - Processing /home/airflow/.local/lib/python3.10/site-packages/airflow/example_dags/example_trigger_target_dag.py took 0.107 seconds
[2022-12-15T05:53:40.574+0000] {processor.py:154} INFO - Started process (PID=302) to work on /home/airflow/.local/lib/python3.10/site-packages/airflow/example_dags/example_trigger_target_dag.py
[2022-12-15T05:53:40.575+0000] {processor.py:756} INFO - Processing file /home/airflow/.local/lib/python3.10/site-packages/airflow/example_dags/example_trigger_target_dag.py for tasks to queue
[2022-12-15T05:53:40.576+0000] {logging_mixin.py:137} INFO - [2022-12-15T05:53:40.576+0000] {dagbag.py:537} INFO - Filling up the DagBag from /home/airflow/.local/lib/python3.10/site-packages/airflow/example_dags/example_trigger_target_dag.py
[2022-12-15T05:53:40.596+0000] {processor.py:766} INFO - DAG(s) dict_keys(['example_trigger_target_dag']) retrieved from /home/airflow/.local/lib/python3.10/site-packages/airflow/example_dags/example_trigger_target_dag.py
[2022-12-15T05:53:40.632+0000] {logging_mixin.py:137} INFO - [2022-12-15T05:53:40.632+0000] {dag.py:2585} INFO - Sync 1 DAGs
[2022-12-15T05:53:40.651+0000] {logging_mixin.py:137} INFO - [2022-12-15T05:53:40.651+0000] {dag.py:3336} INFO - Setting next_dagrun for example_trigger_target_dag to None, run_after=None
[2022-12-15T05:53:40.670+0000] {processor.py:176} INFO - Processing /home/airflow/.local/lib/python3.10/site-packages/airflow/example_dags/example_trigger_target_dag.py took 0.098 seconds
[2022-12-15T05:54:11.159+0000] {processor.py:154} INFO - Started process (PID=360) to work on /home/airflow/.local/lib/python3.10/site-packages/airflow/example_dags/example_trigger_target_dag.py
[2022-12-15T05:54:11.160+0000] {processor.py:756} INFO - Processing file /home/airflow/.local/lib/python3.10/site-packages/airflow/example_dags/example_trigger_target_dag.py for tasks to queue
[2022-12-15T05:54:11.160+0000] {logging_mixin.py:137} INFO - [2022-12-15T05:54:11.160+0000] {dagbag.py:537} INFO - Filling up the DagBag from /home/airflow/.local/lib/python3.10/site-packages/airflow/example_dags/example_trigger_target_dag.py
[2022-12-15T05:54:11.180+0000] {processor.py:766} INFO - DAG(s) dict_keys(['example_trigger_target_dag']) retrieved from /home/airflow/.local/lib/python3.10/site-packages/airflow/example_dags/example_trigger_target_dag.py
[2022-12-15T05:54:11.214+0000] {logging_mixin.py:137} INFO - [2022-12-15T05:54:11.213+0000] {dag.py:2585} INFO - Sync 1 DAGs
[2022-12-15T05:54:11.235+0000] {logging_mixin.py:137} INFO - [2022-12-15T05:54:11.235+0000] {dag.py:3336} INFO - Setting next_dagrun for example_trigger_target_dag to None, run_after=None
[2022-12-15T05:54:11.259+0000] {processor.py:176} INFO - Processing /home/airflow/.local/lib/python3.10/site-packages/airflow/example_dags/example_trigger_target_dag.py took 0.103 seconds
[2022-12-15T05:54:41.545+0000] {processor.py:154} INFO - Started process (PID=411) to work on /home/airflow/.local/lib/python3.10/site-packages/airflow/example_dags/example_trigger_target_dag.py
[2022-12-15T05:54:41.547+0000] {processor.py:756} INFO - Processing file /home/airflow/.local/lib/python3.10/site-packages/airflow/example_dags/example_trigger_target_dag.py for tasks to queue
[2022-12-15T05:54:41.547+0000] {logging_mixin.py:137} INFO - [2022-12-15T05:54:41.547+0000] {dagbag.py:537} INFO - Filling up the DagBag from /home/airflow/.local/lib/python3.10/site-packages/airflow/example_dags/example_trigger_target_dag.py
[2022-12-15T05:54:41.575+0000] {processor.py:766} INFO - DAG(s) dict_keys(['example_trigger_target_dag']) retrieved from /home/airflow/.local/lib/python3.10/site-packages/airflow/example_dags/example_trigger_target_dag.py
[2022-12-15T05:54:41.616+0000] {logging_mixin.py:137} INFO - [2022-12-15T05:54:41.616+0000] {dag.py:2585} INFO - Sync 1 DAGs
[2022-12-15T05:54:41.636+0000] {logging_mixin.py:137} INFO - [2022-12-15T05:54:41.636+0000] {dag.py:3336} INFO - Setting next_dagrun for example_trigger_target_dag to None, run_after=None
[2022-12-15T05:54:41.655+0000] {processor.py:176} INFO - Processing /home/airflow/.local/lib/python3.10/site-packages/airflow/example_dags/example_trigger_target_dag.py took 0.112 seconds
[2022-12-15T05:55:11.824+0000] {processor.py:154} INFO - Started process (PID=469) to work on /home/airflow/.local/lib/python3.10/site-packages/airflow/example_dags/example_trigger_target_dag.py
[2022-12-15T05:55:11.824+0000] {processor.py:756} INFO - Processing file /home/airflow/.local/lib/python3.10/site-packages/airflow/example_dags/example_trigger_target_dag.py for tasks to queue
[2022-12-15T05:55:11.825+0000] {logging_mixin.py:137} INFO - [2022-12-15T05:55:11.825+0000] {dagbag.py:537} INFO - Filling up the DagBag from /home/airflow/.local/lib/python3.10/site-packages/airflow/example_dags/example_trigger_target_dag.py
[2022-12-15T05:55:11.844+0000] {processor.py:766} INFO - DAG(s) dict_keys(['example_trigger_target_dag']) retrieved from /home/airflow/.local/lib/python3.10/site-packages/airflow/example_dags/example_trigger_target_dag.py
[2022-12-15T05:55:11.880+0000] {logging_mixin.py:137} INFO - [2022-12-15T05:55:11.880+0000] {dag.py:2585} INFO - Sync 1 DAGs
[2022-12-15T05:55:11.899+0000] {logging_mixin.py:137} INFO - [2022-12-15T05:55:11.899+0000] {dag.py:3336} INFO - Setting next_dagrun for example_trigger_target_dag to None, run_after=None
[2022-12-15T05:55:11.917+0000] {processor.py:176} INFO - Processing /home/airflow/.local/lib/python3.10/site-packages/airflow/example_dags/example_trigger_target_dag.py took 0.095 seconds
[2022-12-15T05:56:30.893+0000] {processor.py:154} INFO - Started process (PID=72) to work on /home/airflow/.local/lib/python3.10/site-packages/airflow/example_dags/example_trigger_target_dag.py
[2022-12-15T05:56:30.894+0000] {processor.py:756} INFO - Processing file /home/airflow/.local/lib/python3.10/site-packages/airflow/example_dags/example_trigger_target_dag.py for tasks to queue
[2022-12-15T05:56:30.895+0000] {logging_mixin.py:137} INFO - [2022-12-15T05:56:30.895+0000] {dagbag.py:537} INFO - Filling up the DagBag from /home/airflow/.local/lib/python3.10/site-packages/airflow/example_dags/example_trigger_target_dag.py
[2022-12-15T05:56:31.065+0000] {processor.py:766} INFO - DAG(s) dict_keys(['example_trigger_target_dag']) retrieved from /home/airflow/.local/lib/python3.10/site-packages/airflow/example_dags/example_trigger_target_dag.py
[2022-12-15T05:56:31.100+0000] {logging_mixin.py:137} INFO - [2022-12-15T05:56:31.099+0000] {dag.py:2585} INFO - Sync 1 DAGs
[2022-12-15T05:56:31.123+0000] {logging_mixin.py:137} INFO - [2022-12-15T05:56:31.123+0000] {dag.py:3336} INFO - Setting next_dagrun for example_trigger_target_dag to None, run_after=None
[2022-12-15T05:56:31.148+0000] {processor.py:176} INFO - Processing /home/airflow/.local/lib/python3.10/site-packages/airflow/example_dags/example_trigger_target_dag.py took 0.257 seconds
[2022-12-15T05:57:02.522+0000] {processor.py:154} INFO - Started process (PID=130) to work on /home/airflow/.local/lib/python3.10/site-packages/airflow/example_dags/example_trigger_target_dag.py
[2022-12-15T05:57:02.523+0000] {processor.py:756} INFO - Processing file /home/airflow/.local/lib/python3.10/site-packages/airflow/example_dags/example_trigger_target_dag.py for tasks to queue
[2022-12-15T05:57:02.523+0000] {logging_mixin.py:137} INFO - [2022-12-15T05:57:02.523+0000] {dagbag.py:537} INFO - Filling up the DagBag from /home/airflow/.local/lib/python3.10/site-packages/airflow/example_dags/example_trigger_target_dag.py
[2022-12-15T05:57:02.676+0000] {processor.py:766} INFO - DAG(s) dict_keys(['example_trigger_target_dag']) retrieved from /home/airflow/.local/lib/python3.10/site-packages/airflow/example_dags/example_trigger_target_dag.py
[2022-12-15T05:57:02.708+0000] {logging_mixin.py:137} INFO - [2022-12-15T05:57:02.708+0000] {dag.py:2585} INFO - Sync 1 DAGs
[2022-12-15T05:57:02.729+0000] {logging_mixin.py:137} INFO - [2022-12-15T05:57:02.729+0000] {dag.py:3336} INFO - Setting next_dagrun for example_trigger_target_dag to None, run_after=None
[2022-12-15T05:57:02.749+0000] {processor.py:176} INFO - Processing /home/airflow/.local/lib/python3.10/site-packages/airflow/example_dags/example_trigger_target_dag.py took 0.230 seconds
[2022-12-15T05:57:33.051+0000] {processor.py:154} INFO - Started process (PID=183) to work on /home/airflow/.local/lib/python3.10/site-packages/airflow/example_dags/example_trigger_target_dag.py
[2022-12-15T05:57:33.052+0000] {processor.py:756} INFO - Processing file /home/airflow/.local/lib/python3.10/site-packages/airflow/example_dags/example_trigger_target_dag.py for tasks to queue
[2022-12-15T05:57:33.053+0000] {logging_mixin.py:137} INFO - [2022-12-15T05:57:33.053+0000] {dagbag.py:537} INFO - Filling up the DagBag from /home/airflow/.local/lib/python3.10/site-packages/airflow/example_dags/example_trigger_target_dag.py
[2022-12-15T05:57:33.071+0000] {processor.py:766} INFO - DAG(s) dict_keys(['example_trigger_target_dag']) retrieved from /home/airflow/.local/lib/python3.10/site-packages/airflow/example_dags/example_trigger_target_dag.py
[2022-12-15T05:57:33.121+0000] {logging_mixin.py:137} INFO - [2022-12-15T05:57:33.121+0000] {dag.py:2585} INFO - Sync 1 DAGs
[2022-12-15T05:57:33.151+0000] {logging_mixin.py:137} INFO - [2022-12-15T05:57:33.151+0000] {dag.py:3336} INFO - Setting next_dagrun for example_trigger_target_dag to None, run_after=None
[2022-12-15T05:57:33.171+0000] {processor.py:176} INFO - Processing /home/airflow/.local/lib/python3.10/site-packages/airflow/example_dags/example_trigger_target_dag.py took 0.122 seconds
[2022-12-15T05:59:41.289+0000] {processor.py:154} INFO - Started process (PID=72) to work on /home/airflow/.local/lib/python3.10/site-packages/airflow/example_dags/example_trigger_target_dag.py
[2022-12-15T05:59:41.290+0000] {processor.py:756} INFO - Processing file /home/airflow/.local/lib/python3.10/site-packages/airflow/example_dags/example_trigger_target_dag.py for tasks to queue
[2022-12-15T05:59:41.290+0000] {logging_mixin.py:137} INFO - [2022-12-15T05:59:41.290+0000] {dagbag.py:537} INFO - Filling up the DagBag from /home/airflow/.local/lib/python3.10/site-packages/airflow/example_dags/example_trigger_target_dag.py
[2022-12-15T05:59:41.433+0000] {processor.py:766} INFO - DAG(s) dict_keys(['example_trigger_target_dag']) retrieved from /home/airflow/.local/lib/python3.10/site-packages/airflow/example_dags/example_trigger_target_dag.py
[2022-12-15T05:59:41.518+0000] {logging_mixin.py:137} INFO - [2022-12-15T05:59:41.518+0000] {dag.py:2585} INFO - Sync 1 DAGs
[2022-12-15T05:59:41.541+0000] {logging_mixin.py:137} INFO - [2022-12-15T05:59:41.541+0000] {dag.py:3336} INFO - Setting next_dagrun for example_trigger_target_dag to None, run_after=None
[2022-12-15T05:59:41.565+0000] {processor.py:176} INFO - Processing /home/airflow/.local/lib/python3.10/site-packages/airflow/example_dags/example_trigger_target_dag.py took 0.278 seconds
[2022-12-15T06:00:11.708+0000] {processor.py:154} INFO - Started process (PID=130) to work on /home/airflow/.local/lib/python3.10/site-packages/airflow/example_dags/example_trigger_target_dag.py
[2022-12-15T06:00:11.709+0000] {processor.py:756} INFO - Processing file /home/airflow/.local/lib/python3.10/site-packages/airflow/example_dags/example_trigger_target_dag.py for tasks to queue
[2022-12-15T06:00:11.709+0000] {logging_mixin.py:137} INFO - [2022-12-15T06:00:11.709+0000] {dagbag.py:537} INFO - Filling up the DagBag from /home/airflow/.local/lib/python3.10/site-packages/airflow/example_dags/example_trigger_target_dag.py
[2022-12-15T06:00:11.833+0000] {processor.py:766} INFO - DAG(s) dict_keys(['example_trigger_target_dag']) retrieved from /home/airflow/.local/lib/python3.10/site-packages/airflow/example_dags/example_trigger_target_dag.py
[2022-12-15T06:00:11.863+0000] {logging_mixin.py:137} INFO - [2022-12-15T06:00:11.863+0000] {dag.py:2585} INFO - Sync 1 DAGs
[2022-12-15T06:00:11.884+0000] {logging_mixin.py:137} INFO - [2022-12-15T06:00:11.884+0000] {dag.py:3336} INFO - Setting next_dagrun for example_trigger_target_dag to None, run_after=None
[2022-12-15T06:00:11.908+0000] {processor.py:176} INFO - Processing /home/airflow/.local/lib/python3.10/site-packages/airflow/example_dags/example_trigger_target_dag.py took 0.202 seconds
[2022-12-15T06:00:41.976+0000] {processor.py:154} INFO - Started process (PID=183) to work on /home/airflow/.local/lib/python3.10/site-packages/airflow/example_dags/example_trigger_target_dag.py
[2022-12-15T06:00:41.977+0000] {processor.py:756} INFO - Processing file /home/airflow/.local/lib/python3.10/site-packages/airflow/example_dags/example_trigger_target_dag.py for tasks to queue
[2022-12-15T06:00:41.978+0000] {logging_mixin.py:137} INFO - [2022-12-15T06:00:41.977+0000] {dagbag.py:537} INFO - Filling up the DagBag from /home/airflow/.local/lib/python3.10/site-packages/airflow/example_dags/example_trigger_target_dag.py
[2022-12-15T06:00:42.001+0000] {processor.py:766} INFO - DAG(s) dict_keys(['example_trigger_target_dag']) retrieved from /home/airflow/.local/lib/python3.10/site-packages/airflow/example_dags/example_trigger_target_dag.py
[2022-12-15T06:00:42.036+0000] {logging_mixin.py:137} INFO - [2022-12-15T06:00:42.036+0000] {dag.py:2585} INFO - Sync 1 DAGs
[2022-12-15T06:00:42.056+0000] {logging_mixin.py:137} INFO - [2022-12-15T06:00:42.056+0000] {dag.py:3336} INFO - Setting next_dagrun for example_trigger_target_dag to None, run_after=None
[2022-12-15T06:00:42.077+0000] {processor.py:176} INFO - Processing /home/airflow/.local/lib/python3.10/site-packages/airflow/example_dags/example_trigger_target_dag.py took 0.103 seconds
[2022-12-15T06:01:12.408+0000] {processor.py:154} INFO - Started process (PID=241) to work on /home/airflow/.local/lib/python3.10/site-packages/airflow/example_dags/example_trigger_target_dag.py
[2022-12-15T06:01:12.409+0000] {processor.py:756} INFO - Processing file /home/airflow/.local/lib/python3.10/site-packages/airflow/example_dags/example_trigger_target_dag.py for tasks to queue
[2022-12-15T06:01:12.410+0000] {logging_mixin.py:137} INFO - [2022-12-15T06:01:12.410+0000] {dagbag.py:537} INFO - Filling up the DagBag from /home/airflow/.local/lib/python3.10/site-packages/airflow/example_dags/example_trigger_target_dag.py
[2022-12-15T06:01:12.428+0000] {processor.py:766} INFO - DAG(s) dict_keys(['example_trigger_target_dag']) retrieved from /home/airflow/.local/lib/python3.10/site-packages/airflow/example_dags/example_trigger_target_dag.py
[2022-12-15T06:01:12.460+0000] {logging_mixin.py:137} INFO - [2022-12-15T06:01:12.460+0000] {dag.py:2585} INFO - Sync 1 DAGs
[2022-12-15T06:01:12.480+0000] {logging_mixin.py:137} INFO - [2022-12-15T06:01:12.480+0000] {dag.py:3336} INFO - Setting next_dagrun for example_trigger_target_dag to None, run_after=None
[2022-12-15T06:01:12.498+0000] {processor.py:176} INFO - Processing /home/airflow/.local/lib/python3.10/site-packages/airflow/example_dags/example_trigger_target_dag.py took 0.092 seconds
[2022-12-15T06:01:43.120+0000] {processor.py:154} INFO - Started process (PID=299) to work on /home/airflow/.local/lib/python3.10/site-packages/airflow/example_dags/example_trigger_target_dag.py
[2022-12-15T06:01:43.121+0000] {processor.py:756} INFO - Processing file /home/airflow/.local/lib/python3.10/site-packages/airflow/example_dags/example_trigger_target_dag.py for tasks to queue
[2022-12-15T06:01:43.121+0000] {logging_mixin.py:137} INFO - [2022-12-15T06:01:43.121+0000] {dagbag.py:537} INFO - Filling up the DagBag from /home/airflow/.local/lib/python3.10/site-packages/airflow/example_dags/example_trigger_target_dag.py
[2022-12-15T06:01:43.142+0000] {processor.py:766} INFO - DAG(s) dict_keys(['example_trigger_target_dag']) retrieved from /home/airflow/.local/lib/python3.10/site-packages/airflow/example_dags/example_trigger_target_dag.py
[2022-12-15T06:01:43.180+0000] {logging_mixin.py:137} INFO - [2022-12-15T06:01:43.179+0000] {dag.py:2585} INFO - Sync 1 DAGs
[2022-12-15T06:01:43.202+0000] {logging_mixin.py:137} INFO - [2022-12-15T06:01:43.202+0000] {dag.py:3336} INFO - Setting next_dagrun for example_trigger_target_dag to None, run_after=None
[2022-12-15T06:01:43.222+0000] {processor.py:176} INFO - Processing /home/airflow/.local/lib/python3.10/site-packages/airflow/example_dags/example_trigger_target_dag.py took 0.105 seconds
