[2022-12-15T05:51:38.975+0000] {processor.py:154} INFO - Started process (PID=84) to work on /home/airflow/.local/lib/python3.10/site-packages/airflow/example_dags/example_external_task_marker_dag.py
[2022-12-15T05:51:38.977+0000] {processor.py:756} INFO - Processing file /home/airflow/.local/lib/python3.10/site-packages/airflow/example_dags/example_external_task_marker_dag.py for tasks to queue
[2022-12-15T05:51:38.979+0000] {logging_mixin.py:137} INFO - [2022-12-15T05:51:38.978+0000] {dagbag.py:537} INFO - Filling up the DagBag from /home/airflow/.local/lib/python3.10/site-packages/airflow/example_dags/example_external_task_marker_dag.py
[2022-12-15T05:51:39.010+0000] {processor.py:766} INFO - DAG(s) dict_keys(['example_external_task_marker_child', 'example_external_task_marker_parent']) retrieved from /home/airflow/.local/lib/python3.10/site-packages/airflow/example_dags/example_external_task_marker_dag.py
[2022-12-15T05:51:39.713+0000] {logging_mixin.py:137} INFO - [2022-12-15T05:51:39.712+0000] {manager.py:507} INFO - Created Permission View: can delete on DAG:example_external_task_marker_child
[2022-12-15T05:51:39.731+0000] {logging_mixin.py:137} INFO - [2022-12-15T05:51:39.731+0000] {manager.py:507} INFO - Created Permission View: can edit on DAG:example_external_task_marker_child
[2022-12-15T05:51:39.746+0000] {logging_mixin.py:137} INFO - [2022-12-15T05:51:39.746+0000] {manager.py:507} INFO - Created Permission View: can read on DAG:example_external_task_marker_child
[2022-12-15T05:51:39.774+0000] {logging_mixin.py:137} INFO - [2022-12-15T05:51:39.774+0000] {manager.py:507} INFO - Created Permission View: can delete on DAG:example_external_task_marker_parent
[2022-12-15T05:51:39.797+0000] {logging_mixin.py:137} INFO - [2022-12-15T05:51:39.796+0000] {manager.py:507} INFO - Created Permission View: can edit on DAG:example_external_task_marker_parent
[2022-12-15T05:51:39.899+0000] {logging_mixin.py:137} INFO - [2022-12-15T05:51:39.898+0000] {manager.py:507} INFO - Created Permission View: can read on DAG:example_external_task_marker_parent
[2022-12-15T05:51:39.899+0000] {logging_mixin.py:137} INFO - [2022-12-15T05:51:39.899+0000] {dag.py:2585} INFO - Sync 2 DAGs
[2022-12-15T05:51:39.918+0000] {logging_mixin.py:137} INFO - [2022-12-15T05:51:39.918+0000] {dag.py:2606} INFO - Creating ORM DAG for example_external_task_marker_parent
[2022-12-15T05:51:39.918+0000] {logging_mixin.py:137} INFO - [2022-12-15T05:51:39.918+0000] {dag.py:2606} INFO - Creating ORM DAG for example_external_task_marker_child
[2022-12-15T05:51:39.943+0000] {logging_mixin.py:137} INFO - [2022-12-15T05:51:39.943+0000] {dag.py:3336} INFO - Setting next_dagrun for example_external_task_marker_child to None, run_after=None
[2022-12-15T05:51:39.944+0000] {logging_mixin.py:137} INFO - [2022-12-15T05:51:39.944+0000] {dag.py:3336} INFO - Setting next_dagrun for example_external_task_marker_parent to None, run_after=None
[2022-12-15T05:51:40.044+0000] {processor.py:176} INFO - Processing /home/airflow/.local/lib/python3.10/site-packages/airflow/example_dags/example_external_task_marker_dag.py took 1.072 seconds
[2022-12-15T05:52:10.699+0000] {processor.py:154} INFO - Started process (PID=135) to work on /home/airflow/.local/lib/python3.10/site-packages/airflow/example_dags/example_external_task_marker_dag.py
[2022-12-15T05:52:10.700+0000] {processor.py:756} INFO - Processing file /home/airflow/.local/lib/python3.10/site-packages/airflow/example_dags/example_external_task_marker_dag.py for tasks to queue
[2022-12-15T05:52:10.700+0000] {logging_mixin.py:137} INFO - [2022-12-15T05:52:10.700+0000] {dagbag.py:537} INFO - Filling up the DagBag from /home/airflow/.local/lib/python3.10/site-packages/airflow/example_dags/example_external_task_marker_dag.py
[2022-12-15T05:52:10.834+0000] {processor.py:766} INFO - DAG(s) dict_keys(['example_external_task_marker_parent', 'example_external_task_marker_child']) retrieved from /home/airflow/.local/lib/python3.10/site-packages/airflow/example_dags/example_external_task_marker_dag.py
[2022-12-15T05:52:11.010+0000] {logging_mixin.py:137} INFO - [2022-12-15T05:52:11.009+0000] {dag.py:2585} INFO - Sync 2 DAGs
[2022-12-15T05:52:11.028+0000] {logging_mixin.py:137} INFO - [2022-12-15T05:52:11.028+0000] {dag.py:3336} INFO - Setting next_dagrun for example_external_task_marker_child to None, run_after=None
[2022-12-15T05:52:11.030+0000] {logging_mixin.py:137} INFO - [2022-12-15T05:52:11.030+0000] {dag.py:3336} INFO - Setting next_dagrun for example_external_task_marker_parent to None, run_after=None
[2022-12-15T05:52:11.046+0000] {processor.py:176} INFO - Processing /home/airflow/.local/lib/python3.10/site-packages/airflow/example_dags/example_external_task_marker_dag.py took 0.349 seconds
[2022-12-15T05:52:41.093+0000] {processor.py:154} INFO - Started process (PID=196) to work on /home/airflow/.local/lib/python3.10/site-packages/airflow/example_dags/example_external_task_marker_dag.py
[2022-12-15T05:52:41.094+0000] {processor.py:756} INFO - Processing file /home/airflow/.local/lib/python3.10/site-packages/airflow/example_dags/example_external_task_marker_dag.py for tasks to queue
[2022-12-15T05:52:41.094+0000] {logging_mixin.py:137} INFO - [2022-12-15T05:52:41.094+0000] {dagbag.py:537} INFO - Filling up the DagBag from /home/airflow/.local/lib/python3.10/site-packages/airflow/example_dags/example_external_task_marker_dag.py
[2022-12-15T05:52:41.106+0000] {processor.py:766} INFO - DAG(s) dict_keys(['example_external_task_marker_parent', 'example_external_task_marker_child']) retrieved from /home/airflow/.local/lib/python3.10/site-packages/airflow/example_dags/example_external_task_marker_dag.py
[2022-12-15T05:52:41.280+0000] {logging_mixin.py:137} INFO - [2022-12-15T05:52:41.280+0000] {dag.py:2585} INFO - Sync 2 DAGs
[2022-12-15T05:52:41.301+0000] {logging_mixin.py:137} INFO - [2022-12-15T05:52:41.301+0000] {dag.py:3336} INFO - Setting next_dagrun for example_external_task_marker_child to None, run_after=None
[2022-12-15T05:52:41.305+0000] {logging_mixin.py:137} INFO - [2022-12-15T05:52:41.305+0000] {dag.py:3336} INFO - Setting next_dagrun for example_external_task_marker_parent to None, run_after=None
[2022-12-15T05:52:41.327+0000] {processor.py:176} INFO - Processing /home/airflow/.local/lib/python3.10/site-packages/airflow/example_dags/example_external_task_marker_dag.py took 0.237 seconds
[2022-12-15T05:53:11.481+0000] {processor.py:154} INFO - Started process (PID=256) to work on /home/airflow/.local/lib/python3.10/site-packages/airflow/example_dags/example_external_task_marker_dag.py
[2022-12-15T05:53:11.483+0000] {processor.py:756} INFO - Processing file /home/airflow/.local/lib/python3.10/site-packages/airflow/example_dags/example_external_task_marker_dag.py for tasks to queue
[2022-12-15T05:53:11.484+0000] {logging_mixin.py:137} INFO - [2022-12-15T05:53:11.484+0000] {dagbag.py:537} INFO - Filling up the DagBag from /home/airflow/.local/lib/python3.10/site-packages/airflow/example_dags/example_external_task_marker_dag.py
[2022-12-15T05:53:11.500+0000] {processor.py:766} INFO - DAG(s) dict_keys(['example_external_task_marker_child', 'example_external_task_marker_parent']) retrieved from /home/airflow/.local/lib/python3.10/site-packages/airflow/example_dags/example_external_task_marker_dag.py
[2022-12-15T05:53:11.677+0000] {logging_mixin.py:137} INFO - [2022-12-15T05:53:11.677+0000] {dag.py:2585} INFO - Sync 2 DAGs
[2022-12-15T05:53:11.698+0000] {logging_mixin.py:137} INFO - [2022-12-15T05:53:11.698+0000] {dag.py:3336} INFO - Setting next_dagrun for example_external_task_marker_child to None, run_after=None
[2022-12-15T05:53:11.701+0000] {logging_mixin.py:137} INFO - [2022-12-15T05:53:11.701+0000] {dag.py:3336} INFO - Setting next_dagrun for example_external_task_marker_parent to None, run_after=None
[2022-12-15T05:53:11.719+0000] {processor.py:176} INFO - Processing /home/airflow/.local/lib/python3.10/site-packages/airflow/example_dags/example_external_task_marker_dag.py took 0.241 seconds
[2022-12-15T05:53:41.929+0000] {processor.py:154} INFO - Started process (PID=307) to work on /home/airflow/.local/lib/python3.10/site-packages/airflow/example_dags/example_external_task_marker_dag.py
[2022-12-15T05:53:41.931+0000] {processor.py:756} INFO - Processing file /home/airflow/.local/lib/python3.10/site-packages/airflow/example_dags/example_external_task_marker_dag.py for tasks to queue
[2022-12-15T05:53:41.931+0000] {logging_mixin.py:137} INFO - [2022-12-15T05:53:41.931+0000] {dagbag.py:537} INFO - Filling up the DagBag from /home/airflow/.local/lib/python3.10/site-packages/airflow/example_dags/example_external_task_marker_dag.py
[2022-12-15T05:53:41.947+0000] {processor.py:766} INFO - DAG(s) dict_keys(['example_external_task_marker_parent', 'example_external_task_marker_child']) retrieved from /home/airflow/.local/lib/python3.10/site-packages/airflow/example_dags/example_external_task_marker_dag.py
[2022-12-15T05:53:42.177+0000] {logging_mixin.py:137} INFO - [2022-12-15T05:53:42.177+0000] {dag.py:2585} INFO - Sync 2 DAGs
[2022-12-15T05:53:42.204+0000] {logging_mixin.py:137} INFO - [2022-12-15T05:53:42.204+0000] {dag.py:3336} INFO - Setting next_dagrun for example_external_task_marker_child to None, run_after=None
[2022-12-15T05:53:42.207+0000] {logging_mixin.py:137} INFO - [2022-12-15T05:53:42.207+0000] {dag.py:3336} INFO - Setting next_dagrun for example_external_task_marker_parent to None, run_after=None
[2022-12-15T05:53:42.236+0000] {processor.py:176} INFO - Processing /home/airflow/.local/lib/python3.10/site-packages/airflow/example_dags/example_external_task_marker_dag.py took 0.311 seconds
[2022-12-15T05:54:12.364+0000] {processor.py:154} INFO - Started process (PID=365) to work on /home/airflow/.local/lib/python3.10/site-packages/airflow/example_dags/example_external_task_marker_dag.py
[2022-12-15T05:54:12.364+0000] {processor.py:756} INFO - Processing file /home/airflow/.local/lib/python3.10/site-packages/airflow/example_dags/example_external_task_marker_dag.py for tasks to queue
[2022-12-15T05:54:12.365+0000] {logging_mixin.py:137} INFO - [2022-12-15T05:54:12.365+0000] {dagbag.py:537} INFO - Filling up the DagBag from /home/airflow/.local/lib/python3.10/site-packages/airflow/example_dags/example_external_task_marker_dag.py
[2022-12-15T05:54:12.377+0000] {processor.py:766} INFO - DAG(s) dict_keys(['example_external_task_marker_child', 'example_external_task_marker_parent']) retrieved from /home/airflow/.local/lib/python3.10/site-packages/airflow/example_dags/example_external_task_marker_dag.py
[2022-12-15T05:54:12.549+0000] {logging_mixin.py:137} INFO - [2022-12-15T05:54:12.548+0000] {dag.py:2585} INFO - Sync 2 DAGs
[2022-12-15T05:54:12.570+0000] {logging_mixin.py:137} INFO - [2022-12-15T05:54:12.570+0000] {dag.py:3336} INFO - Setting next_dagrun for example_external_task_marker_child to None, run_after=None
[2022-12-15T05:54:12.573+0000] {logging_mixin.py:137} INFO - [2022-12-15T05:54:12.573+0000] {dag.py:3336} INFO - Setting next_dagrun for example_external_task_marker_parent to None, run_after=None
[2022-12-15T05:54:12.597+0000] {processor.py:176} INFO - Processing /home/airflow/.local/lib/python3.10/site-packages/airflow/example_dags/example_external_task_marker_dag.py took 0.235 seconds
[2022-12-15T05:54:42.754+0000] {processor.py:154} INFO - Started process (PID=423) to work on /home/airflow/.local/lib/python3.10/site-packages/airflow/example_dags/example_external_task_marker_dag.py
[2022-12-15T05:54:42.755+0000] {processor.py:756} INFO - Processing file /home/airflow/.local/lib/python3.10/site-packages/airflow/example_dags/example_external_task_marker_dag.py for tasks to queue
[2022-12-15T05:54:42.755+0000] {logging_mixin.py:137} INFO - [2022-12-15T05:54:42.755+0000] {dagbag.py:537} INFO - Filling up the DagBag from /home/airflow/.local/lib/python3.10/site-packages/airflow/example_dags/example_external_task_marker_dag.py
[2022-12-15T05:54:42.769+0000] {processor.py:766} INFO - DAG(s) dict_keys(['example_external_task_marker_child', 'example_external_task_marker_parent']) retrieved from /home/airflow/.local/lib/python3.10/site-packages/airflow/example_dags/example_external_task_marker_dag.py
[2022-12-15T05:54:42.959+0000] {logging_mixin.py:137} INFO - [2022-12-15T05:54:42.958+0000] {dag.py:2585} INFO - Sync 2 DAGs
[2022-12-15T05:54:42.981+0000] {logging_mixin.py:137} INFO - [2022-12-15T05:54:42.981+0000] {dag.py:3336} INFO - Setting next_dagrun for example_external_task_marker_child to None, run_after=None
[2022-12-15T05:54:42.985+0000] {logging_mixin.py:137} INFO - [2022-12-15T05:54:42.985+0000] {dag.py:3336} INFO - Setting next_dagrun for example_external_task_marker_parent to None, run_after=None
[2022-12-15T05:54:43.004+0000] {processor.py:176} INFO - Processing /home/airflow/.local/lib/python3.10/site-packages/airflow/example_dags/example_external_task_marker_dag.py took 0.253 seconds
[2022-12-15T05:55:13.169+0000] {processor.py:154} INFO - Started process (PID=474) to work on /home/airflow/.local/lib/python3.10/site-packages/airflow/example_dags/example_external_task_marker_dag.py
[2022-12-15T05:55:13.169+0000] {processor.py:756} INFO - Processing file /home/airflow/.local/lib/python3.10/site-packages/airflow/example_dags/example_external_task_marker_dag.py for tasks to queue
[2022-12-15T05:55:13.170+0000] {logging_mixin.py:137} INFO - [2022-12-15T05:55:13.170+0000] {dagbag.py:537} INFO - Filling up the DagBag from /home/airflow/.local/lib/python3.10/site-packages/airflow/example_dags/example_external_task_marker_dag.py
[2022-12-15T05:55:13.183+0000] {processor.py:766} INFO - DAG(s) dict_keys(['example_external_task_marker_parent', 'example_external_task_marker_child']) retrieved from /home/airflow/.local/lib/python3.10/site-packages/airflow/example_dags/example_external_task_marker_dag.py
[2022-12-15T05:55:13.352+0000] {logging_mixin.py:137} INFO - [2022-12-15T05:55:13.351+0000] {dag.py:2585} INFO - Sync 2 DAGs
[2022-12-15T05:55:13.378+0000] {logging_mixin.py:137} INFO - [2022-12-15T05:55:13.377+0000] {dag.py:3336} INFO - Setting next_dagrun for example_external_task_marker_child to None, run_after=None
[2022-12-15T05:55:13.381+0000] {logging_mixin.py:137} INFO - [2022-12-15T05:55:13.381+0000] {dag.py:3336} INFO - Setting next_dagrun for example_external_task_marker_parent to None, run_after=None
[2022-12-15T05:55:13.404+0000] {processor.py:176} INFO - Processing /home/airflow/.local/lib/python3.10/site-packages/airflow/example_dags/example_external_task_marker_dag.py took 0.237 seconds
[2022-12-15T05:56:31.167+0000] {processor.py:154} INFO - Started process (PID=74) to work on /home/airflow/.local/lib/python3.10/site-packages/airflow/example_dags/example_external_task_marker_dag.py
[2022-12-15T05:56:31.168+0000] {processor.py:756} INFO - Processing file /home/airflow/.local/lib/python3.10/site-packages/airflow/example_dags/example_external_task_marker_dag.py for tasks to queue
[2022-12-15T05:56:31.169+0000] {logging_mixin.py:137} INFO - [2022-12-15T05:56:31.169+0000] {dagbag.py:537} INFO - Filling up the DagBag from /home/airflow/.local/lib/python3.10/site-packages/airflow/example_dags/example_external_task_marker_dag.py
[2022-12-15T05:56:31.183+0000] {processor.py:766} INFO - DAG(s) dict_keys(['example_external_task_marker_parent', 'example_external_task_marker_child']) retrieved from /home/airflow/.local/lib/python3.10/site-packages/airflow/example_dags/example_external_task_marker_dag.py
[2022-12-15T05:56:31.491+0000] {logging_mixin.py:137} INFO - [2022-12-15T05:56:31.491+0000] {dag.py:2585} INFO - Sync 2 DAGs
[2022-12-15T05:56:31.512+0000] {logging_mixin.py:137} INFO - [2022-12-15T05:56:31.512+0000] {dag.py:3336} INFO - Setting next_dagrun for example_external_task_marker_child to None, run_after=None
[2022-12-15T05:56:31.515+0000] {logging_mixin.py:137} INFO - [2022-12-15T05:56:31.515+0000] {dag.py:3336} INFO - Setting next_dagrun for example_external_task_marker_parent to None, run_after=None
[2022-12-15T05:56:31.536+0000] {processor.py:176} INFO - Processing /home/airflow/.local/lib/python3.10/site-packages/airflow/example_dags/example_external_task_marker_dag.py took 0.371 seconds
[2022-12-15T05:57:02.768+0000] {processor.py:154} INFO - Started process (PID=132) to work on /home/airflow/.local/lib/python3.10/site-packages/airflow/example_dags/example_external_task_marker_dag.py
[2022-12-15T05:57:02.769+0000] {processor.py:756} INFO - Processing file /home/airflow/.local/lib/python3.10/site-packages/airflow/example_dags/example_external_task_marker_dag.py for tasks to queue
[2022-12-15T05:57:02.770+0000] {logging_mixin.py:137} INFO - [2022-12-15T05:57:02.769+0000] {dagbag.py:537} INFO - Filling up the DagBag from /home/airflow/.local/lib/python3.10/site-packages/airflow/example_dags/example_external_task_marker_dag.py
[2022-12-15T05:57:02.903+0000] {processor.py:766} INFO - DAG(s) dict_keys(['example_external_task_marker_parent', 'example_external_task_marker_child']) retrieved from /home/airflow/.local/lib/python3.10/site-packages/airflow/example_dags/example_external_task_marker_dag.py
[2022-12-15T05:57:03.367+0000] {logging_mixin.py:137} INFO - [2022-12-15T05:57:03.367+0000] {dag.py:2585} INFO - Sync 2 DAGs
[2022-12-15T05:57:03.386+0000] {logging_mixin.py:137} INFO - [2022-12-15T05:57:03.386+0000] {dag.py:3336} INFO - Setting next_dagrun for example_external_task_marker_child to None, run_after=None
[2022-12-15T05:57:03.389+0000] {logging_mixin.py:137} INFO - [2022-12-15T05:57:03.389+0000] {dag.py:3336} INFO - Setting next_dagrun for example_external_task_marker_parent to None, run_after=None
[2022-12-15T05:57:03.406+0000] {processor.py:176} INFO - Processing /home/airflow/.local/lib/python3.10/site-packages/airflow/example_dags/example_external_task_marker_dag.py took 0.640 seconds
[2022-12-15T05:57:34.063+0000] {processor.py:154} INFO - Started process (PID=192) to work on /home/airflow/.local/lib/python3.10/site-packages/airflow/example_dags/example_external_task_marker_dag.py
[2022-12-15T05:57:34.064+0000] {processor.py:756} INFO - Processing file /home/airflow/.local/lib/python3.10/site-packages/airflow/example_dags/example_external_task_marker_dag.py for tasks to queue
[2022-12-15T05:57:34.065+0000] {logging_mixin.py:137} INFO - [2022-12-15T05:57:34.065+0000] {dagbag.py:537} INFO - Filling up the DagBag from /home/airflow/.local/lib/python3.10/site-packages/airflow/example_dags/example_external_task_marker_dag.py
[2022-12-15T05:57:34.079+0000] {processor.py:766} INFO - DAG(s) dict_keys(['example_external_task_marker_child', 'example_external_task_marker_parent']) retrieved from /home/airflow/.local/lib/python3.10/site-packages/airflow/example_dags/example_external_task_marker_dag.py
[2022-12-15T05:57:34.300+0000] {logging_mixin.py:137} INFO - [2022-12-15T05:57:34.300+0000] {dag.py:2585} INFO - Sync 2 DAGs
[2022-12-15T05:57:34.324+0000] {logging_mixin.py:137} INFO - [2022-12-15T05:57:34.324+0000] {dag.py:3336} INFO - Setting next_dagrun for example_external_task_marker_child to None, run_after=None
[2022-12-15T05:57:34.328+0000] {logging_mixin.py:137} INFO - [2022-12-15T05:57:34.328+0000] {dag.py:3336} INFO - Setting next_dagrun for example_external_task_marker_parent to None, run_after=None
[2022-12-15T05:57:35.183+0000] {processor.py:176} INFO - Processing /home/airflow/.local/lib/python3.10/site-packages/airflow/example_dags/example_external_task_marker_dag.py took 1.123 seconds
[2022-12-15T05:59:41.582+0000] {processor.py:154} INFO - Started process (PID=74) to work on /home/airflow/.local/lib/python3.10/site-packages/airflow/example_dags/example_external_task_marker_dag.py
[2022-12-15T05:59:41.583+0000] {processor.py:756} INFO - Processing file /home/airflow/.local/lib/python3.10/site-packages/airflow/example_dags/example_external_task_marker_dag.py for tasks to queue
[2022-12-15T05:59:41.583+0000] {logging_mixin.py:137} INFO - [2022-12-15T05:59:41.583+0000] {dagbag.py:537} INFO - Filling up the DagBag from /home/airflow/.local/lib/python3.10/site-packages/airflow/example_dags/example_external_task_marker_dag.py
[2022-12-15T05:59:41.596+0000] {processor.py:766} INFO - DAG(s) dict_keys(['example_external_task_marker_child', 'example_external_task_marker_parent']) retrieved from /home/airflow/.local/lib/python3.10/site-packages/airflow/example_dags/example_external_task_marker_dag.py
[2022-12-15T05:59:41.894+0000] {logging_mixin.py:137} INFO - [2022-12-15T05:59:41.894+0000] {dag.py:2585} INFO - Sync 2 DAGs
[2022-12-15T05:59:41.924+0000] {logging_mixin.py:137} INFO - [2022-12-15T05:59:41.924+0000] {dag.py:3336} INFO - Setting next_dagrun for example_external_task_marker_child to None, run_after=None
[2022-12-15T05:59:41.928+0000] {logging_mixin.py:137} INFO - [2022-12-15T05:59:41.928+0000] {dag.py:3336} INFO - Setting next_dagrun for example_external_task_marker_parent to None, run_after=None
[2022-12-15T05:59:41.949+0000] {processor.py:176} INFO - Processing /home/airflow/.local/lib/python3.10/site-packages/airflow/example_dags/example_external_task_marker_dag.py took 0.369 seconds
[2022-12-15T06:00:12.211+0000] {processor.py:154} INFO - Started process (PID=132) to work on /home/airflow/.local/lib/python3.10/site-packages/airflow/example_dags/example_external_task_marker_dag.py
[2022-12-15T06:00:12.212+0000] {processor.py:756} INFO - Processing file /home/airflow/.local/lib/python3.10/site-packages/airflow/example_dags/example_external_task_marker_dag.py for tasks to queue
[2022-12-15T06:00:12.212+0000] {logging_mixin.py:137} INFO - [2022-12-15T06:00:12.212+0000] {dagbag.py:537} INFO - Filling up the DagBag from /home/airflow/.local/lib/python3.10/site-packages/airflow/example_dags/example_external_task_marker_dag.py
[2022-12-15T06:00:12.341+0000] {processor.py:766} INFO - DAG(s) dict_keys(['example_external_task_marker_parent', 'example_external_task_marker_child']) retrieved from /home/airflow/.local/lib/python3.10/site-packages/airflow/example_dags/example_external_task_marker_dag.py
[2022-12-15T06:00:12.507+0000] {logging_mixin.py:137} INFO - [2022-12-15T06:00:12.507+0000] {dag.py:2585} INFO - Sync 2 DAGs
[2022-12-15T06:00:12.524+0000] {logging_mixin.py:137} INFO - [2022-12-15T06:00:12.524+0000] {dag.py:3336} INFO - Setting next_dagrun for example_external_task_marker_child to None, run_after=None
[2022-12-15T06:00:12.527+0000] {logging_mixin.py:137} INFO - [2022-12-15T06:00:12.527+0000] {dag.py:3336} INFO - Setting next_dagrun for example_external_task_marker_parent to None, run_after=None
[2022-12-15T06:00:12.542+0000] {processor.py:176} INFO - Processing /home/airflow/.local/lib/python3.10/site-packages/airflow/example_dags/example_external_task_marker_dag.py took 0.333 seconds
[2022-12-15T06:00:42.991+0000] {processor.py:154} INFO - Started process (PID=192) to work on /home/airflow/.local/lib/python3.10/site-packages/airflow/example_dags/example_external_task_marker_dag.py
[2022-12-15T06:00:42.992+0000] {processor.py:756} INFO - Processing file /home/airflow/.local/lib/python3.10/site-packages/airflow/example_dags/example_external_task_marker_dag.py for tasks to queue
[2022-12-15T06:00:42.993+0000] {logging_mixin.py:137} INFO - [2022-12-15T06:00:42.993+0000] {dagbag.py:537} INFO - Filling up the DagBag from /home/airflow/.local/lib/python3.10/site-packages/airflow/example_dags/example_external_task_marker_dag.py
[2022-12-15T06:00:43.010+0000] {processor.py:766} INFO - DAG(s) dict_keys(['example_external_task_marker_parent', 'example_external_task_marker_child']) retrieved from /home/airflow/.local/lib/python3.10/site-packages/airflow/example_dags/example_external_task_marker_dag.py
[2022-12-15T06:00:43.194+0000] {logging_mixin.py:137} INFO - [2022-12-15T06:00:43.194+0000] {dag.py:2585} INFO - Sync 2 DAGs
[2022-12-15T06:00:43.224+0000] {logging_mixin.py:137} INFO - [2022-12-15T06:00:43.224+0000] {dag.py:3336} INFO - Setting next_dagrun for example_external_task_marker_child to None, run_after=None
[2022-12-15T06:00:43.227+0000] {logging_mixin.py:137} INFO - [2022-12-15T06:00:43.227+0000] {dag.py:3336} INFO - Setting next_dagrun for example_external_task_marker_parent to None, run_after=None
[2022-12-15T06:00:43.249+0000] {processor.py:176} INFO - Processing /home/airflow/.local/lib/python3.10/site-packages/airflow/example_dags/example_external_task_marker_dag.py took 0.262 seconds
[2022-12-15T06:01:13.437+0000] {processor.py:154} INFO - Started process (PID=243) to work on /home/airflow/.local/lib/python3.10/site-packages/airflow/example_dags/example_external_task_marker_dag.py
[2022-12-15T06:01:13.439+0000] {processor.py:756} INFO - Processing file /home/airflow/.local/lib/python3.10/site-packages/airflow/example_dags/example_external_task_marker_dag.py for tasks to queue
[2022-12-15T06:01:13.439+0000] {logging_mixin.py:137} INFO - [2022-12-15T06:01:13.439+0000] {dagbag.py:537} INFO - Filling up the DagBag from /home/airflow/.local/lib/python3.10/site-packages/airflow/example_dags/example_external_task_marker_dag.py
[2022-12-15T06:01:13.451+0000] {processor.py:766} INFO - DAG(s) dict_keys(['example_external_task_marker_parent', 'example_external_task_marker_child']) retrieved from /home/airflow/.local/lib/python3.10/site-packages/airflow/example_dags/example_external_task_marker_dag.py
[2022-12-15T06:01:13.632+0000] {logging_mixin.py:137} INFO - [2022-12-15T06:01:13.632+0000] {dag.py:2585} INFO - Sync 2 DAGs
[2022-12-15T06:01:13.655+0000] {logging_mixin.py:137} INFO - [2022-12-15T06:01:13.654+0000] {dag.py:3336} INFO - Setting next_dagrun for example_external_task_marker_child to None, run_after=None
[2022-12-15T06:01:13.659+0000] {logging_mixin.py:137} INFO - [2022-12-15T06:01:13.659+0000] {dag.py:3336} INFO - Setting next_dagrun for example_external_task_marker_parent to None, run_after=None
[2022-12-15T06:01:13.680+0000] {processor.py:176} INFO - Processing /home/airflow/.local/lib/python3.10/site-packages/airflow/example_dags/example_external_task_marker_dag.py took 0.245 seconds
[2022-12-15T06:01:44.224+0000] {processor.py:154} INFO - Started process (PID=301) to work on /home/airflow/.local/lib/python3.10/site-packages/airflow/example_dags/example_external_task_marker_dag.py
[2022-12-15T06:01:44.225+0000] {processor.py:756} INFO - Processing file /home/airflow/.local/lib/python3.10/site-packages/airflow/example_dags/example_external_task_marker_dag.py for tasks to queue
[2022-12-15T06:01:44.226+0000] {logging_mixin.py:137} INFO - [2022-12-15T06:01:44.226+0000] {dagbag.py:537} INFO - Filling up the DagBag from /home/airflow/.local/lib/python3.10/site-packages/airflow/example_dags/example_external_task_marker_dag.py
[2022-12-15T06:01:44.238+0000] {processor.py:766} INFO - DAG(s) dict_keys(['example_external_task_marker_child', 'example_external_task_marker_parent']) retrieved from /home/airflow/.local/lib/python3.10/site-packages/airflow/example_dags/example_external_task_marker_dag.py
[2022-12-15T06:01:44.428+0000] {logging_mixin.py:137} INFO - [2022-12-15T06:01:44.428+0000] {dag.py:2585} INFO - Sync 2 DAGs
[2022-12-15T06:01:44.449+0000] {logging_mixin.py:137} INFO - [2022-12-15T06:01:44.449+0000] {dag.py:3336} INFO - Setting next_dagrun for example_external_task_marker_child to None, run_after=None
[2022-12-15T06:01:44.453+0000] {logging_mixin.py:137} INFO - [2022-12-15T06:01:44.453+0000] {dag.py:3336} INFO - Setting next_dagrun for example_external_task_marker_parent to None, run_after=None
[2022-12-15T06:01:44.470+0000] {processor.py:176} INFO - Processing /home/airflow/.local/lib/python3.10/site-packages/airflow/example_dags/example_external_task_marker_dag.py took 0.248 seconds
