[2022-12-15T05:51:35.779+0000] {processor.py:154} INFO - Started process (PID=65) to work on /home/airflow/.local/lib/python3.10/site-packages/airflow/example_dags/example_nested_branch_dag.py
[2022-12-15T05:51:35.779+0000] {processor.py:756} INFO - Processing file /home/airflow/.local/lib/python3.10/site-packages/airflow/example_dags/example_nested_branch_dag.py for tasks to queue
[2022-12-15T05:51:35.780+0000] {logging_mixin.py:137} INFO - [2022-12-15T05:51:35.779+0000] {dagbag.py:537} INFO - Filling up the DagBag from /home/airflow/.local/lib/python3.10/site-packages/airflow/example_dags/example_nested_branch_dag.py
[2022-12-15T05:51:35.813+0000] {processor.py:766} INFO - DAG(s) dict_keys(['example_nested_branch_dag']) retrieved from /home/airflow/.local/lib/python3.10/site-packages/airflow/example_dags/example_nested_branch_dag.py
[2022-12-15T05:51:36.217+0000] {logging_mixin.py:137} INFO - [2022-12-15T05:51:36.216+0000] {manager.py:507} INFO - Created Permission View: can delete on DAG:example_nested_branch_dag
[2022-12-15T05:51:36.236+0000] {logging_mixin.py:137} INFO - [2022-12-15T05:51:36.235+0000] {manager.py:507} INFO - Created Permission View: can edit on DAG:example_nested_branch_dag
[2022-12-15T05:51:36.250+0000] {logging_mixin.py:137} INFO - [2022-12-15T05:51:36.250+0000] {manager.py:507} INFO - Created Permission View: can read on DAG:example_nested_branch_dag
[2022-12-15T05:51:36.251+0000] {logging_mixin.py:137} INFO - [2022-12-15T05:51:36.251+0000] {dag.py:2585} INFO - Sync 1 DAGs
[2022-12-15T05:51:36.265+0000] {logging_mixin.py:137} INFO - [2022-12-15T05:51:36.265+0000] {dag.py:2606} INFO - Creating ORM DAG for example_nested_branch_dag
[2022-12-15T05:51:36.281+0000] {logging_mixin.py:137} INFO - [2022-12-15T05:51:36.281+0000] {dag.py:3336} INFO - Setting next_dagrun for example_nested_branch_dag to 2022-12-14T00:00:00+00:00, run_after=2022-12-15T00:00:00+00:00
[2022-12-15T05:51:36.309+0000] {processor.py:176} INFO - Processing /home/airflow/.local/lib/python3.10/site-packages/airflow/example_dags/example_nested_branch_dag.py took 0.533 seconds
[2022-12-15T05:52:06.375+0000] {processor.py:154} INFO - Started process (PID=124) to work on /home/airflow/.local/lib/python3.10/site-packages/airflow/example_dags/example_nested_branch_dag.py
[2022-12-15T05:52:06.376+0000] {processor.py:756} INFO - Processing file /home/airflow/.local/lib/python3.10/site-packages/airflow/example_dags/example_nested_branch_dag.py for tasks to queue
[2022-12-15T05:52:06.376+0000] {logging_mixin.py:137} INFO - [2022-12-15T05:52:06.376+0000] {dagbag.py:537} INFO - Filling up the DagBag from /home/airflow/.local/lib/python3.10/site-packages/airflow/example_dags/example_nested_branch_dag.py
[2022-12-15T05:52:06.502+0000] {processor.py:766} INFO - DAG(s) dict_keys(['example_nested_branch_dag']) retrieved from /home/airflow/.local/lib/python3.10/site-packages/airflow/example_dags/example_nested_branch_dag.py
[2022-12-15T05:52:06.530+0000] {logging_mixin.py:137} INFO - [2022-12-15T05:52:06.530+0000] {dag.py:2585} INFO - Sync 1 DAGs
[2022-12-15T05:52:06.550+0000] {logging_mixin.py:137} INFO - [2022-12-15T05:52:06.549+0000] {dag.py:3336} INFO - Setting next_dagrun for example_nested_branch_dag to 2022-12-14T00:00:00+00:00, run_after=2022-12-15T00:00:00+00:00
[2022-12-15T05:52:06.567+0000] {processor.py:176} INFO - Processing /home/airflow/.local/lib/python3.10/site-packages/airflow/example_dags/example_nested_branch_dag.py took 0.196 seconds
[2022-12-15T05:52:37.170+0000] {processor.py:154} INFO - Started process (PID=184) to work on /home/airflow/.local/lib/python3.10/site-packages/airflow/example_dags/example_nested_branch_dag.py
[2022-12-15T05:52:37.171+0000] {processor.py:756} INFO - Processing file /home/airflow/.local/lib/python3.10/site-packages/airflow/example_dags/example_nested_branch_dag.py for tasks to queue
[2022-12-15T05:52:37.171+0000] {logging_mixin.py:137} INFO - [2022-12-15T05:52:37.171+0000] {dagbag.py:537} INFO - Filling up the DagBag from /home/airflow/.local/lib/python3.10/site-packages/airflow/example_dags/example_nested_branch_dag.py
[2022-12-15T05:52:37.199+0000] {processor.py:766} INFO - DAG(s) dict_keys(['example_nested_branch_dag']) retrieved from /home/airflow/.local/lib/python3.10/site-packages/airflow/example_dags/example_nested_branch_dag.py
[2022-12-15T05:52:37.232+0000] {logging_mixin.py:137} INFO - [2022-12-15T05:52:37.232+0000] {dag.py:2585} INFO - Sync 1 DAGs
[2022-12-15T05:52:37.252+0000] {logging_mixin.py:137} INFO - [2022-12-15T05:52:37.252+0000] {dag.py:3336} INFO - Setting next_dagrun for example_nested_branch_dag to 2022-12-14T00:00:00+00:00, run_after=2022-12-15T00:00:00+00:00
[2022-12-15T05:52:37.269+0000] {processor.py:176} INFO - Processing /home/airflow/.local/lib/python3.10/site-packages/airflow/example_dags/example_nested_branch_dag.py took 0.102 seconds
[2022-12-15T05:53:07.577+0000] {processor.py:154} INFO - Started process (PID=235) to work on /home/airflow/.local/lib/python3.10/site-packages/airflow/example_dags/example_nested_branch_dag.py
[2022-12-15T05:53:07.577+0000] {processor.py:756} INFO - Processing file /home/airflow/.local/lib/python3.10/site-packages/airflow/example_dags/example_nested_branch_dag.py for tasks to queue
[2022-12-15T05:53:07.578+0000] {logging_mixin.py:137} INFO - [2022-12-15T05:53:07.578+0000] {dagbag.py:537} INFO - Filling up the DagBag from /home/airflow/.local/lib/python3.10/site-packages/airflow/example_dags/example_nested_branch_dag.py
[2022-12-15T05:53:07.600+0000] {processor.py:766} INFO - DAG(s) dict_keys(['example_nested_branch_dag']) retrieved from /home/airflow/.local/lib/python3.10/site-packages/airflow/example_dags/example_nested_branch_dag.py
[2022-12-15T05:53:07.633+0000] {logging_mixin.py:137} INFO - [2022-12-15T05:53:07.633+0000] {dag.py:2585} INFO - Sync 1 DAGs
[2022-12-15T05:53:07.657+0000] {logging_mixin.py:137} INFO - [2022-12-15T05:53:07.657+0000] {dag.py:3336} INFO - Setting next_dagrun for example_nested_branch_dag to 2022-12-14T00:00:00+00:00, run_after=2022-12-15T00:00:00+00:00
[2022-12-15T05:53:07.675+0000] {processor.py:176} INFO - Processing /home/airflow/.local/lib/python3.10/site-packages/airflow/example_dags/example_nested_branch_dag.py took 0.101 seconds
[2022-12-15T05:53:38.047+0000] {processor.py:154} INFO - Started process (PID=293) to work on /home/airflow/.local/lib/python3.10/site-packages/airflow/example_dags/example_nested_branch_dag.py
[2022-12-15T05:53:38.050+0000] {processor.py:756} INFO - Processing file /home/airflow/.local/lib/python3.10/site-packages/airflow/example_dags/example_nested_branch_dag.py for tasks to queue
[2022-12-15T05:53:38.051+0000] {logging_mixin.py:137} INFO - [2022-12-15T05:53:38.050+0000] {dagbag.py:537} INFO - Filling up the DagBag from /home/airflow/.local/lib/python3.10/site-packages/airflow/example_dags/example_nested_branch_dag.py
[2022-12-15T05:53:38.075+0000] {processor.py:766} INFO - DAG(s) dict_keys(['example_nested_branch_dag']) retrieved from /home/airflow/.local/lib/python3.10/site-packages/airflow/example_dags/example_nested_branch_dag.py
[2022-12-15T05:53:38.115+0000] {logging_mixin.py:137} INFO - [2022-12-15T05:53:38.114+0000] {dag.py:2585} INFO - Sync 1 DAGs
[2022-12-15T05:53:38.145+0000] {logging_mixin.py:137} INFO - [2022-12-15T05:53:38.145+0000] {dag.py:3336} INFO - Setting next_dagrun for example_nested_branch_dag to 2022-12-14T00:00:00+00:00, run_after=2022-12-15T00:00:00+00:00
[2022-12-15T05:53:38.167+0000] {processor.py:176} INFO - Processing /home/airflow/.local/lib/python3.10/site-packages/airflow/example_dags/example_nested_branch_dag.py took 0.122 seconds
[2022-12-15T05:54:08.669+0000] {processor.py:154} INFO - Started process (PID=351) to work on /home/airflow/.local/lib/python3.10/site-packages/airflow/example_dags/example_nested_branch_dag.py
[2022-12-15T05:54:08.670+0000] {processor.py:756} INFO - Processing file /home/airflow/.local/lib/python3.10/site-packages/airflow/example_dags/example_nested_branch_dag.py for tasks to queue
[2022-12-15T05:54:08.671+0000] {logging_mixin.py:137} INFO - [2022-12-15T05:54:08.670+0000] {dagbag.py:537} INFO - Filling up the DagBag from /home/airflow/.local/lib/python3.10/site-packages/airflow/example_dags/example_nested_branch_dag.py
[2022-12-15T05:54:08.696+0000] {processor.py:766} INFO - DAG(s) dict_keys(['example_nested_branch_dag']) retrieved from /home/airflow/.local/lib/python3.10/site-packages/airflow/example_dags/example_nested_branch_dag.py
[2022-12-15T05:54:08.734+0000] {logging_mixin.py:137} INFO - [2022-12-15T05:54:08.734+0000] {dag.py:2585} INFO - Sync 1 DAGs
[2022-12-15T05:54:08.758+0000] {logging_mixin.py:137} INFO - [2022-12-15T05:54:08.758+0000] {dag.py:3336} INFO - Setting next_dagrun for example_nested_branch_dag to 2022-12-14T00:00:00+00:00, run_after=2022-12-15T00:00:00+00:00
[2022-12-15T05:54:08.780+0000] {processor.py:176} INFO - Processing /home/airflow/.local/lib/python3.10/site-packages/airflow/example_dags/example_nested_branch_dag.py took 0.114 seconds
[2022-12-15T05:54:38.828+0000] {processor.py:154} INFO - Started process (PID=402) to work on /home/airflow/.local/lib/python3.10/site-packages/airflow/example_dags/example_nested_branch_dag.py
[2022-12-15T05:54:38.829+0000] {processor.py:756} INFO - Processing file /home/airflow/.local/lib/python3.10/site-packages/airflow/example_dags/example_nested_branch_dag.py for tasks to queue
[2022-12-15T05:54:38.829+0000] {logging_mixin.py:137} INFO - [2022-12-15T05:54:38.829+0000] {dagbag.py:537} INFO - Filling up the DagBag from /home/airflow/.local/lib/python3.10/site-packages/airflow/example_dags/example_nested_branch_dag.py
[2022-12-15T05:54:38.849+0000] {processor.py:766} INFO - DAG(s) dict_keys(['example_nested_branch_dag']) retrieved from /home/airflow/.local/lib/python3.10/site-packages/airflow/example_dags/example_nested_branch_dag.py
[2022-12-15T05:54:38.881+0000] {logging_mixin.py:137} INFO - [2022-12-15T05:54:38.880+0000] {dag.py:2585} INFO - Sync 1 DAGs
[2022-12-15T05:54:38.901+0000] {logging_mixin.py:137} INFO - [2022-12-15T05:54:38.901+0000] {dag.py:3336} INFO - Setting next_dagrun for example_nested_branch_dag to 2022-12-14T00:00:00+00:00, run_after=2022-12-15T00:00:00+00:00
[2022-12-15T05:54:38.919+0000] {processor.py:176} INFO - Processing /home/airflow/.local/lib/python3.10/site-packages/airflow/example_dags/example_nested_branch_dag.py took 0.092 seconds
[2022-12-15T05:55:09.357+0000] {processor.py:154} INFO - Started process (PID=460) to work on /home/airflow/.local/lib/python3.10/site-packages/airflow/example_dags/example_nested_branch_dag.py
[2022-12-15T05:55:09.358+0000] {processor.py:756} INFO - Processing file /home/airflow/.local/lib/python3.10/site-packages/airflow/example_dags/example_nested_branch_dag.py for tasks to queue
[2022-12-15T05:55:09.358+0000] {logging_mixin.py:137} INFO - [2022-12-15T05:55:09.358+0000] {dagbag.py:537} INFO - Filling up the DagBag from /home/airflow/.local/lib/python3.10/site-packages/airflow/example_dags/example_nested_branch_dag.py
[2022-12-15T05:55:09.380+0000] {processor.py:766} INFO - DAG(s) dict_keys(['example_nested_branch_dag']) retrieved from /home/airflow/.local/lib/python3.10/site-packages/airflow/example_dags/example_nested_branch_dag.py
[2022-12-15T05:55:09.416+0000] {logging_mixin.py:137} INFO - [2022-12-15T05:55:09.416+0000] {dag.py:2585} INFO - Sync 1 DAGs
[2022-12-15T05:55:09.438+0000] {logging_mixin.py:137} INFO - [2022-12-15T05:55:09.438+0000] {dag.py:3336} INFO - Setting next_dagrun for example_nested_branch_dag to 2022-12-14T00:00:00+00:00, run_after=2022-12-15T00:00:00+00:00
[2022-12-15T05:55:09.458+0000] {processor.py:176} INFO - Processing /home/airflow/.local/lib/python3.10/site-packages/airflow/example_dags/example_nested_branch_dag.py took 0.102 seconds
[2022-12-15T05:56:29.525+0000] {processor.py:154} INFO - Started process (PID=63) to work on /home/airflow/.local/lib/python3.10/site-packages/airflow/example_dags/example_nested_branch_dag.py
[2022-12-15T05:56:29.526+0000] {processor.py:756} INFO - Processing file /home/airflow/.local/lib/python3.10/site-packages/airflow/example_dags/example_nested_branch_dag.py for tasks to queue
[2022-12-15T05:56:29.527+0000] {logging_mixin.py:137} INFO - [2022-12-15T05:56:29.527+0000] {dagbag.py:537} INFO - Filling up the DagBag from /home/airflow/.local/lib/python3.10/site-packages/airflow/example_dags/example_nested_branch_dag.py
[2022-12-15T05:56:29.554+0000] {processor.py:766} INFO - DAG(s) dict_keys(['example_nested_branch_dag']) retrieved from /home/airflow/.local/lib/python3.10/site-packages/airflow/example_dags/example_nested_branch_dag.py
[2022-12-15T05:56:29.735+0000] {logging_mixin.py:137} INFO - [2022-12-15T05:56:29.735+0000] {dag.py:2585} INFO - Sync 1 DAGs
[2022-12-15T05:56:29.760+0000] {logging_mixin.py:137} INFO - [2022-12-15T05:56:29.760+0000] {dag.py:3336} INFO - Setting next_dagrun for example_nested_branch_dag to 2022-12-14T00:00:00+00:00, run_after=2022-12-15T00:00:00+00:00
[2022-12-15T05:56:29.789+0000] {processor.py:176} INFO - Processing /home/airflow/.local/lib/python3.10/site-packages/airflow/example_dags/example_nested_branch_dag.py took 0.266 seconds
[2022-12-15T05:57:00.682+0000] {processor.py:154} INFO - Started process (PID=121) to work on /home/airflow/.local/lib/python3.10/site-packages/airflow/example_dags/example_nested_branch_dag.py
[2022-12-15T05:57:00.683+0000] {processor.py:756} INFO - Processing file /home/airflow/.local/lib/python3.10/site-packages/airflow/example_dags/example_nested_branch_dag.py for tasks to queue
[2022-12-15T05:57:00.684+0000] {logging_mixin.py:137} INFO - [2022-12-15T05:57:00.684+0000] {dagbag.py:537} INFO - Filling up the DagBag from /home/airflow/.local/lib/python3.10/site-packages/airflow/example_dags/example_nested_branch_dag.py
[2022-12-15T05:57:00.832+0000] {processor.py:766} INFO - DAG(s) dict_keys(['example_nested_branch_dag']) retrieved from /home/airflow/.local/lib/python3.10/site-packages/airflow/example_dags/example_nested_branch_dag.py
[2022-12-15T05:57:00.870+0000] {logging_mixin.py:137} INFO - [2022-12-15T05:57:00.870+0000] {dag.py:2585} INFO - Sync 1 DAGs
[2022-12-15T05:57:00.908+0000] {logging_mixin.py:137} INFO - [2022-12-15T05:57:00.907+0000] {dag.py:3336} INFO - Setting next_dagrun for example_nested_branch_dag to 2022-12-14T00:00:00+00:00, run_after=2022-12-15T00:00:00+00:00
[2022-12-15T05:57:00.943+0000] {processor.py:176} INFO - Processing /home/airflow/.local/lib/python3.10/site-packages/airflow/example_dags/example_nested_branch_dag.py took 0.262 seconds
[2022-12-15T05:57:31.222+0000] {processor.py:154} INFO - Started process (PID=174) to work on /home/airflow/.local/lib/python3.10/site-packages/airflow/example_dags/example_nested_branch_dag.py
[2022-12-15T05:57:31.222+0000] {processor.py:756} INFO - Processing file /home/airflow/.local/lib/python3.10/site-packages/airflow/example_dags/example_nested_branch_dag.py for tasks to queue
[2022-12-15T05:57:31.223+0000] {logging_mixin.py:137} INFO - [2022-12-15T05:57:31.223+0000] {dagbag.py:537} INFO - Filling up the DagBag from /home/airflow/.local/lib/python3.10/site-packages/airflow/example_dags/example_nested_branch_dag.py
[2022-12-15T05:57:31.247+0000] {processor.py:766} INFO - DAG(s) dict_keys(['example_nested_branch_dag']) retrieved from /home/airflow/.local/lib/python3.10/site-packages/airflow/example_dags/example_nested_branch_dag.py
[2022-12-15T05:57:31.287+0000] {logging_mixin.py:137} INFO - [2022-12-15T05:57:31.287+0000] {dag.py:2585} INFO - Sync 1 DAGs
[2022-12-15T05:57:31.309+0000] {logging_mixin.py:137} INFO - [2022-12-15T05:57:31.309+0000] {dag.py:3336} INFO - Setting next_dagrun for example_nested_branch_dag to 2022-12-14T00:00:00+00:00, run_after=2022-12-15T00:00:00+00:00
[2022-12-15T05:57:31.329+0000] {processor.py:176} INFO - Processing /home/airflow/.local/lib/python3.10/site-packages/airflow/example_dags/example_nested_branch_dag.py took 0.110 seconds
[2022-12-15T05:59:39.918+0000] {processor.py:154} INFO - Started process (PID=63) to work on /home/airflow/.local/lib/python3.10/site-packages/airflow/example_dags/example_nested_branch_dag.py
[2022-12-15T05:59:39.919+0000] {processor.py:756} INFO - Processing file /home/airflow/.local/lib/python3.10/site-packages/airflow/example_dags/example_nested_branch_dag.py for tasks to queue
[2022-12-15T05:59:39.920+0000] {logging_mixin.py:137} INFO - [2022-12-15T05:59:39.920+0000] {dagbag.py:537} INFO - Filling up the DagBag from /home/airflow/.local/lib/python3.10/site-packages/airflow/example_dags/example_nested_branch_dag.py
[2022-12-15T05:59:39.954+0000] {processor.py:766} INFO - DAG(s) dict_keys(['example_nested_branch_dag']) retrieved from /home/airflow/.local/lib/python3.10/site-packages/airflow/example_dags/example_nested_branch_dag.py
[2022-12-15T05:59:40.130+0000] {logging_mixin.py:137} INFO - [2022-12-15T05:59:40.130+0000] {dag.py:2585} INFO - Sync 1 DAGs
[2022-12-15T05:59:40.158+0000] {logging_mixin.py:137} INFO - [2022-12-15T05:59:40.157+0000] {dag.py:3336} INFO - Setting next_dagrun for example_nested_branch_dag to 2022-12-14T00:00:00+00:00, run_after=2022-12-15T00:00:00+00:00
[2022-12-15T05:59:40.180+0000] {processor.py:176} INFO - Processing /home/airflow/.local/lib/python3.10/site-packages/airflow/example_dags/example_nested_branch_dag.py took 0.265 seconds
[2022-12-15T06:00:10.560+0000] {processor.py:154} INFO - Started process (PID=121) to work on /home/airflow/.local/lib/python3.10/site-packages/airflow/example_dags/example_nested_branch_dag.py
[2022-12-15T06:00:10.561+0000] {processor.py:756} INFO - Processing file /home/airflow/.local/lib/python3.10/site-packages/airflow/example_dags/example_nested_branch_dag.py for tasks to queue
[2022-12-15T06:00:10.561+0000] {logging_mixin.py:137} INFO - [2022-12-15T06:00:10.561+0000] {dagbag.py:537} INFO - Filling up the DagBag from /home/airflow/.local/lib/python3.10/site-packages/airflow/example_dags/example_nested_branch_dag.py
[2022-12-15T06:00:10.695+0000] {processor.py:766} INFO - DAG(s) dict_keys(['example_nested_branch_dag']) retrieved from /home/airflow/.local/lib/python3.10/site-packages/airflow/example_dags/example_nested_branch_dag.py
[2022-12-15T06:00:10.724+0000] {logging_mixin.py:137} INFO - [2022-12-15T06:00:10.724+0000] {dag.py:2585} INFO - Sync 1 DAGs
[2022-12-15T06:00:10.744+0000] {logging_mixin.py:137} INFO - [2022-12-15T06:00:10.744+0000] {dag.py:3336} INFO - Setting next_dagrun for example_nested_branch_dag to 2022-12-14T00:00:00+00:00, run_after=2022-12-15T00:00:00+00:00
[2022-12-15T06:00:10.762+0000] {processor.py:176} INFO - Processing /home/airflow/.local/lib/python3.10/site-packages/airflow/example_dags/example_nested_branch_dag.py took 0.204 seconds
[2022-12-15T06:00:41.177+0000] {processor.py:154} INFO - Started process (PID=174) to work on /home/airflow/.local/lib/python3.10/site-packages/airflow/example_dags/example_nested_branch_dag.py
[2022-12-15T06:00:41.181+0000] {processor.py:756} INFO - Processing file /home/airflow/.local/lib/python3.10/site-packages/airflow/example_dags/example_nested_branch_dag.py for tasks to queue
[2022-12-15T06:00:41.181+0000] {logging_mixin.py:137} INFO - [2022-12-15T06:00:41.181+0000] {dagbag.py:537} INFO - Filling up the DagBag from /home/airflow/.local/lib/python3.10/site-packages/airflow/example_dags/example_nested_branch_dag.py
[2022-12-15T06:00:41.202+0000] {processor.py:766} INFO - DAG(s) dict_keys(['example_nested_branch_dag']) retrieved from /home/airflow/.local/lib/python3.10/site-packages/airflow/example_dags/example_nested_branch_dag.py
[2022-12-15T06:00:41.237+0000] {logging_mixin.py:137} INFO - [2022-12-15T06:00:41.237+0000] {dag.py:2585} INFO - Sync 1 DAGs
[2022-12-15T06:00:41.257+0000] {logging_mixin.py:137} INFO - [2022-12-15T06:00:41.257+0000] {dag.py:3336} INFO - Setting next_dagrun for example_nested_branch_dag to 2022-12-14T00:00:00+00:00, run_after=2022-12-15T00:00:00+00:00
[2022-12-15T06:00:41.279+0000] {processor.py:176} INFO - Processing /home/airflow/.local/lib/python3.10/site-packages/airflow/example_dags/example_nested_branch_dag.py took 0.104 seconds
[2022-12-15T06:01:11.834+0000] {processor.py:154} INFO - Started process (PID=232) to work on /home/airflow/.local/lib/python3.10/site-packages/airflow/example_dags/example_nested_branch_dag.py
[2022-12-15T06:01:11.834+0000] {processor.py:756} INFO - Processing file /home/airflow/.local/lib/python3.10/site-packages/airflow/example_dags/example_nested_branch_dag.py for tasks to queue
[2022-12-15T06:01:11.835+0000] {logging_mixin.py:137} INFO - [2022-12-15T06:01:11.835+0000] {dagbag.py:537} INFO - Filling up the DagBag from /home/airflow/.local/lib/python3.10/site-packages/airflow/example_dags/example_nested_branch_dag.py
[2022-12-15T06:01:11.856+0000] {processor.py:766} INFO - DAG(s) dict_keys(['example_nested_branch_dag']) retrieved from /home/airflow/.local/lib/python3.10/site-packages/airflow/example_dags/example_nested_branch_dag.py
[2022-12-15T06:01:11.890+0000] {logging_mixin.py:137} INFO - [2022-12-15T06:01:11.890+0000] {dag.py:2585} INFO - Sync 1 DAGs
[2022-12-15T06:01:11.911+0000] {logging_mixin.py:137} INFO - [2022-12-15T06:01:11.911+0000] {dag.py:3336} INFO - Setting next_dagrun for example_nested_branch_dag to 2022-12-14T00:00:00+00:00, run_after=2022-12-15T00:00:00+00:00
[2022-12-15T06:01:11.931+0000] {processor.py:176} INFO - Processing /home/airflow/.local/lib/python3.10/site-packages/airflow/example_dags/example_nested_branch_dag.py took 0.100 seconds
[2022-12-15T06:01:42.477+0000] {processor.py:154} INFO - Started process (PID=290) to work on /home/airflow/.local/lib/python3.10/site-packages/airflow/example_dags/example_nested_branch_dag.py
[2022-12-15T06:01:42.478+0000] {processor.py:756} INFO - Processing file /home/airflow/.local/lib/python3.10/site-packages/airflow/example_dags/example_nested_branch_dag.py for tasks to queue
[2022-12-15T06:01:42.478+0000] {logging_mixin.py:137} INFO - [2022-12-15T06:01:42.478+0000] {dagbag.py:537} INFO - Filling up the DagBag from /home/airflow/.local/lib/python3.10/site-packages/airflow/example_dags/example_nested_branch_dag.py
[2022-12-15T06:01:42.500+0000] {processor.py:766} INFO - DAG(s) dict_keys(['example_nested_branch_dag']) retrieved from /home/airflow/.local/lib/python3.10/site-packages/airflow/example_dags/example_nested_branch_dag.py
[2022-12-15T06:01:42.538+0000] {logging_mixin.py:137} INFO - [2022-12-15T06:01:42.538+0000] {dag.py:2585} INFO - Sync 1 DAGs
[2022-12-15T06:01:42.562+0000] {logging_mixin.py:137} INFO - [2022-12-15T06:01:42.562+0000] {dag.py:3336} INFO - Setting next_dagrun for example_nested_branch_dag to 2022-12-14T00:00:00+00:00, run_after=2022-12-15T00:00:00+00:00
[2022-12-15T06:01:42.584+0000] {processor.py:176} INFO - Processing /home/airflow/.local/lib/python3.10/site-packages/airflow/example_dags/example_nested_branch_dag.py took 0.109 seconds
