[2022-12-15T05:51:35.224+0000] {processor.py:154} INFO - Started process (PID=62) to work on /home/airflow/.local/lib/python3.10/site-packages/airflow/example_dags/example_python_operator.py
[2022-12-15T05:51:35.224+0000] {processor.py:756} INFO - Processing file /home/airflow/.local/lib/python3.10/site-packages/airflow/example_dags/example_python_operator.py for tasks to queue
[2022-12-15T05:51:35.225+0000] {logging_mixin.py:137} INFO - [2022-12-15T05:51:35.225+0000] {dagbag.py:537} INFO - Filling up the DagBag from /home/airflow/.local/lib/python3.10/site-packages/airflow/example_dags/example_python_operator.py
[2022-12-15T05:51:35.240+0000] {logging_mixin.py:137} INFO - [2022-12-15T05:51:35.239+0000] {taskmixin.py:205} WARNING - Dependency <Task(_PythonDecoratedOperator): print_the_context>, log_sql_query already registered for DAG: example_python_operator
[2022-12-15T05:51:35.240+0000] {logging_mixin.py:137} INFO - [2022-12-15T05:51:35.240+0000] {taskmixin.py:205} WARNING - Dependency <Task(_PythonDecoratedOperator): log_sql_query>, print_the_context already registered for DAG: example_python_operator
[2022-12-15T05:51:35.240+0000] {logging_mixin.py:137} INFO - [2022-12-15T05:51:35.240+0000] {taskmixin.py:205} WARNING - Dependency <Task(_PythonDecoratedOperator): print_the_context>, log_sql_query already registered for DAG: example_python_operator
[2022-12-15T05:51:35.241+0000] {logging_mixin.py:137} INFO - [2022-12-15T05:51:35.240+0000] {taskmixin.py:205} WARNING - Dependency <Task(_PythonDecoratedOperator): log_sql_query>, print_the_context already registered for DAG: example_python_operator
[2022-12-15T05:51:35.242+0000] {logging_mixin.py:137} INFO - [2022-12-15T05:51:35.242+0000] {taskmixin.py:205} WARNING - Dependency <Task(_PythonDecoratedOperator): print_the_context>, log_sql_query already registered for DAG: example_python_operator
[2022-12-15T05:51:35.242+0000] {logging_mixin.py:137} INFO - [2022-12-15T05:51:35.242+0000] {taskmixin.py:205} WARNING - Dependency <Task(_PythonDecoratedOperator): log_sql_query>, print_the_context already registered for DAG: example_python_operator
[2022-12-15T05:51:35.242+0000] {logging_mixin.py:137} INFO - [2022-12-15T05:51:35.242+0000] {taskmixin.py:205} WARNING - Dependency <Task(_PythonDecoratedOperator): print_the_context>, log_sql_query already registered for DAG: example_python_operator
[2022-12-15T05:51:35.243+0000] {logging_mixin.py:137} INFO - [2022-12-15T05:51:35.242+0000] {taskmixin.py:205} WARNING - Dependency <Task(_PythonDecoratedOperator): log_sql_query>, print_the_context already registered for DAG: example_python_operator
[2022-12-15T05:51:35.251+0000] {processor.py:766} INFO - DAG(s) dict_keys(['example_python_operator']) retrieved from /home/airflow/.local/lib/python3.10/site-packages/airflow/example_dags/example_python_operator.py
[2022-12-15T05:51:35.476+0000] {logging_mixin.py:137} INFO - [2022-12-15T05:51:35.476+0000] {manager.py:507} INFO - Created Permission View: can delete on DAG:example_python_operator
[2022-12-15T05:51:35.487+0000] {logging_mixin.py:137} INFO - [2022-12-15T05:51:35.487+0000] {manager.py:507} INFO - Created Permission View: can edit on DAG:example_python_operator
[2022-12-15T05:51:35.496+0000] {logging_mixin.py:137} INFO - [2022-12-15T05:51:35.495+0000] {manager.py:507} INFO - Created Permission View: can read on DAG:example_python_operator
[2022-12-15T05:51:35.496+0000] {logging_mixin.py:137} INFO - [2022-12-15T05:51:35.496+0000] {dag.py:2585} INFO - Sync 1 DAGs
[2022-12-15T05:51:35.507+0000] {logging_mixin.py:137} INFO - [2022-12-15T05:51:35.507+0000] {dag.py:2606} INFO - Creating ORM DAG for example_python_operator
[2022-12-15T05:51:35.519+0000] {logging_mixin.py:137} INFO - [2022-12-15T05:51:35.518+0000] {dag.py:3336} INFO - Setting next_dagrun for example_python_operator to None, run_after=None
[2022-12-15T05:51:35.543+0000] {processor.py:176} INFO - Processing /home/airflow/.local/lib/python3.10/site-packages/airflow/example_dags/example_python_operator.py took 0.321 seconds
[2022-12-15T05:52:05.870+0000] {processor.py:154} INFO - Started process (PID=121) to work on /home/airflow/.local/lib/python3.10/site-packages/airflow/example_dags/example_python_operator.py
[2022-12-15T05:52:05.871+0000] {processor.py:756} INFO - Processing file /home/airflow/.local/lib/python3.10/site-packages/airflow/example_dags/example_python_operator.py for tasks to queue
[2022-12-15T05:52:05.871+0000] {logging_mixin.py:137} INFO - [2022-12-15T05:52:05.871+0000] {dagbag.py:537} INFO - Filling up the DagBag from /home/airflow/.local/lib/python3.10/site-packages/airflow/example_dags/example_python_operator.py
[2022-12-15T05:52:06.024+0000] {logging_mixin.py:137} INFO - [2022-12-15T05:52:06.024+0000] {taskmixin.py:205} WARNING - Dependency <Task(_PythonDecoratedOperator): print_the_context>, log_sql_query already registered for DAG: example_python_operator
[2022-12-15T05:52:06.024+0000] {logging_mixin.py:137} INFO - [2022-12-15T05:52:06.024+0000] {taskmixin.py:205} WARNING - Dependency <Task(_PythonDecoratedOperator): log_sql_query>, print_the_context already registered for DAG: example_python_operator
[2022-12-15T05:52:06.025+0000] {logging_mixin.py:137} INFO - [2022-12-15T05:52:06.025+0000] {taskmixin.py:205} WARNING - Dependency <Task(_PythonDecoratedOperator): print_the_context>, log_sql_query already registered for DAG: example_python_operator
[2022-12-15T05:52:06.025+0000] {logging_mixin.py:137} INFO - [2022-12-15T05:52:06.025+0000] {taskmixin.py:205} WARNING - Dependency <Task(_PythonDecoratedOperator): log_sql_query>, print_the_context already registered for DAG: example_python_operator
[2022-12-15T05:52:06.026+0000] {logging_mixin.py:137} INFO - [2022-12-15T05:52:06.025+0000] {taskmixin.py:205} WARNING - Dependency <Task(_PythonDecoratedOperator): print_the_context>, log_sql_query already registered for DAG: example_python_operator
[2022-12-15T05:52:06.026+0000] {logging_mixin.py:137} INFO - [2022-12-15T05:52:06.026+0000] {taskmixin.py:205} WARNING - Dependency <Task(_PythonDecoratedOperator): log_sql_query>, print_the_context already registered for DAG: example_python_operator
[2022-12-15T05:52:06.026+0000] {logging_mixin.py:137} INFO - [2022-12-15T05:52:06.026+0000] {taskmixin.py:205} WARNING - Dependency <Task(_PythonDecoratedOperator): print_the_context>, log_sql_query already registered for DAG: example_python_operator
[2022-12-15T05:52:06.026+0000] {logging_mixin.py:137} INFO - [2022-12-15T05:52:06.026+0000] {taskmixin.py:205} WARNING - Dependency <Task(_PythonDecoratedOperator): log_sql_query>, print_the_context already registered for DAG: example_python_operator
[2022-12-15T05:52:06.033+0000] {processor.py:766} INFO - DAG(s) dict_keys(['example_python_operator']) retrieved from /home/airflow/.local/lib/python3.10/site-packages/airflow/example_dags/example_python_operator.py
[2022-12-15T05:52:06.065+0000] {logging_mixin.py:137} INFO - [2022-12-15T05:52:06.064+0000] {dag.py:2585} INFO - Sync 1 DAGs
[2022-12-15T05:52:06.085+0000] {logging_mixin.py:137} INFO - [2022-12-15T05:52:06.084+0000] {dag.py:3336} INFO - Setting next_dagrun for example_python_operator to None, run_after=None
[2022-12-15T05:52:06.103+0000] {processor.py:176} INFO - Processing /home/airflow/.local/lib/python3.10/site-packages/airflow/example_dags/example_python_operator.py took 0.237 seconds
[2022-12-15T05:52:36.653+0000] {processor.py:154} INFO - Started process (PID=181) to work on /home/airflow/.local/lib/python3.10/site-packages/airflow/example_dags/example_python_operator.py
[2022-12-15T05:52:36.654+0000] {processor.py:756} INFO - Processing file /home/airflow/.local/lib/python3.10/site-packages/airflow/example_dags/example_python_operator.py for tasks to queue
[2022-12-15T05:52:36.654+0000] {logging_mixin.py:137} INFO - [2022-12-15T05:52:36.654+0000] {dagbag.py:537} INFO - Filling up the DagBag from /home/airflow/.local/lib/python3.10/site-packages/airflow/example_dags/example_python_operator.py
[2022-12-15T05:52:36.673+0000] {logging_mixin.py:137} INFO - [2022-12-15T05:52:36.672+0000] {taskmixin.py:205} WARNING - Dependency <Task(_PythonDecoratedOperator): print_the_context>, log_sql_query already registered for DAG: example_python_operator
[2022-12-15T05:52:36.673+0000] {logging_mixin.py:137} INFO - [2022-12-15T05:52:36.673+0000] {taskmixin.py:205} WARNING - Dependency <Task(_PythonDecoratedOperator): log_sql_query>, print_the_context already registered for DAG: example_python_operator
[2022-12-15T05:52:36.673+0000] {logging_mixin.py:137} INFO - [2022-12-15T05:52:36.673+0000] {taskmixin.py:205} WARNING - Dependency <Task(_PythonDecoratedOperator): print_the_context>, log_sql_query already registered for DAG: example_python_operator
[2022-12-15T05:52:36.674+0000] {logging_mixin.py:137} INFO - [2022-12-15T05:52:36.674+0000] {taskmixin.py:205} WARNING - Dependency <Task(_PythonDecoratedOperator): log_sql_query>, print_the_context already registered for DAG: example_python_operator
[2022-12-15T05:52:36.674+0000] {logging_mixin.py:137} INFO - [2022-12-15T05:52:36.674+0000] {taskmixin.py:205} WARNING - Dependency <Task(_PythonDecoratedOperator): print_the_context>, log_sql_query already registered for DAG: example_python_operator
[2022-12-15T05:52:36.674+0000] {logging_mixin.py:137} INFO - [2022-12-15T05:52:36.674+0000] {taskmixin.py:205} WARNING - Dependency <Task(_PythonDecoratedOperator): log_sql_query>, print_the_context already registered for DAG: example_python_operator
[2022-12-15T05:52:36.675+0000] {logging_mixin.py:137} INFO - [2022-12-15T05:52:36.675+0000] {taskmixin.py:205} WARNING - Dependency <Task(_PythonDecoratedOperator): print_the_context>, log_sql_query already registered for DAG: example_python_operator
[2022-12-15T05:52:36.675+0000] {logging_mixin.py:137} INFO - [2022-12-15T05:52:36.675+0000] {taskmixin.py:205} WARNING - Dependency <Task(_PythonDecoratedOperator): log_sql_query>, print_the_context already registered for DAG: example_python_operator
[2022-12-15T05:52:36.682+0000] {processor.py:766} INFO - DAG(s) dict_keys(['example_python_operator']) retrieved from /home/airflow/.local/lib/python3.10/site-packages/airflow/example_dags/example_python_operator.py
[2022-12-15T05:52:36.718+0000] {logging_mixin.py:137} INFO - [2022-12-15T05:52:36.717+0000] {dag.py:2585} INFO - Sync 1 DAGs
[2022-12-15T05:52:36.738+0000] {logging_mixin.py:137} INFO - [2022-12-15T05:52:36.737+0000] {dag.py:3336} INFO - Setting next_dagrun for example_python_operator to None, run_after=None
[2022-12-15T05:52:36.757+0000] {processor.py:176} INFO - Processing /home/airflow/.local/lib/python3.10/site-packages/airflow/example_dags/example_python_operator.py took 0.220 seconds
[2022-12-15T05:53:07.367+0000] {processor.py:154} INFO - Started process (PID=232) to work on /home/airflow/.local/lib/python3.10/site-packages/airflow/example_dags/example_python_operator.py
[2022-12-15T05:53:07.368+0000] {processor.py:756} INFO - Processing file /home/airflow/.local/lib/python3.10/site-packages/airflow/example_dags/example_python_operator.py for tasks to queue
[2022-12-15T05:53:07.368+0000] {logging_mixin.py:137} INFO - [2022-12-15T05:53:07.368+0000] {dagbag.py:537} INFO - Filling up the DagBag from /home/airflow/.local/lib/python3.10/site-packages/airflow/example_dags/example_python_operator.py
[2022-12-15T05:53:07.385+0000] {logging_mixin.py:137} INFO - [2022-12-15T05:53:07.385+0000] {taskmixin.py:205} WARNING - Dependency <Task(_PythonDecoratedOperator): print_the_context>, log_sql_query already registered for DAG: example_python_operator
[2022-12-15T05:53:07.385+0000] {logging_mixin.py:137} INFO - [2022-12-15T05:53:07.385+0000] {taskmixin.py:205} WARNING - Dependency <Task(_PythonDecoratedOperator): log_sql_query>, print_the_context already registered for DAG: example_python_operator
[2022-12-15T05:53:07.387+0000] {logging_mixin.py:137} INFO - [2022-12-15T05:53:07.387+0000] {taskmixin.py:205} WARNING - Dependency <Task(_PythonDecoratedOperator): print_the_context>, log_sql_query already registered for DAG: example_python_operator
[2022-12-15T05:53:07.388+0000] {logging_mixin.py:137} INFO - [2022-12-15T05:53:07.387+0000] {taskmixin.py:205} WARNING - Dependency <Task(_PythonDecoratedOperator): log_sql_query>, print_the_context already registered for DAG: example_python_operator
[2022-12-15T05:53:07.389+0000] {logging_mixin.py:137} INFO - [2022-12-15T05:53:07.389+0000] {taskmixin.py:205} WARNING - Dependency <Task(_PythonDecoratedOperator): print_the_context>, log_sql_query already registered for DAG: example_python_operator
[2022-12-15T05:53:07.390+0000] {logging_mixin.py:137} INFO - [2022-12-15T05:53:07.390+0000] {taskmixin.py:205} WARNING - Dependency <Task(_PythonDecoratedOperator): log_sql_query>, print_the_context already registered for DAG: example_python_operator
[2022-12-15T05:53:07.391+0000] {logging_mixin.py:137} INFO - [2022-12-15T05:53:07.390+0000] {taskmixin.py:205} WARNING - Dependency <Task(_PythonDecoratedOperator): print_the_context>, log_sql_query already registered for DAG: example_python_operator
[2022-12-15T05:53:07.391+0000] {logging_mixin.py:137} INFO - [2022-12-15T05:53:07.391+0000] {taskmixin.py:205} WARNING - Dependency <Task(_PythonDecoratedOperator): log_sql_query>, print_the_context already registered for DAG: example_python_operator
[2022-12-15T05:53:07.398+0000] {processor.py:766} INFO - DAG(s) dict_keys(['example_python_operator']) retrieved from /home/airflow/.local/lib/python3.10/site-packages/airflow/example_dags/example_python_operator.py
[2022-12-15T05:53:07.437+0000] {logging_mixin.py:137} INFO - [2022-12-15T05:53:07.437+0000] {dag.py:2585} INFO - Sync 1 DAGs
[2022-12-15T05:53:07.457+0000] {logging_mixin.py:137} INFO - [2022-12-15T05:53:07.457+0000] {dag.py:3336} INFO - Setting next_dagrun for example_python_operator to None, run_after=None
[2022-12-15T05:53:07.477+0000] {processor.py:176} INFO - Processing /home/airflow/.local/lib/python3.10/site-packages/airflow/example_dags/example_python_operator.py took 0.112 seconds
[2022-12-15T05:53:37.816+0000] {processor.py:154} INFO - Started process (PID=290) to work on /home/airflow/.local/lib/python3.10/site-packages/airflow/example_dags/example_python_operator.py
[2022-12-15T05:53:37.817+0000] {processor.py:756} INFO - Processing file /home/airflow/.local/lib/python3.10/site-packages/airflow/example_dags/example_python_operator.py for tasks to queue
[2022-12-15T05:53:37.817+0000] {logging_mixin.py:137} INFO - [2022-12-15T05:53:37.817+0000] {dagbag.py:537} INFO - Filling up the DagBag from /home/airflow/.local/lib/python3.10/site-packages/airflow/example_dags/example_python_operator.py
[2022-12-15T05:53:37.833+0000] {logging_mixin.py:137} INFO - [2022-12-15T05:53:37.833+0000] {taskmixin.py:205} WARNING - Dependency <Task(_PythonDecoratedOperator): print_the_context>, log_sql_query already registered for DAG: example_python_operator
[2022-12-15T05:53:37.834+0000] {logging_mixin.py:137} INFO - [2022-12-15T05:53:37.834+0000] {taskmixin.py:205} WARNING - Dependency <Task(_PythonDecoratedOperator): log_sql_query>, print_the_context already registered for DAG: example_python_operator
[2022-12-15T05:53:37.834+0000] {logging_mixin.py:137} INFO - [2022-12-15T05:53:37.834+0000] {taskmixin.py:205} WARNING - Dependency <Task(_PythonDecoratedOperator): print_the_context>, log_sql_query already registered for DAG: example_python_operator
[2022-12-15T05:53:37.834+0000] {logging_mixin.py:137} INFO - [2022-12-15T05:53:37.834+0000] {taskmixin.py:205} WARNING - Dependency <Task(_PythonDecoratedOperator): log_sql_query>, print_the_context already registered for DAG: example_python_operator
[2022-12-15T05:53:37.835+0000] {logging_mixin.py:137} INFO - [2022-12-15T05:53:37.835+0000] {taskmixin.py:205} WARNING - Dependency <Task(_PythonDecoratedOperator): print_the_context>, log_sql_query already registered for DAG: example_python_operator
[2022-12-15T05:53:37.835+0000] {logging_mixin.py:137} INFO - [2022-12-15T05:53:37.835+0000] {taskmixin.py:205} WARNING - Dependency <Task(_PythonDecoratedOperator): log_sql_query>, print_the_context already registered for DAG: example_python_operator
[2022-12-15T05:53:37.836+0000] {logging_mixin.py:137} INFO - [2022-12-15T05:53:37.836+0000] {taskmixin.py:205} WARNING - Dependency <Task(_PythonDecoratedOperator): print_the_context>, log_sql_query already registered for DAG: example_python_operator
[2022-12-15T05:53:37.836+0000] {logging_mixin.py:137} INFO - [2022-12-15T05:53:37.836+0000] {taskmixin.py:205} WARNING - Dependency <Task(_PythonDecoratedOperator): log_sql_query>, print_the_context already registered for DAG: example_python_operator
[2022-12-15T05:53:37.844+0000] {processor.py:766} INFO - DAG(s) dict_keys(['example_python_operator']) retrieved from /home/airflow/.local/lib/python3.10/site-packages/airflow/example_dags/example_python_operator.py
[2022-12-15T05:53:37.891+0000] {logging_mixin.py:137} INFO - [2022-12-15T05:53:37.891+0000] {dag.py:2585} INFO - Sync 1 DAGs
[2022-12-15T05:53:37.915+0000] {logging_mixin.py:137} INFO - [2022-12-15T05:53:37.914+0000] {dag.py:3336} INFO - Setting next_dagrun for example_python_operator to None, run_after=None
[2022-12-15T05:53:37.937+0000] {processor.py:176} INFO - Processing /home/airflow/.local/lib/python3.10/site-packages/airflow/example_dags/example_python_operator.py took 0.124 seconds
[2022-12-15T05:54:08.395+0000] {processor.py:154} INFO - Started process (PID=348) to work on /home/airflow/.local/lib/python3.10/site-packages/airflow/example_dags/example_python_operator.py
[2022-12-15T05:54:08.396+0000] {processor.py:756} INFO - Processing file /home/airflow/.local/lib/python3.10/site-packages/airflow/example_dags/example_python_operator.py for tasks to queue
[2022-12-15T05:54:08.396+0000] {logging_mixin.py:137} INFO - [2022-12-15T05:54:08.396+0000] {dagbag.py:537} INFO - Filling up the DagBag from /home/airflow/.local/lib/python3.10/site-packages/airflow/example_dags/example_python_operator.py
[2022-12-15T05:54:08.413+0000] {logging_mixin.py:137} INFO - [2022-12-15T05:54:08.413+0000] {taskmixin.py:205} WARNING - Dependency <Task(_PythonDecoratedOperator): print_the_context>, log_sql_query already registered for DAG: example_python_operator
[2022-12-15T05:54:08.413+0000] {logging_mixin.py:137} INFO - [2022-12-15T05:54:08.413+0000] {taskmixin.py:205} WARNING - Dependency <Task(_PythonDecoratedOperator): log_sql_query>, print_the_context already registered for DAG: example_python_operator
[2022-12-15T05:54:08.414+0000] {logging_mixin.py:137} INFO - [2022-12-15T05:54:08.414+0000] {taskmixin.py:205} WARNING - Dependency <Task(_PythonDecoratedOperator): print_the_context>, log_sql_query already registered for DAG: example_python_operator
[2022-12-15T05:54:08.415+0000] {logging_mixin.py:137} INFO - [2022-12-15T05:54:08.415+0000] {taskmixin.py:205} WARNING - Dependency <Task(_PythonDecoratedOperator): log_sql_query>, print_the_context already registered for DAG: example_python_operator
[2022-12-15T05:54:08.416+0000] {logging_mixin.py:137} INFO - [2022-12-15T05:54:08.416+0000] {taskmixin.py:205} WARNING - Dependency <Task(_PythonDecoratedOperator): print_the_context>, log_sql_query already registered for DAG: example_python_operator
[2022-12-15T05:54:08.416+0000] {logging_mixin.py:137} INFO - [2022-12-15T05:54:08.416+0000] {taskmixin.py:205} WARNING - Dependency <Task(_PythonDecoratedOperator): log_sql_query>, print_the_context already registered for DAG: example_python_operator
[2022-12-15T05:54:08.417+0000] {logging_mixin.py:137} INFO - [2022-12-15T05:54:08.417+0000] {taskmixin.py:205} WARNING - Dependency <Task(_PythonDecoratedOperator): print_the_context>, log_sql_query already registered for DAG: example_python_operator
[2022-12-15T05:54:08.417+0000] {logging_mixin.py:137} INFO - [2022-12-15T05:54:08.417+0000] {taskmixin.py:205} WARNING - Dependency <Task(_PythonDecoratedOperator): log_sql_query>, print_the_context already registered for DAG: example_python_operator
[2022-12-15T05:54:08.427+0000] {processor.py:766} INFO - DAG(s) dict_keys(['example_python_operator']) retrieved from /home/airflow/.local/lib/python3.10/site-packages/airflow/example_dags/example_python_operator.py
[2022-12-15T05:54:08.466+0000] {logging_mixin.py:137} INFO - [2022-12-15T05:54:08.466+0000] {dag.py:2585} INFO - Sync 1 DAGs
[2022-12-15T05:54:08.487+0000] {logging_mixin.py:137} INFO - [2022-12-15T05:54:08.487+0000] {dag.py:3336} INFO - Setting next_dagrun for example_python_operator to None, run_after=None
[2022-12-15T05:54:08.510+0000] {processor.py:176} INFO - Processing /home/airflow/.local/lib/python3.10/site-packages/airflow/example_dags/example_python_operator.py took 0.118 seconds
[2022-12-15T05:54:38.604+0000] {processor.py:154} INFO - Started process (PID=399) to work on /home/airflow/.local/lib/python3.10/site-packages/airflow/example_dags/example_python_operator.py
[2022-12-15T05:54:38.605+0000] {processor.py:756} INFO - Processing file /home/airflow/.local/lib/python3.10/site-packages/airflow/example_dags/example_python_operator.py for tasks to queue
[2022-12-15T05:54:38.606+0000] {logging_mixin.py:137} INFO - [2022-12-15T05:54:38.606+0000] {dagbag.py:537} INFO - Filling up the DagBag from /home/airflow/.local/lib/python3.10/site-packages/airflow/example_dags/example_python_operator.py
[2022-12-15T05:54:38.620+0000] {logging_mixin.py:137} INFO - [2022-12-15T05:54:38.620+0000] {taskmixin.py:205} WARNING - Dependency <Task(_PythonDecoratedOperator): print_the_context>, log_sql_query already registered for DAG: example_python_operator
[2022-12-15T05:54:38.620+0000] {logging_mixin.py:137} INFO - [2022-12-15T05:54:38.620+0000] {taskmixin.py:205} WARNING - Dependency <Task(_PythonDecoratedOperator): log_sql_query>, print_the_context already registered for DAG: example_python_operator
[2022-12-15T05:54:38.621+0000] {logging_mixin.py:137} INFO - [2022-12-15T05:54:38.621+0000] {taskmixin.py:205} WARNING - Dependency <Task(_PythonDecoratedOperator): print_the_context>, log_sql_query already registered for DAG: example_python_operator
[2022-12-15T05:54:38.621+0000] {logging_mixin.py:137} INFO - [2022-12-15T05:54:38.621+0000] {taskmixin.py:205} WARNING - Dependency <Task(_PythonDecoratedOperator): log_sql_query>, print_the_context already registered for DAG: example_python_operator
[2022-12-15T05:54:38.621+0000] {logging_mixin.py:137} INFO - [2022-12-15T05:54:38.621+0000] {taskmixin.py:205} WARNING - Dependency <Task(_PythonDecoratedOperator): print_the_context>, log_sql_query already registered for DAG: example_python_operator
[2022-12-15T05:54:38.622+0000] {logging_mixin.py:137} INFO - [2022-12-15T05:54:38.621+0000] {taskmixin.py:205} WARNING - Dependency <Task(_PythonDecoratedOperator): log_sql_query>, print_the_context already registered for DAG: example_python_operator
[2022-12-15T05:54:38.622+0000] {logging_mixin.py:137} INFO - [2022-12-15T05:54:38.622+0000] {taskmixin.py:205} WARNING - Dependency <Task(_PythonDecoratedOperator): print_the_context>, log_sql_query already registered for DAG: example_python_operator
[2022-12-15T05:54:38.622+0000] {logging_mixin.py:137} INFO - [2022-12-15T05:54:38.622+0000] {taskmixin.py:205} WARNING - Dependency <Task(_PythonDecoratedOperator): log_sql_query>, print_the_context already registered for DAG: example_python_operator
[2022-12-15T05:54:38.629+0000] {processor.py:766} INFO - DAG(s) dict_keys(['example_python_operator']) retrieved from /home/airflow/.local/lib/python3.10/site-packages/airflow/example_dags/example_python_operator.py
[2022-12-15T05:54:38.663+0000] {logging_mixin.py:137} INFO - [2022-12-15T05:54:38.662+0000] {dag.py:2585} INFO - Sync 1 DAGs
[2022-12-15T05:54:38.683+0000] {logging_mixin.py:137} INFO - [2022-12-15T05:54:38.683+0000] {dag.py:3336} INFO - Setting next_dagrun for example_python_operator to None, run_after=None
[2022-12-15T05:54:38.703+0000] {processor.py:176} INFO - Processing /home/airflow/.local/lib/python3.10/site-packages/airflow/example_dags/example_python_operator.py took 0.101 seconds
[2022-12-15T05:55:09.131+0000] {processor.py:154} INFO - Started process (PID=457) to work on /home/airflow/.local/lib/python3.10/site-packages/airflow/example_dags/example_python_operator.py
[2022-12-15T05:55:09.131+0000] {processor.py:756} INFO - Processing file /home/airflow/.local/lib/python3.10/site-packages/airflow/example_dags/example_python_operator.py for tasks to queue
[2022-12-15T05:55:09.132+0000] {logging_mixin.py:137} INFO - [2022-12-15T05:55:09.132+0000] {dagbag.py:537} INFO - Filling up the DagBag from /home/airflow/.local/lib/python3.10/site-packages/airflow/example_dags/example_python_operator.py
[2022-12-15T05:55:09.147+0000] {logging_mixin.py:137} INFO - [2022-12-15T05:55:09.146+0000] {taskmixin.py:205} WARNING - Dependency <Task(_PythonDecoratedOperator): print_the_context>, log_sql_query already registered for DAG: example_python_operator
[2022-12-15T05:55:09.147+0000] {logging_mixin.py:137} INFO - [2022-12-15T05:55:09.147+0000] {taskmixin.py:205} WARNING - Dependency <Task(_PythonDecoratedOperator): log_sql_query>, print_the_context already registered for DAG: example_python_operator
[2022-12-15T05:55:09.147+0000] {logging_mixin.py:137} INFO - [2022-12-15T05:55:09.147+0000] {taskmixin.py:205} WARNING - Dependency <Task(_PythonDecoratedOperator): print_the_context>, log_sql_query already registered for DAG: example_python_operator
[2022-12-15T05:55:09.147+0000] {logging_mixin.py:137} INFO - [2022-12-15T05:55:09.147+0000] {taskmixin.py:205} WARNING - Dependency <Task(_PythonDecoratedOperator): log_sql_query>, print_the_context already registered for DAG: example_python_operator
[2022-12-15T05:55:09.148+0000] {logging_mixin.py:137} INFO - [2022-12-15T05:55:09.148+0000] {taskmixin.py:205} WARNING - Dependency <Task(_PythonDecoratedOperator): print_the_context>, log_sql_query already registered for DAG: example_python_operator
[2022-12-15T05:55:09.148+0000] {logging_mixin.py:137} INFO - [2022-12-15T05:55:09.148+0000] {taskmixin.py:205} WARNING - Dependency <Task(_PythonDecoratedOperator): log_sql_query>, print_the_context already registered for DAG: example_python_operator
[2022-12-15T05:55:09.149+0000] {logging_mixin.py:137} INFO - [2022-12-15T05:55:09.149+0000] {taskmixin.py:205} WARNING - Dependency <Task(_PythonDecoratedOperator): print_the_context>, log_sql_query already registered for DAG: example_python_operator
[2022-12-15T05:55:09.149+0000] {logging_mixin.py:137} INFO - [2022-12-15T05:55:09.149+0000] {taskmixin.py:205} WARNING - Dependency <Task(_PythonDecoratedOperator): log_sql_query>, print_the_context already registered for DAG: example_python_operator
[2022-12-15T05:55:09.155+0000] {processor.py:766} INFO - DAG(s) dict_keys(['example_python_operator']) retrieved from /home/airflow/.local/lib/python3.10/site-packages/airflow/example_dags/example_python_operator.py
[2022-12-15T05:55:09.190+0000] {logging_mixin.py:137} INFO - [2022-12-15T05:55:09.190+0000] {dag.py:2585} INFO - Sync 1 DAGs
[2022-12-15T05:55:09.211+0000] {logging_mixin.py:137} INFO - [2022-12-15T05:55:09.211+0000] {dag.py:3336} INFO - Setting next_dagrun for example_python_operator to None, run_after=None
[2022-12-15T05:55:09.231+0000] {processor.py:176} INFO - Processing /home/airflow/.local/lib/python3.10/site-packages/airflow/example_dags/example_python_operator.py took 0.102 seconds
[2022-12-15T05:56:29.250+0000] {processor.py:154} INFO - Started process (PID=60) to work on /home/airflow/.local/lib/python3.10/site-packages/airflow/example_dags/example_python_operator.py
[2022-12-15T05:56:29.251+0000] {processor.py:756} INFO - Processing file /home/airflow/.local/lib/python3.10/site-packages/airflow/example_dags/example_python_operator.py for tasks to queue
[2022-12-15T05:56:29.251+0000] {logging_mixin.py:137} INFO - [2022-12-15T05:56:29.251+0000] {dagbag.py:537} INFO - Filling up the DagBag from /home/airflow/.local/lib/python3.10/site-packages/airflow/example_dags/example_python_operator.py
[2022-12-15T05:56:29.266+0000] {logging_mixin.py:137} INFO - [2022-12-15T05:56:29.266+0000] {taskmixin.py:205} WARNING - Dependency <Task(_PythonDecoratedOperator): print_the_context>, log_sql_query already registered for DAG: example_python_operator
[2022-12-15T05:56:29.266+0000] {logging_mixin.py:137} INFO - [2022-12-15T05:56:29.266+0000] {taskmixin.py:205} WARNING - Dependency <Task(_PythonDecoratedOperator): log_sql_query>, print_the_context already registered for DAG: example_python_operator
[2022-12-15T05:56:29.267+0000] {logging_mixin.py:137} INFO - [2022-12-15T05:56:29.267+0000] {taskmixin.py:205} WARNING - Dependency <Task(_PythonDecoratedOperator): print_the_context>, log_sql_query already registered for DAG: example_python_operator
[2022-12-15T05:56:29.267+0000] {logging_mixin.py:137} INFO - [2022-12-15T05:56:29.267+0000] {taskmixin.py:205} WARNING - Dependency <Task(_PythonDecoratedOperator): log_sql_query>, print_the_context already registered for DAG: example_python_operator
[2022-12-15T05:56:29.267+0000] {logging_mixin.py:137} INFO - [2022-12-15T05:56:29.267+0000] {taskmixin.py:205} WARNING - Dependency <Task(_PythonDecoratedOperator): print_the_context>, log_sql_query already registered for DAG: example_python_operator
[2022-12-15T05:56:29.268+0000] {logging_mixin.py:137} INFO - [2022-12-15T05:56:29.268+0000] {taskmixin.py:205} WARNING - Dependency <Task(_PythonDecoratedOperator): log_sql_query>, print_the_context already registered for DAG: example_python_operator
[2022-12-15T05:56:29.268+0000] {logging_mixin.py:137} INFO - [2022-12-15T05:56:29.268+0000] {taskmixin.py:205} WARNING - Dependency <Task(_PythonDecoratedOperator): print_the_context>, log_sql_query already registered for DAG: example_python_operator
[2022-12-15T05:56:29.268+0000] {logging_mixin.py:137} INFO - [2022-12-15T05:56:29.268+0000] {taskmixin.py:205} WARNING - Dependency <Task(_PythonDecoratedOperator): log_sql_query>, print_the_context already registered for DAG: example_python_operator
[2022-12-15T05:56:29.277+0000] {processor.py:766} INFO - DAG(s) dict_keys(['example_python_operator']) retrieved from /home/airflow/.local/lib/python3.10/site-packages/airflow/example_dags/example_python_operator.py
[2022-12-15T05:56:29.442+0000] {logging_mixin.py:137} INFO - [2022-12-15T05:56:29.441+0000] {dag.py:2585} INFO - Sync 1 DAGs
[2022-12-15T05:56:29.461+0000] {logging_mixin.py:137} INFO - [2022-12-15T05:56:29.461+0000] {dag.py:3336} INFO - Setting next_dagrun for example_python_operator to None, run_after=None
[2022-12-15T05:56:29.481+0000] {processor.py:176} INFO - Processing /home/airflow/.local/lib/python3.10/site-packages/airflow/example_dags/example_python_operator.py took 0.234 seconds
[2022-12-15T05:57:00.291+0000] {processor.py:154} INFO - Started process (PID=118) to work on /home/airflow/.local/lib/python3.10/site-packages/airflow/example_dags/example_python_operator.py
[2022-12-15T05:57:00.293+0000] {processor.py:756} INFO - Processing file /home/airflow/.local/lib/python3.10/site-packages/airflow/example_dags/example_python_operator.py for tasks to queue
[2022-12-15T05:57:00.294+0000] {logging_mixin.py:137} INFO - [2022-12-15T05:57:00.294+0000] {dagbag.py:537} INFO - Filling up the DagBag from /home/airflow/.local/lib/python3.10/site-packages/airflow/example_dags/example_python_operator.py
[2022-12-15T05:57:00.462+0000] {logging_mixin.py:137} INFO - [2022-12-15T05:57:00.462+0000] {taskmixin.py:205} WARNING - Dependency <Task(_PythonDecoratedOperator): print_the_context>, log_sql_query already registered for DAG: example_python_operator
[2022-12-15T05:57:00.462+0000] {logging_mixin.py:137} INFO - [2022-12-15T05:57:00.462+0000] {taskmixin.py:205} WARNING - Dependency <Task(_PythonDecoratedOperator): log_sql_query>, print_the_context already registered for DAG: example_python_operator
[2022-12-15T05:57:00.463+0000] {logging_mixin.py:137} INFO - [2022-12-15T05:57:00.463+0000] {taskmixin.py:205} WARNING - Dependency <Task(_PythonDecoratedOperator): print_the_context>, log_sql_query already registered for DAG: example_python_operator
[2022-12-15T05:57:00.463+0000] {logging_mixin.py:137} INFO - [2022-12-15T05:57:00.463+0000] {taskmixin.py:205} WARNING - Dependency <Task(_PythonDecoratedOperator): log_sql_query>, print_the_context already registered for DAG: example_python_operator
[2022-12-15T05:57:00.464+0000] {logging_mixin.py:137} INFO - [2022-12-15T05:57:00.463+0000] {taskmixin.py:205} WARNING - Dependency <Task(_PythonDecoratedOperator): print_the_context>, log_sql_query already registered for DAG: example_python_operator
[2022-12-15T05:57:00.464+0000] {logging_mixin.py:137} INFO - [2022-12-15T05:57:00.464+0000] {taskmixin.py:205} WARNING - Dependency <Task(_PythonDecoratedOperator): log_sql_query>, print_the_context already registered for DAG: example_python_operator
[2022-12-15T05:57:00.464+0000] {logging_mixin.py:137} INFO - [2022-12-15T05:57:00.464+0000] {taskmixin.py:205} WARNING - Dependency <Task(_PythonDecoratedOperator): print_the_context>, log_sql_query already registered for DAG: example_python_operator
[2022-12-15T05:57:00.464+0000] {logging_mixin.py:137} INFO - [2022-12-15T05:57:00.464+0000] {taskmixin.py:205} WARNING - Dependency <Task(_PythonDecoratedOperator): log_sql_query>, print_the_context already registered for DAG: example_python_operator
[2022-12-15T05:57:00.472+0000] {processor.py:766} INFO - DAG(s) dict_keys(['example_python_operator']) retrieved from /home/airflow/.local/lib/python3.10/site-packages/airflow/example_dags/example_python_operator.py
[2022-12-15T05:57:00.512+0000] {logging_mixin.py:137} INFO - [2022-12-15T05:57:00.511+0000] {dag.py:2585} INFO - Sync 1 DAGs
[2022-12-15T05:57:00.536+0000] {logging_mixin.py:137} INFO - [2022-12-15T05:57:00.535+0000] {dag.py:3336} INFO - Setting next_dagrun for example_python_operator to None, run_after=None
[2022-12-15T05:57:00.563+0000] {processor.py:176} INFO - Processing /home/airflow/.local/lib/python3.10/site-packages/airflow/example_dags/example_python_operator.py took 0.275 seconds
[2022-12-15T05:57:30.894+0000] {processor.py:154} INFO - Started process (PID=171) to work on /home/airflow/.local/lib/python3.10/site-packages/airflow/example_dags/example_python_operator.py
[2022-12-15T05:57:30.895+0000] {processor.py:756} INFO - Processing file /home/airflow/.local/lib/python3.10/site-packages/airflow/example_dags/example_python_operator.py for tasks to queue
[2022-12-15T05:57:30.895+0000] {logging_mixin.py:137} INFO - [2022-12-15T05:57:30.895+0000] {dagbag.py:537} INFO - Filling up the DagBag from /home/airflow/.local/lib/python3.10/site-packages/airflow/example_dags/example_python_operator.py
[2022-12-15T05:57:30.911+0000] {logging_mixin.py:137} INFO - [2022-12-15T05:57:30.911+0000] {taskmixin.py:205} WARNING - Dependency <Task(_PythonDecoratedOperator): print_the_context>, log_sql_query already registered for DAG: example_python_operator
[2022-12-15T05:57:30.911+0000] {logging_mixin.py:137} INFO - [2022-12-15T05:57:30.911+0000] {taskmixin.py:205} WARNING - Dependency <Task(_PythonDecoratedOperator): log_sql_query>, print_the_context already registered for DAG: example_python_operator
[2022-12-15T05:57:30.912+0000] {logging_mixin.py:137} INFO - [2022-12-15T05:57:30.912+0000] {taskmixin.py:205} WARNING - Dependency <Task(_PythonDecoratedOperator): print_the_context>, log_sql_query already registered for DAG: example_python_operator
[2022-12-15T05:57:30.912+0000] {logging_mixin.py:137} INFO - [2022-12-15T05:57:30.912+0000] {taskmixin.py:205} WARNING - Dependency <Task(_PythonDecoratedOperator): log_sql_query>, print_the_context already registered for DAG: example_python_operator
[2022-12-15T05:57:30.913+0000] {logging_mixin.py:137} INFO - [2022-12-15T05:57:30.913+0000] {taskmixin.py:205} WARNING - Dependency <Task(_PythonDecoratedOperator): print_the_context>, log_sql_query already registered for DAG: example_python_operator
[2022-12-15T05:57:30.914+0000] {logging_mixin.py:137} INFO - [2022-12-15T05:57:30.914+0000] {taskmixin.py:205} WARNING - Dependency <Task(_PythonDecoratedOperator): log_sql_query>, print_the_context already registered for DAG: example_python_operator
[2022-12-15T05:57:30.915+0000] {logging_mixin.py:137} INFO - [2022-12-15T05:57:30.914+0000] {taskmixin.py:205} WARNING - Dependency <Task(_PythonDecoratedOperator): print_the_context>, log_sql_query already registered for DAG: example_python_operator
[2022-12-15T05:57:30.915+0000] {logging_mixin.py:137} INFO - [2022-12-15T05:57:30.915+0000] {taskmixin.py:205} WARNING - Dependency <Task(_PythonDecoratedOperator): log_sql_query>, print_the_context already registered for DAG: example_python_operator
[2022-12-15T05:57:30.923+0000] {processor.py:766} INFO - DAG(s) dict_keys(['example_python_operator']) retrieved from /home/airflow/.local/lib/python3.10/site-packages/airflow/example_dags/example_python_operator.py
[2022-12-15T05:57:30.973+0000] {logging_mixin.py:137} INFO - [2022-12-15T05:57:30.973+0000] {dag.py:2585} INFO - Sync 1 DAGs
[2022-12-15T05:57:30.999+0000] {logging_mixin.py:137} INFO - [2022-12-15T05:57:30.998+0000] {dag.py:3336} INFO - Setting next_dagrun for example_python_operator to None, run_after=None
[2022-12-15T05:57:31.023+0000] {processor.py:176} INFO - Processing /home/airflow/.local/lib/python3.10/site-packages/airflow/example_dags/example_python_operator.py took 0.132 seconds
[2022-12-15T05:59:39.566+0000] {processor.py:154} INFO - Started process (PID=60) to work on /home/airflow/.local/lib/python3.10/site-packages/airflow/example_dags/example_python_operator.py
[2022-12-15T05:59:39.568+0000] {processor.py:756} INFO - Processing file /home/airflow/.local/lib/python3.10/site-packages/airflow/example_dags/example_python_operator.py for tasks to queue
[2022-12-15T05:59:39.569+0000] {logging_mixin.py:137} INFO - [2022-12-15T05:59:39.568+0000] {dagbag.py:537} INFO - Filling up the DagBag from /home/airflow/.local/lib/python3.10/site-packages/airflow/example_dags/example_python_operator.py
[2022-12-15T05:59:39.591+0000] {logging_mixin.py:137} INFO - [2022-12-15T05:59:39.591+0000] {taskmixin.py:205} WARNING - Dependency <Task(_PythonDecoratedOperator): print_the_context>, log_sql_query already registered for DAG: example_python_operator
[2022-12-15T05:59:39.591+0000] {logging_mixin.py:137} INFO - [2022-12-15T05:59:39.591+0000] {taskmixin.py:205} WARNING - Dependency <Task(_PythonDecoratedOperator): log_sql_query>, print_the_context already registered for DAG: example_python_operator
[2022-12-15T05:59:39.592+0000] {logging_mixin.py:137} INFO - [2022-12-15T05:59:39.592+0000] {taskmixin.py:205} WARNING - Dependency <Task(_PythonDecoratedOperator): print_the_context>, log_sql_query already registered for DAG: example_python_operator
[2022-12-15T05:59:39.592+0000] {logging_mixin.py:137} INFO - [2022-12-15T05:59:39.592+0000] {taskmixin.py:205} WARNING - Dependency <Task(_PythonDecoratedOperator): log_sql_query>, print_the_context already registered for DAG: example_python_operator
[2022-12-15T05:59:39.593+0000] {logging_mixin.py:137} INFO - [2022-12-15T05:59:39.593+0000] {taskmixin.py:205} WARNING - Dependency <Task(_PythonDecoratedOperator): print_the_context>, log_sql_query already registered for DAG: example_python_operator
[2022-12-15T05:59:39.593+0000] {logging_mixin.py:137} INFO - [2022-12-15T05:59:39.593+0000] {taskmixin.py:205} WARNING - Dependency <Task(_PythonDecoratedOperator): log_sql_query>, print_the_context already registered for DAG: example_python_operator
[2022-12-15T05:59:39.594+0000] {logging_mixin.py:137} INFO - [2022-12-15T05:59:39.594+0000] {taskmixin.py:205} WARNING - Dependency <Task(_PythonDecoratedOperator): print_the_context>, log_sql_query already registered for DAG: example_python_operator
[2022-12-15T05:59:39.594+0000] {logging_mixin.py:137} INFO - [2022-12-15T05:59:39.594+0000] {taskmixin.py:205} WARNING - Dependency <Task(_PythonDecoratedOperator): log_sql_query>, print_the_context already registered for DAG: example_python_operator
[2022-12-15T05:59:39.606+0000] {processor.py:766} INFO - DAG(s) dict_keys(['example_python_operator']) retrieved from /home/airflow/.local/lib/python3.10/site-packages/airflow/example_dags/example_python_operator.py
[2022-12-15T05:59:39.794+0000] {logging_mixin.py:137} INFO - [2022-12-15T05:59:39.794+0000] {dag.py:2585} INFO - Sync 1 DAGs
[2022-12-15T05:59:39.822+0000] {logging_mixin.py:137} INFO - [2022-12-15T05:59:39.821+0000] {dag.py:3336} INFO - Setting next_dagrun for example_python_operator to None, run_after=None
[2022-12-15T05:59:39.851+0000] {processor.py:176} INFO - Processing /home/airflow/.local/lib/python3.10/site-packages/airflow/example_dags/example_python_operator.py took 0.288 seconds
[2022-12-15T06:00:10.113+0000] {processor.py:154} INFO - Started process (PID=118) to work on /home/airflow/.local/lib/python3.10/site-packages/airflow/example_dags/example_python_operator.py
[2022-12-15T06:00:10.114+0000] {processor.py:756} INFO - Processing file /home/airflow/.local/lib/python3.10/site-packages/airflow/example_dags/example_python_operator.py for tasks to queue
[2022-12-15T06:00:10.114+0000] {logging_mixin.py:137} INFO - [2022-12-15T06:00:10.114+0000] {dagbag.py:537} INFO - Filling up the DagBag from /home/airflow/.local/lib/python3.10/site-packages/airflow/example_dags/example_python_operator.py
[2022-12-15T06:00:10.264+0000] {logging_mixin.py:137} INFO - [2022-12-15T06:00:10.264+0000] {taskmixin.py:205} WARNING - Dependency <Task(_PythonDecoratedOperator): print_the_context>, log_sql_query already registered for DAG: example_python_operator
[2022-12-15T06:00:10.264+0000] {logging_mixin.py:137} INFO - [2022-12-15T06:00:10.264+0000] {taskmixin.py:205} WARNING - Dependency <Task(_PythonDecoratedOperator): log_sql_query>, print_the_context already registered for DAG: example_python_operator
[2022-12-15T06:00:10.265+0000] {logging_mixin.py:137} INFO - [2022-12-15T06:00:10.265+0000] {taskmixin.py:205} WARNING - Dependency <Task(_PythonDecoratedOperator): print_the_context>, log_sql_query already registered for DAG: example_python_operator
[2022-12-15T06:00:10.265+0000] {logging_mixin.py:137} INFO - [2022-12-15T06:00:10.265+0000] {taskmixin.py:205} WARNING - Dependency <Task(_PythonDecoratedOperator): log_sql_query>, print_the_context already registered for DAG: example_python_operator
[2022-12-15T06:00:10.265+0000] {logging_mixin.py:137} INFO - [2022-12-15T06:00:10.265+0000] {taskmixin.py:205} WARNING - Dependency <Task(_PythonDecoratedOperator): print_the_context>, log_sql_query already registered for DAG: example_python_operator
[2022-12-15T06:00:10.265+0000] {logging_mixin.py:137} INFO - [2022-12-15T06:00:10.265+0000] {taskmixin.py:205} WARNING - Dependency <Task(_PythonDecoratedOperator): log_sql_query>, print_the_context already registered for DAG: example_python_operator
[2022-12-15T06:00:10.266+0000] {logging_mixin.py:137} INFO - [2022-12-15T06:00:10.266+0000] {taskmixin.py:205} WARNING - Dependency <Task(_PythonDecoratedOperator): print_the_context>, log_sql_query already registered for DAG: example_python_operator
[2022-12-15T06:00:10.266+0000] {logging_mixin.py:137} INFO - [2022-12-15T06:00:10.266+0000] {taskmixin.py:205} WARNING - Dependency <Task(_PythonDecoratedOperator): log_sql_query>, print_the_context already registered for DAG: example_python_operator
[2022-12-15T06:00:10.272+0000] {processor.py:766} INFO - DAG(s) dict_keys(['example_python_operator']) retrieved from /home/airflow/.local/lib/python3.10/site-packages/airflow/example_dags/example_python_operator.py
[2022-12-15T06:00:10.302+0000] {logging_mixin.py:137} INFO - [2022-12-15T06:00:10.302+0000] {dag.py:2585} INFO - Sync 1 DAGs
[2022-12-15T06:00:10.321+0000] {logging_mixin.py:137} INFO - [2022-12-15T06:00:10.321+0000] {dag.py:3336} INFO - Setting next_dagrun for example_python_operator to None, run_after=None
[2022-12-15T06:00:10.340+0000] {processor.py:176} INFO - Processing /home/airflow/.local/lib/python3.10/site-packages/airflow/example_dags/example_python_operator.py took 0.230 seconds
[2022-12-15T06:00:40.947+0000] {processor.py:154} INFO - Started process (PID=171) to work on /home/airflow/.local/lib/python3.10/site-packages/airflow/example_dags/example_python_operator.py
[2022-12-15T06:00:40.948+0000] {processor.py:756} INFO - Processing file /home/airflow/.local/lib/python3.10/site-packages/airflow/example_dags/example_python_operator.py for tasks to queue
[2022-12-15T06:00:40.948+0000] {logging_mixin.py:137} INFO - [2022-12-15T06:00:40.948+0000] {dagbag.py:537} INFO - Filling up the DagBag from /home/airflow/.local/lib/python3.10/site-packages/airflow/example_dags/example_python_operator.py
[2022-12-15T06:00:40.963+0000] {logging_mixin.py:137} INFO - [2022-12-15T06:00:40.962+0000] {taskmixin.py:205} WARNING - Dependency <Task(_PythonDecoratedOperator): print_the_context>, log_sql_query already registered for DAG: example_python_operator
[2022-12-15T06:00:40.963+0000] {logging_mixin.py:137} INFO - [2022-12-15T06:00:40.963+0000] {taskmixin.py:205} WARNING - Dependency <Task(_PythonDecoratedOperator): log_sql_query>, print_the_context already registered for DAG: example_python_operator
[2022-12-15T06:00:40.963+0000] {logging_mixin.py:137} INFO - [2022-12-15T06:00:40.963+0000] {taskmixin.py:205} WARNING - Dependency <Task(_PythonDecoratedOperator): print_the_context>, log_sql_query already registered for DAG: example_python_operator
[2022-12-15T06:00:40.964+0000] {logging_mixin.py:137} INFO - [2022-12-15T06:00:40.964+0000] {taskmixin.py:205} WARNING - Dependency <Task(_PythonDecoratedOperator): log_sql_query>, print_the_context already registered for DAG: example_python_operator
[2022-12-15T06:00:40.964+0000] {logging_mixin.py:137} INFO - [2022-12-15T06:00:40.964+0000] {taskmixin.py:205} WARNING - Dependency <Task(_PythonDecoratedOperator): print_the_context>, log_sql_query already registered for DAG: example_python_operator
[2022-12-15T06:00:40.964+0000] {logging_mixin.py:137} INFO - [2022-12-15T06:00:40.964+0000] {taskmixin.py:205} WARNING - Dependency <Task(_PythonDecoratedOperator): log_sql_query>, print_the_context already registered for DAG: example_python_operator
[2022-12-15T06:00:40.965+0000] {logging_mixin.py:137} INFO - [2022-12-15T06:00:40.965+0000] {taskmixin.py:205} WARNING - Dependency <Task(_PythonDecoratedOperator): print_the_context>, log_sql_query already registered for DAG: example_python_operator
[2022-12-15T06:00:40.965+0000] {logging_mixin.py:137} INFO - [2022-12-15T06:00:40.965+0000] {taskmixin.py:205} WARNING - Dependency <Task(_PythonDecoratedOperator): log_sql_query>, print_the_context already registered for DAG: example_python_operator
[2022-12-15T06:00:40.972+0000] {processor.py:766} INFO - DAG(s) dict_keys(['example_python_operator']) retrieved from /home/airflow/.local/lib/python3.10/site-packages/airflow/example_dags/example_python_operator.py
[2022-12-15T06:00:41.007+0000] {logging_mixin.py:137} INFO - [2022-12-15T06:00:41.007+0000] {dag.py:2585} INFO - Sync 1 DAGs
[2022-12-15T06:00:41.025+0000] {logging_mixin.py:137} INFO - [2022-12-15T06:00:41.025+0000] {dag.py:3336} INFO - Setting next_dagrun for example_python_operator to None, run_after=None
[2022-12-15T06:00:41.043+0000] {processor.py:176} INFO - Processing /home/airflow/.local/lib/python3.10/site-packages/airflow/example_dags/example_python_operator.py took 0.098 seconds
[2022-12-15T06:01:11.607+0000] {processor.py:154} INFO - Started process (PID=229) to work on /home/airflow/.local/lib/python3.10/site-packages/airflow/example_dags/example_python_operator.py
[2022-12-15T06:01:11.608+0000] {processor.py:756} INFO - Processing file /home/airflow/.local/lib/python3.10/site-packages/airflow/example_dags/example_python_operator.py for tasks to queue
[2022-12-15T06:01:11.609+0000] {logging_mixin.py:137} INFO - [2022-12-15T06:01:11.609+0000] {dagbag.py:537} INFO - Filling up the DagBag from /home/airflow/.local/lib/python3.10/site-packages/airflow/example_dags/example_python_operator.py
[2022-12-15T06:01:11.625+0000] {logging_mixin.py:137} INFO - [2022-12-15T06:01:11.624+0000] {taskmixin.py:205} WARNING - Dependency <Task(_PythonDecoratedOperator): print_the_context>, log_sql_query already registered for DAG: example_python_operator
[2022-12-15T06:01:11.625+0000] {logging_mixin.py:137} INFO - [2022-12-15T06:01:11.625+0000] {taskmixin.py:205} WARNING - Dependency <Task(_PythonDecoratedOperator): log_sql_query>, print_the_context already registered for DAG: example_python_operator
[2022-12-15T06:01:11.625+0000] {logging_mixin.py:137} INFO - [2022-12-15T06:01:11.625+0000] {taskmixin.py:205} WARNING - Dependency <Task(_PythonDecoratedOperator): print_the_context>, log_sql_query already registered for DAG: example_python_operator
[2022-12-15T06:01:11.626+0000] {logging_mixin.py:137} INFO - [2022-12-15T06:01:11.626+0000] {taskmixin.py:205} WARNING - Dependency <Task(_PythonDecoratedOperator): log_sql_query>, print_the_context already registered for DAG: example_python_operator
[2022-12-15T06:01:11.627+0000] {logging_mixin.py:137} INFO - [2022-12-15T06:01:11.626+0000] {taskmixin.py:205} WARNING - Dependency <Task(_PythonDecoratedOperator): print_the_context>, log_sql_query already registered for DAG: example_python_operator
[2022-12-15T06:01:11.627+0000] {logging_mixin.py:137} INFO - [2022-12-15T06:01:11.627+0000] {taskmixin.py:205} WARNING - Dependency <Task(_PythonDecoratedOperator): log_sql_query>, print_the_context already registered for DAG: example_python_operator
[2022-12-15T06:01:11.627+0000] {logging_mixin.py:137} INFO - [2022-12-15T06:01:11.627+0000] {taskmixin.py:205} WARNING - Dependency <Task(_PythonDecoratedOperator): print_the_context>, log_sql_query already registered for DAG: example_python_operator
[2022-12-15T06:01:11.627+0000] {logging_mixin.py:137} INFO - [2022-12-15T06:01:11.627+0000] {taskmixin.py:205} WARNING - Dependency <Task(_PythonDecoratedOperator): log_sql_query>, print_the_context already registered for DAG: example_python_operator
[2022-12-15T06:01:11.634+0000] {processor.py:766} INFO - DAG(s) dict_keys(['example_python_operator']) retrieved from /home/airflow/.local/lib/python3.10/site-packages/airflow/example_dags/example_python_operator.py
[2022-12-15T06:01:11.669+0000] {logging_mixin.py:137} INFO - [2022-12-15T06:01:11.669+0000] {dag.py:2585} INFO - Sync 1 DAGs
[2022-12-15T06:01:11.687+0000] {logging_mixin.py:137} INFO - [2022-12-15T06:01:11.687+0000] {dag.py:3336} INFO - Setting next_dagrun for example_python_operator to None, run_after=None
[2022-12-15T06:01:11.707+0000] {processor.py:176} INFO - Processing /home/airflow/.local/lib/python3.10/site-packages/airflow/example_dags/example_python_operator.py took 0.101 seconds
[2022-12-15T06:01:42.194+0000] {processor.py:154} INFO - Started process (PID=287) to work on /home/airflow/.local/lib/python3.10/site-packages/airflow/example_dags/example_python_operator.py
[2022-12-15T06:01:42.195+0000] {processor.py:756} INFO - Processing file /home/airflow/.local/lib/python3.10/site-packages/airflow/example_dags/example_python_operator.py for tasks to queue
[2022-12-15T06:01:42.196+0000] {logging_mixin.py:137} INFO - [2022-12-15T06:01:42.195+0000] {dagbag.py:537} INFO - Filling up the DagBag from /home/airflow/.local/lib/python3.10/site-packages/airflow/example_dags/example_python_operator.py
[2022-12-15T06:01:42.210+0000] {logging_mixin.py:137} INFO - [2022-12-15T06:01:42.210+0000] {taskmixin.py:205} WARNING - Dependency <Task(_PythonDecoratedOperator): print_the_context>, log_sql_query already registered for DAG: example_python_operator
[2022-12-15T06:01:42.210+0000] {logging_mixin.py:137} INFO - [2022-12-15T06:01:42.210+0000] {taskmixin.py:205} WARNING - Dependency <Task(_PythonDecoratedOperator): log_sql_query>, print_the_context already registered for DAG: example_python_operator
[2022-12-15T06:01:42.211+0000] {logging_mixin.py:137} INFO - [2022-12-15T06:01:42.211+0000] {taskmixin.py:205} WARNING - Dependency <Task(_PythonDecoratedOperator): print_the_context>, log_sql_query already registered for DAG: example_python_operator
[2022-12-15T06:01:42.211+0000] {logging_mixin.py:137} INFO - [2022-12-15T06:01:42.211+0000] {taskmixin.py:205} WARNING - Dependency <Task(_PythonDecoratedOperator): log_sql_query>, print_the_context already registered for DAG: example_python_operator
[2022-12-15T06:01:42.212+0000] {logging_mixin.py:137} INFO - [2022-12-15T06:01:42.211+0000] {taskmixin.py:205} WARNING - Dependency <Task(_PythonDecoratedOperator): print_the_context>, log_sql_query already registered for DAG: example_python_operator
[2022-12-15T06:01:42.212+0000] {logging_mixin.py:137} INFO - [2022-12-15T06:01:42.212+0000] {taskmixin.py:205} WARNING - Dependency <Task(_PythonDecoratedOperator): log_sql_query>, print_the_context already registered for DAG: example_python_operator
[2022-12-15T06:01:42.212+0000] {logging_mixin.py:137} INFO - [2022-12-15T06:01:42.212+0000] {taskmixin.py:205} WARNING - Dependency <Task(_PythonDecoratedOperator): print_the_context>, log_sql_query already registered for DAG: example_python_operator
[2022-12-15T06:01:42.212+0000] {logging_mixin.py:137} INFO - [2022-12-15T06:01:42.212+0000] {taskmixin.py:205} WARNING - Dependency <Task(_PythonDecoratedOperator): log_sql_query>, print_the_context already registered for DAG: example_python_operator
[2022-12-15T06:01:42.220+0000] {processor.py:766} INFO - DAG(s) dict_keys(['example_python_operator']) retrieved from /home/airflow/.local/lib/python3.10/site-packages/airflow/example_dags/example_python_operator.py
[2022-12-15T06:01:42.272+0000] {logging_mixin.py:137} INFO - [2022-12-15T06:01:42.272+0000] {dag.py:2585} INFO - Sync 1 DAGs
[2022-12-15T06:01:42.296+0000] {logging_mixin.py:137} INFO - [2022-12-15T06:01:42.296+0000] {dag.py:3336} INFO - Setting next_dagrun for example_python_operator to None, run_after=None
[2022-12-15T06:01:42.327+0000] {processor.py:176} INFO - Processing /home/airflow/.local/lib/python3.10/site-packages/airflow/example_dags/example_python_operator.py took 0.134 seconds
