[2022-12-15T05:51:33.515+0000] {processor.py:154} INFO - Started process (PID=55) to work on /home/airflow/.local/lib/python3.10/site-packages/airflow/example_dags/example_skip_dag.py
[2022-12-15T05:51:33.516+0000] {processor.py:756} INFO - Processing file /home/airflow/.local/lib/python3.10/site-packages/airflow/example_dags/example_skip_dag.py for tasks to queue
[2022-12-15T05:51:33.517+0000] {logging_mixin.py:137} INFO - [2022-12-15T05:51:33.517+0000] {dagbag.py:537} INFO - Filling up the DagBag from /home/airflow/.local/lib/python3.10/site-packages/airflow/example_dags/example_skip_dag.py
[2022-12-15T05:51:33.536+0000] {processor.py:766} INFO - DAG(s) dict_keys(['example_skip_dag']) retrieved from /home/airflow/.local/lib/python3.10/site-packages/airflow/example_dags/example_skip_dag.py
[2022-12-15T05:51:33.953+0000] {logging_mixin.py:137} INFO - [2022-12-15T05:51:33.953+0000] {manager.py:507} INFO - Created Permission View: can delete on DAG:example_skip_dag
[2022-12-15T05:51:33.981+0000] {logging_mixin.py:137} INFO - [2022-12-15T05:51:33.980+0000] {manager.py:507} INFO - Created Permission View: can edit on DAG:example_skip_dag
[2022-12-15T05:51:33.996+0000] {logging_mixin.py:137} INFO - [2022-12-15T05:51:33.996+0000] {manager.py:507} INFO - Created Permission View: can read on DAG:example_skip_dag
[2022-12-15T05:51:33.997+0000] {logging_mixin.py:137} INFO - [2022-12-15T05:51:33.997+0000] {dag.py:2585} INFO - Sync 1 DAGs
[2022-12-15T05:51:34.010+0000] {logging_mixin.py:137} INFO - [2022-12-15T05:51:34.009+0000] {dag.py:2606} INFO - Creating ORM DAG for example_skip_dag
[2022-12-15T05:51:34.023+0000] {logging_mixin.py:137} INFO - [2022-12-15T05:51:34.023+0000] {dag.py:3336} INFO - Setting next_dagrun for example_skip_dag to 2022-12-14T05:51:34.023373+00:00, run_after=2022-12-15T05:51:34.023373+00:00
[2022-12-15T05:51:34.053+0000] {processor.py:176} INFO - Processing /home/airflow/.local/lib/python3.10/site-packages/airflow/example_dags/example_skip_dag.py took 0.541 seconds
[2022-12-15T05:52:04.843+0000] {processor.py:154} INFO - Started process (PID=114) to work on /home/airflow/.local/lib/python3.10/site-packages/airflow/example_dags/example_skip_dag.py
[2022-12-15T05:52:04.844+0000] {processor.py:756} INFO - Processing file /home/airflow/.local/lib/python3.10/site-packages/airflow/example_dags/example_skip_dag.py for tasks to queue
[2022-12-15T05:52:04.844+0000] {logging_mixin.py:137} INFO - [2022-12-15T05:52:04.844+0000] {dagbag.py:537} INFO - Filling up the DagBag from /home/airflow/.local/lib/python3.10/site-packages/airflow/example_dags/example_skip_dag.py
[2022-12-15T05:52:04.859+0000] {processor.py:766} INFO - DAG(s) dict_keys(['example_skip_dag']) retrieved from /home/airflow/.local/lib/python3.10/site-packages/airflow/example_dags/example_skip_dag.py
[2022-12-15T05:52:05.011+0000] {logging_mixin.py:137} INFO - [2022-12-15T05:52:05.010+0000] {dag.py:2585} INFO - Sync 1 DAGs
[2022-12-15T05:52:05.029+0000] {logging_mixin.py:137} INFO - [2022-12-15T05:52:05.029+0000] {dag.py:3336} INFO - Setting next_dagrun for example_skip_dag to 2022-12-14T05:52:05.029383+00:00, run_after=2022-12-15T05:52:05.029383+00:00
[2022-12-15T05:52:05.051+0000] {processor.py:176} INFO - Processing /home/airflow/.local/lib/python3.10/site-packages/airflow/example_dags/example_skip_dag.py took 0.211 seconds
[2022-12-15T05:52:35.280+0000] {processor.py:154} INFO - Started process (PID=167) to work on /home/airflow/.local/lib/python3.10/site-packages/airflow/example_dags/example_skip_dag.py
[2022-12-15T05:52:35.281+0000] {processor.py:756} INFO - Processing file /home/airflow/.local/lib/python3.10/site-packages/airflow/example_dags/example_skip_dag.py for tasks to queue
[2022-12-15T05:52:35.282+0000] {logging_mixin.py:137} INFO - [2022-12-15T05:52:35.282+0000] {dagbag.py:537} INFO - Filling up the DagBag from /home/airflow/.local/lib/python3.10/site-packages/airflow/example_dags/example_skip_dag.py
[2022-12-15T05:52:35.414+0000] {processor.py:766} INFO - DAG(s) dict_keys(['example_skip_dag']) retrieved from /home/airflow/.local/lib/python3.10/site-packages/airflow/example_dags/example_skip_dag.py
[2022-12-15T05:52:35.445+0000] {logging_mixin.py:137} INFO - [2022-12-15T05:52:35.445+0000] {dag.py:2585} INFO - Sync 1 DAGs
[2022-12-15T05:52:35.469+0000] {logging_mixin.py:137} INFO - [2022-12-15T05:52:35.468+0000] {dag.py:3336} INFO - Setting next_dagrun for example_skip_dag to 2022-12-14T05:52:35.468767+00:00, run_after=2022-12-15T05:52:35.468767+00:00
[2022-12-15T05:52:35.492+0000] {processor.py:176} INFO - Processing /home/airflow/.local/lib/python3.10/site-packages/airflow/example_dags/example_skip_dag.py took 0.214 seconds
[2022-12-15T05:53:06.004+0000] {processor.py:154} INFO - Started process (PID=225) to work on /home/airflow/.local/lib/python3.10/site-packages/airflow/example_dags/example_skip_dag.py
[2022-12-15T05:53:06.004+0000] {processor.py:756} INFO - Processing file /home/airflow/.local/lib/python3.10/site-packages/airflow/example_dags/example_skip_dag.py for tasks to queue
[2022-12-15T05:53:06.005+0000] {logging_mixin.py:137} INFO - [2022-12-15T05:53:06.004+0000] {dagbag.py:537} INFO - Filling up the DagBag from /home/airflow/.local/lib/python3.10/site-packages/airflow/example_dags/example_skip_dag.py
[2022-12-15T05:53:06.019+0000] {processor.py:766} INFO - DAG(s) dict_keys(['example_skip_dag']) retrieved from /home/airflow/.local/lib/python3.10/site-packages/airflow/example_dags/example_skip_dag.py
[2022-12-15T05:53:06.056+0000] {logging_mixin.py:137} INFO - [2022-12-15T05:53:06.056+0000] {dag.py:2585} INFO - Sync 1 DAGs
[2022-12-15T05:53:06.077+0000] {logging_mixin.py:137} INFO - [2022-12-15T05:53:06.077+0000] {dag.py:3336} INFO - Setting next_dagrun for example_skip_dag to 2022-12-14T05:53:06.077518+00:00, run_after=2022-12-15T05:53:06.077518+00:00
[2022-12-15T05:53:06.100+0000] {processor.py:176} INFO - Processing /home/airflow/.local/lib/python3.10/site-packages/airflow/example_dags/example_skip_dag.py took 0.098 seconds
[2022-12-15T05:53:36.415+0000] {processor.py:154} INFO - Started process (PID=283) to work on /home/airflow/.local/lib/python3.10/site-packages/airflow/example_dags/example_skip_dag.py
[2022-12-15T05:53:36.416+0000] {processor.py:756} INFO - Processing file /home/airflow/.local/lib/python3.10/site-packages/airflow/example_dags/example_skip_dag.py for tasks to queue
[2022-12-15T05:53:36.417+0000] {logging_mixin.py:137} INFO - [2022-12-15T05:53:36.417+0000] {dagbag.py:537} INFO - Filling up the DagBag from /home/airflow/.local/lib/python3.10/site-packages/airflow/example_dags/example_skip_dag.py
[2022-12-15T05:53:36.430+0000] {processor.py:766} INFO - DAG(s) dict_keys(['example_skip_dag']) retrieved from /home/airflow/.local/lib/python3.10/site-packages/airflow/example_dags/example_skip_dag.py
[2022-12-15T05:53:36.467+0000] {logging_mixin.py:137} INFO - [2022-12-15T05:53:36.467+0000] {dag.py:2585} INFO - Sync 1 DAGs
[2022-12-15T05:53:36.490+0000] {logging_mixin.py:137} INFO - [2022-12-15T05:53:36.490+0000] {dag.py:3336} INFO - Setting next_dagrun for example_skip_dag to 2022-12-14T05:53:36.490352+00:00, run_after=2022-12-15T05:53:36.490352+00:00
[2022-12-15T05:53:36.515+0000] {processor.py:176} INFO - Processing /home/airflow/.local/lib/python3.10/site-packages/airflow/example_dags/example_skip_dag.py took 0.102 seconds
[2022-12-15T05:54:06.892+0000] {processor.py:154} INFO - Started process (PID=334) to work on /home/airflow/.local/lib/python3.10/site-packages/airflow/example_dags/example_skip_dag.py
[2022-12-15T05:54:06.892+0000] {processor.py:756} INFO - Processing file /home/airflow/.local/lib/python3.10/site-packages/airflow/example_dags/example_skip_dag.py for tasks to queue
[2022-12-15T05:54:06.893+0000] {logging_mixin.py:137} INFO - [2022-12-15T05:54:06.892+0000] {dagbag.py:537} INFO - Filling up the DagBag from /home/airflow/.local/lib/python3.10/site-packages/airflow/example_dags/example_skip_dag.py
[2022-12-15T05:54:06.905+0000] {processor.py:766} INFO - DAG(s) dict_keys(['example_skip_dag']) retrieved from /home/airflow/.local/lib/python3.10/site-packages/airflow/example_dags/example_skip_dag.py
[2022-12-15T05:54:06.946+0000] {logging_mixin.py:137} INFO - [2022-12-15T05:54:06.946+0000] {dag.py:2585} INFO - Sync 1 DAGs
[2022-12-15T05:54:06.971+0000] {logging_mixin.py:137} INFO - [2022-12-15T05:54:06.971+0000] {dag.py:3336} INFO - Setting next_dagrun for example_skip_dag to 2022-12-14T05:54:06.971164+00:00, run_after=2022-12-15T05:54:06.971164+00:00
[2022-12-15T05:54:06.992+0000] {processor.py:176} INFO - Processing /home/airflow/.local/lib/python3.10/site-packages/airflow/example_dags/example_skip_dag.py took 0.103 seconds
[2022-12-15T05:54:37.168+0000] {processor.py:154} INFO - Started process (PID=392) to work on /home/airflow/.local/lib/python3.10/site-packages/airflow/example_dags/example_skip_dag.py
[2022-12-15T05:54:37.172+0000] {processor.py:756} INFO - Processing file /home/airflow/.local/lib/python3.10/site-packages/airflow/example_dags/example_skip_dag.py for tasks to queue
[2022-12-15T05:54:37.173+0000] {logging_mixin.py:137} INFO - [2022-12-15T05:54:37.173+0000] {dagbag.py:537} INFO - Filling up the DagBag from /home/airflow/.local/lib/python3.10/site-packages/airflow/example_dags/example_skip_dag.py
[2022-12-15T05:54:37.192+0000] {processor.py:766} INFO - DAG(s) dict_keys(['example_skip_dag']) retrieved from /home/airflow/.local/lib/python3.10/site-packages/airflow/example_dags/example_skip_dag.py
[2022-12-15T05:54:37.230+0000] {logging_mixin.py:137} INFO - [2022-12-15T05:54:37.230+0000] {dag.py:2585} INFO - Sync 1 DAGs
[2022-12-15T05:54:37.252+0000] {logging_mixin.py:137} INFO - [2022-12-15T05:54:37.252+0000] {dag.py:3336} INFO - Setting next_dagrun for example_skip_dag to 2022-12-14T05:54:37.251878+00:00, run_after=2022-12-15T05:54:37.251878+00:00
[2022-12-15T05:54:37.279+0000] {processor.py:176} INFO - Processing /home/airflow/.local/lib/python3.10/site-packages/airflow/example_dags/example_skip_dag.py took 0.114 seconds
[2022-12-15T05:55:07.634+0000] {processor.py:154} INFO - Started process (PID=450) to work on /home/airflow/.local/lib/python3.10/site-packages/airflow/example_dags/example_skip_dag.py
[2022-12-15T05:55:07.635+0000] {processor.py:756} INFO - Processing file /home/airflow/.local/lib/python3.10/site-packages/airflow/example_dags/example_skip_dag.py for tasks to queue
[2022-12-15T05:55:07.635+0000] {logging_mixin.py:137} INFO - [2022-12-15T05:55:07.635+0000] {dagbag.py:537} INFO - Filling up the DagBag from /home/airflow/.local/lib/python3.10/site-packages/airflow/example_dags/example_skip_dag.py
[2022-12-15T05:55:07.647+0000] {processor.py:766} INFO - DAG(s) dict_keys(['example_skip_dag']) retrieved from /home/airflow/.local/lib/python3.10/site-packages/airflow/example_dags/example_skip_dag.py
[2022-12-15T05:55:07.681+0000] {logging_mixin.py:137} INFO - [2022-12-15T05:55:07.681+0000] {dag.py:2585} INFO - Sync 1 DAGs
[2022-12-15T05:55:07.705+0000] {logging_mixin.py:137} INFO - [2022-12-15T05:55:07.705+0000] {dag.py:3336} INFO - Setting next_dagrun for example_skip_dag to 2022-12-14T05:55:07.704797+00:00, run_after=2022-12-15T05:55:07.704797+00:00
[2022-12-15T05:55:07.731+0000] {processor.py:176} INFO - Processing /home/airflow/.local/lib/python3.10/site-packages/airflow/example_dags/example_skip_dag.py took 0.099 seconds
[2022-12-15T05:56:28.077+0000] {processor.py:154} INFO - Started process (PID=53) to work on /home/airflow/.local/lib/python3.10/site-packages/airflow/example_dags/example_skip_dag.py
[2022-12-15T05:56:28.078+0000] {processor.py:756} INFO - Processing file /home/airflow/.local/lib/python3.10/site-packages/airflow/example_dags/example_skip_dag.py for tasks to queue
[2022-12-15T05:56:28.079+0000] {logging_mixin.py:137} INFO - [2022-12-15T05:56:28.079+0000] {dagbag.py:537} INFO - Filling up the DagBag from /home/airflow/.local/lib/python3.10/site-packages/airflow/example_dags/example_skip_dag.py
[2022-12-15T05:56:28.096+0000] {processor.py:766} INFO - DAG(s) dict_keys(['example_skip_dag']) retrieved from /home/airflow/.local/lib/python3.10/site-packages/airflow/example_dags/example_skip_dag.py
[2022-12-15T05:56:28.323+0000] {logging_mixin.py:137} INFO - [2022-12-15T05:56:28.322+0000] {dag.py:2585} INFO - Sync 1 DAGs
[2022-12-15T05:56:28.362+0000] {logging_mixin.py:137} INFO - [2022-12-15T05:56:28.362+0000] {dag.py:3336} INFO - Setting next_dagrun for example_skip_dag to 2022-12-14T05:56:28.361856+00:00, run_after=2022-12-15T05:56:28.361856+00:00
[2022-12-15T05:56:28.394+0000] {processor.py:176} INFO - Processing /home/airflow/.local/lib/python3.10/site-packages/airflow/example_dags/example_skip_dag.py took 0.319 seconds
[2022-12-15T05:56:59.155+0000] {processor.py:154} INFO - Started process (PID=111) to work on /home/airflow/.local/lib/python3.10/site-packages/airflow/example_dags/example_skip_dag.py
[2022-12-15T05:56:59.156+0000] {processor.py:756} INFO - Processing file /home/airflow/.local/lib/python3.10/site-packages/airflow/example_dags/example_skip_dag.py for tasks to queue
[2022-12-15T05:56:59.157+0000] {logging_mixin.py:137} INFO - [2022-12-15T05:56:59.156+0000] {dagbag.py:537} INFO - Filling up the DagBag from /home/airflow/.local/lib/python3.10/site-packages/airflow/example_dags/example_skip_dag.py
[2022-12-15T05:56:59.327+0000] {processor.py:766} INFO - DAG(s) dict_keys(['example_skip_dag']) retrieved from /home/airflow/.local/lib/python3.10/site-packages/airflow/example_dags/example_skip_dag.py
[2022-12-15T05:56:59.373+0000] {logging_mixin.py:137} INFO - [2022-12-15T05:56:59.372+0000] {dag.py:2585} INFO - Sync 1 DAGs
[2022-12-15T05:56:59.401+0000] {logging_mixin.py:137} INFO - [2022-12-15T05:56:59.401+0000] {dag.py:3336} INFO - Setting next_dagrun for example_skip_dag to 2022-12-14T05:56:59.400800+00:00, run_after=2022-12-15T05:56:59.400800+00:00
[2022-12-15T05:56:59.423+0000] {processor.py:176} INFO - Processing /home/airflow/.local/lib/python3.10/site-packages/airflow/example_dags/example_skip_dag.py took 0.272 seconds
[2022-12-15T05:57:29.454+0000] {processor.py:154} INFO - Started process (PID=164) to work on /home/airflow/.local/lib/python3.10/site-packages/airflow/example_dags/example_skip_dag.py
[2022-12-15T05:57:29.455+0000] {processor.py:756} INFO - Processing file /home/airflow/.local/lib/python3.10/site-packages/airflow/example_dags/example_skip_dag.py for tasks to queue
[2022-12-15T05:57:29.455+0000] {logging_mixin.py:137} INFO - [2022-12-15T05:57:29.455+0000] {dagbag.py:537} INFO - Filling up the DagBag from /home/airflow/.local/lib/python3.10/site-packages/airflow/example_dags/example_skip_dag.py
[2022-12-15T05:57:29.467+0000] {processor.py:766} INFO - DAG(s) dict_keys(['example_skip_dag']) retrieved from /home/airflow/.local/lib/python3.10/site-packages/airflow/example_dags/example_skip_dag.py
[2022-12-15T05:57:29.500+0000] {logging_mixin.py:137} INFO - [2022-12-15T05:57:29.499+0000] {dag.py:2585} INFO - Sync 1 DAGs
[2022-12-15T05:57:29.519+0000] {logging_mixin.py:137} INFO - [2022-12-15T05:57:29.519+0000] {dag.py:3336} INFO - Setting next_dagrun for example_skip_dag to 2022-12-14T05:57:29.519516+00:00, run_after=2022-12-15T05:57:29.519516+00:00
[2022-12-15T05:57:29.538+0000] {processor.py:176} INFO - Processing /home/airflow/.local/lib/python3.10/site-packages/airflow/example_dags/example_skip_dag.py took 0.086 seconds
[2022-12-15T05:59:38.488+0000] {processor.py:154} INFO - Started process (PID=53) to work on /home/airflow/.local/lib/python3.10/site-packages/airflow/example_dags/example_skip_dag.py
[2022-12-15T05:59:38.489+0000] {processor.py:756} INFO - Processing file /home/airflow/.local/lib/python3.10/site-packages/airflow/example_dags/example_skip_dag.py for tasks to queue
[2022-12-15T05:59:38.490+0000] {logging_mixin.py:137} INFO - [2022-12-15T05:59:38.490+0000] {dagbag.py:537} INFO - Filling up the DagBag from /home/airflow/.local/lib/python3.10/site-packages/airflow/example_dags/example_skip_dag.py
[2022-12-15T05:59:38.507+0000] {processor.py:766} INFO - DAG(s) dict_keys(['example_skip_dag']) retrieved from /home/airflow/.local/lib/python3.10/site-packages/airflow/example_dags/example_skip_dag.py
[2022-12-15T05:59:38.718+0000] {logging_mixin.py:137} INFO - [2022-12-15T05:59:38.718+0000] {dag.py:2585} INFO - Sync 1 DAGs
[2022-12-15T05:59:38.741+0000] {logging_mixin.py:137} INFO - [2022-12-15T05:59:38.741+0000] {dag.py:3336} INFO - Setting next_dagrun for example_skip_dag to 2022-12-14T05:59:38.741601+00:00, run_after=2022-12-15T05:59:38.741601+00:00
[2022-12-15T05:59:38.770+0000] {processor.py:176} INFO - Processing /home/airflow/.local/lib/python3.10/site-packages/airflow/example_dags/example_skip_dag.py took 0.284 seconds
[2022-12-15T06:00:08.827+0000] {processor.py:154} INFO - Started process (PID=111) to work on /home/airflow/.local/lib/python3.10/site-packages/airflow/example_dags/example_skip_dag.py
[2022-12-15T06:00:08.828+0000] {processor.py:756} INFO - Processing file /home/airflow/.local/lib/python3.10/site-packages/airflow/example_dags/example_skip_dag.py for tasks to queue
[2022-12-15T06:00:08.829+0000] {logging_mixin.py:137} INFO - [2022-12-15T06:00:08.829+0000] {dagbag.py:537} INFO - Filling up the DagBag from /home/airflow/.local/lib/python3.10/site-packages/airflow/example_dags/example_skip_dag.py
[2022-12-15T06:00:08.976+0000] {processor.py:766} INFO - DAG(s) dict_keys(['example_skip_dag']) retrieved from /home/airflow/.local/lib/python3.10/site-packages/airflow/example_dags/example_skip_dag.py
[2022-12-15T06:00:09.010+0000] {logging_mixin.py:137} INFO - [2022-12-15T06:00:09.009+0000] {dag.py:2585} INFO - Sync 1 DAGs
[2022-12-15T06:00:09.029+0000] {logging_mixin.py:137} INFO - [2022-12-15T06:00:09.029+0000] {dag.py:3336} INFO - Setting next_dagrun for example_skip_dag to 2022-12-14T06:00:09.029473+00:00, run_after=2022-12-15T06:00:09.029473+00:00
[2022-12-15T06:00:09.048+0000] {processor.py:176} INFO - Processing /home/airflow/.local/lib/python3.10/site-packages/airflow/example_dags/example_skip_dag.py took 0.223 seconds
[2022-12-15T06:00:39.412+0000] {processor.py:154} INFO - Started process (PID=163) to work on /home/airflow/.local/lib/python3.10/site-packages/airflow/example_dags/example_skip_dag.py
[2022-12-15T06:00:39.413+0000] {processor.py:756} INFO - Processing file /home/airflow/.local/lib/python3.10/site-packages/airflow/example_dags/example_skip_dag.py for tasks to queue
[2022-12-15T06:00:39.414+0000] {logging_mixin.py:137} INFO - [2022-12-15T06:00:39.414+0000] {dagbag.py:537} INFO - Filling up the DagBag from /home/airflow/.local/lib/python3.10/site-packages/airflow/example_dags/example_skip_dag.py
[2022-12-15T06:00:39.430+0000] {processor.py:766} INFO - DAG(s) dict_keys(['example_skip_dag']) retrieved from /home/airflow/.local/lib/python3.10/site-packages/airflow/example_dags/example_skip_dag.py
[2022-12-15T06:00:39.474+0000] {logging_mixin.py:137} INFO - [2022-12-15T06:00:39.473+0000] {dag.py:2585} INFO - Sync 1 DAGs
[2022-12-15T06:00:39.499+0000] {logging_mixin.py:137} INFO - [2022-12-15T06:00:39.499+0000] {dag.py:3336} INFO - Setting next_dagrun for example_skip_dag to 2022-12-14T06:00:39.499177+00:00, run_after=2022-12-15T06:00:39.499177+00:00
[2022-12-15T06:00:39.522+0000] {processor.py:176} INFO - Processing /home/airflow/.local/lib/python3.10/site-packages/airflow/example_dags/example_skip_dag.py took 0.113 seconds
[2022-12-15T06:01:10.223+0000] {processor.py:154} INFO - Started process (PID=222) to work on /home/airflow/.local/lib/python3.10/site-packages/airflow/example_dags/example_skip_dag.py
[2022-12-15T06:01:10.224+0000] {processor.py:756} INFO - Processing file /home/airflow/.local/lib/python3.10/site-packages/airflow/example_dags/example_skip_dag.py for tasks to queue
[2022-12-15T06:01:10.224+0000] {logging_mixin.py:137} INFO - [2022-12-15T06:01:10.224+0000] {dagbag.py:537} INFO - Filling up the DagBag from /home/airflow/.local/lib/python3.10/site-packages/airflow/example_dags/example_skip_dag.py
[2022-12-15T06:01:10.236+0000] {processor.py:766} INFO - DAG(s) dict_keys(['example_skip_dag']) retrieved from /home/airflow/.local/lib/python3.10/site-packages/airflow/example_dags/example_skip_dag.py
[2022-12-15T06:01:10.277+0000] {logging_mixin.py:137} INFO - [2022-12-15T06:01:10.277+0000] {dag.py:2585} INFO - Sync 1 DAGs
[2022-12-15T06:01:10.296+0000] {logging_mixin.py:137} INFO - [2022-12-15T06:01:10.296+0000] {dag.py:3336} INFO - Setting next_dagrun for example_skip_dag to 2022-12-14T06:01:10.296280+00:00, run_after=2022-12-15T06:01:10.296280+00:00
[2022-12-15T06:01:10.315+0000] {processor.py:176} INFO - Processing /home/airflow/.local/lib/python3.10/site-packages/airflow/example_dags/example_skip_dag.py took 0.095 seconds
[2022-12-15T06:01:40.596+0000] {processor.py:154} INFO - Started process (PID=273) to work on /home/airflow/.local/lib/python3.10/site-packages/airflow/example_dags/example_skip_dag.py
[2022-12-15T06:01:40.597+0000] {processor.py:756} INFO - Processing file /home/airflow/.local/lib/python3.10/site-packages/airflow/example_dags/example_skip_dag.py for tasks to queue
[2022-12-15T06:01:40.597+0000] {logging_mixin.py:137} INFO - [2022-12-15T06:01:40.597+0000] {dagbag.py:537} INFO - Filling up the DagBag from /home/airflow/.local/lib/python3.10/site-packages/airflow/example_dags/example_skip_dag.py
[2022-12-15T06:01:40.611+0000] {processor.py:766} INFO - DAG(s) dict_keys(['example_skip_dag']) retrieved from /home/airflow/.local/lib/python3.10/site-packages/airflow/example_dags/example_skip_dag.py
[2022-12-15T06:01:40.651+0000] {logging_mixin.py:137} INFO - [2022-12-15T06:01:40.651+0000] {dag.py:2585} INFO - Sync 1 DAGs
[2022-12-15T06:01:40.672+0000] {logging_mixin.py:137} INFO - [2022-12-15T06:01:40.672+0000] {dag.py:3336} INFO - Setting next_dagrun for example_skip_dag to 2022-12-14T06:01:40.672208+00:00, run_after=2022-12-15T06:01:40.672208+00:00
[2022-12-15T06:01:40.697+0000] {processor.py:176} INFO - Processing /home/airflow/.local/lib/python3.10/site-packages/airflow/example_dags/example_skip_dag.py took 0.103 seconds
