[2022-12-15T05:51:37.323+0000] {processor.py:154} INFO - Started process (PID=76) to work on /home/airflow/.local/lib/python3.10/site-packages/airflow/example_dags/example_task_group_decorator.py
[2022-12-15T05:51:37.324+0000] {processor.py:756} INFO - Processing file /home/airflow/.local/lib/python3.10/site-packages/airflow/example_dags/example_task_group_decorator.py for tasks to queue
[2022-12-15T05:51:37.325+0000] {logging_mixin.py:137} INFO - [2022-12-15T05:51:37.325+0000] {dagbag.py:537} INFO - Filling up the DagBag from /home/airflow/.local/lib/python3.10/site-packages/airflow/example_dags/example_task_group_decorator.py
[2022-12-15T05:51:37.508+0000] {processor.py:766} INFO - DAG(s) dict_keys(['example_task_group_decorator']) retrieved from /home/airflow/.local/lib/python3.10/site-packages/airflow/example_dags/example_task_group_decorator.py
[2022-12-15T05:51:37.658+0000] {logging_mixin.py:137} INFO - [2022-12-15T05:51:37.658+0000] {manager.py:507} INFO - Created Permission View: can delete on DAG:example_task_group_decorator
[2022-12-15T05:51:37.672+0000] {logging_mixin.py:137} INFO - [2022-12-15T05:51:37.672+0000] {manager.py:507} INFO - Created Permission View: can edit on DAG:example_task_group_decorator
[2022-12-15T05:51:37.683+0000] {logging_mixin.py:137} INFO - [2022-12-15T05:51:37.683+0000] {manager.py:507} INFO - Created Permission View: can read on DAG:example_task_group_decorator
[2022-12-15T05:51:37.683+0000] {logging_mixin.py:137} INFO - [2022-12-15T05:51:37.683+0000] {dag.py:2585} INFO - Sync 1 DAGs
[2022-12-15T05:51:37.696+0000] {logging_mixin.py:137} INFO - [2022-12-15T05:51:37.696+0000] {dag.py:2606} INFO - Creating ORM DAG for example_task_group_decorator
[2022-12-15T05:51:37.710+0000] {logging_mixin.py:137} INFO - [2022-12-15T05:51:37.710+0000] {dag.py:3336} INFO - Setting next_dagrun for example_task_group_decorator to 2022-12-14T05:51:37.710286+00:00, run_after=2022-12-15T05:51:37.710286+00:00
[2022-12-15T05:51:37.731+0000] {processor.py:176} INFO - Processing /home/airflow/.local/lib/python3.10/site-packages/airflow/example_dags/example_task_group_decorator.py took 0.411 seconds
[2022-12-15T05:52:07.771+0000] {processor.py:154} INFO - Started process (PID=128) to work on /home/airflow/.local/lib/python3.10/site-packages/airflow/example_dags/example_task_group_decorator.py
[2022-12-15T05:52:07.772+0000] {processor.py:756} INFO - Processing file /home/airflow/.local/lib/python3.10/site-packages/airflow/example_dags/example_task_group_decorator.py for tasks to queue
[2022-12-15T05:52:07.773+0000] {logging_mixin.py:137} INFO - [2022-12-15T05:52:07.772+0000] {dagbag.py:537} INFO - Filling up the DagBag from /home/airflow/.local/lib/python3.10/site-packages/airflow/example_dags/example_task_group_decorator.py
[2022-12-15T05:52:07.945+0000] {processor.py:766} INFO - DAG(s) dict_keys(['example_task_group_decorator']) retrieved from /home/airflow/.local/lib/python3.10/site-packages/airflow/example_dags/example_task_group_decorator.py
[2022-12-15T05:52:07.978+0000] {logging_mixin.py:137} INFO - [2022-12-15T05:52:07.978+0000] {dag.py:2585} INFO - Sync 1 DAGs
[2022-12-15T05:52:07.998+0000] {logging_mixin.py:137} INFO - [2022-12-15T05:52:07.998+0000] {dag.py:3336} INFO - Setting next_dagrun for example_task_group_decorator to 2022-12-14T05:52:07.998537+00:00, run_after=2022-12-15T05:52:07.998537+00:00
[2022-12-15T05:52:08.018+0000] {processor.py:176} INFO - Processing /home/airflow/.local/lib/python3.10/site-packages/airflow/example_dags/example_task_group_decorator.py took 0.250 seconds
[2022-12-15T05:52:38.494+0000] {processor.py:154} INFO - Started process (PID=188) to work on /home/airflow/.local/lib/python3.10/site-packages/airflow/example_dags/example_task_group_decorator.py
[2022-12-15T05:52:38.495+0000] {processor.py:756} INFO - Processing file /home/airflow/.local/lib/python3.10/site-packages/airflow/example_dags/example_task_group_decorator.py for tasks to queue
[2022-12-15T05:52:38.496+0000] {logging_mixin.py:137} INFO - [2022-12-15T05:52:38.495+0000] {dagbag.py:537} INFO - Filling up the DagBag from /home/airflow/.local/lib/python3.10/site-packages/airflow/example_dags/example_task_group_decorator.py
[2022-12-15T05:52:38.521+0000] {processor.py:766} INFO - DAG(s) dict_keys(['example_task_group_decorator']) retrieved from /home/airflow/.local/lib/python3.10/site-packages/airflow/example_dags/example_task_group_decorator.py
[2022-12-15T05:52:38.558+0000] {logging_mixin.py:137} INFO - [2022-12-15T05:52:38.558+0000] {dag.py:2585} INFO - Sync 1 DAGs
[2022-12-15T05:52:38.578+0000] {logging_mixin.py:137} INFO - [2022-12-15T05:52:38.578+0000] {dag.py:3336} INFO - Setting next_dagrun for example_task_group_decorator to 2022-12-14T05:52:38.578534+00:00, run_after=2022-12-15T05:52:38.578534+00:00
[2022-12-15T05:52:38.598+0000] {processor.py:176} INFO - Processing /home/airflow/.local/lib/python3.10/site-packages/airflow/example_dags/example_task_group_decorator.py took 0.107 seconds
[2022-12-15T05:53:08.833+0000] {processor.py:154} INFO - Started process (PID=239) to work on /home/airflow/.local/lib/python3.10/site-packages/airflow/example_dags/example_task_group_decorator.py
[2022-12-15T05:53:08.834+0000] {processor.py:756} INFO - Processing file /home/airflow/.local/lib/python3.10/site-packages/airflow/example_dags/example_task_group_decorator.py for tasks to queue
[2022-12-15T05:53:08.834+0000] {logging_mixin.py:137} INFO - [2022-12-15T05:53:08.834+0000] {dagbag.py:537} INFO - Filling up the DagBag from /home/airflow/.local/lib/python3.10/site-packages/airflow/example_dags/example_task_group_decorator.py
[2022-12-15T05:53:08.858+0000] {processor.py:766} INFO - DAG(s) dict_keys(['example_task_group_decorator']) retrieved from /home/airflow/.local/lib/python3.10/site-packages/airflow/example_dags/example_task_group_decorator.py
[2022-12-15T05:53:08.893+0000] {logging_mixin.py:137} INFO - [2022-12-15T05:53:08.893+0000] {dag.py:2585} INFO - Sync 1 DAGs
[2022-12-15T05:53:08.913+0000] {logging_mixin.py:137} INFO - [2022-12-15T05:53:08.912+0000] {dag.py:3336} INFO - Setting next_dagrun for example_task_group_decorator to 2022-12-14T05:53:08.912745+00:00, run_after=2022-12-15T05:53:08.912745+00:00
[2022-12-15T05:53:08.940+0000] {processor.py:176} INFO - Processing /home/airflow/.local/lib/python3.10/site-packages/airflow/example_dags/example_task_group_decorator.py took 0.109 seconds
[2022-12-15T05:53:39.327+0000] {processor.py:154} INFO - Started process (PID=297) to work on /home/airflow/.local/lib/python3.10/site-packages/airflow/example_dags/example_task_group_decorator.py
[2022-12-15T05:53:39.327+0000] {processor.py:756} INFO - Processing file /home/airflow/.local/lib/python3.10/site-packages/airflow/example_dags/example_task_group_decorator.py for tasks to queue
[2022-12-15T05:53:39.328+0000] {logging_mixin.py:137} INFO - [2022-12-15T05:53:39.328+0000] {dagbag.py:537} INFO - Filling up the DagBag from /home/airflow/.local/lib/python3.10/site-packages/airflow/example_dags/example_task_group_decorator.py
[2022-12-15T05:53:39.353+0000] {processor.py:766} INFO - DAG(s) dict_keys(['example_task_group_decorator']) retrieved from /home/airflow/.local/lib/python3.10/site-packages/airflow/example_dags/example_task_group_decorator.py
[2022-12-15T05:53:39.390+0000] {logging_mixin.py:137} INFO - [2022-12-15T05:53:39.390+0000] {dag.py:2585} INFO - Sync 1 DAGs
[2022-12-15T05:53:39.415+0000] {logging_mixin.py:137} INFO - [2022-12-15T05:53:39.415+0000] {dag.py:3336} INFO - Setting next_dagrun for example_task_group_decorator to 2022-12-14T05:53:39.415294+00:00, run_after=2022-12-15T05:53:39.415294+00:00
[2022-12-15T05:53:39.438+0000] {processor.py:176} INFO - Processing /home/airflow/.local/lib/python3.10/site-packages/airflow/example_dags/example_task_group_decorator.py took 0.114 seconds
[2022-12-15T05:54:09.929+0000] {processor.py:154} INFO - Started process (PID=355) to work on /home/airflow/.local/lib/python3.10/site-packages/airflow/example_dags/example_task_group_decorator.py
[2022-12-15T05:54:09.930+0000] {processor.py:756} INFO - Processing file /home/airflow/.local/lib/python3.10/site-packages/airflow/example_dags/example_task_group_decorator.py for tasks to queue
[2022-12-15T05:54:09.931+0000] {logging_mixin.py:137} INFO - [2022-12-15T05:54:09.931+0000] {dagbag.py:537} INFO - Filling up the DagBag from /home/airflow/.local/lib/python3.10/site-packages/airflow/example_dags/example_task_group_decorator.py
[2022-12-15T05:54:09.958+0000] {processor.py:766} INFO - DAG(s) dict_keys(['example_task_group_decorator']) retrieved from /home/airflow/.local/lib/python3.10/site-packages/airflow/example_dags/example_task_group_decorator.py
[2022-12-15T05:54:09.996+0000] {logging_mixin.py:137} INFO - [2022-12-15T05:54:09.996+0000] {dag.py:2585} INFO - Sync 1 DAGs
[2022-12-15T05:54:10.020+0000] {logging_mixin.py:137} INFO - [2022-12-15T05:54:10.019+0000] {dag.py:3336} INFO - Setting next_dagrun for example_task_group_decorator to 2022-12-14T05:54:10.019651+00:00, run_after=2022-12-15T05:54:10.019651+00:00
[2022-12-15T05:54:10.040+0000] {processor.py:176} INFO - Processing /home/airflow/.local/lib/python3.10/site-packages/airflow/example_dags/example_task_group_decorator.py took 0.113 seconds
[2022-12-15T05:54:40.099+0000] {processor.py:154} INFO - Started process (PID=406) to work on /home/airflow/.local/lib/python3.10/site-packages/airflow/example_dags/example_task_group_decorator.py
[2022-12-15T05:54:40.099+0000] {processor.py:756} INFO - Processing file /home/airflow/.local/lib/python3.10/site-packages/airflow/example_dags/example_task_group_decorator.py for tasks to queue
[2022-12-15T05:54:40.100+0000] {logging_mixin.py:137} INFO - [2022-12-15T05:54:40.100+0000] {dagbag.py:537} INFO - Filling up the DagBag from /home/airflow/.local/lib/python3.10/site-packages/airflow/example_dags/example_task_group_decorator.py
[2022-12-15T05:54:40.128+0000] {processor.py:766} INFO - DAG(s) dict_keys(['example_task_group_decorator']) retrieved from /home/airflow/.local/lib/python3.10/site-packages/airflow/example_dags/example_task_group_decorator.py
[2022-12-15T05:54:40.169+0000] {logging_mixin.py:137} INFO - [2022-12-15T05:54:40.169+0000] {dag.py:2585} INFO - Sync 1 DAGs
[2022-12-15T05:54:40.189+0000] {logging_mixin.py:137} INFO - [2022-12-15T05:54:40.189+0000] {dag.py:3336} INFO - Setting next_dagrun for example_task_group_decorator to 2022-12-14T05:54:40.188979+00:00, run_after=2022-12-15T05:54:40.188979+00:00
[2022-12-15T05:54:40.209+0000] {processor.py:176} INFO - Processing /home/airflow/.local/lib/python3.10/site-packages/airflow/example_dags/example_task_group_decorator.py took 0.114 seconds
[2022-12-15T05:55:10.593+0000] {processor.py:154} INFO - Started process (PID=464) to work on /home/airflow/.local/lib/python3.10/site-packages/airflow/example_dags/example_task_group_decorator.py
[2022-12-15T05:55:10.594+0000] {processor.py:756} INFO - Processing file /home/airflow/.local/lib/python3.10/site-packages/airflow/example_dags/example_task_group_decorator.py for tasks to queue
[2022-12-15T05:55:10.595+0000] {logging_mixin.py:137} INFO - [2022-12-15T05:55:10.595+0000] {dagbag.py:537} INFO - Filling up the DagBag from /home/airflow/.local/lib/python3.10/site-packages/airflow/example_dags/example_task_group_decorator.py
[2022-12-15T05:55:10.618+0000] {processor.py:766} INFO - DAG(s) dict_keys(['example_task_group_decorator']) retrieved from /home/airflow/.local/lib/python3.10/site-packages/airflow/example_dags/example_task_group_decorator.py
[2022-12-15T05:55:10.653+0000] {logging_mixin.py:137} INFO - [2022-12-15T05:55:10.652+0000] {dag.py:2585} INFO - Sync 1 DAGs
[2022-12-15T05:55:10.671+0000] {logging_mixin.py:137} INFO - [2022-12-15T05:55:10.671+0000] {dag.py:3336} INFO - Setting next_dagrun for example_task_group_decorator to 2022-12-14T05:55:10.670938+00:00, run_after=2022-12-15T05:55:10.670938+00:00
[2022-12-15T05:55:10.686+0000] {processor.py:176} INFO - Processing /home/airflow/.local/lib/python3.10/site-packages/airflow/example_dags/example_task_group_decorator.py took 0.095 seconds
[2022-12-15T05:56:30.172+0000] {processor.py:154} INFO - Started process (PID=67) to work on /home/airflow/.local/lib/python3.10/site-packages/airflow/example_dags/example_task_group_decorator.py
[2022-12-15T05:56:30.173+0000] {processor.py:756} INFO - Processing file /home/airflow/.local/lib/python3.10/site-packages/airflow/example_dags/example_task_group_decorator.py for tasks to queue
[2022-12-15T05:56:30.174+0000] {logging_mixin.py:137} INFO - [2022-12-15T05:56:30.174+0000] {dagbag.py:537} INFO - Filling up the DagBag from /home/airflow/.local/lib/python3.10/site-packages/airflow/example_dags/example_task_group_decorator.py
[2022-12-15T05:56:30.313+0000] {processor.py:766} INFO - DAG(s) dict_keys(['example_task_group_decorator']) retrieved from /home/airflow/.local/lib/python3.10/site-packages/airflow/example_dags/example_task_group_decorator.py
[2022-12-15T05:56:30.346+0000] {logging_mixin.py:137} INFO - [2022-12-15T05:56:30.346+0000] {dag.py:2585} INFO - Sync 1 DAGs
[2022-12-15T05:56:30.370+0000] {logging_mixin.py:137} INFO - [2022-12-15T05:56:30.370+0000] {dag.py:3336} INFO - Setting next_dagrun for example_task_group_decorator to 2022-12-14T05:56:30.370309+00:00, run_after=2022-12-15T05:56:30.370309+00:00
[2022-12-15T05:56:30.392+0000] {processor.py:176} INFO - Processing /home/airflow/.local/lib/python3.10/site-packages/airflow/example_dags/example_task_group_decorator.py took 0.224 seconds
[2022-12-15T05:57:01.324+0000] {processor.py:154} INFO - Started process (PID=125) to work on /home/airflow/.local/lib/python3.10/site-packages/airflow/example_dags/example_task_group_decorator.py
[2022-12-15T05:57:01.325+0000] {processor.py:756} INFO - Processing file /home/airflow/.local/lib/python3.10/site-packages/airflow/example_dags/example_task_group_decorator.py for tasks to queue
[2022-12-15T05:57:01.326+0000] {logging_mixin.py:137} INFO - [2022-12-15T05:57:01.326+0000] {dagbag.py:537} INFO - Filling up the DagBag from /home/airflow/.local/lib/python3.10/site-packages/airflow/example_dags/example_task_group_decorator.py
[2022-12-15T05:57:01.503+0000] {processor.py:766} INFO - DAG(s) dict_keys(['example_task_group_decorator']) retrieved from /home/airflow/.local/lib/python3.10/site-packages/airflow/example_dags/example_task_group_decorator.py
[2022-12-15T05:57:01.541+0000] {logging_mixin.py:137} INFO - [2022-12-15T05:57:01.541+0000] {dag.py:2585} INFO - Sync 1 DAGs
[2022-12-15T05:57:01.563+0000] {logging_mixin.py:137} INFO - [2022-12-15T05:57:01.563+0000] {dag.py:3336} INFO - Setting next_dagrun for example_task_group_decorator to 2022-12-14T05:57:01.563441+00:00, run_after=2022-12-15T05:57:01.563441+00:00
[2022-12-15T05:57:01.586+0000] {processor.py:176} INFO - Processing /home/airflow/.local/lib/python3.10/site-packages/airflow/example_dags/example_task_group_decorator.py took 0.264 seconds
[2022-12-15T05:57:31.714+0000] {processor.py:154} INFO - Started process (PID=178) to work on /home/airflow/.local/lib/python3.10/site-packages/airflow/example_dags/example_task_group_decorator.py
[2022-12-15T05:57:31.715+0000] {processor.py:756} INFO - Processing file /home/airflow/.local/lib/python3.10/site-packages/airflow/example_dags/example_task_group_decorator.py for tasks to queue
[2022-12-15T05:57:31.715+0000] {logging_mixin.py:137} INFO - [2022-12-15T05:57:31.715+0000] {dagbag.py:537} INFO - Filling up the DagBag from /home/airflow/.local/lib/python3.10/site-packages/airflow/example_dags/example_task_group_decorator.py
[2022-12-15T05:57:31.743+0000] {processor.py:766} INFO - DAG(s) dict_keys(['example_task_group_decorator']) retrieved from /home/airflow/.local/lib/python3.10/site-packages/airflow/example_dags/example_task_group_decorator.py
[2022-12-15T05:57:31.783+0000] {logging_mixin.py:137} INFO - [2022-12-15T05:57:31.783+0000] {dag.py:2585} INFO - Sync 1 DAGs
[2022-12-15T05:57:31.803+0000] {logging_mixin.py:137} INFO - [2022-12-15T05:57:31.803+0000] {dag.py:3336} INFO - Setting next_dagrun for example_task_group_decorator to 2022-12-14T05:57:31.802839+00:00, run_after=2022-12-15T05:57:31.802839+00:00
[2022-12-15T05:57:31.821+0000] {processor.py:176} INFO - Processing /home/airflow/.local/lib/python3.10/site-packages/airflow/example_dags/example_task_group_decorator.py took 0.109 seconds
[2022-12-15T05:59:40.611+0000] {processor.py:154} INFO - Started process (PID=67) to work on /home/airflow/.local/lib/python3.10/site-packages/airflow/example_dags/example_task_group_decorator.py
[2022-12-15T05:59:40.612+0000] {processor.py:756} INFO - Processing file /home/airflow/.local/lib/python3.10/site-packages/airflow/example_dags/example_task_group_decorator.py for tasks to queue
[2022-12-15T05:59:40.612+0000] {logging_mixin.py:137} INFO - [2022-12-15T05:59:40.612+0000] {dagbag.py:537} INFO - Filling up the DagBag from /home/airflow/.local/lib/python3.10/site-packages/airflow/example_dags/example_task_group_decorator.py
[2022-12-15T05:59:40.779+0000] {processor.py:766} INFO - DAG(s) dict_keys(['example_task_group_decorator']) retrieved from /home/airflow/.local/lib/python3.10/site-packages/airflow/example_dags/example_task_group_decorator.py
[2022-12-15T05:59:40.813+0000] {logging_mixin.py:137} INFO - [2022-12-15T05:59:40.813+0000] {dag.py:2585} INFO - Sync 1 DAGs
[2022-12-15T05:59:40.833+0000] {logging_mixin.py:137} INFO - [2022-12-15T05:59:40.833+0000] {dag.py:3336} INFO - Setting next_dagrun for example_task_group_decorator to 2022-12-14T05:59:40.833160+00:00, run_after=2022-12-15T05:59:40.833160+00:00
[2022-12-15T05:59:40.854+0000] {processor.py:176} INFO - Processing /home/airflow/.local/lib/python3.10/site-packages/airflow/example_dags/example_task_group_decorator.py took 0.246 seconds
[2022-12-15T06:00:11.149+0000] {processor.py:154} INFO - Started process (PID=125) to work on /home/airflow/.local/lib/python3.10/site-packages/airflow/example_dags/example_task_group_decorator.py
[2022-12-15T06:00:11.150+0000] {processor.py:756} INFO - Processing file /home/airflow/.local/lib/python3.10/site-packages/airflow/example_dags/example_task_group_decorator.py for tasks to queue
[2022-12-15T06:00:11.151+0000] {logging_mixin.py:137} INFO - [2022-12-15T06:00:11.151+0000] {dagbag.py:537} INFO - Filling up the DagBag from /home/airflow/.local/lib/python3.10/site-packages/airflow/example_dags/example_task_group_decorator.py
[2022-12-15T06:00:11.318+0000] {processor.py:766} INFO - DAG(s) dict_keys(['example_task_group_decorator']) retrieved from /home/airflow/.local/lib/python3.10/site-packages/airflow/example_dags/example_task_group_decorator.py
[2022-12-15T06:00:11.352+0000] {logging_mixin.py:137} INFO - [2022-12-15T06:00:11.352+0000] {dag.py:2585} INFO - Sync 1 DAGs
[2022-12-15T06:00:11.372+0000] {logging_mixin.py:137} INFO - [2022-12-15T06:00:11.372+0000] {dag.py:3336} INFO - Setting next_dagrun for example_task_group_decorator to 2022-12-14T06:00:11.372358+00:00, run_after=2022-12-15T06:00:11.372358+00:00
[2022-12-15T06:00:11.399+0000] {processor.py:176} INFO - Processing /home/airflow/.local/lib/python3.10/site-packages/airflow/example_dags/example_task_group_decorator.py took 0.252 seconds
[2022-12-15T06:00:41.475+0000] {processor.py:154} INFO - Started process (PID=178) to work on /home/airflow/.local/lib/python3.10/site-packages/airflow/example_dags/example_task_group_decorator.py
[2022-12-15T06:00:41.476+0000] {processor.py:756} INFO - Processing file /home/airflow/.local/lib/python3.10/site-packages/airflow/example_dags/example_task_group_decorator.py for tasks to queue
[2022-12-15T06:00:41.476+0000] {logging_mixin.py:137} INFO - [2022-12-15T06:00:41.476+0000] {dagbag.py:537} INFO - Filling up the DagBag from /home/airflow/.local/lib/python3.10/site-packages/airflow/example_dags/example_task_group_decorator.py
[2022-12-15T06:00:41.507+0000] {processor.py:766} INFO - DAG(s) dict_keys(['example_task_group_decorator']) retrieved from /home/airflow/.local/lib/python3.10/site-packages/airflow/example_dags/example_task_group_decorator.py
[2022-12-15T06:00:41.555+0000] {logging_mixin.py:137} INFO - [2022-12-15T06:00:41.555+0000] {dag.py:2585} INFO - Sync 1 DAGs
[2022-12-15T06:00:41.579+0000] {logging_mixin.py:137} INFO - [2022-12-15T06:00:41.579+0000] {dag.py:3336} INFO - Setting next_dagrun for example_task_group_decorator to 2022-12-14T06:00:41.579153+00:00, run_after=2022-12-15T06:00:41.579153+00:00
[2022-12-15T06:00:41.604+0000] {processor.py:176} INFO - Processing /home/airflow/.local/lib/python3.10/site-packages/airflow/example_dags/example_task_group_decorator.py took 0.132 seconds
[2022-12-15T06:01:12.081+0000] {processor.py:154} INFO - Started process (PID=236) to work on /home/airflow/.local/lib/python3.10/site-packages/airflow/example_dags/example_task_group_decorator.py
[2022-12-15T06:01:12.082+0000] {processor.py:756} INFO - Processing file /home/airflow/.local/lib/python3.10/site-packages/airflow/example_dags/example_task_group_decorator.py for tasks to queue
[2022-12-15T06:01:12.082+0000] {logging_mixin.py:137} INFO - [2022-12-15T06:01:12.082+0000] {dagbag.py:537} INFO - Filling up the DagBag from /home/airflow/.local/lib/python3.10/site-packages/airflow/example_dags/example_task_group_decorator.py
[2022-12-15T06:01:12.107+0000] {processor.py:766} INFO - DAG(s) dict_keys(['example_task_group_decorator']) retrieved from /home/airflow/.local/lib/python3.10/site-packages/airflow/example_dags/example_task_group_decorator.py
[2022-12-15T06:01:12.146+0000] {logging_mixin.py:137} INFO - [2022-12-15T06:01:12.146+0000] {dag.py:2585} INFO - Sync 1 DAGs
[2022-12-15T06:01:12.166+0000] {logging_mixin.py:137} INFO - [2022-12-15T06:01:12.166+0000] {dag.py:3336} INFO - Setting next_dagrun for example_task_group_decorator to 2022-12-14T06:01:12.166448+00:00, run_after=2022-12-15T06:01:12.166448+00:00
[2022-12-15T06:01:12.186+0000] {processor.py:176} INFO - Processing /home/airflow/.local/lib/python3.10/site-packages/airflow/example_dags/example_task_group_decorator.py took 0.108 seconds
[2022-12-15T06:01:42.860+0000] {processor.py:154} INFO - Started process (PID=294) to work on /home/airflow/.local/lib/python3.10/site-packages/airflow/example_dags/example_task_group_decorator.py
[2022-12-15T06:01:42.861+0000] {processor.py:756} INFO - Processing file /home/airflow/.local/lib/python3.10/site-packages/airflow/example_dags/example_task_group_decorator.py for tasks to queue
[2022-12-15T06:01:42.862+0000] {logging_mixin.py:137} INFO - [2022-12-15T06:01:42.862+0000] {dagbag.py:537} INFO - Filling up the DagBag from /home/airflow/.local/lib/python3.10/site-packages/airflow/example_dags/example_task_group_decorator.py
[2022-12-15T06:01:42.889+0000] {processor.py:766} INFO - DAG(s) dict_keys(['example_task_group_decorator']) retrieved from /home/airflow/.local/lib/python3.10/site-packages/airflow/example_dags/example_task_group_decorator.py
[2022-12-15T06:01:42.930+0000] {logging_mixin.py:137} INFO - [2022-12-15T06:01:42.930+0000] {dag.py:2585} INFO - Sync 1 DAGs
[2022-12-15T06:01:42.952+0000] {logging_mixin.py:137} INFO - [2022-12-15T06:01:42.952+0000] {dag.py:3336} INFO - Setting next_dagrun for example_task_group_decorator to 2022-12-14T06:01:42.952166+00:00, run_after=2022-12-15T06:01:42.952166+00:00
[2022-12-15T06:01:42.973+0000] {processor.py:176} INFO - Processing /home/airflow/.local/lib/python3.10/site-packages/airflow/example_dags/example_task_group_decorator.py took 0.115 seconds
