[2022-12-15T05:51:30.573+0000] {processor.py:154} INFO - Started process (PID=50) to work on /home/airflow/.local/lib/python3.10/site-packages/airflow/example_dags/example_branch_operator_decorator.py
[2022-12-15T05:51:30.574+0000] {processor.py:756} INFO - Processing file /home/airflow/.local/lib/python3.10/site-packages/airflow/example_dags/example_branch_operator_decorator.py for tasks to queue
[2022-12-15T05:51:30.576+0000] {logging_mixin.py:137} INFO - [2022-12-15T05:51:30.575+0000] {dagbag.py:537} INFO - Filling up the DagBag from /home/airflow/.local/lib/python3.10/site-packages/airflow/example_dags/example_branch_operator_decorator.py
[2022-12-15T05:51:30.614+0000] {processor.py:766} INFO - DAG(s) dict_keys(['example_branch_python_operator_decorator']) retrieved from /home/airflow/.local/lib/python3.10/site-packages/airflow/example_dags/example_branch_operator_decorator.py
[2022-12-15T05:51:31.177+0000] {logging_mixin.py:137} INFO - [2022-12-15T05:51:31.176+0000] {manager.py:507} INFO - Created Permission View: can delete on DAG:example_branch_python_operator_decorator
[2022-12-15T05:51:31.252+0000] {logging_mixin.py:137} INFO - [2022-12-15T05:51:31.252+0000] {manager.py:507} INFO - Created Permission View: can edit on DAG:example_branch_python_operator_decorator
[2022-12-15T05:51:31.339+0000] {logging_mixin.py:137} INFO - [2022-12-15T05:51:31.339+0000] {manager.py:507} INFO - Created Permission View: can read on DAG:example_branch_python_operator_decorator
[2022-12-15T05:51:31.340+0000] {logging_mixin.py:137} INFO - [2022-12-15T05:51:31.340+0000] {dag.py:2585} INFO - Sync 1 DAGs
[2022-12-15T05:51:31.368+0000] {logging_mixin.py:137} INFO - [2022-12-15T05:51:31.368+0000] {dag.py:2606} INFO - Creating ORM DAG for example_branch_python_operator_decorator
[2022-12-15T05:51:31.404+0000] {logging_mixin.py:137} INFO - [2022-12-15T05:51:31.402+0000] {dag.py:3336} INFO - Setting next_dagrun for example_branch_python_operator_decorator to 2022-12-14T00:00:00+00:00, run_after=2022-12-15T00:00:00+00:00
[2022-12-15T05:51:31.584+0000] {processor.py:176} INFO - Processing /home/airflow/.local/lib/python3.10/site-packages/airflow/example_dags/example_branch_operator_decorator.py took 1.014 seconds
[2022-12-15T05:52:01.734+0000] {processor.py:154} INFO - Started process (PID=109) to work on /home/airflow/.local/lib/python3.10/site-packages/airflow/example_dags/example_branch_operator_decorator.py
[2022-12-15T05:52:01.735+0000] {processor.py:756} INFO - Processing file /home/airflow/.local/lib/python3.10/site-packages/airflow/example_dags/example_branch_operator_decorator.py for tasks to queue
[2022-12-15T05:52:01.735+0000] {logging_mixin.py:137} INFO - [2022-12-15T05:52:01.735+0000] {dagbag.py:537} INFO - Filling up the DagBag from /home/airflow/.local/lib/python3.10/site-packages/airflow/example_dags/example_branch_operator_decorator.py
[2022-12-15T05:52:01.899+0000] {processor.py:766} INFO - DAG(s) dict_keys(['example_branch_python_operator_decorator']) retrieved from /home/airflow/.local/lib/python3.10/site-packages/airflow/example_dags/example_branch_operator_decorator.py
[2022-12-15T05:52:01.939+0000] {logging_mixin.py:137} INFO - [2022-12-15T05:52:01.939+0000] {dag.py:2585} INFO - Sync 1 DAGs
[2022-12-15T05:52:01.967+0000] {logging_mixin.py:137} INFO - [2022-12-15T05:52:01.966+0000] {dag.py:3336} INFO - Setting next_dagrun for example_branch_python_operator_decorator to 2022-12-14T00:00:00+00:00, run_after=2022-12-15T00:00:00+00:00
[2022-12-15T05:52:01.989+0000] {processor.py:176} INFO - Processing /home/airflow/.local/lib/python3.10/site-packages/airflow/example_dags/example_branch_operator_decorator.py took 0.257 seconds
[2022-12-15T05:52:32.032+0000] {processor.py:154} INFO - Started process (PID=162) to work on /home/airflow/.local/lib/python3.10/site-packages/airflow/example_dags/example_branch_operator_decorator.py
[2022-12-15T05:52:32.033+0000] {processor.py:756} INFO - Processing file /home/airflow/.local/lib/python3.10/site-packages/airflow/example_dags/example_branch_operator_decorator.py for tasks to queue
[2022-12-15T05:52:32.033+0000] {logging_mixin.py:137} INFO - [2022-12-15T05:52:32.033+0000] {dagbag.py:537} INFO - Filling up the DagBag from /home/airflow/.local/lib/python3.10/site-packages/airflow/example_dags/example_branch_operator_decorator.py
[2022-12-15T05:52:32.280+0000] {processor.py:766} INFO - DAG(s) dict_keys(['example_branch_python_operator_decorator']) retrieved from /home/airflow/.local/lib/python3.10/site-packages/airflow/example_dags/example_branch_operator_decorator.py
[2022-12-15T05:52:32.329+0000] {logging_mixin.py:137} INFO - [2022-12-15T05:52:32.328+0000] {dag.py:2585} INFO - Sync 1 DAGs
[2022-12-15T05:52:32.371+0000] {logging_mixin.py:137} INFO - [2022-12-15T05:52:32.371+0000] {dag.py:3336} INFO - Setting next_dagrun for example_branch_python_operator_decorator to 2022-12-14T00:00:00+00:00, run_after=2022-12-15T00:00:00+00:00
[2022-12-15T05:52:32.400+0000] {processor.py:176} INFO - Processing /home/airflow/.local/lib/python3.10/site-packages/airflow/example_dags/example_branch_operator_decorator.py took 0.370 seconds
[2022-12-15T05:53:02.704+0000] {processor.py:154} INFO - Started process (PID=220) to work on /home/airflow/.local/lib/python3.10/site-packages/airflow/example_dags/example_branch_operator_decorator.py
[2022-12-15T05:53:02.704+0000] {processor.py:756} INFO - Processing file /home/airflow/.local/lib/python3.10/site-packages/airflow/example_dags/example_branch_operator_decorator.py for tasks to queue
[2022-12-15T05:53:02.705+0000] {logging_mixin.py:137} INFO - [2022-12-15T05:53:02.705+0000] {dagbag.py:537} INFO - Filling up the DagBag from /home/airflow/.local/lib/python3.10/site-packages/airflow/example_dags/example_branch_operator_decorator.py
[2022-12-15T05:53:02.727+0000] {processor.py:766} INFO - DAG(s) dict_keys(['example_branch_python_operator_decorator']) retrieved from /home/airflow/.local/lib/python3.10/site-packages/airflow/example_dags/example_branch_operator_decorator.py
[2022-12-15T05:53:02.761+0000] {logging_mixin.py:137} INFO - [2022-12-15T05:53:02.761+0000] {dag.py:2585} INFO - Sync 1 DAGs
[2022-12-15T05:53:02.785+0000] {logging_mixin.py:137} INFO - [2022-12-15T05:53:02.785+0000] {dag.py:3336} INFO - Setting next_dagrun for example_branch_python_operator_decorator to 2022-12-14T00:00:00+00:00, run_after=2022-12-15T00:00:00+00:00
[2022-12-15T05:53:02.803+0000] {processor.py:176} INFO - Processing /home/airflow/.local/lib/python3.10/site-packages/airflow/example_dags/example_branch_operator_decorator.py took 0.102 seconds
[2022-12-15T05:53:33.102+0000] {processor.py:154} INFO - Started process (PID=278) to work on /home/airflow/.local/lib/python3.10/site-packages/airflow/example_dags/example_branch_operator_decorator.py
[2022-12-15T05:53:33.103+0000] {processor.py:756} INFO - Processing file /home/airflow/.local/lib/python3.10/site-packages/airflow/example_dags/example_branch_operator_decorator.py for tasks to queue
[2022-12-15T05:53:33.103+0000] {logging_mixin.py:137} INFO - [2022-12-15T05:53:33.103+0000] {dagbag.py:537} INFO - Filling up the DagBag from /home/airflow/.local/lib/python3.10/site-packages/airflow/example_dags/example_branch_operator_decorator.py
[2022-12-15T05:53:33.126+0000] {processor.py:766} INFO - DAG(s) dict_keys(['example_branch_python_operator_decorator']) retrieved from /home/airflow/.local/lib/python3.10/site-packages/airflow/example_dags/example_branch_operator_decorator.py
[2022-12-15T05:53:33.165+0000] {logging_mixin.py:137} INFO - [2022-12-15T05:53:33.165+0000] {dag.py:2585} INFO - Sync 1 DAGs
[2022-12-15T05:53:33.190+0000] {logging_mixin.py:137} INFO - [2022-12-15T05:53:33.189+0000] {dag.py:3336} INFO - Setting next_dagrun for example_branch_python_operator_decorator to 2022-12-14T00:00:00+00:00, run_after=2022-12-15T00:00:00+00:00
[2022-12-15T05:53:33.215+0000] {processor.py:176} INFO - Processing /home/airflow/.local/lib/python3.10/site-packages/airflow/example_dags/example_branch_operator_decorator.py took 0.115 seconds
[2022-12-15T05:54:03.532+0000] {processor.py:154} INFO - Started process (PID=329) to work on /home/airflow/.local/lib/python3.10/site-packages/airflow/example_dags/example_branch_operator_decorator.py
[2022-12-15T05:54:03.532+0000] {processor.py:756} INFO - Processing file /home/airflow/.local/lib/python3.10/site-packages/airflow/example_dags/example_branch_operator_decorator.py for tasks to queue
[2022-12-15T05:54:03.533+0000] {logging_mixin.py:137} INFO - [2022-12-15T05:54:03.532+0000] {dagbag.py:537} INFO - Filling up the DagBag from /home/airflow/.local/lib/python3.10/site-packages/airflow/example_dags/example_branch_operator_decorator.py
[2022-12-15T05:54:03.556+0000] {processor.py:766} INFO - DAG(s) dict_keys(['example_branch_python_operator_decorator']) retrieved from /home/airflow/.local/lib/python3.10/site-packages/airflow/example_dags/example_branch_operator_decorator.py
[2022-12-15T05:54:03.596+0000] {logging_mixin.py:137} INFO - [2022-12-15T05:54:03.596+0000] {dag.py:2585} INFO - Sync 1 DAGs
[2022-12-15T05:54:03.623+0000] {logging_mixin.py:137} INFO - [2022-12-15T05:54:03.623+0000] {dag.py:3336} INFO - Setting next_dagrun for example_branch_python_operator_decorator to 2022-12-14T00:00:00+00:00, run_after=2022-12-15T00:00:00+00:00
[2022-12-15T05:54:03.647+0000] {processor.py:176} INFO - Processing /home/airflow/.local/lib/python3.10/site-packages/airflow/example_dags/example_branch_operator_decorator.py took 0.117 seconds
[2022-12-15T05:54:33.882+0000] {processor.py:154} INFO - Started process (PID=387) to work on /home/airflow/.local/lib/python3.10/site-packages/airflow/example_dags/example_branch_operator_decorator.py
[2022-12-15T05:54:33.883+0000] {processor.py:756} INFO - Processing file /home/airflow/.local/lib/python3.10/site-packages/airflow/example_dags/example_branch_operator_decorator.py for tasks to queue
[2022-12-15T05:54:33.884+0000] {logging_mixin.py:137} INFO - [2022-12-15T05:54:33.884+0000] {dagbag.py:537} INFO - Filling up the DagBag from /home/airflow/.local/lib/python3.10/site-packages/airflow/example_dags/example_branch_operator_decorator.py
[2022-12-15T05:54:33.906+0000] {processor.py:766} INFO - DAG(s) dict_keys(['example_branch_python_operator_decorator']) retrieved from /home/airflow/.local/lib/python3.10/site-packages/airflow/example_dags/example_branch_operator_decorator.py
[2022-12-15T05:54:33.944+0000] {logging_mixin.py:137} INFO - [2022-12-15T05:54:33.944+0000] {dag.py:2585} INFO - Sync 1 DAGs
[2022-12-15T05:54:33.968+0000] {logging_mixin.py:137} INFO - [2022-12-15T05:54:33.968+0000] {dag.py:3336} INFO - Setting next_dagrun for example_branch_python_operator_decorator to 2022-12-14T00:00:00+00:00, run_after=2022-12-15T00:00:00+00:00
[2022-12-15T05:54:33.990+0000] {processor.py:176} INFO - Processing /home/airflow/.local/lib/python3.10/site-packages/airflow/example_dags/example_branch_operator_decorator.py took 0.110 seconds
[2022-12-15T05:55:04.321+0000] {processor.py:154} INFO - Started process (PID=438) to work on /home/airflow/.local/lib/python3.10/site-packages/airflow/example_dags/example_branch_operator_decorator.py
[2022-12-15T05:55:04.321+0000] {processor.py:756} INFO - Processing file /home/airflow/.local/lib/python3.10/site-packages/airflow/example_dags/example_branch_operator_decorator.py for tasks to queue
[2022-12-15T05:55:04.322+0000] {logging_mixin.py:137} INFO - [2022-12-15T05:55:04.322+0000] {dagbag.py:537} INFO - Filling up the DagBag from /home/airflow/.local/lib/python3.10/site-packages/airflow/example_dags/example_branch_operator_decorator.py
[2022-12-15T05:55:04.345+0000] {processor.py:766} INFO - DAG(s) dict_keys(['example_branch_python_operator_decorator']) retrieved from /home/airflow/.local/lib/python3.10/site-packages/airflow/example_dags/example_branch_operator_decorator.py
[2022-12-15T05:55:04.383+0000] {logging_mixin.py:137} INFO - [2022-12-15T05:55:04.382+0000] {dag.py:2585} INFO - Sync 1 DAGs
[2022-12-15T05:55:04.412+0000] {logging_mixin.py:137} INFO - [2022-12-15T05:55:04.412+0000] {dag.py:3336} INFO - Setting next_dagrun for example_branch_python_operator_decorator to 2022-12-14T00:00:00+00:00, run_after=2022-12-15T00:00:00+00:00
[2022-12-15T05:55:04.432+0000] {processor.py:176} INFO - Processing /home/airflow/.local/lib/python3.10/site-packages/airflow/example_dags/example_branch_operator_decorator.py took 0.113 seconds
[2022-12-15T05:55:34.609+0000] {processor.py:154} INFO - Started process (PID=497) to work on /home/airflow/.local/lib/python3.10/site-packages/airflow/example_dags/example_branch_operator_decorator.py
[2022-12-15T05:55:34.610+0000] {processor.py:756} INFO - Processing file /home/airflow/.local/lib/python3.10/site-packages/airflow/example_dags/example_branch_operator_decorator.py for tasks to queue
[2022-12-15T05:55:34.611+0000] {logging_mixin.py:137} INFO - [2022-12-15T05:55:34.611+0000] {dagbag.py:537} INFO - Filling up the DagBag from /home/airflow/.local/lib/python3.10/site-packages/airflow/example_dags/example_branch_operator_decorator.py
[2022-12-15T05:55:34.633+0000] {processor.py:766} INFO - DAG(s) dict_keys(['example_branch_python_operator_decorator']) retrieved from /home/airflow/.local/lib/python3.10/site-packages/airflow/example_dags/example_branch_operator_decorator.py
[2022-12-15T05:55:34.670+0000] {logging_mixin.py:137} INFO - [2022-12-15T05:55:34.670+0000] {dag.py:2585} INFO - Sync 1 DAGs
[2022-12-15T05:55:34.693+0000] {logging_mixin.py:137} INFO - [2022-12-15T05:55:34.693+0000] {dag.py:3336} INFO - Setting next_dagrun for example_branch_python_operator_decorator to 2022-12-14T00:00:00+00:00, run_after=2022-12-15T00:00:00+00:00
[2022-12-15T05:55:34.717+0000] {processor.py:176} INFO - Processing /home/airflow/.local/lib/python3.10/site-packages/airflow/example_dags/example_branch_operator_decorator.py took 0.111 seconds
[2022-12-15T05:56:27.205+0000] {processor.py:154} INFO - Started process (PID=48) to work on /home/airflow/.local/lib/python3.10/site-packages/airflow/example_dags/example_branch_operator_decorator.py
[2022-12-15T05:56:27.206+0000] {processor.py:756} INFO - Processing file /home/airflow/.local/lib/python3.10/site-packages/airflow/example_dags/example_branch_operator_decorator.py for tasks to queue
[2022-12-15T05:56:27.207+0000] {logging_mixin.py:137} INFO - [2022-12-15T05:56:27.207+0000] {dagbag.py:537} INFO - Filling up the DagBag from /home/airflow/.local/lib/python3.10/site-packages/airflow/example_dags/example_branch_operator_decorator.py
[2022-12-15T05:56:27.233+0000] {processor.py:766} INFO - DAG(s) dict_keys(['example_branch_python_operator_decorator']) retrieved from /home/airflow/.local/lib/python3.10/site-packages/airflow/example_dags/example_branch_operator_decorator.py
[2022-12-15T05:56:27.382+0000] {logging_mixin.py:137} INFO - [2022-12-15T05:56:27.381+0000] {dag.py:2585} INFO - Sync 1 DAGs
[2022-12-15T05:56:27.416+0000] {logging_mixin.py:137} INFO - [2022-12-15T05:56:27.416+0000] {dag.py:3336} INFO - Setting next_dagrun for example_branch_python_operator_decorator to 2022-12-14T00:00:00+00:00, run_after=2022-12-15T00:00:00+00:00
[2022-12-15T05:56:27.439+0000] {processor.py:176} INFO - Processing /home/airflow/.local/lib/python3.10/site-packages/airflow/example_dags/example_branch_operator_decorator.py took 0.236 seconds
[2022-12-15T05:56:58.444+0000] {processor.py:154} INFO - Started process (PID=106) to work on /home/airflow/.local/lib/python3.10/site-packages/airflow/example_dags/example_branch_operator_decorator.py
[2022-12-15T05:56:58.445+0000] {processor.py:756} INFO - Processing file /home/airflow/.local/lib/python3.10/site-packages/airflow/example_dags/example_branch_operator_decorator.py for tasks to queue
[2022-12-15T05:56:58.446+0000] {logging_mixin.py:137} INFO - [2022-12-15T05:56:58.446+0000] {dagbag.py:537} INFO - Filling up the DagBag from /home/airflow/.local/lib/python3.10/site-packages/airflow/example_dags/example_branch_operator_decorator.py
[2022-12-15T05:56:58.631+0000] {processor.py:766} INFO - DAG(s) dict_keys(['example_branch_python_operator_decorator']) retrieved from /home/airflow/.local/lib/python3.10/site-packages/airflow/example_dags/example_branch_operator_decorator.py
[2022-12-15T05:56:58.670+0000] {logging_mixin.py:137} INFO - [2022-12-15T05:56:58.670+0000] {dag.py:2585} INFO - Sync 1 DAGs
[2022-12-15T05:56:58.693+0000] {logging_mixin.py:137} INFO - [2022-12-15T05:56:58.693+0000] {dag.py:3336} INFO - Setting next_dagrun for example_branch_python_operator_decorator to 2022-12-14T00:00:00+00:00, run_after=2022-12-15T00:00:00+00:00
[2022-12-15T05:56:58.715+0000] {processor.py:176} INFO - Processing /home/airflow/.local/lib/python3.10/site-packages/airflow/example_dags/example_branch_operator_decorator.py took 0.273 seconds
[2022-12-15T05:57:29.123+0000] {processor.py:154} INFO - Started process (PID=159) to work on /home/airflow/.local/lib/python3.10/site-packages/airflow/example_dags/example_branch_operator_decorator.py
[2022-12-15T05:57:29.124+0000] {processor.py:756} INFO - Processing file /home/airflow/.local/lib/python3.10/site-packages/airflow/example_dags/example_branch_operator_decorator.py for tasks to queue
[2022-12-15T05:57:29.124+0000] {logging_mixin.py:137} INFO - [2022-12-15T05:57:29.124+0000] {dagbag.py:537} INFO - Filling up the DagBag from /home/airflow/.local/lib/python3.10/site-packages/airflow/example_dags/example_branch_operator_decorator.py
[2022-12-15T05:57:29.146+0000] {processor.py:766} INFO - DAG(s) dict_keys(['example_branch_python_operator_decorator']) retrieved from /home/airflow/.local/lib/python3.10/site-packages/airflow/example_dags/example_branch_operator_decorator.py
[2022-12-15T05:57:29.186+0000] {logging_mixin.py:137} INFO - [2022-12-15T05:57:29.186+0000] {dag.py:2585} INFO - Sync 1 DAGs
[2022-12-15T05:57:29.209+0000] {logging_mixin.py:137} INFO - [2022-12-15T05:57:29.209+0000] {dag.py:3336} INFO - Setting next_dagrun for example_branch_python_operator_decorator to 2022-12-14T00:00:00+00:00, run_after=2022-12-15T00:00:00+00:00
[2022-12-15T05:57:29.229+0000] {processor.py:176} INFO - Processing /home/airflow/.local/lib/python3.10/site-packages/airflow/example_dags/example_branch_operator_decorator.py took 0.107 seconds
[2022-12-15T05:59:37.651+0000] {processor.py:154} INFO - Started process (PID=48) to work on /home/airflow/.local/lib/python3.10/site-packages/airflow/example_dags/example_branch_operator_decorator.py
[2022-12-15T05:59:37.652+0000] {processor.py:756} INFO - Processing file /home/airflow/.local/lib/python3.10/site-packages/airflow/example_dags/example_branch_operator_decorator.py for tasks to queue
[2022-12-15T05:59:37.652+0000] {logging_mixin.py:137} INFO - [2022-12-15T05:59:37.652+0000] {dagbag.py:537} INFO - Filling up the DagBag from /home/airflow/.local/lib/python3.10/site-packages/airflow/example_dags/example_branch_operator_decorator.py
[2022-12-15T05:59:37.720+0000] {processor.py:766} INFO - DAG(s) dict_keys(['example_branch_python_operator_decorator']) retrieved from /home/airflow/.local/lib/python3.10/site-packages/airflow/example_dags/example_branch_operator_decorator.py
[2022-12-15T05:59:37.931+0000] {logging_mixin.py:137} INFO - [2022-12-15T05:59:37.931+0000] {dag.py:2585} INFO - Sync 1 DAGs
[2022-12-15T05:59:37.965+0000] {logging_mixin.py:137} INFO - [2022-12-15T05:59:37.964+0000] {dag.py:3336} INFO - Setting next_dagrun for example_branch_python_operator_decorator to 2022-12-14T00:00:00+00:00, run_after=2022-12-15T00:00:00+00:00
[2022-12-15T05:59:37.992+0000] {processor.py:176} INFO - Processing /home/airflow/.local/lib/python3.10/site-packages/airflow/example_dags/example_branch_operator_decorator.py took 0.344 seconds
[2022-12-15T06:00:08.046+0000] {processor.py:154} INFO - Started process (PID=99) to work on /home/airflow/.local/lib/python3.10/site-packages/airflow/example_dags/example_branch_operator_decorator.py
[2022-12-15T06:00:08.047+0000] {processor.py:756} INFO - Processing file /home/airflow/.local/lib/python3.10/site-packages/airflow/example_dags/example_branch_operator_decorator.py for tasks to queue
[2022-12-15T06:00:08.049+0000] {logging_mixin.py:137} INFO - [2022-12-15T06:00:08.048+0000] {dagbag.py:537} INFO - Filling up the DagBag from /home/airflow/.local/lib/python3.10/site-packages/airflow/example_dags/example_branch_operator_decorator.py
[2022-12-15T06:00:08.178+0000] {processor.py:766} INFO - DAG(s) dict_keys(['example_branch_python_operator_decorator']) retrieved from /home/airflow/.local/lib/python3.10/site-packages/airflow/example_dags/example_branch_operator_decorator.py
[2022-12-15T06:00:08.207+0000] {logging_mixin.py:137} INFO - [2022-12-15T06:00:08.206+0000] {dag.py:2585} INFO - Sync 1 DAGs
[2022-12-15T06:00:08.227+0000] {logging_mixin.py:137} INFO - [2022-12-15T06:00:08.227+0000] {dag.py:3336} INFO - Setting next_dagrun for example_branch_python_operator_decorator to 2022-12-14T00:00:00+00:00, run_after=2022-12-15T00:00:00+00:00
[2022-12-15T06:00:08.244+0000] {processor.py:176} INFO - Processing /home/airflow/.local/lib/python3.10/site-packages/airflow/example_dags/example_branch_operator_decorator.py took 0.200 seconds
[2022-12-15T06:00:39.006+0000] {processor.py:154} INFO - Started process (PID=158) to work on /home/airflow/.local/lib/python3.10/site-packages/airflow/example_dags/example_branch_operator_decorator.py
[2022-12-15T06:00:39.007+0000] {processor.py:756} INFO - Processing file /home/airflow/.local/lib/python3.10/site-packages/airflow/example_dags/example_branch_operator_decorator.py for tasks to queue
[2022-12-15T06:00:39.007+0000] {logging_mixin.py:137} INFO - [2022-12-15T06:00:39.007+0000] {dagbag.py:537} INFO - Filling up the DagBag from /home/airflow/.local/lib/python3.10/site-packages/airflow/example_dags/example_branch_operator_decorator.py
[2022-12-15T06:00:39.040+0000] {processor.py:766} INFO - DAG(s) dict_keys(['example_branch_python_operator_decorator']) retrieved from /home/airflow/.local/lib/python3.10/site-packages/airflow/example_dags/example_branch_operator_decorator.py
[2022-12-15T06:00:39.077+0000] {logging_mixin.py:137} INFO - [2022-12-15T06:00:39.077+0000] {dag.py:2585} INFO - Sync 1 DAGs
[2022-12-15T06:00:39.103+0000] {logging_mixin.py:137} INFO - [2022-12-15T06:00:39.103+0000] {dag.py:3336} INFO - Setting next_dagrun for example_branch_python_operator_decorator to 2022-12-14T00:00:00+00:00, run_after=2022-12-15T00:00:00+00:00
[2022-12-15T06:00:39.122+0000] {processor.py:176} INFO - Processing /home/airflow/.local/lib/python3.10/site-packages/airflow/example_dags/example_branch_operator_decorator.py took 0.119 seconds
[2022-12-15T06:01:09.913+0000] {processor.py:154} INFO - Started process (PID=217) to work on /home/airflow/.local/lib/python3.10/site-packages/airflow/example_dags/example_branch_operator_decorator.py
[2022-12-15T06:01:09.913+0000] {processor.py:756} INFO - Processing file /home/airflow/.local/lib/python3.10/site-packages/airflow/example_dags/example_branch_operator_decorator.py for tasks to queue
[2022-12-15T06:01:09.914+0000] {logging_mixin.py:137} INFO - [2022-12-15T06:01:09.914+0000] {dagbag.py:537} INFO - Filling up the DagBag from /home/airflow/.local/lib/python3.10/site-packages/airflow/example_dags/example_branch_operator_decorator.py
[2022-12-15T06:01:09.936+0000] {processor.py:766} INFO - DAG(s) dict_keys(['example_branch_python_operator_decorator']) retrieved from /home/airflow/.local/lib/python3.10/site-packages/airflow/example_dags/example_branch_operator_decorator.py
[2022-12-15T06:01:09.973+0000] {logging_mixin.py:137} INFO - [2022-12-15T06:01:09.973+0000] {dag.py:2585} INFO - Sync 1 DAGs
[2022-12-15T06:01:09.994+0000] {logging_mixin.py:137} INFO - [2022-12-15T06:01:09.993+0000] {dag.py:3336} INFO - Setting next_dagrun for example_branch_python_operator_decorator to 2022-12-14T00:00:00+00:00, run_after=2022-12-15T00:00:00+00:00
[2022-12-15T06:01:10.019+0000] {processor.py:176} INFO - Processing /home/airflow/.local/lib/python3.10/site-packages/airflow/example_dags/example_branch_operator_decorator.py took 0.108 seconds
[2022-12-15T06:01:40.262+0000] {processor.py:154} INFO - Started process (PID=268) to work on /home/airflow/.local/lib/python3.10/site-packages/airflow/example_dags/example_branch_operator_decorator.py
[2022-12-15T06:01:40.263+0000] {processor.py:756} INFO - Processing file /home/airflow/.local/lib/python3.10/site-packages/airflow/example_dags/example_branch_operator_decorator.py for tasks to queue
[2022-12-15T06:01:40.263+0000] {logging_mixin.py:137} INFO - [2022-12-15T06:01:40.263+0000] {dagbag.py:537} INFO - Filling up the DagBag from /home/airflow/.local/lib/python3.10/site-packages/airflow/example_dags/example_branch_operator_decorator.py
[2022-12-15T06:01:40.286+0000] {processor.py:766} INFO - DAG(s) dict_keys(['example_branch_python_operator_decorator']) retrieved from /home/airflow/.local/lib/python3.10/site-packages/airflow/example_dags/example_branch_operator_decorator.py
[2022-12-15T06:01:40.325+0000] {logging_mixin.py:137} INFO - [2022-12-15T06:01:40.325+0000] {dag.py:2585} INFO - Sync 1 DAGs
[2022-12-15T06:01:40.347+0000] {logging_mixin.py:137} INFO - [2022-12-15T06:01:40.346+0000] {dag.py:3336} INFO - Setting next_dagrun for example_branch_python_operator_decorator to 2022-12-14T00:00:00+00:00, run_after=2022-12-15T00:00:00+00:00
[2022-12-15T06:01:40.368+0000] {processor.py:176} INFO - Processing /home/airflow/.local/lib/python3.10/site-packages/airflow/example_dags/example_branch_operator_decorator.py took 0.109 seconds
