[2022-12-15T05:51:31.646+0000] {processor.py:154} INFO - Started process (PID=52) to work on /home/airflow/.local/lib/python3.10/site-packages/airflow/example_dags/example_task_group.py
[2022-12-15T05:51:31.647+0000] {processor.py:756} INFO - Processing file /home/airflow/.local/lib/python3.10/site-packages/airflow/example_dags/example_task_group.py for tasks to queue
[2022-12-15T05:51:31.647+0000] {logging_mixin.py:137} INFO - [2022-12-15T05:51:31.647+0000] {dagbag.py:537} INFO - Filling up the DagBag from /home/airflow/.local/lib/python3.10/site-packages/airflow/example_dags/example_task_group.py
[2022-12-15T05:51:31.666+0000] {processor.py:766} INFO - DAG(s) dict_keys(['example_task_group']) retrieved from /home/airflow/.local/lib/python3.10/site-packages/airflow/example_dags/example_task_group.py
[2022-12-15T05:51:32.495+0000] {logging_mixin.py:137} INFO - [2022-12-15T05:51:32.494+0000] {manager.py:507} INFO - Created Permission View: can delete on DAG:example_task_group
[2022-12-15T05:51:32.510+0000] {logging_mixin.py:137} INFO - [2022-12-15T05:51:32.510+0000] {manager.py:507} INFO - Created Permission View: can edit on DAG:example_task_group
[2022-12-15T05:51:32.521+0000] {logging_mixin.py:137} INFO - [2022-12-15T05:51:32.521+0000] {manager.py:507} INFO - Created Permission View: can read on DAG:example_task_group
[2022-12-15T05:51:32.522+0000] {logging_mixin.py:137} INFO - [2022-12-15T05:51:32.522+0000] {dag.py:2585} INFO - Sync 1 DAGs
[2022-12-15T05:51:32.534+0000] {logging_mixin.py:137} INFO - [2022-12-15T05:51:32.534+0000] {dag.py:2606} INFO - Creating ORM DAG for example_task_group
[2022-12-15T05:51:32.544+0000] {logging_mixin.py:137} INFO - [2022-12-15T05:51:32.544+0000] {dag.py:3336} INFO - Setting next_dagrun for example_task_group to 2022-12-14T05:51:32.543970+00:00, run_after=2022-12-15T05:51:32.543970+00:00
[2022-12-15T05:51:33.198+0000] {processor.py:176} INFO - Processing /home/airflow/.local/lib/python3.10/site-packages/airflow/example_dags/example_task_group.py took 1.556 seconds
[2022-12-15T05:52:03.362+0000] {processor.py:154} INFO - Started process (PID=111) to work on /home/airflow/.local/lib/python3.10/site-packages/airflow/example_dags/example_task_group.py
[2022-12-15T05:52:03.363+0000] {processor.py:756} INFO - Processing file /home/airflow/.local/lib/python3.10/site-packages/airflow/example_dags/example_task_group.py for tasks to queue
[2022-12-15T05:52:03.364+0000] {logging_mixin.py:137} INFO - [2022-12-15T05:52:03.364+0000] {dagbag.py:537} INFO - Filling up the DagBag from /home/airflow/.local/lib/python3.10/site-packages/airflow/example_dags/example_task_group.py
[2022-12-15T05:52:03.480+0000] {processor.py:766} INFO - DAG(s) dict_keys(['example_task_group']) retrieved from /home/airflow/.local/lib/python3.10/site-packages/airflow/example_dags/example_task_group.py
[2022-12-15T05:52:03.509+0000] {logging_mixin.py:137} INFO - [2022-12-15T05:52:03.509+0000] {dag.py:2585} INFO - Sync 1 DAGs
[2022-12-15T05:52:03.528+0000] {logging_mixin.py:137} INFO - [2022-12-15T05:52:03.528+0000] {dag.py:3336} INFO - Setting next_dagrun for example_task_group to 2022-12-14T05:52:03.527940+00:00, run_after=2022-12-15T05:52:03.527940+00:00
[2022-12-15T05:52:03.547+0000] {processor.py:176} INFO - Processing /home/airflow/.local/lib/python3.10/site-packages/airflow/example_dags/example_task_group.py took 0.186 seconds
[2022-12-15T05:52:33.805+0000] {processor.py:154} INFO - Started process (PID=164) to work on /home/airflow/.local/lib/python3.10/site-packages/airflow/example_dags/example_task_group.py
[2022-12-15T05:52:33.806+0000] {processor.py:756} INFO - Processing file /home/airflow/.local/lib/python3.10/site-packages/airflow/example_dags/example_task_group.py for tasks to queue
[2022-12-15T05:52:33.806+0000] {logging_mixin.py:137} INFO - [2022-12-15T05:52:33.806+0000] {dagbag.py:537} INFO - Filling up the DagBag from /home/airflow/.local/lib/python3.10/site-packages/airflow/example_dags/example_task_group.py
[2022-12-15T05:52:33.931+0000] {processor.py:766} INFO - DAG(s) dict_keys(['example_task_group']) retrieved from /home/airflow/.local/lib/python3.10/site-packages/airflow/example_dags/example_task_group.py
[2022-12-15T05:52:33.961+0000] {logging_mixin.py:137} INFO - [2022-12-15T05:52:33.961+0000] {dag.py:2585} INFO - Sync 1 DAGs
[2022-12-15T05:52:33.981+0000] {logging_mixin.py:137} INFO - [2022-12-15T05:52:33.981+0000] {dag.py:3336} INFO - Setting next_dagrun for example_task_group to 2022-12-14T05:52:33.980986+00:00, run_after=2022-12-15T05:52:33.980986+00:00
[2022-12-15T05:52:34.019+0000] {processor.py:176} INFO - Processing /home/airflow/.local/lib/python3.10/site-packages/airflow/example_dags/example_task_group.py took 0.216 seconds
[2022-12-15T05:53:04.834+0000] {processor.py:154} INFO - Started process (PID=222) to work on /home/airflow/.local/lib/python3.10/site-packages/airflow/example_dags/example_task_group.py
[2022-12-15T05:53:04.835+0000] {processor.py:756} INFO - Processing file /home/airflow/.local/lib/python3.10/site-packages/airflow/example_dags/example_task_group.py for tasks to queue
[2022-12-15T05:53:04.836+0000] {logging_mixin.py:137} INFO - [2022-12-15T05:53:04.836+0000] {dagbag.py:537} INFO - Filling up the DagBag from /home/airflow/.local/lib/python3.10/site-packages/airflow/example_dags/example_task_group.py
[2022-12-15T05:53:04.850+0000] {processor.py:766} INFO - DAG(s) dict_keys(['example_task_group']) retrieved from /home/airflow/.local/lib/python3.10/site-packages/airflow/example_dags/example_task_group.py
[2022-12-15T05:53:04.891+0000] {logging_mixin.py:137} INFO - [2022-12-15T05:53:04.891+0000] {dag.py:2585} INFO - Sync 1 DAGs
[2022-12-15T05:53:04.914+0000] {logging_mixin.py:137} INFO - [2022-12-15T05:53:04.914+0000] {dag.py:3336} INFO - Setting next_dagrun for example_task_group to 2022-12-14T05:53:04.914247+00:00, run_after=2022-12-15T05:53:04.914247+00:00
[2022-12-15T05:53:04.937+0000] {processor.py:176} INFO - Processing /home/airflow/.local/lib/python3.10/site-packages/airflow/example_dags/example_task_group.py took 0.106 seconds
[2022-12-15T05:53:35.244+0000] {processor.py:154} INFO - Started process (PID=280) to work on /home/airflow/.local/lib/python3.10/site-packages/airflow/example_dags/example_task_group.py
[2022-12-15T05:53:35.245+0000] {processor.py:756} INFO - Processing file /home/airflow/.local/lib/python3.10/site-packages/airflow/example_dags/example_task_group.py for tasks to queue
[2022-12-15T05:53:35.245+0000] {logging_mixin.py:137} INFO - [2022-12-15T05:53:35.245+0000] {dagbag.py:537} INFO - Filling up the DagBag from /home/airflow/.local/lib/python3.10/site-packages/airflow/example_dags/example_task_group.py
[2022-12-15T05:53:35.260+0000] {processor.py:766} INFO - DAG(s) dict_keys(['example_task_group']) retrieved from /home/airflow/.local/lib/python3.10/site-packages/airflow/example_dags/example_task_group.py
[2022-12-15T05:53:35.299+0000] {logging_mixin.py:137} INFO - [2022-12-15T05:53:35.299+0000] {dag.py:2585} INFO - Sync 1 DAGs
[2022-12-15T05:53:35.326+0000] {logging_mixin.py:137} INFO - [2022-12-15T05:53:35.326+0000] {dag.py:3336} INFO - Setting next_dagrun for example_task_group to 2022-12-14T05:53:35.326343+00:00, run_after=2022-12-15T05:53:35.326343+00:00
[2022-12-15T05:53:35.348+0000] {processor.py:176} INFO - Processing /home/airflow/.local/lib/python3.10/site-packages/airflow/example_dags/example_task_group.py took 0.107 seconds
[2022-12-15T05:54:05.674+0000] {processor.py:154} INFO - Started process (PID=331) to work on /home/airflow/.local/lib/python3.10/site-packages/airflow/example_dags/example_task_group.py
[2022-12-15T05:54:05.675+0000] {processor.py:756} INFO - Processing file /home/airflow/.local/lib/python3.10/site-packages/airflow/example_dags/example_task_group.py for tasks to queue
[2022-12-15T05:54:05.675+0000] {logging_mixin.py:137} INFO - [2022-12-15T05:54:05.675+0000] {dagbag.py:537} INFO - Filling up the DagBag from /home/airflow/.local/lib/python3.10/site-packages/airflow/example_dags/example_task_group.py
[2022-12-15T05:54:05.689+0000] {processor.py:766} INFO - DAG(s) dict_keys(['example_task_group']) retrieved from /home/airflow/.local/lib/python3.10/site-packages/airflow/example_dags/example_task_group.py
[2022-12-15T05:54:05.723+0000] {logging_mixin.py:137} INFO - [2022-12-15T05:54:05.723+0000] {dag.py:2585} INFO - Sync 1 DAGs
[2022-12-15T05:54:05.746+0000] {logging_mixin.py:137} INFO - [2022-12-15T05:54:05.746+0000] {dag.py:3336} INFO - Setting next_dagrun for example_task_group to 2022-12-14T05:54:05.746063+00:00, run_after=2022-12-15T05:54:05.746063+00:00
[2022-12-15T05:54:05.775+0000] {processor.py:176} INFO - Processing /home/airflow/.local/lib/python3.10/site-packages/airflow/example_dags/example_task_group.py took 0.105 seconds
[2022-12-15T05:54:36.015+0000] {processor.py:154} INFO - Started process (PID=389) to work on /home/airflow/.local/lib/python3.10/site-packages/airflow/example_dags/example_task_group.py
[2022-12-15T05:54:36.016+0000] {processor.py:756} INFO - Processing file /home/airflow/.local/lib/python3.10/site-packages/airflow/example_dags/example_task_group.py for tasks to queue
[2022-12-15T05:54:36.016+0000] {logging_mixin.py:137} INFO - [2022-12-15T05:54:36.016+0000] {dagbag.py:537} INFO - Filling up the DagBag from /home/airflow/.local/lib/python3.10/site-packages/airflow/example_dags/example_task_group.py
[2022-12-15T05:54:36.030+0000] {processor.py:766} INFO - DAG(s) dict_keys(['example_task_group']) retrieved from /home/airflow/.local/lib/python3.10/site-packages/airflow/example_dags/example_task_group.py
[2022-12-15T05:54:36.063+0000] {logging_mixin.py:137} INFO - [2022-12-15T05:54:36.063+0000] {dag.py:2585} INFO - Sync 1 DAGs
[2022-12-15T05:54:36.083+0000] {logging_mixin.py:137} INFO - [2022-12-15T05:54:36.082+0000] {dag.py:3336} INFO - Setting next_dagrun for example_task_group to 2022-12-14T05:54:36.082595+00:00, run_after=2022-12-15T05:54:36.082595+00:00
[2022-12-15T05:54:36.102+0000] {processor.py:176} INFO - Processing /home/airflow/.local/lib/python3.10/site-packages/airflow/example_dags/example_task_group.py took 0.089 seconds
[2022-12-15T05:55:06.456+0000] {processor.py:154} INFO - Started process (PID=447) to work on /home/airflow/.local/lib/python3.10/site-packages/airflow/example_dags/example_task_group.py
[2022-12-15T05:55:06.457+0000] {processor.py:756} INFO - Processing file /home/airflow/.local/lib/python3.10/site-packages/airflow/example_dags/example_task_group.py for tasks to queue
[2022-12-15T05:55:06.457+0000] {logging_mixin.py:137} INFO - [2022-12-15T05:55:06.457+0000] {dagbag.py:537} INFO - Filling up the DagBag from /home/airflow/.local/lib/python3.10/site-packages/airflow/example_dags/example_task_group.py
[2022-12-15T05:55:06.471+0000] {processor.py:766} INFO - DAG(s) dict_keys(['example_task_group']) retrieved from /home/airflow/.local/lib/python3.10/site-packages/airflow/example_dags/example_task_group.py
[2022-12-15T05:55:06.506+0000] {logging_mixin.py:137} INFO - [2022-12-15T05:55:06.506+0000] {dag.py:2585} INFO - Sync 1 DAGs
[2022-12-15T05:55:06.531+0000] {logging_mixin.py:137} INFO - [2022-12-15T05:55:06.531+0000] {dag.py:3336} INFO - Setting next_dagrun for example_task_group to 2022-12-14T05:55:06.531115+00:00, run_after=2022-12-15T05:55:06.531115+00:00
[2022-12-15T05:55:06.554+0000] {processor.py:176} INFO - Processing /home/airflow/.local/lib/python3.10/site-packages/airflow/example_dags/example_task_group.py took 0.100 seconds
[2022-12-15T05:56:27.464+0000] {processor.py:154} INFO - Started process (PID=50) to work on /home/airflow/.local/lib/python3.10/site-packages/airflow/example_dags/example_task_group.py
[2022-12-15T05:56:27.465+0000] {processor.py:756} INFO - Processing file /home/airflow/.local/lib/python3.10/site-packages/airflow/example_dags/example_task_group.py for tasks to queue
[2022-12-15T05:56:27.465+0000] {logging_mixin.py:137} INFO - [2022-12-15T05:56:27.465+0000] {dagbag.py:537} INFO - Filling up the DagBag from /home/airflow/.local/lib/python3.10/site-packages/airflow/example_dags/example_task_group.py
[2022-12-15T05:56:27.481+0000] {processor.py:766} INFO - DAG(s) dict_keys(['example_task_group']) retrieved from /home/airflow/.local/lib/python3.10/site-packages/airflow/example_dags/example_task_group.py
[2022-12-15T05:56:27.679+0000] {logging_mixin.py:137} INFO - [2022-12-15T05:56:27.679+0000] {dag.py:2585} INFO - Sync 1 DAGs
[2022-12-15T05:56:27.707+0000] {logging_mixin.py:137} INFO - [2022-12-15T05:56:27.706+0000] {dag.py:3336} INFO - Setting next_dagrun for example_task_group to 2022-12-14T05:56:27.706776+00:00, run_after=2022-12-15T05:56:27.706776+00:00
[2022-12-15T05:56:27.743+0000] {processor.py:176} INFO - Processing /home/airflow/.local/lib/python3.10/site-packages/airflow/example_dags/example_task_group.py took 0.281 seconds
[2022-12-15T05:56:58.732+0000] {processor.py:154} INFO - Started process (PID=108) to work on /home/airflow/.local/lib/python3.10/site-packages/airflow/example_dags/example_task_group.py
[2022-12-15T05:56:58.734+0000] {processor.py:756} INFO - Processing file /home/airflow/.local/lib/python3.10/site-packages/airflow/example_dags/example_task_group.py for tasks to queue
[2022-12-15T05:56:58.735+0000] {logging_mixin.py:137} INFO - [2022-12-15T05:56:58.734+0000] {dagbag.py:537} INFO - Filling up the DagBag from /home/airflow/.local/lib/python3.10/site-packages/airflow/example_dags/example_task_group.py
[2022-12-15T05:56:58.893+0000] {processor.py:766} INFO - DAG(s) dict_keys(['example_task_group']) retrieved from /home/airflow/.local/lib/python3.10/site-packages/airflow/example_dags/example_task_group.py
[2022-12-15T05:56:58.929+0000] {logging_mixin.py:137} INFO - [2022-12-15T05:56:58.929+0000] {dag.py:2585} INFO - Sync 1 DAGs
[2022-12-15T05:56:58.951+0000] {logging_mixin.py:137} INFO - [2022-12-15T05:56:58.951+0000] {dag.py:3336} INFO - Setting next_dagrun for example_task_group to 2022-12-14T05:56:58.951588+00:00, run_after=2022-12-15T05:56:58.951588+00:00
[2022-12-15T05:56:58.972+0000] {processor.py:176} INFO - Processing /home/airflow/.local/lib/python3.10/site-packages/airflow/example_dags/example_task_group.py took 0.242 seconds
[2022-12-15T05:57:29.243+0000] {processor.py:154} INFO - Started process (PID=161) to work on /home/airflow/.local/lib/python3.10/site-packages/airflow/example_dags/example_task_group.py
[2022-12-15T05:57:29.244+0000] {processor.py:756} INFO - Processing file /home/airflow/.local/lib/python3.10/site-packages/airflow/example_dags/example_task_group.py for tasks to queue
[2022-12-15T05:57:29.244+0000] {logging_mixin.py:137} INFO - [2022-12-15T05:57:29.244+0000] {dagbag.py:537} INFO - Filling up the DagBag from /home/airflow/.local/lib/python3.10/site-packages/airflow/example_dags/example_task_group.py
[2022-12-15T05:57:29.257+0000] {processor.py:766} INFO - DAG(s) dict_keys(['example_task_group']) retrieved from /home/airflow/.local/lib/python3.10/site-packages/airflow/example_dags/example_task_group.py
[2022-12-15T05:57:29.292+0000] {logging_mixin.py:137} INFO - [2022-12-15T05:57:29.292+0000] {dag.py:2585} INFO - Sync 1 DAGs
[2022-12-15T05:57:29.316+0000] {logging_mixin.py:137} INFO - [2022-12-15T05:57:29.316+0000] {dag.py:3336} INFO - Setting next_dagrun for example_task_group to 2022-12-14T05:57:29.315838+00:00, run_after=2022-12-15T05:57:29.315838+00:00
[2022-12-15T05:57:29.333+0000] {processor.py:176} INFO - Processing /home/airflow/.local/lib/python3.10/site-packages/airflow/example_dags/example_task_group.py took 0.092 seconds
[2022-12-15T05:59:38.015+0000] {processor.py:154} INFO - Started process (PID=50) to work on /home/airflow/.local/lib/python3.10/site-packages/airflow/example_dags/example_task_group.py
[2022-12-15T05:59:38.016+0000] {processor.py:756} INFO - Processing file /home/airflow/.local/lib/python3.10/site-packages/airflow/example_dags/example_task_group.py for tasks to queue
[2022-12-15T05:59:38.016+0000] {logging_mixin.py:137} INFO - [2022-12-15T05:59:38.016+0000] {dagbag.py:537} INFO - Filling up the DagBag from /home/airflow/.local/lib/python3.10/site-packages/airflow/example_dags/example_task_group.py
[2022-12-15T05:59:38.040+0000] {processor.py:766} INFO - DAG(s) dict_keys(['example_task_group']) retrieved from /home/airflow/.local/lib/python3.10/site-packages/airflow/example_dags/example_task_group.py
[2022-12-15T05:59:38.286+0000] {logging_mixin.py:137} INFO - [2022-12-15T05:59:38.285+0000] {dag.py:2585} INFO - Sync 1 DAGs
[2022-12-15T05:59:38.317+0000] {logging_mixin.py:137} INFO - [2022-12-15T05:59:38.316+0000] {dag.py:3336} INFO - Setting next_dagrun for example_task_group to 2022-12-14T05:59:38.316632+00:00, run_after=2022-12-15T05:59:38.316632+00:00
[2022-12-15T05:59:38.341+0000] {processor.py:176} INFO - Processing /home/airflow/.local/lib/python3.10/site-packages/airflow/example_dags/example_task_group.py took 0.329 seconds
[2022-12-15T06:00:08.493+0000] {processor.py:154} INFO - Started process (PID=101) to work on /home/airflow/.local/lib/python3.10/site-packages/airflow/example_dags/example_task_group.py
[2022-12-15T06:00:08.494+0000] {processor.py:756} INFO - Processing file /home/airflow/.local/lib/python3.10/site-packages/airflow/example_dags/example_task_group.py for tasks to queue
[2022-12-15T06:00:08.495+0000] {logging_mixin.py:137} INFO - [2022-12-15T06:00:08.495+0000] {dagbag.py:537} INFO - Filling up the DagBag from /home/airflow/.local/lib/python3.10/site-packages/airflow/example_dags/example_task_group.py
[2022-12-15T06:00:08.633+0000] {processor.py:766} INFO - DAG(s) dict_keys(['example_task_group']) retrieved from /home/airflow/.local/lib/python3.10/site-packages/airflow/example_dags/example_task_group.py
[2022-12-15T06:00:08.685+0000] {logging_mixin.py:137} INFO - [2022-12-15T06:00:08.684+0000] {dag.py:2585} INFO - Sync 1 DAGs
[2022-12-15T06:00:08.705+0000] {logging_mixin.py:137} INFO - [2022-12-15T06:00:08.704+0000] {dag.py:3336} INFO - Setting next_dagrun for example_task_group to 2022-12-14T06:00:08.704837+00:00, run_after=2022-12-15T06:00:08.704837+00:00
[2022-12-15T06:00:08.724+0000] {processor.py:176} INFO - Processing /home/airflow/.local/lib/python3.10/site-packages/airflow/example_dags/example_task_group.py took 0.233 seconds
[2022-12-15T06:00:39.139+0000] {processor.py:154} INFO - Started process (PID=160) to work on /home/airflow/.local/lib/python3.10/site-packages/airflow/example_dags/example_task_group.py
[2022-12-15T06:00:39.140+0000] {processor.py:756} INFO - Processing file /home/airflow/.local/lib/python3.10/site-packages/airflow/example_dags/example_task_group.py for tasks to queue
[2022-12-15T06:00:39.141+0000] {logging_mixin.py:137} INFO - [2022-12-15T06:00:39.141+0000] {dagbag.py:537} INFO - Filling up the DagBag from /home/airflow/.local/lib/python3.10/site-packages/airflow/example_dags/example_task_group.py
[2022-12-15T06:00:39.154+0000] {processor.py:766} INFO - DAG(s) dict_keys(['example_task_group']) retrieved from /home/airflow/.local/lib/python3.10/site-packages/airflow/example_dags/example_task_group.py
[2022-12-15T06:00:39.189+0000] {logging_mixin.py:137} INFO - [2022-12-15T06:00:39.189+0000] {dag.py:2585} INFO - Sync 1 DAGs
[2022-12-15T06:00:39.208+0000] {logging_mixin.py:137} INFO - [2022-12-15T06:00:39.208+0000] {dag.py:3336} INFO - Setting next_dagrun for example_task_group to 2022-12-14T06:00:39.208354+00:00, run_after=2022-12-15T06:00:39.208354+00:00
[2022-12-15T06:00:39.226+0000] {processor.py:176} INFO - Processing /home/airflow/.local/lib/python3.10/site-packages/airflow/example_dags/example_task_group.py took 0.089 seconds
[2022-12-15T06:01:10.032+0000] {processor.py:154} INFO - Started process (PID=219) to work on /home/airflow/.local/lib/python3.10/site-packages/airflow/example_dags/example_task_group.py
[2022-12-15T06:01:10.033+0000] {processor.py:756} INFO - Processing file /home/airflow/.local/lib/python3.10/site-packages/airflow/example_dags/example_task_group.py for tasks to queue
[2022-12-15T06:01:10.034+0000] {logging_mixin.py:137} INFO - [2022-12-15T06:01:10.034+0000] {dagbag.py:537} INFO - Filling up the DagBag from /home/airflow/.local/lib/python3.10/site-packages/airflow/example_dags/example_task_group.py
[2022-12-15T06:01:10.047+0000] {processor.py:766} INFO - DAG(s) dict_keys(['example_task_group']) retrieved from /home/airflow/.local/lib/python3.10/site-packages/airflow/example_dags/example_task_group.py
[2022-12-15T06:01:10.083+0000] {logging_mixin.py:137} INFO - [2022-12-15T06:01:10.083+0000] {dag.py:2585} INFO - Sync 1 DAGs
[2022-12-15T06:01:10.104+0000] {logging_mixin.py:137} INFO - [2022-12-15T06:01:10.104+0000] {dag.py:3336} INFO - Setting next_dagrun for example_task_group to 2022-12-14T06:01:10.103808+00:00, run_after=2022-12-15T06:01:10.103808+00:00
[2022-12-15T06:01:10.124+0000] {processor.py:176} INFO - Processing /home/airflow/.local/lib/python3.10/site-packages/airflow/example_dags/example_task_group.py took 0.094 seconds
[2022-12-15T06:01:40.384+0000] {processor.py:154} INFO - Started process (PID=270) to work on /home/airflow/.local/lib/python3.10/site-packages/airflow/example_dags/example_task_group.py
[2022-12-15T06:01:40.385+0000] {processor.py:756} INFO - Processing file /home/airflow/.local/lib/python3.10/site-packages/airflow/example_dags/example_task_group.py for tasks to queue
[2022-12-15T06:01:40.386+0000] {logging_mixin.py:137} INFO - [2022-12-15T06:01:40.386+0000] {dagbag.py:537} INFO - Filling up the DagBag from /home/airflow/.local/lib/python3.10/site-packages/airflow/example_dags/example_task_group.py
[2022-12-15T06:01:40.401+0000] {processor.py:766} INFO - DAG(s) dict_keys(['example_task_group']) retrieved from /home/airflow/.local/lib/python3.10/site-packages/airflow/example_dags/example_task_group.py
[2022-12-15T06:01:40.438+0000] {logging_mixin.py:137} INFO - [2022-12-15T06:01:40.437+0000] {dag.py:2585} INFO - Sync 1 DAGs
[2022-12-15T06:01:40.459+0000] {logging_mixin.py:137} INFO - [2022-12-15T06:01:40.459+0000] {dag.py:3336} INFO - Setting next_dagrun for example_task_group to 2022-12-14T06:01:40.459002+00:00, run_after=2022-12-15T06:01:40.459002+00:00
[2022-12-15T06:01:40.485+0000] {processor.py:176} INFO - Processing /home/airflow/.local/lib/python3.10/site-packages/airflow/example_dags/example_task_group.py took 0.103 seconds
