[2022-12-15T05:51:38.073+0000] {processor.py:154} INFO - Started process (PID=80) to work on /home/airflow/.local/lib/python3.10/site-packages/airflow/example_dags/example_trigger_controller_dag.py
[2022-12-15T05:51:38.074+0000] {processor.py:756} INFO - Processing file /home/airflow/.local/lib/python3.10/site-packages/airflow/example_dags/example_trigger_controller_dag.py for tasks to queue
[2022-12-15T05:51:38.074+0000] {logging_mixin.py:137} INFO - [2022-12-15T05:51:38.074+0000] {dagbag.py:537} INFO - Filling up the DagBag from /home/airflow/.local/lib/python3.10/site-packages/airflow/example_dags/example_trigger_controller_dag.py
[2022-12-15T05:51:38.088+0000] {processor.py:766} INFO - DAG(s) dict_keys(['example_trigger_controller_dag']) retrieved from /home/airflow/.local/lib/python3.10/site-packages/airflow/example_dags/example_trigger_controller_dag.py
[2022-12-15T05:51:38.385+0000] {logging_mixin.py:137} INFO - [2022-12-15T05:51:38.385+0000] {manager.py:507} INFO - Created Permission View: can delete on DAG:example_trigger_controller_dag
[2022-12-15T05:51:38.396+0000] {logging_mixin.py:137} INFO - [2022-12-15T05:51:38.396+0000] {manager.py:507} INFO - Created Permission View: can edit on DAG:example_trigger_controller_dag
[2022-12-15T05:51:38.405+0000] {logging_mixin.py:137} INFO - [2022-12-15T05:51:38.405+0000] {manager.py:507} INFO - Created Permission View: can read on DAG:example_trigger_controller_dag
[2022-12-15T05:51:38.406+0000] {logging_mixin.py:137} INFO - [2022-12-15T05:51:38.405+0000] {dag.py:2585} INFO - Sync 1 DAGs
[2022-12-15T05:51:38.419+0000] {logging_mixin.py:137} INFO - [2022-12-15T05:51:38.419+0000] {dag.py:2606} INFO - Creating ORM DAG for example_trigger_controller_dag
[2022-12-15T05:51:38.428+0000] {logging_mixin.py:137} INFO - [2022-12-15T05:51:38.428+0000] {dag.py:3336} INFO - Setting next_dagrun for example_trigger_controller_dag to 2021-01-01T00:00:00+00:00, run_after=2021-01-01T00:00:00+00:00
[2022-12-15T05:51:38.451+0000] {processor.py:176} INFO - Processing /home/airflow/.local/lib/python3.10/site-packages/airflow/example_dags/example_trigger_controller_dag.py took 0.380 seconds
[2022-12-15T05:52:09.207+0000] {processor.py:154} INFO - Started process (PID=131) to work on /home/airflow/.local/lib/python3.10/site-packages/airflow/example_dags/example_trigger_controller_dag.py
[2022-12-15T05:52:09.208+0000] {processor.py:756} INFO - Processing file /home/airflow/.local/lib/python3.10/site-packages/airflow/example_dags/example_trigger_controller_dag.py for tasks to queue
[2022-12-15T05:52:09.209+0000] {logging_mixin.py:137} INFO - [2022-12-15T05:52:09.209+0000] {dagbag.py:537} INFO - Filling up the DagBag from /home/airflow/.local/lib/python3.10/site-packages/airflow/example_dags/example_trigger_controller_dag.py
[2022-12-15T05:52:09.222+0000] {processor.py:766} INFO - DAG(s) dict_keys(['example_trigger_controller_dag']) retrieved from /home/airflow/.local/lib/python3.10/site-packages/airflow/example_dags/example_trigger_controller_dag.py
[2022-12-15T05:52:09.401+0000] {logging_mixin.py:137} INFO - [2022-12-15T05:52:09.401+0000] {dag.py:2585} INFO - Sync 1 DAGs
[2022-12-15T05:52:09.420+0000] {logging_mixin.py:137} INFO - [2022-12-15T05:52:09.420+0000] {dag.py:3336} INFO - Setting next_dagrun for example_trigger_controller_dag to 2021-01-01T00:00:00+00:00, run_after=2021-01-01T00:00:00+00:00
[2022-12-15T05:52:09.445+0000] {processor.py:176} INFO - Processing /home/airflow/.local/lib/python3.10/site-packages/airflow/example_dags/example_trigger_controller_dag.py took 0.240 seconds
[2022-12-15T05:52:39.635+0000] {processor.py:154} INFO - Started process (PID=191) to work on /home/airflow/.local/lib/python3.10/site-packages/airflow/example_dags/example_trigger_controller_dag.py
[2022-12-15T05:52:39.635+0000] {processor.py:756} INFO - Processing file /home/airflow/.local/lib/python3.10/site-packages/airflow/example_dags/example_trigger_controller_dag.py for tasks to queue
[2022-12-15T05:52:39.636+0000] {logging_mixin.py:137} INFO - [2022-12-15T05:52:39.636+0000] {dagbag.py:537} INFO - Filling up the DagBag from /home/airflow/.local/lib/python3.10/site-packages/airflow/example_dags/example_trigger_controller_dag.py
[2022-12-15T05:52:39.646+0000] {processor.py:766} INFO - DAG(s) dict_keys(['example_trigger_controller_dag']) retrieved from /home/airflow/.local/lib/python3.10/site-packages/airflow/example_dags/example_trigger_controller_dag.py
[2022-12-15T05:52:39.680+0000] {logging_mixin.py:137} INFO - [2022-12-15T05:52:39.679+0000] {dag.py:2585} INFO - Sync 1 DAGs
[2022-12-15T05:52:39.703+0000] {logging_mixin.py:137} INFO - [2022-12-15T05:52:39.703+0000] {dag.py:3336} INFO - Setting next_dagrun for example_trigger_controller_dag to 2021-01-01T00:00:00+00:00, run_after=2021-01-01T00:00:00+00:00
[2022-12-15T05:52:39.725+0000] {processor.py:176} INFO - Processing /home/airflow/.local/lib/python3.10/site-packages/airflow/example_dags/example_trigger_controller_dag.py took 0.092 seconds
[2022-12-15T05:53:10.043+0000] {processor.py:154} INFO - Started process (PID=242) to work on /home/airflow/.local/lib/python3.10/site-packages/airflow/example_dags/example_trigger_controller_dag.py
[2022-12-15T05:53:10.044+0000] {processor.py:756} INFO - Processing file /home/airflow/.local/lib/python3.10/site-packages/airflow/example_dags/example_trigger_controller_dag.py for tasks to queue
[2022-12-15T05:53:10.045+0000] {logging_mixin.py:137} INFO - [2022-12-15T05:53:10.045+0000] {dagbag.py:537} INFO - Filling up the DagBag from /home/airflow/.local/lib/python3.10/site-packages/airflow/example_dags/example_trigger_controller_dag.py
[2022-12-15T05:53:10.055+0000] {processor.py:766} INFO - DAG(s) dict_keys(['example_trigger_controller_dag']) retrieved from /home/airflow/.local/lib/python3.10/site-packages/airflow/example_dags/example_trigger_controller_dag.py
[2022-12-15T05:53:10.099+0000] {logging_mixin.py:137} INFO - [2022-12-15T05:53:10.099+0000] {dag.py:2585} INFO - Sync 1 DAGs
[2022-12-15T05:53:10.119+0000] {logging_mixin.py:137} INFO - [2022-12-15T05:53:10.119+0000] {dag.py:3336} INFO - Setting next_dagrun for example_trigger_controller_dag to 2021-01-01T00:00:00+00:00, run_after=2021-01-01T00:00:00+00:00
[2022-12-15T05:53:10.139+0000] {processor.py:176} INFO - Processing /home/airflow/.local/lib/python3.10/site-packages/airflow/example_dags/example_trigger_controller_dag.py took 0.098 seconds
[2022-12-15T05:53:40.473+0000] {processor.py:154} INFO - Started process (PID=300) to work on /home/airflow/.local/lib/python3.10/site-packages/airflow/example_dags/example_trigger_controller_dag.py
[2022-12-15T05:53:40.473+0000] {processor.py:756} INFO - Processing file /home/airflow/.local/lib/python3.10/site-packages/airflow/example_dags/example_trigger_controller_dag.py for tasks to queue
[2022-12-15T05:53:40.474+0000] {logging_mixin.py:137} INFO - [2022-12-15T05:53:40.474+0000] {dagbag.py:537} INFO - Filling up the DagBag from /home/airflow/.local/lib/python3.10/site-packages/airflow/example_dags/example_trigger_controller_dag.py
[2022-12-15T05:53:40.483+0000] {processor.py:766} INFO - DAG(s) dict_keys(['example_trigger_controller_dag']) retrieved from /home/airflow/.local/lib/python3.10/site-packages/airflow/example_dags/example_trigger_controller_dag.py
[2022-12-15T05:53:40.516+0000] {logging_mixin.py:137} INFO - [2022-12-15T05:53:40.516+0000] {dag.py:2585} INFO - Sync 1 DAGs
[2022-12-15T05:53:40.534+0000] {logging_mixin.py:137} INFO - [2022-12-15T05:53:40.534+0000] {dag.py:3336} INFO - Setting next_dagrun for example_trigger_controller_dag to 2021-01-01T00:00:00+00:00, run_after=2021-01-01T00:00:00+00:00
[2022-12-15T05:53:40.555+0000] {processor.py:176} INFO - Processing /home/airflow/.local/lib/python3.10/site-packages/airflow/example_dags/example_trigger_controller_dag.py took 0.085 seconds
[2022-12-15T05:54:11.052+0000] {processor.py:154} INFO - Started process (PID=358) to work on /home/airflow/.local/lib/python3.10/site-packages/airflow/example_dags/example_trigger_controller_dag.py
[2022-12-15T05:54:11.053+0000] {processor.py:756} INFO - Processing file /home/airflow/.local/lib/python3.10/site-packages/airflow/example_dags/example_trigger_controller_dag.py for tasks to queue
[2022-12-15T05:54:11.054+0000] {logging_mixin.py:137} INFO - [2022-12-15T05:54:11.054+0000] {dagbag.py:537} INFO - Filling up the DagBag from /home/airflow/.local/lib/python3.10/site-packages/airflow/example_dags/example_trigger_controller_dag.py
[2022-12-15T05:54:11.065+0000] {processor.py:766} INFO - DAG(s) dict_keys(['example_trigger_controller_dag']) retrieved from /home/airflow/.local/lib/python3.10/site-packages/airflow/example_dags/example_trigger_controller_dag.py
[2022-12-15T05:54:11.099+0000] {logging_mixin.py:137} INFO - [2022-12-15T05:54:11.099+0000] {dag.py:2585} INFO - Sync 1 DAGs
[2022-12-15T05:54:11.118+0000] {logging_mixin.py:137} INFO - [2022-12-15T05:54:11.118+0000] {dag.py:3336} INFO - Setting next_dagrun for example_trigger_controller_dag to 2021-01-01T00:00:00+00:00, run_after=2021-01-01T00:00:00+00:00
[2022-12-15T05:54:11.138+0000] {processor.py:176} INFO - Processing /home/airflow/.local/lib/python3.10/site-packages/airflow/example_dags/example_trigger_controller_dag.py took 0.088 seconds
[2022-12-15T05:54:41.323+0000] {processor.py:154} INFO - Started process (PID=409) to work on /home/airflow/.local/lib/python3.10/site-packages/airflow/example_dags/example_trigger_controller_dag.py
[2022-12-15T05:54:41.324+0000] {processor.py:756} INFO - Processing file /home/airflow/.local/lib/python3.10/site-packages/airflow/example_dags/example_trigger_controller_dag.py for tasks to queue
[2022-12-15T05:54:41.324+0000] {logging_mixin.py:137} INFO - [2022-12-15T05:54:41.324+0000] {dagbag.py:537} INFO - Filling up the DagBag from /home/airflow/.local/lib/python3.10/site-packages/airflow/example_dags/example_trigger_controller_dag.py
[2022-12-15T05:54:41.333+0000] {processor.py:766} INFO - DAG(s) dict_keys(['example_trigger_controller_dag']) retrieved from /home/airflow/.local/lib/python3.10/site-packages/airflow/example_dags/example_trigger_controller_dag.py
[2022-12-15T05:54:41.373+0000] {logging_mixin.py:137} INFO - [2022-12-15T05:54:41.373+0000] {dag.py:2585} INFO - Sync 1 DAGs
[2022-12-15T05:54:41.395+0000] {logging_mixin.py:137} INFO - [2022-12-15T05:54:41.395+0000] {dag.py:3336} INFO - Setting next_dagrun for example_trigger_controller_dag to 2021-01-01T00:00:00+00:00, run_after=2021-01-01T00:00:00+00:00
[2022-12-15T05:54:41.415+0000] {processor.py:176} INFO - Processing /home/airflow/.local/lib/python3.10/site-packages/airflow/example_dags/example_trigger_controller_dag.py took 0.094 seconds
[2022-12-15T05:55:11.721+0000] {processor.py:154} INFO - Started process (PID=467) to work on /home/airflow/.local/lib/python3.10/site-packages/airflow/example_dags/example_trigger_controller_dag.py
[2022-12-15T05:55:11.722+0000] {processor.py:756} INFO - Processing file /home/airflow/.local/lib/python3.10/site-packages/airflow/example_dags/example_trigger_controller_dag.py for tasks to queue
[2022-12-15T05:55:11.722+0000] {logging_mixin.py:137} INFO - [2022-12-15T05:55:11.722+0000] {dagbag.py:537} INFO - Filling up the DagBag from /home/airflow/.local/lib/python3.10/site-packages/airflow/example_dags/example_trigger_controller_dag.py
[2022-12-15T05:55:11.732+0000] {processor.py:766} INFO - DAG(s) dict_keys(['example_trigger_controller_dag']) retrieved from /home/airflow/.local/lib/python3.10/site-packages/airflow/example_dags/example_trigger_controller_dag.py
[2022-12-15T05:55:11.767+0000] {logging_mixin.py:137} INFO - [2022-12-15T05:55:11.767+0000] {dag.py:2585} INFO - Sync 1 DAGs
[2022-12-15T05:55:11.787+0000] {logging_mixin.py:137} INFO - [2022-12-15T05:55:11.787+0000] {dag.py:3336} INFO - Setting next_dagrun for example_trigger_controller_dag to 2021-01-01T00:00:00+00:00, run_after=2021-01-01T00:00:00+00:00
[2022-12-15T05:55:11.803+0000] {processor.py:176} INFO - Processing /home/airflow/.local/lib/python3.10/site-packages/airflow/example_dags/example_trigger_controller_dag.py took 0.085 seconds
[2022-12-15T05:56:30.595+0000] {processor.py:154} INFO - Started process (PID=70) to work on /home/airflow/.local/lib/python3.10/site-packages/airflow/example_dags/example_trigger_controller_dag.py
[2022-12-15T05:56:30.596+0000] {processor.py:756} INFO - Processing file /home/airflow/.local/lib/python3.10/site-packages/airflow/example_dags/example_trigger_controller_dag.py for tasks to queue
[2022-12-15T05:56:30.597+0000] {logging_mixin.py:137} INFO - [2022-12-15T05:56:30.597+0000] {dagbag.py:537} INFO - Filling up the DagBag from /home/airflow/.local/lib/python3.10/site-packages/airflow/example_dags/example_trigger_controller_dag.py
[2022-12-15T05:56:30.607+0000] {processor.py:766} INFO - DAG(s) dict_keys(['example_trigger_controller_dag']) retrieved from /home/airflow/.local/lib/python3.10/site-packages/airflow/example_dags/example_trigger_controller_dag.py
[2022-12-15T05:56:30.819+0000] {logging_mixin.py:137} INFO - [2022-12-15T05:56:30.818+0000] {dag.py:2585} INFO - Sync 1 DAGs
[2022-12-15T05:56:30.844+0000] {logging_mixin.py:137} INFO - [2022-12-15T05:56:30.844+0000] {dag.py:3336} INFO - Setting next_dagrun for example_trigger_controller_dag to 2021-01-01T00:00:00+00:00, run_after=2021-01-01T00:00:00+00:00
[2022-12-15T05:56:30.870+0000] {processor.py:176} INFO - Processing /home/airflow/.local/lib/python3.10/site-packages/airflow/example_dags/example_trigger_controller_dag.py took 0.277 seconds
[2022-12-15T05:57:01.819+0000] {processor.py:154} INFO - Started process (PID=128) to work on /home/airflow/.local/lib/python3.10/site-packages/airflow/example_dags/example_trigger_controller_dag.py
[2022-12-15T05:57:01.928+0000] {processor.py:756} INFO - Processing file /home/airflow/.local/lib/python3.10/site-packages/airflow/example_dags/example_trigger_controller_dag.py for tasks to queue
[2022-12-15T05:57:01.928+0000] {logging_mixin.py:137} INFO - [2022-12-15T05:57:01.928+0000] {dagbag.py:537} INFO - Filling up the DagBag from /home/airflow/.local/lib/python3.10/site-packages/airflow/example_dags/example_trigger_controller_dag.py
[2022-12-15T05:57:02.059+0000] {processor.py:766} INFO - DAG(s) dict_keys(['example_trigger_controller_dag']) retrieved from /home/airflow/.local/lib/python3.10/site-packages/airflow/example_dags/example_trigger_controller_dag.py
[2022-12-15T05:57:02.413+0000] {logging_mixin.py:137} INFO - [2022-12-15T05:57:02.412+0000] {dag.py:2585} INFO - Sync 1 DAGs
[2022-12-15T05:57:02.444+0000] {logging_mixin.py:137} INFO - [2022-12-15T05:57:02.443+0000] {dag.py:3336} INFO - Setting next_dagrun for example_trigger_controller_dag to 2021-01-01T00:00:00+00:00, run_after=2021-01-01T00:00:00+00:00
[2022-12-15T05:57:02.503+0000] {processor.py:176} INFO - Processing /home/airflow/.local/lib/python3.10/site-packages/airflow/example_dags/example_trigger_controller_dag.py took 0.687 seconds
[2022-12-15T05:57:32.848+0000] {processor.py:154} INFO - Started process (PID=181) to work on /home/airflow/.local/lib/python3.10/site-packages/airflow/example_dags/example_trigger_controller_dag.py
[2022-12-15T05:57:32.849+0000] {processor.py:756} INFO - Processing file /home/airflow/.local/lib/python3.10/site-packages/airflow/example_dags/example_trigger_controller_dag.py for tasks to queue
[2022-12-15T05:57:32.849+0000] {logging_mixin.py:137} INFO - [2022-12-15T05:57:32.849+0000] {dagbag.py:537} INFO - Filling up the DagBag from /home/airflow/.local/lib/python3.10/site-packages/airflow/example_dags/example_trigger_controller_dag.py
[2022-12-15T05:57:32.859+0000] {processor.py:766} INFO - DAG(s) dict_keys(['example_trigger_controller_dag']) retrieved from /home/airflow/.local/lib/python3.10/site-packages/airflow/example_dags/example_trigger_controller_dag.py
[2022-12-15T05:57:32.897+0000] {logging_mixin.py:137} INFO - [2022-12-15T05:57:32.897+0000] {dag.py:2585} INFO - Sync 1 DAGs
[2022-12-15T05:57:32.917+0000] {logging_mixin.py:137} INFO - [2022-12-15T05:57:32.917+0000] {dag.py:3336} INFO - Setting next_dagrun for example_trigger_controller_dag to 2021-01-01T00:00:00+00:00, run_after=2021-01-01T00:00:00+00:00
[2022-12-15T05:57:32.937+0000] {processor.py:176} INFO - Processing /home/airflow/.local/lib/python3.10/site-packages/airflow/example_dags/example_trigger_controller_dag.py took 0.092 seconds
[2022-12-15T05:59:41.046+0000] {processor.py:154} INFO - Started process (PID=70) to work on /home/airflow/.local/lib/python3.10/site-packages/airflow/example_dags/example_trigger_controller_dag.py
[2022-12-15T05:59:41.047+0000] {processor.py:756} INFO - Processing file /home/airflow/.local/lib/python3.10/site-packages/airflow/example_dags/example_trigger_controller_dag.py for tasks to queue
[2022-12-15T05:59:41.048+0000] {logging_mixin.py:137} INFO - [2022-12-15T05:59:41.047+0000] {dagbag.py:537} INFO - Filling up the DagBag from /home/airflow/.local/lib/python3.10/site-packages/airflow/example_dags/example_trigger_controller_dag.py
[2022-12-15T05:59:41.057+0000] {processor.py:766} INFO - DAG(s) dict_keys(['example_trigger_controller_dag']) retrieved from /home/airflow/.local/lib/python3.10/site-packages/airflow/example_dags/example_trigger_controller_dag.py
[2022-12-15T05:59:41.223+0000] {logging_mixin.py:137} INFO - [2022-12-15T05:59:41.223+0000] {dag.py:2585} INFO - Sync 1 DAGs
[2022-12-15T05:59:41.243+0000] {logging_mixin.py:137} INFO - [2022-12-15T05:59:41.242+0000] {dag.py:3336} INFO - Setting next_dagrun for example_trigger_controller_dag to 2021-01-01T00:00:00+00:00, run_after=2021-01-01T00:00:00+00:00
[2022-12-15T05:59:41.263+0000] {processor.py:176} INFO - Processing /home/airflow/.local/lib/python3.10/site-packages/airflow/example_dags/example_trigger_controller_dag.py took 0.219 seconds
[2022-12-15T06:00:11.500+0000] {processor.py:154} INFO - Started process (PID=128) to work on /home/airflow/.local/lib/python3.10/site-packages/airflow/example_dags/example_trigger_controller_dag.py
[2022-12-15T06:00:11.501+0000] {processor.py:756} INFO - Processing file /home/airflow/.local/lib/python3.10/site-packages/airflow/example_dags/example_trigger_controller_dag.py for tasks to queue
[2022-12-15T06:00:11.501+0000] {logging_mixin.py:137} INFO - [2022-12-15T06:00:11.501+0000] {dagbag.py:537} INFO - Filling up the DagBag from /home/airflow/.local/lib/python3.10/site-packages/airflow/example_dags/example_trigger_controller_dag.py
[2022-12-15T06:00:11.617+0000] {processor.py:766} INFO - DAG(s) dict_keys(['example_trigger_controller_dag']) retrieved from /home/airflow/.local/lib/python3.10/site-packages/airflow/example_dags/example_trigger_controller_dag.py
[2022-12-15T06:00:11.651+0000] {logging_mixin.py:137} INFO - [2022-12-15T06:00:11.651+0000] {dag.py:2585} INFO - Sync 1 DAGs
[2022-12-15T06:00:11.671+0000] {logging_mixin.py:137} INFO - [2022-12-15T06:00:11.671+0000] {dag.py:3336} INFO - Setting next_dagrun for example_trigger_controller_dag to 2021-01-01T00:00:00+00:00, run_after=2021-01-01T00:00:00+00:00
[2022-12-15T06:00:11.690+0000] {processor.py:176} INFO - Processing /home/airflow/.local/lib/python3.10/site-packages/airflow/example_dags/example_trigger_controller_dag.py took 0.192 seconds
[2022-12-15T06:00:41.738+0000] {processor.py:154} INFO - Started process (PID=181) to work on /home/airflow/.local/lib/python3.10/site-packages/airflow/example_dags/example_trigger_controller_dag.py
[2022-12-15T06:00:41.739+0000] {processor.py:756} INFO - Processing file /home/airflow/.local/lib/python3.10/site-packages/airflow/example_dags/example_trigger_controller_dag.py for tasks to queue
[2022-12-15T06:00:41.739+0000] {logging_mixin.py:137} INFO - [2022-12-15T06:00:41.739+0000] {dagbag.py:537} INFO - Filling up the DagBag from /home/airflow/.local/lib/python3.10/site-packages/airflow/example_dags/example_trigger_controller_dag.py
[2022-12-15T06:00:41.749+0000] {processor.py:766} INFO - DAG(s) dict_keys(['example_trigger_controller_dag']) retrieved from /home/airflow/.local/lib/python3.10/site-packages/airflow/example_dags/example_trigger_controller_dag.py
[2022-12-15T06:00:41.781+0000] {logging_mixin.py:137} INFO - [2022-12-15T06:00:41.781+0000] {dag.py:2585} INFO - Sync 1 DAGs
[2022-12-15T06:00:41.802+0000] {logging_mixin.py:137} INFO - [2022-12-15T06:00:41.801+0000] {dag.py:3336} INFO - Setting next_dagrun for example_trigger_controller_dag to 2021-01-01T00:00:00+00:00, run_after=2021-01-01T00:00:00+00:00
[2022-12-15T06:00:41.823+0000] {processor.py:176} INFO - Processing /home/airflow/.local/lib/python3.10/site-packages/airflow/example_dags/example_trigger_controller_dag.py took 0.088 seconds
[2022-12-15T06:01:12.307+0000] {processor.py:154} INFO - Started process (PID=239) to work on /home/airflow/.local/lib/python3.10/site-packages/airflow/example_dags/example_trigger_controller_dag.py
[2022-12-15T06:01:12.309+0000] {processor.py:756} INFO - Processing file /home/airflow/.local/lib/python3.10/site-packages/airflow/example_dags/example_trigger_controller_dag.py for tasks to queue
[2022-12-15T06:01:12.309+0000] {logging_mixin.py:137} INFO - [2022-12-15T06:01:12.309+0000] {dagbag.py:537} INFO - Filling up the DagBag from /home/airflow/.local/lib/python3.10/site-packages/airflow/example_dags/example_trigger_controller_dag.py
[2022-12-15T06:01:12.319+0000] {processor.py:766} INFO - DAG(s) dict_keys(['example_trigger_controller_dag']) retrieved from /home/airflow/.local/lib/python3.10/site-packages/airflow/example_dags/example_trigger_controller_dag.py
[2022-12-15T06:01:12.354+0000] {logging_mixin.py:137} INFO - [2022-12-15T06:01:12.354+0000] {dag.py:2585} INFO - Sync 1 DAGs
[2022-12-15T06:01:12.375+0000] {logging_mixin.py:137} INFO - [2022-12-15T06:01:12.374+0000] {dag.py:3336} INFO - Setting next_dagrun for example_trigger_controller_dag to 2021-01-01T00:00:00+00:00, run_after=2021-01-01T00:00:00+00:00
[2022-12-15T06:01:12.394+0000] {processor.py:176} INFO - Processing /home/airflow/.local/lib/python3.10/site-packages/airflow/example_dags/example_trigger_controller_dag.py took 0.092 seconds
[2022-12-15T06:01:43.003+0000] {processor.py:154} INFO - Started process (PID=297) to work on /home/airflow/.local/lib/python3.10/site-packages/airflow/example_dags/example_trigger_controller_dag.py
[2022-12-15T06:01:43.004+0000] {processor.py:756} INFO - Processing file /home/airflow/.local/lib/python3.10/site-packages/airflow/example_dags/example_trigger_controller_dag.py for tasks to queue
[2022-12-15T06:01:43.005+0000] {logging_mixin.py:137} INFO - [2022-12-15T06:01:43.005+0000] {dagbag.py:537} INFO - Filling up the DagBag from /home/airflow/.local/lib/python3.10/site-packages/airflow/example_dags/example_trigger_controller_dag.py
[2022-12-15T06:01:43.016+0000] {processor.py:766} INFO - DAG(s) dict_keys(['example_trigger_controller_dag']) retrieved from /home/airflow/.local/lib/python3.10/site-packages/airflow/example_dags/example_trigger_controller_dag.py
[2022-12-15T06:01:43.058+0000] {logging_mixin.py:137} INFO - [2022-12-15T06:01:43.058+0000] {dag.py:2585} INFO - Sync 1 DAGs
[2022-12-15T06:01:43.080+0000] {logging_mixin.py:137} INFO - [2022-12-15T06:01:43.080+0000] {dag.py:3336} INFO - Setting next_dagrun for example_trigger_controller_dag to 2021-01-01T00:00:00+00:00, run_after=2021-01-01T00:00:00+00:00
[2022-12-15T06:01:43.102+0000] {processor.py:176} INFO - Processing /home/airflow/.local/lib/python3.10/site-packages/airflow/example_dags/example_trigger_controller_dag.py took 0.102 seconds
