[2022-12-15T05:51:28.920+0000] {processor.py:154} INFO - Started process (PID=45) to work on /home/airflow/.local/lib/python3.10/site-packages/airflow/example_dags/example_short_circuit_operator.py
[2022-12-15T05:51:28.922+0000] {processor.py:756} INFO - Processing file /home/airflow/.local/lib/python3.10/site-packages/airflow/example_dags/example_short_circuit_operator.py for tasks to queue
[2022-12-15T05:51:28.923+0000] {logging_mixin.py:137} INFO - [2022-12-15T05:51:28.923+0000] {dagbag.py:537} INFO - Filling up the DagBag from /home/airflow/.local/lib/python3.10/site-packages/airflow/example_dags/example_short_circuit_operator.py
[2022-12-15T05:51:28.965+0000] {processor.py:766} INFO - DAG(s) dict_keys(['example_short_circuit_operator']) retrieved from /home/airflow/.local/lib/python3.10/site-packages/airflow/example_dags/example_short_circuit_operator.py
[2022-12-15T05:51:29.460+0000] {logging_mixin.py:137} INFO - [2022-12-15T05:51:29.460+0000] {manager.py:507} INFO - Created Permission View: can delete on DAG:example_short_circuit_operator
[2022-12-15T05:51:29.478+0000] {logging_mixin.py:137} INFO - [2022-12-15T05:51:29.478+0000] {manager.py:507} INFO - Created Permission View: can edit on DAG:example_short_circuit_operator
[2022-12-15T05:51:29.490+0000] {logging_mixin.py:137} INFO - [2022-12-15T05:51:29.490+0000] {manager.py:507} INFO - Created Permission View: can read on DAG:example_short_circuit_operator
[2022-12-15T05:51:29.490+0000] {logging_mixin.py:137} INFO - [2022-12-15T05:51:29.490+0000] {dag.py:2585} INFO - Sync 1 DAGs
[2022-12-15T05:51:29.503+0000] {logging_mixin.py:137} INFO - [2022-12-15T05:51:29.503+0000] {dag.py:2606} INFO - Creating ORM DAG for example_short_circuit_operator
[2022-12-15T05:51:29.524+0000] {logging_mixin.py:137} INFO - [2022-12-15T05:51:29.524+0000] {dag.py:3336} INFO - Setting next_dagrun for example_short_circuit_operator to 2022-12-14T05:51:29.523226+00:00, run_after=2022-12-15T05:51:29.523226+00:00
[2022-12-15T05:51:29.551+0000] {processor.py:176} INFO - Processing /home/airflow/.local/lib/python3.10/site-packages/airflow/example_dags/example_short_circuit_operator.py took 0.636 seconds
[2022-12-15T05:52:00.236+0000] {processor.py:154} INFO - Started process (PID=97) to work on /home/airflow/.local/lib/python3.10/site-packages/airflow/example_dags/example_short_circuit_operator.py
[2022-12-15T05:52:00.237+0000] {processor.py:756} INFO - Processing file /home/airflow/.local/lib/python3.10/site-packages/airflow/example_dags/example_short_circuit_operator.py for tasks to queue
[2022-12-15T05:52:00.237+0000] {logging_mixin.py:137} INFO - [2022-12-15T05:52:00.237+0000] {dagbag.py:537} INFO - Filling up the DagBag from /home/airflow/.local/lib/python3.10/site-packages/airflow/example_dags/example_short_circuit_operator.py
[2022-12-15T05:52:00.258+0000] {processor.py:766} INFO - DAG(s) dict_keys(['example_short_circuit_operator']) retrieved from /home/airflow/.local/lib/python3.10/site-packages/airflow/example_dags/example_short_circuit_operator.py
[2022-12-15T05:52:00.425+0000] {logging_mixin.py:137} INFO - [2022-12-15T05:52:00.425+0000] {dag.py:2585} INFO - Sync 1 DAGs
[2022-12-15T05:52:00.445+0000] {logging_mixin.py:137} INFO - [2022-12-15T05:52:00.444+0000] {dag.py:3336} INFO - Setting next_dagrun for example_short_circuit_operator to 2022-12-14T05:52:00.444757+00:00, run_after=2022-12-15T05:52:00.444757+00:00
[2022-12-15T05:52:00.465+0000] {processor.py:176} INFO - Processing /home/airflow/.local/lib/python3.10/site-packages/airflow/example_dags/example_short_circuit_operator.py took 0.231 seconds
[2022-12-15T05:52:31.133+0000] {processor.py:154} INFO - Started process (PID=156) to work on /home/airflow/.local/lib/python3.10/site-packages/airflow/example_dags/example_short_circuit_operator.py
[2022-12-15T05:52:31.134+0000] {processor.py:756} INFO - Processing file /home/airflow/.local/lib/python3.10/site-packages/airflow/example_dags/example_short_circuit_operator.py for tasks to queue
[2022-12-15T05:52:31.135+0000] {logging_mixin.py:137} INFO - [2022-12-15T05:52:31.135+0000] {dagbag.py:537} INFO - Filling up the DagBag from /home/airflow/.local/lib/python3.10/site-packages/airflow/example_dags/example_short_circuit_operator.py
[2022-12-15T05:52:31.292+0000] {processor.py:766} INFO - DAG(s) dict_keys(['example_short_circuit_operator']) retrieved from /home/airflow/.local/lib/python3.10/site-packages/airflow/example_dags/example_short_circuit_operator.py
[2022-12-15T05:52:31.334+0000] {logging_mixin.py:137} INFO - [2022-12-15T05:52:31.333+0000] {dag.py:2585} INFO - Sync 1 DAGs
[2022-12-15T05:52:31.360+0000] {logging_mixin.py:137} INFO - [2022-12-15T05:52:31.360+0000] {dag.py:3336} INFO - Setting next_dagrun for example_short_circuit_operator to 2022-12-14T05:52:31.360564+00:00, run_after=2022-12-15T05:52:31.360564+00:00
[2022-12-15T05:52:31.391+0000] {processor.py:176} INFO - Processing /home/airflow/.local/lib/python3.10/site-packages/airflow/example_dags/example_short_circuit_operator.py took 0.261 seconds
[2022-12-15T05:53:02.306+0000] {processor.py:154} INFO - Started process (PID=215) to work on /home/airflow/.local/lib/python3.10/site-packages/airflow/example_dags/example_short_circuit_operator.py
[2022-12-15T05:53:02.307+0000] {processor.py:756} INFO - Processing file /home/airflow/.local/lib/python3.10/site-packages/airflow/example_dags/example_short_circuit_operator.py for tasks to queue
[2022-12-15T05:53:02.307+0000] {logging_mixin.py:137} INFO - [2022-12-15T05:53:02.307+0000] {dagbag.py:537} INFO - Filling up the DagBag from /home/airflow/.local/lib/python3.10/site-packages/airflow/example_dags/example_short_circuit_operator.py
[2022-12-15T05:53:02.324+0000] {processor.py:766} INFO - DAG(s) dict_keys(['example_short_circuit_operator']) retrieved from /home/airflow/.local/lib/python3.10/site-packages/airflow/example_dags/example_short_circuit_operator.py
[2022-12-15T05:53:02.369+0000] {logging_mixin.py:137} INFO - [2022-12-15T05:53:02.369+0000] {dag.py:2585} INFO - Sync 1 DAGs
[2022-12-15T05:53:02.390+0000] {logging_mixin.py:137} INFO - [2022-12-15T05:53:02.390+0000] {dag.py:3336} INFO - Setting next_dagrun for example_short_circuit_operator to 2022-12-14T05:53:02.390180+00:00, run_after=2022-12-15T05:53:02.390180+00:00
[2022-12-15T05:53:02.418+0000] {processor.py:176} INFO - Processing /home/airflow/.local/lib/python3.10/site-packages/airflow/example_dags/example_short_circuit_operator.py took 0.115 seconds
[2022-12-15T05:53:32.690+0000] {processor.py:154} INFO - Started process (PID=266) to work on /home/airflow/.local/lib/python3.10/site-packages/airflow/example_dags/example_short_circuit_operator.py
[2022-12-15T05:53:32.691+0000] {processor.py:756} INFO - Processing file /home/airflow/.local/lib/python3.10/site-packages/airflow/example_dags/example_short_circuit_operator.py for tasks to queue
[2022-12-15T05:53:32.691+0000] {logging_mixin.py:137} INFO - [2022-12-15T05:53:32.691+0000] {dagbag.py:537} INFO - Filling up the DagBag from /home/airflow/.local/lib/python3.10/site-packages/airflow/example_dags/example_short_circuit_operator.py
[2022-12-15T05:53:32.708+0000] {processor.py:766} INFO - DAG(s) dict_keys(['example_short_circuit_operator']) retrieved from /home/airflow/.local/lib/python3.10/site-packages/airflow/example_dags/example_short_circuit_operator.py
[2022-12-15T05:53:32.751+0000] {logging_mixin.py:137} INFO - [2022-12-15T05:53:32.751+0000] {dag.py:2585} INFO - Sync 1 DAGs
[2022-12-15T05:53:32.771+0000] {logging_mixin.py:137} INFO - [2022-12-15T05:53:32.771+0000] {dag.py:3336} INFO - Setting next_dagrun for example_short_circuit_operator to 2022-12-14T05:53:32.771186+00:00, run_after=2022-12-15T05:53:32.771186+00:00
[2022-12-15T05:53:32.790+0000] {processor.py:176} INFO - Processing /home/airflow/.local/lib/python3.10/site-packages/airflow/example_dags/example_short_circuit_operator.py took 0.103 seconds
[2022-12-15T05:54:03.178+0000] {processor.py:154} INFO - Started process (PID=324) to work on /home/airflow/.local/lib/python3.10/site-packages/airflow/example_dags/example_short_circuit_operator.py
[2022-12-15T05:54:03.179+0000] {processor.py:756} INFO - Processing file /home/airflow/.local/lib/python3.10/site-packages/airflow/example_dags/example_short_circuit_operator.py for tasks to queue
[2022-12-15T05:54:03.179+0000] {logging_mixin.py:137} INFO - [2022-12-15T05:54:03.179+0000] {dagbag.py:537} INFO - Filling up the DagBag from /home/airflow/.local/lib/python3.10/site-packages/airflow/example_dags/example_short_circuit_operator.py
[2022-12-15T05:54:03.195+0000] {processor.py:766} INFO - DAG(s) dict_keys(['example_short_circuit_operator']) retrieved from /home/airflow/.local/lib/python3.10/site-packages/airflow/example_dags/example_short_circuit_operator.py
[2022-12-15T05:54:03.250+0000] {logging_mixin.py:137} INFO - [2022-12-15T05:54:03.250+0000] {dag.py:2585} INFO - Sync 1 DAGs
[2022-12-15T05:54:03.271+0000] {logging_mixin.py:137} INFO - [2022-12-15T05:54:03.270+0000] {dag.py:3336} INFO - Setting next_dagrun for example_short_circuit_operator to 2022-12-14T05:54:03.270633+00:00, run_after=2022-12-15T05:54:03.270633+00:00
[2022-12-15T05:54:03.290+0000] {processor.py:176} INFO - Processing /home/airflow/.local/lib/python3.10/site-packages/airflow/example_dags/example_short_circuit_operator.py took 0.115 seconds
[2022-12-15T05:54:33.560+0000] {processor.py:154} INFO - Started process (PID=382) to work on /home/airflow/.local/lib/python3.10/site-packages/airflow/example_dags/example_short_circuit_operator.py
[2022-12-15T05:54:33.561+0000] {processor.py:756} INFO - Processing file /home/airflow/.local/lib/python3.10/site-packages/airflow/example_dags/example_short_circuit_operator.py for tasks to queue
[2022-12-15T05:54:33.561+0000] {logging_mixin.py:137} INFO - [2022-12-15T05:54:33.561+0000] {dagbag.py:537} INFO - Filling up the DagBag from /home/airflow/.local/lib/python3.10/site-packages/airflow/example_dags/example_short_circuit_operator.py
[2022-12-15T05:54:33.576+0000] {processor.py:766} INFO - DAG(s) dict_keys(['example_short_circuit_operator']) retrieved from /home/airflow/.local/lib/python3.10/site-packages/airflow/example_dags/example_short_circuit_operator.py
[2022-12-15T05:54:33.611+0000] {logging_mixin.py:137} INFO - [2022-12-15T05:54:33.611+0000] {dag.py:2585} INFO - Sync 1 DAGs
[2022-12-15T05:54:33.631+0000] {logging_mixin.py:137} INFO - [2022-12-15T05:54:33.631+0000] {dag.py:3336} INFO - Setting next_dagrun for example_short_circuit_operator to 2022-12-14T05:54:33.631446+00:00, run_after=2022-12-15T05:54:33.631446+00:00
[2022-12-15T05:54:33.649+0000] {processor.py:176} INFO - Processing /home/airflow/.local/lib/python3.10/site-packages/airflow/example_dags/example_short_circuit_operator.py took 0.092 seconds
[2022-12-15T05:55:03.997+0000] {processor.py:154} INFO - Started process (PID=433) to work on /home/airflow/.local/lib/python3.10/site-packages/airflow/example_dags/example_short_circuit_operator.py
[2022-12-15T05:55:03.998+0000] {processor.py:756} INFO - Processing file /home/airflow/.local/lib/python3.10/site-packages/airflow/example_dags/example_short_circuit_operator.py for tasks to queue
[2022-12-15T05:55:03.998+0000] {logging_mixin.py:137} INFO - [2022-12-15T05:55:03.998+0000] {dagbag.py:537} INFO - Filling up the DagBag from /home/airflow/.local/lib/python3.10/site-packages/airflow/example_dags/example_short_circuit_operator.py
[2022-12-15T05:55:04.013+0000] {processor.py:766} INFO - DAG(s) dict_keys(['example_short_circuit_operator']) retrieved from /home/airflow/.local/lib/python3.10/site-packages/airflow/example_dags/example_short_circuit_operator.py
[2022-12-15T05:55:04.047+0000] {logging_mixin.py:137} INFO - [2022-12-15T05:55:04.046+0000] {dag.py:2585} INFO - Sync 1 DAGs
[2022-12-15T05:55:04.067+0000] {logging_mixin.py:137} INFO - [2022-12-15T05:55:04.067+0000] {dag.py:3336} INFO - Setting next_dagrun for example_short_circuit_operator to 2022-12-14T05:55:04.066879+00:00, run_after=2022-12-15T05:55:04.066879+00:00
[2022-12-15T05:55:04.086+0000] {processor.py:176} INFO - Processing /home/airflow/.local/lib/python3.10/site-packages/airflow/example_dags/example_short_circuit_operator.py took 0.092 seconds
[2022-12-15T05:55:34.272+0000] {processor.py:154} INFO - Started process (PID=492) to work on /home/airflow/.local/lib/python3.10/site-packages/airflow/example_dags/example_short_circuit_operator.py
[2022-12-15T05:55:34.273+0000] {processor.py:756} INFO - Processing file /home/airflow/.local/lib/python3.10/site-packages/airflow/example_dags/example_short_circuit_operator.py for tasks to queue
[2022-12-15T05:55:34.274+0000] {logging_mixin.py:137} INFO - [2022-12-15T05:55:34.274+0000] {dagbag.py:537} INFO - Filling up the DagBag from /home/airflow/.local/lib/python3.10/site-packages/airflow/example_dags/example_short_circuit_operator.py
[2022-12-15T05:55:34.288+0000] {processor.py:766} INFO - DAG(s) dict_keys(['example_short_circuit_operator']) retrieved from /home/airflow/.local/lib/python3.10/site-packages/airflow/example_dags/example_short_circuit_operator.py
[2022-12-15T05:55:34.324+0000] {logging_mixin.py:137} INFO - [2022-12-15T05:55:34.324+0000] {dag.py:2585} INFO - Sync 1 DAGs
[2022-12-15T05:55:34.351+0000] {logging_mixin.py:137} INFO - [2022-12-15T05:55:34.350+0000] {dag.py:3336} INFO - Setting next_dagrun for example_short_circuit_operator to 2022-12-14T05:55:34.350664+00:00, run_after=2022-12-15T05:55:34.350664+00:00
[2022-12-15T05:55:34.369+0000] {processor.py:176} INFO - Processing /home/airflow/.local/lib/python3.10/site-packages/airflow/example_dags/example_short_circuit_operator.py took 0.099 seconds
[2022-12-15T05:56:26.291+0000] {processor.py:154} INFO - Started process (PID=43) to work on /home/airflow/.local/lib/python3.10/site-packages/airflow/example_dags/example_short_circuit_operator.py
[2022-12-15T05:56:26.292+0000] {processor.py:756} INFO - Processing file /home/airflow/.local/lib/python3.10/site-packages/airflow/example_dags/example_short_circuit_operator.py for tasks to queue
[2022-12-15T05:56:26.292+0000] {logging_mixin.py:137} INFO - [2022-12-15T05:56:26.292+0000] {dagbag.py:537} INFO - Filling up the DagBag from /home/airflow/.local/lib/python3.10/site-packages/airflow/example_dags/example_short_circuit_operator.py
[2022-12-15T05:56:26.313+0000] {processor.py:766} INFO - DAG(s) dict_keys(['example_short_circuit_operator']) retrieved from /home/airflow/.local/lib/python3.10/site-packages/airflow/example_dags/example_short_circuit_operator.py
[2022-12-15T05:56:26.507+0000] {logging_mixin.py:137} INFO - [2022-12-15T05:56:26.507+0000] {dag.py:2585} INFO - Sync 1 DAGs
[2022-12-15T05:56:26.544+0000] {logging_mixin.py:137} INFO - [2022-12-15T05:56:26.543+0000] {dag.py:3336} INFO - Setting next_dagrun for example_short_circuit_operator to 2022-12-14T05:56:26.543470+00:00, run_after=2022-12-15T05:56:26.543470+00:00
[2022-12-15T05:56:26.588+0000] {processor.py:176} INFO - Processing /home/airflow/.local/lib/python3.10/site-packages/airflow/example_dags/example_short_circuit_operator.py took 0.300 seconds
[2022-12-15T05:56:56.773+0000] {processor.py:154} INFO - Started process (PID=94) to work on /home/airflow/.local/lib/python3.10/site-packages/airflow/example_dags/example_short_circuit_operator.py
[2022-12-15T05:56:56.774+0000] {processor.py:756} INFO - Processing file /home/airflow/.local/lib/python3.10/site-packages/airflow/example_dags/example_short_circuit_operator.py for tasks to queue
[2022-12-15T05:56:56.774+0000] {logging_mixin.py:137} INFO - [2022-12-15T05:56:56.774+0000] {dagbag.py:537} INFO - Filling up the DagBag from /home/airflow/.local/lib/python3.10/site-packages/airflow/example_dags/example_short_circuit_operator.py
[2022-12-15T05:56:56.908+0000] {processor.py:766} INFO - DAG(s) dict_keys(['example_short_circuit_operator']) retrieved from /home/airflow/.local/lib/python3.10/site-packages/airflow/example_dags/example_short_circuit_operator.py
[2022-12-15T05:56:56.941+0000] {logging_mixin.py:137} INFO - [2022-12-15T05:56:56.941+0000] {dag.py:2585} INFO - Sync 1 DAGs
[2022-12-15T05:56:56.961+0000] {logging_mixin.py:137} INFO - [2022-12-15T05:56:56.961+0000] {dag.py:3336} INFO - Setting next_dagrun for example_short_circuit_operator to 2022-12-14T05:56:56.961112+00:00, run_after=2022-12-15T05:56:56.961112+00:00
[2022-12-15T05:56:56.981+0000] {processor.py:176} INFO - Processing /home/airflow/.local/lib/python3.10/site-packages/airflow/example_dags/example_short_circuit_operator.py took 0.210 seconds
[2022-12-15T05:57:27.788+0000] {processor.py:154} INFO - Started process (PID=153) to work on /home/airflow/.local/lib/python3.10/site-packages/airflow/example_dags/example_short_circuit_operator.py
[2022-12-15T05:57:27.789+0000] {processor.py:756} INFO - Processing file /home/airflow/.local/lib/python3.10/site-packages/airflow/example_dags/example_short_circuit_operator.py for tasks to queue
[2022-12-15T05:57:27.789+0000] {logging_mixin.py:137} INFO - [2022-12-15T05:57:27.789+0000] {dagbag.py:537} INFO - Filling up the DagBag from /home/airflow/.local/lib/python3.10/site-packages/airflow/example_dags/example_short_circuit_operator.py
[2022-12-15T05:57:27.805+0000] {processor.py:766} INFO - DAG(s) dict_keys(['example_short_circuit_operator']) retrieved from /home/airflow/.local/lib/python3.10/site-packages/airflow/example_dags/example_short_circuit_operator.py
[2022-12-15T05:57:27.846+0000] {logging_mixin.py:137} INFO - [2022-12-15T05:57:27.846+0000] {dag.py:2585} INFO - Sync 1 DAGs
[2022-12-15T05:57:27.870+0000] {logging_mixin.py:137} INFO - [2022-12-15T05:57:27.870+0000] {dag.py:3336} INFO - Setting next_dagrun for example_short_circuit_operator to 2022-12-14T05:57:27.869770+00:00, run_after=2022-12-15T05:57:27.869770+00:00
[2022-12-15T05:57:27.895+0000] {processor.py:176} INFO - Processing /home/airflow/.local/lib/python3.10/site-packages/airflow/example_dags/example_short_circuit_operator.py took 0.110 seconds
[2022-12-15T05:57:58.075+0000] {processor.py:154} INFO - Started process (PID=212) to work on /home/airflow/.local/lib/python3.10/site-packages/airflow/example_dags/example_short_circuit_operator.py
[2022-12-15T05:57:58.076+0000] {processor.py:756} INFO - Processing file /home/airflow/.local/lib/python3.10/site-packages/airflow/example_dags/example_short_circuit_operator.py for tasks to queue
[2022-12-15T05:57:58.076+0000] {logging_mixin.py:137} INFO - [2022-12-15T05:57:58.076+0000] {dagbag.py:537} INFO - Filling up the DagBag from /home/airflow/.local/lib/python3.10/site-packages/airflow/example_dags/example_short_circuit_operator.py
[2022-12-15T05:57:58.106+0000] {processor.py:766} INFO - DAG(s) dict_keys(['example_short_circuit_operator']) retrieved from /home/airflow/.local/lib/python3.10/site-packages/airflow/example_dags/example_short_circuit_operator.py
[2022-12-15T05:57:58.162+0000] {logging_mixin.py:137} INFO - [2022-12-15T05:57:58.162+0000] {dag.py:2585} INFO - Sync 1 DAGs
[2022-12-15T05:57:58.190+0000] {logging_mixin.py:137} INFO - [2022-12-15T05:57:58.190+0000] {dag.py:3336} INFO - Setting next_dagrun for example_short_circuit_operator to 2022-12-14T05:57:58.190135+00:00, run_after=2022-12-15T05:57:58.190135+00:00
[2022-12-15T05:57:58.212+0000] {processor.py:176} INFO - Processing /home/airflow/.local/lib/python3.10/site-packages/airflow/example_dags/example_short_circuit_operator.py took 0.141 seconds
[2022-12-15T05:59:36.749+0000] {processor.py:154} INFO - Started process (PID=43) to work on /home/airflow/.local/lib/python3.10/site-packages/airflow/example_dags/example_short_circuit_operator.py
[2022-12-15T05:59:36.750+0000] {processor.py:756} INFO - Processing file /home/airflow/.local/lib/python3.10/site-packages/airflow/example_dags/example_short_circuit_operator.py for tasks to queue
[2022-12-15T05:59:36.751+0000] {logging_mixin.py:137} INFO - [2022-12-15T05:59:36.751+0000] {dagbag.py:537} INFO - Filling up the DagBag from /home/airflow/.local/lib/python3.10/site-packages/airflow/example_dags/example_short_circuit_operator.py
[2022-12-15T05:59:36.785+0000] {processor.py:766} INFO - DAG(s) dict_keys(['example_short_circuit_operator']) retrieved from /home/airflow/.local/lib/python3.10/site-packages/airflow/example_dags/example_short_circuit_operator.py
[2022-12-15T05:59:37.011+0000] {logging_mixin.py:137} INFO - [2022-12-15T05:59:37.011+0000] {dag.py:2585} INFO - Sync 1 DAGs
[2022-12-15T05:59:37.035+0000] {logging_mixin.py:137} INFO - [2022-12-15T05:59:37.034+0000] {dag.py:3336} INFO - Setting next_dagrun for example_short_circuit_operator to 2022-12-14T05:59:37.034647+00:00, run_after=2022-12-15T05:59:37.034647+00:00
[2022-12-15T05:59:37.065+0000] {processor.py:176} INFO - Processing /home/airflow/.local/lib/python3.10/site-packages/airflow/example_dags/example_short_circuit_operator.py took 0.320 seconds
[2022-12-15T06:00:07.182+0000] {processor.py:154} INFO - Started process (PID=94) to work on /home/airflow/.local/lib/python3.10/site-packages/airflow/example_dags/example_short_circuit_operator.py
[2022-12-15T06:00:07.183+0000] {processor.py:756} INFO - Processing file /home/airflow/.local/lib/python3.10/site-packages/airflow/example_dags/example_short_circuit_operator.py for tasks to queue
[2022-12-15T06:00:07.184+0000] {logging_mixin.py:137} INFO - [2022-12-15T06:00:07.183+0000] {dagbag.py:537} INFO - Filling up the DagBag from /home/airflow/.local/lib/python3.10/site-packages/airflow/example_dags/example_short_circuit_operator.py
[2022-12-15T06:00:07.330+0000] {processor.py:766} INFO - DAG(s) dict_keys(['example_short_circuit_operator']) retrieved from /home/airflow/.local/lib/python3.10/site-packages/airflow/example_dags/example_short_circuit_operator.py
[2022-12-15T06:00:07.365+0000] {logging_mixin.py:137} INFO - [2022-12-15T06:00:07.365+0000] {dag.py:2585} INFO - Sync 1 DAGs
[2022-12-15T06:00:07.385+0000] {logging_mixin.py:137} INFO - [2022-12-15T06:00:07.385+0000] {dag.py:3336} INFO - Setting next_dagrun for example_short_circuit_operator to 2022-12-14T06:00:07.385561+00:00, run_after=2022-12-15T06:00:07.385561+00:00
[2022-12-15T06:00:07.403+0000] {processor.py:176} INFO - Processing /home/airflow/.local/lib/python3.10/site-packages/airflow/example_dags/example_short_circuit_operator.py took 0.226 seconds
[2022-12-15T06:00:37.648+0000] {processor.py:154} INFO - Started process (PID=153) to work on /home/airflow/.local/lib/python3.10/site-packages/airflow/example_dags/example_short_circuit_operator.py
[2022-12-15T06:00:37.649+0000] {processor.py:756} INFO - Processing file /home/airflow/.local/lib/python3.10/site-packages/airflow/example_dags/example_short_circuit_operator.py for tasks to queue
[2022-12-15T06:00:37.649+0000] {logging_mixin.py:137} INFO - [2022-12-15T06:00:37.649+0000] {dagbag.py:537} INFO - Filling up the DagBag from /home/airflow/.local/lib/python3.10/site-packages/airflow/example_dags/example_short_circuit_operator.py
[2022-12-15T06:00:37.663+0000] {processor.py:766} INFO - DAG(s) dict_keys(['example_short_circuit_operator']) retrieved from /home/airflow/.local/lib/python3.10/site-packages/airflow/example_dags/example_short_circuit_operator.py
[2022-12-15T06:00:37.703+0000] {logging_mixin.py:137} INFO - [2022-12-15T06:00:37.703+0000] {dag.py:2585} INFO - Sync 1 DAGs
[2022-12-15T06:00:37.725+0000] {logging_mixin.py:137} INFO - [2022-12-15T06:00:37.725+0000] {dag.py:3336} INFO - Setting next_dagrun for example_short_circuit_operator to 2022-12-14T06:00:37.725075+00:00, run_after=2022-12-15T06:00:37.725075+00:00
[2022-12-15T06:00:37.753+0000] {processor.py:176} INFO - Processing /home/airflow/.local/lib/python3.10/site-packages/airflow/example_dags/example_short_circuit_operator.py took 0.108 seconds
[2022-12-15T06:01:08.597+0000] {processor.py:154} INFO - Started process (PID=212) to work on /home/airflow/.local/lib/python3.10/site-packages/airflow/example_dags/example_short_circuit_operator.py
[2022-12-15T06:01:08.598+0000] {processor.py:756} INFO - Processing file /home/airflow/.local/lib/python3.10/site-packages/airflow/example_dags/example_short_circuit_operator.py for tasks to queue
[2022-12-15T06:01:08.598+0000] {logging_mixin.py:137} INFO - [2022-12-15T06:01:08.598+0000] {dagbag.py:537} INFO - Filling up the DagBag from /home/airflow/.local/lib/python3.10/site-packages/airflow/example_dags/example_short_circuit_operator.py
[2022-12-15T06:01:08.611+0000] {processor.py:766} INFO - DAG(s) dict_keys(['example_short_circuit_operator']) retrieved from /home/airflow/.local/lib/python3.10/site-packages/airflow/example_dags/example_short_circuit_operator.py
[2022-12-15T06:01:08.650+0000] {logging_mixin.py:137} INFO - [2022-12-15T06:01:08.649+0000] {dag.py:2585} INFO - Sync 1 DAGs
[2022-12-15T06:01:08.671+0000] {logging_mixin.py:137} INFO - [2022-12-15T06:01:08.671+0000] {dag.py:3336} INFO - Setting next_dagrun for example_short_circuit_operator to 2022-12-14T06:01:08.671284+00:00, run_after=2022-12-15T06:01:08.671284+00:00
[2022-12-15T06:01:08.694+0000] {processor.py:176} INFO - Processing /home/airflow/.local/lib/python3.10/site-packages/airflow/example_dags/example_short_circuit_operator.py took 0.099 seconds
[2022-12-15T06:01:38.932+0000] {processor.py:154} INFO - Started process (PID=263) to work on /home/airflow/.local/lib/python3.10/site-packages/airflow/example_dags/example_short_circuit_operator.py
[2022-12-15T06:01:38.936+0000] {processor.py:756} INFO - Processing file /home/airflow/.local/lib/python3.10/site-packages/airflow/example_dags/example_short_circuit_operator.py for tasks to queue
[2022-12-15T06:01:38.937+0000] {logging_mixin.py:137} INFO - [2022-12-15T06:01:38.937+0000] {dagbag.py:537} INFO - Filling up the DagBag from /home/airflow/.local/lib/python3.10/site-packages/airflow/example_dags/example_short_circuit_operator.py
[2022-12-15T06:01:38.952+0000] {processor.py:766} INFO - DAG(s) dict_keys(['example_short_circuit_operator']) retrieved from /home/airflow/.local/lib/python3.10/site-packages/airflow/example_dags/example_short_circuit_operator.py
[2022-12-15T06:01:38.990+0000] {logging_mixin.py:137} INFO - [2022-12-15T06:01:38.990+0000] {dag.py:2585} INFO - Sync 1 DAGs
[2022-12-15T06:01:39.012+0000] {logging_mixin.py:137} INFO - [2022-12-15T06:01:39.012+0000] {dag.py:3336} INFO - Setting next_dagrun for example_short_circuit_operator to 2022-12-14T06:01:39.012165+00:00, run_after=2022-12-15T06:01:39.012165+00:00
[2022-12-15T06:01:39.034+0000] {processor.py:176} INFO - Processing /home/airflow/.local/lib/python3.10/site-packages/airflow/example_dags/example_short_circuit_operator.py took 0.107 seconds
