[2022-12-15T05:51:35.948+0000] {processor.py:154} INFO - Started process (PID=66) to work on /home/airflow/.local/lib/python3.10/site-packages/airflow/example_dags/example_time_delta_sensor_async.py
[2022-12-15T05:51:35.949+0000] {processor.py:756} INFO - Processing file /home/airflow/.local/lib/python3.10/site-packages/airflow/example_dags/example_time_delta_sensor_async.py for tasks to queue
[2022-12-15T05:51:35.950+0000] {logging_mixin.py:137} INFO - [2022-12-15T05:51:35.950+0000] {dagbag.py:537} INFO - Filling up the DagBag from /home/airflow/.local/lib/python3.10/site-packages/airflow/example_dags/example_time_delta_sensor_async.py
[2022-12-15T05:51:36.486+0000] {processor.py:766} INFO - DAG(s) dict_keys(['example_time_delta_sensor_async']) retrieved from /home/airflow/.local/lib/python3.10/site-packages/airflow/example_dags/example_time_delta_sensor_async.py
[2022-12-15T05:51:37.178+0000] {logging_mixin.py:137} INFO - [2022-12-15T05:51:37.178+0000] {manager.py:507} INFO - Created Permission View: can delete on DAG:example_time_delta_sensor_async
[2022-12-15T05:51:37.198+0000] {logging_mixin.py:137} INFO - [2022-12-15T05:51:37.198+0000] {manager.py:507} INFO - Created Permission View: can edit on DAG:example_time_delta_sensor_async
[2022-12-15T05:51:37.209+0000] {logging_mixin.py:137} INFO - [2022-12-15T05:51:37.209+0000] {manager.py:507} INFO - Created Permission View: can read on DAG:example_time_delta_sensor_async
[2022-12-15T05:51:37.209+0000] {logging_mixin.py:137} INFO - [2022-12-15T05:51:37.209+0000] {dag.py:2585} INFO - Sync 1 DAGs
[2022-12-15T05:51:37.220+0000] {logging_mixin.py:137} INFO - [2022-12-15T05:51:37.219+0000] {dag.py:2606} INFO - Creating ORM DAG for example_time_delta_sensor_async
[2022-12-15T05:51:37.231+0000] {logging_mixin.py:137} INFO - [2022-12-15T05:51:37.231+0000] {dag.py:3336} INFO - Setting next_dagrun for example_time_delta_sensor_async to None, run_after=None
[2022-12-15T05:51:37.252+0000] {processor.py:176} INFO - Processing /home/airflow/.local/lib/python3.10/site-packages/airflow/example_dags/example_time_delta_sensor_async.py took 1.308 seconds
[2022-12-15T05:52:07.384+0000] {processor.py:154} INFO - Started process (PID=125) to work on /home/airflow/.local/lib/python3.10/site-packages/airflow/example_dags/example_time_delta_sensor_async.py
[2022-12-15T05:52:07.385+0000] {processor.py:756} INFO - Processing file /home/airflow/.local/lib/python3.10/site-packages/airflow/example_dags/example_time_delta_sensor_async.py for tasks to queue
[2022-12-15T05:52:07.386+0000] {logging_mixin.py:137} INFO - [2022-12-15T05:52:07.386+0000] {dagbag.py:537} INFO - Filling up the DagBag from /home/airflow/.local/lib/python3.10/site-packages/airflow/example_dags/example_time_delta_sensor_async.py
[2022-12-15T05:52:07.402+0000] {processor.py:766} INFO - DAG(s) dict_keys(['example_time_delta_sensor_async']) retrieved from /home/airflow/.local/lib/python3.10/site-packages/airflow/example_dags/example_time_delta_sensor_async.py
[2022-12-15T05:52:07.709+0000] {logging_mixin.py:137} INFO - [2022-12-15T05:52:07.709+0000] {dag.py:2585} INFO - Sync 1 DAGs
[2022-12-15T05:52:07.731+0000] {logging_mixin.py:137} INFO - [2022-12-15T05:52:07.731+0000] {dag.py:3336} INFO - Setting next_dagrun for example_time_delta_sensor_async to None, run_after=None
[2022-12-15T05:52:07.752+0000] {processor.py:176} INFO - Processing /home/airflow/.local/lib/python3.10/site-packages/airflow/example_dags/example_time_delta_sensor_async.py took 0.371 seconds
[2022-12-15T05:52:38.234+0000] {processor.py:154} INFO - Started process (PID=185) to work on /home/airflow/.local/lib/python3.10/site-packages/airflow/example_dags/example_time_delta_sensor_async.py
[2022-12-15T05:52:38.235+0000] {processor.py:756} INFO - Processing file /home/airflow/.local/lib/python3.10/site-packages/airflow/example_dags/example_time_delta_sensor_async.py for tasks to queue
[2022-12-15T05:52:38.235+0000] {logging_mixin.py:137} INFO - [2022-12-15T05:52:38.235+0000] {dagbag.py:537} INFO - Filling up the DagBag from /home/airflow/.local/lib/python3.10/site-packages/airflow/example_dags/example_time_delta_sensor_async.py
[2022-12-15T05:52:38.252+0000] {processor.py:766} INFO - DAG(s) dict_keys(['example_time_delta_sensor_async']) retrieved from /home/airflow/.local/lib/python3.10/site-packages/airflow/example_dags/example_time_delta_sensor_async.py
[2022-12-15T05:52:38.431+0000] {logging_mixin.py:137} INFO - [2022-12-15T05:52:38.430+0000] {dag.py:2585} INFO - Sync 1 DAGs
[2022-12-15T05:52:38.450+0000] {logging_mixin.py:137} INFO - [2022-12-15T05:52:38.450+0000] {dag.py:3336} INFO - Setting next_dagrun for example_time_delta_sensor_async to None, run_after=None
[2022-12-15T05:52:38.477+0000] {processor.py:176} INFO - Processing /home/airflow/.local/lib/python3.10/site-packages/airflow/example_dags/example_time_delta_sensor_async.py took 0.246 seconds
[2022-12-15T05:53:08.602+0000] {processor.py:154} INFO - Started process (PID=236) to work on /home/airflow/.local/lib/python3.10/site-packages/airflow/example_dags/example_time_delta_sensor_async.py
[2022-12-15T05:53:08.603+0000] {processor.py:756} INFO - Processing file /home/airflow/.local/lib/python3.10/site-packages/airflow/example_dags/example_time_delta_sensor_async.py for tasks to queue
[2022-12-15T05:53:08.603+0000] {logging_mixin.py:137} INFO - [2022-12-15T05:53:08.603+0000] {dagbag.py:537} INFO - Filling up the DagBag from /home/airflow/.local/lib/python3.10/site-packages/airflow/example_dags/example_time_delta_sensor_async.py
[2022-12-15T05:53:08.613+0000] {processor.py:766} INFO - DAG(s) dict_keys(['example_time_delta_sensor_async']) retrieved from /home/airflow/.local/lib/python3.10/site-packages/airflow/example_dags/example_time_delta_sensor_async.py
[2022-12-15T05:53:08.782+0000] {logging_mixin.py:137} INFO - [2022-12-15T05:53:08.782+0000] {dag.py:2585} INFO - Sync 1 DAGs
[2022-12-15T05:53:08.801+0000] {logging_mixin.py:137} INFO - [2022-12-15T05:53:08.801+0000] {dag.py:3336} INFO - Setting next_dagrun for example_time_delta_sensor_async to None, run_after=None
[2022-12-15T05:53:08.823+0000] {processor.py:176} INFO - Processing /home/airflow/.local/lib/python3.10/site-packages/airflow/example_dags/example_time_delta_sensor_async.py took 0.224 seconds
[2022-12-15T05:53:39.079+0000] {processor.py:154} INFO - Started process (PID=294) to work on /home/airflow/.local/lib/python3.10/site-packages/airflow/example_dags/example_time_delta_sensor_async.py
[2022-12-15T05:53:39.081+0000] {processor.py:756} INFO - Processing file /home/airflow/.local/lib/python3.10/site-packages/airflow/example_dags/example_time_delta_sensor_async.py for tasks to queue
[2022-12-15T05:53:39.082+0000] {logging_mixin.py:137} INFO - [2022-12-15T05:53:39.082+0000] {dagbag.py:537} INFO - Filling up the DagBag from /home/airflow/.local/lib/python3.10/site-packages/airflow/example_dags/example_time_delta_sensor_async.py
[2022-12-15T05:53:39.095+0000] {processor.py:766} INFO - DAG(s) dict_keys(['example_time_delta_sensor_async']) retrieved from /home/airflow/.local/lib/python3.10/site-packages/airflow/example_dags/example_time_delta_sensor_async.py
[2022-12-15T05:53:39.271+0000] {logging_mixin.py:137} INFO - [2022-12-15T05:53:39.271+0000] {dag.py:2585} INFO - Sync 1 DAGs
[2022-12-15T05:53:39.291+0000] {logging_mixin.py:137} INFO - [2022-12-15T05:53:39.291+0000] {dag.py:3336} INFO - Setting next_dagrun for example_time_delta_sensor_async to None, run_after=None
[2022-12-15T05:53:39.311+0000] {processor.py:176} INFO - Processing /home/airflow/.local/lib/python3.10/site-packages/airflow/example_dags/example_time_delta_sensor_async.py took 0.234 seconds
[2022-12-15T05:54:09.677+0000] {processor.py:154} INFO - Started process (PID=352) to work on /home/airflow/.local/lib/python3.10/site-packages/airflow/example_dags/example_time_delta_sensor_async.py
[2022-12-15T05:54:09.678+0000] {processor.py:756} INFO - Processing file /home/airflow/.local/lib/python3.10/site-packages/airflow/example_dags/example_time_delta_sensor_async.py for tasks to queue
[2022-12-15T05:54:09.679+0000] {logging_mixin.py:137} INFO - [2022-12-15T05:54:09.679+0000] {dagbag.py:537} INFO - Filling up the DagBag from /home/airflow/.local/lib/python3.10/site-packages/airflow/example_dags/example_time_delta_sensor_async.py
[2022-12-15T05:54:09.691+0000] {processor.py:766} INFO - DAG(s) dict_keys(['example_time_delta_sensor_async']) retrieved from /home/airflow/.local/lib/python3.10/site-packages/airflow/example_dags/example_time_delta_sensor_async.py
[2022-12-15T05:54:09.872+0000] {logging_mixin.py:137} INFO - [2022-12-15T05:54:09.872+0000] {dag.py:2585} INFO - Sync 1 DAGs
[2022-12-15T05:54:09.894+0000] {logging_mixin.py:137} INFO - [2022-12-15T05:54:09.893+0000] {dag.py:3336} INFO - Setting next_dagrun for example_time_delta_sensor_async to None, run_after=None
[2022-12-15T05:54:09.914+0000] {processor.py:176} INFO - Processing /home/airflow/.local/lib/python3.10/site-packages/airflow/example_dags/example_time_delta_sensor_async.py took 0.239 seconds
[2022-12-15T05:54:39.940+0000] {processor.py:154} INFO - Started process (PID=404) to work on /home/airflow/.local/lib/python3.10/site-packages/airflow/example_dags/example_time_delta_sensor_async.py
[2022-12-15T05:54:39.940+0000] {processor.py:756} INFO - Processing file /home/airflow/.local/lib/python3.10/site-packages/airflow/example_dags/example_time_delta_sensor_async.py for tasks to queue
[2022-12-15T05:54:39.941+0000] {logging_mixin.py:137} INFO - [2022-12-15T05:54:39.941+0000] {dagbag.py:537} INFO - Filling up the DagBag from /home/airflow/.local/lib/python3.10/site-packages/airflow/example_dags/example_time_delta_sensor_async.py
[2022-12-15T05:54:39.958+0000] {processor.py:766} INFO - DAG(s) dict_keys(['example_time_delta_sensor_async']) retrieved from /home/airflow/.local/lib/python3.10/site-packages/airflow/example_dags/example_time_delta_sensor_async.py
[2022-12-15T05:54:40.150+0000] {logging_mixin.py:137} INFO - [2022-12-15T05:54:40.150+0000] {dag.py:2585} INFO - Sync 1 DAGs
[2022-12-15T05:54:40.174+0000] {logging_mixin.py:137} INFO - [2022-12-15T05:54:40.174+0000] {dag.py:3336} INFO - Setting next_dagrun for example_time_delta_sensor_async to None, run_after=None
[2022-12-15T05:54:40.195+0000] {processor.py:176} INFO - Processing /home/airflow/.local/lib/python3.10/site-packages/airflow/example_dags/example_time_delta_sensor_async.py took 0.259 seconds
[2022-12-15T05:55:10.366+0000] {processor.py:154} INFO - Started process (PID=461) to work on /home/airflow/.local/lib/python3.10/site-packages/airflow/example_dags/example_time_delta_sensor_async.py
[2022-12-15T05:55:10.367+0000] {processor.py:756} INFO - Processing file /home/airflow/.local/lib/python3.10/site-packages/airflow/example_dags/example_time_delta_sensor_async.py for tasks to queue
[2022-12-15T05:55:10.367+0000] {logging_mixin.py:137} INFO - [2022-12-15T05:55:10.367+0000] {dagbag.py:537} INFO - Filling up the DagBag from /home/airflow/.local/lib/python3.10/site-packages/airflow/example_dags/example_time_delta_sensor_async.py
[2022-12-15T05:55:10.377+0000] {processor.py:766} INFO - DAG(s) dict_keys(['example_time_delta_sensor_async']) retrieved from /home/airflow/.local/lib/python3.10/site-packages/airflow/example_dags/example_time_delta_sensor_async.py
[2022-12-15T05:55:10.542+0000] {logging_mixin.py:137} INFO - [2022-12-15T05:55:10.542+0000] {dag.py:2585} INFO - Sync 1 DAGs
[2022-12-15T05:55:10.560+0000] {logging_mixin.py:137} INFO - [2022-12-15T05:55:10.560+0000] {dag.py:3336} INFO - Setting next_dagrun for example_time_delta_sensor_async to None, run_after=None
[2022-12-15T05:55:10.578+0000] {processor.py:176} INFO - Processing /home/airflow/.local/lib/python3.10/site-packages/airflow/example_dags/example_time_delta_sensor_async.py took 0.215 seconds
[2022-12-15T05:56:29.759+0000] {processor.py:154} INFO - Started process (PID=64) to work on /home/airflow/.local/lib/python3.10/site-packages/airflow/example_dags/example_time_delta_sensor_async.py
[2022-12-15T05:56:29.760+0000] {processor.py:756} INFO - Processing file /home/airflow/.local/lib/python3.10/site-packages/airflow/example_dags/example_time_delta_sensor_async.py for tasks to queue
[2022-12-15T05:56:29.761+0000] {logging_mixin.py:137} INFO - [2022-12-15T05:56:29.761+0000] {dagbag.py:537} INFO - Filling up the DagBag from /home/airflow/.local/lib/python3.10/site-packages/airflow/example_dags/example_time_delta_sensor_async.py
[2022-12-15T05:56:29.777+0000] {processor.py:766} INFO - DAG(s) dict_keys(['example_time_delta_sensor_async']) retrieved from /home/airflow/.local/lib/python3.10/site-packages/airflow/example_dags/example_time_delta_sensor_async.py
[2022-12-15T05:56:30.102+0000] {logging_mixin.py:137} INFO - [2022-12-15T05:56:30.102+0000] {dag.py:2585} INFO - Sync 1 DAGs
[2022-12-15T05:56:30.124+0000] {logging_mixin.py:137} INFO - [2022-12-15T05:56:30.123+0000] {dag.py:3336} INFO - Setting next_dagrun for example_time_delta_sensor_async to None, run_after=None
[2022-12-15T05:56:30.147+0000] {processor.py:176} INFO - Processing /home/airflow/.local/lib/python3.10/site-packages/airflow/example_dags/example_time_delta_sensor_async.py took 0.390 seconds
[2022-12-15T05:57:00.856+0000] {processor.py:154} INFO - Started process (PID=122) to work on /home/airflow/.local/lib/python3.10/site-packages/airflow/example_dags/example_time_delta_sensor_async.py
[2022-12-15T05:57:00.857+0000] {processor.py:756} INFO - Processing file /home/airflow/.local/lib/python3.10/site-packages/airflow/example_dags/example_time_delta_sensor_async.py for tasks to queue
[2022-12-15T05:57:00.858+0000] {logging_mixin.py:137} INFO - [2022-12-15T05:57:00.858+0000] {dagbag.py:537} INFO - Filling up the DagBag from /home/airflow/.local/lib/python3.10/site-packages/airflow/example_dags/example_time_delta_sensor_async.py
[2022-12-15T05:57:01.053+0000] {processor.py:766} INFO - DAG(s) dict_keys(['example_time_delta_sensor_async']) retrieved from /home/airflow/.local/lib/python3.10/site-packages/airflow/example_dags/example_time_delta_sensor_async.py
[2022-12-15T05:57:01.257+0000] {logging_mixin.py:137} INFO - [2022-12-15T05:57:01.257+0000] {dag.py:2585} INFO - Sync 1 DAGs
[2022-12-15T05:57:01.279+0000] {logging_mixin.py:137} INFO - [2022-12-15T05:57:01.279+0000] {dag.py:3336} INFO - Setting next_dagrun for example_time_delta_sensor_async to None, run_after=None
[2022-12-15T05:57:01.303+0000] {processor.py:176} INFO - Processing /home/airflow/.local/lib/python3.10/site-packages/airflow/example_dags/example_time_delta_sensor_async.py took 0.449 seconds
[2022-12-15T05:57:31.347+0000] {processor.py:154} INFO - Started process (PID=175) to work on /home/airflow/.local/lib/python3.10/site-packages/airflow/example_dags/example_time_delta_sensor_async.py
[2022-12-15T05:57:31.348+0000] {processor.py:756} INFO - Processing file /home/airflow/.local/lib/python3.10/site-packages/airflow/example_dags/example_time_delta_sensor_async.py for tasks to queue
[2022-12-15T05:57:31.348+0000] {logging_mixin.py:137} INFO - [2022-12-15T05:57:31.348+0000] {dagbag.py:537} INFO - Filling up the DagBag from /home/airflow/.local/lib/python3.10/site-packages/airflow/example_dags/example_time_delta_sensor_async.py
[2022-12-15T05:57:31.359+0000] {processor.py:766} INFO - DAG(s) dict_keys(['example_time_delta_sensor_async']) retrieved from /home/airflow/.local/lib/python3.10/site-packages/airflow/example_dags/example_time_delta_sensor_async.py
[2022-12-15T05:57:31.540+0000] {logging_mixin.py:137} INFO - [2022-12-15T05:57:31.540+0000] {dag.py:2585} INFO - Sync 1 DAGs
[2022-12-15T05:57:31.560+0000] {logging_mixin.py:137} INFO - [2022-12-15T05:57:31.560+0000] {dag.py:3336} INFO - Setting next_dagrun for example_time_delta_sensor_async to None, run_after=None
[2022-12-15T05:57:31.579+0000] {processor.py:176} INFO - Processing /home/airflow/.local/lib/python3.10/site-packages/airflow/example_dags/example_time_delta_sensor_async.py took 0.237 seconds
[2022-12-15T05:59:40.177+0000] {processor.py:154} INFO - Started process (PID=64) to work on /home/airflow/.local/lib/python3.10/site-packages/airflow/example_dags/example_time_delta_sensor_async.py
[2022-12-15T05:59:40.178+0000] {processor.py:756} INFO - Processing file /home/airflow/.local/lib/python3.10/site-packages/airflow/example_dags/example_time_delta_sensor_async.py for tasks to queue
[2022-12-15T05:59:40.179+0000] {logging_mixin.py:137} INFO - [2022-12-15T05:59:40.179+0000] {dagbag.py:537} INFO - Filling up the DagBag from /home/airflow/.local/lib/python3.10/site-packages/airflow/example_dags/example_time_delta_sensor_async.py
[2022-12-15T05:59:40.192+0000] {processor.py:766} INFO - DAG(s) dict_keys(['example_time_delta_sensor_async']) retrieved from /home/airflow/.local/lib/python3.10/site-packages/airflow/example_dags/example_time_delta_sensor_async.py
[2022-12-15T05:59:40.546+0000] {logging_mixin.py:137} INFO - [2022-12-15T05:59:40.546+0000] {dag.py:2585} INFO - Sync 1 DAGs
[2022-12-15T05:59:40.569+0000] {logging_mixin.py:137} INFO - [2022-12-15T05:59:40.569+0000] {dag.py:3336} INFO - Setting next_dagrun for example_time_delta_sensor_async to None, run_after=None
[2022-12-15T05:59:40.593+0000] {processor.py:176} INFO - Processing /home/airflow/.local/lib/python3.10/site-packages/airflow/example_dags/example_time_delta_sensor_async.py took 0.418 seconds
[2022-12-15T06:00:10.778+0000] {processor.py:154} INFO - Started process (PID=122) to work on /home/airflow/.local/lib/python3.10/site-packages/airflow/example_dags/example_time_delta_sensor_async.py
[2022-12-15T06:00:10.778+0000] {processor.py:756} INFO - Processing file /home/airflow/.local/lib/python3.10/site-packages/airflow/example_dags/example_time_delta_sensor_async.py for tasks to queue
[2022-12-15T06:00:10.779+0000] {logging_mixin.py:137} INFO - [2022-12-15T06:00:10.779+0000] {dagbag.py:537} INFO - Filling up the DagBag from /home/airflow/.local/lib/python3.10/site-packages/airflow/example_dags/example_time_delta_sensor_async.py
[2022-12-15T06:00:10.921+0000] {processor.py:766} INFO - DAG(s) dict_keys(['example_time_delta_sensor_async']) retrieved from /home/airflow/.local/lib/python3.10/site-packages/airflow/example_dags/example_time_delta_sensor_async.py
[2022-12-15T06:00:11.086+0000] {logging_mixin.py:137} INFO - [2022-12-15T06:00:11.086+0000] {dag.py:2585} INFO - Sync 1 DAGs
[2022-12-15T06:00:11.105+0000] {logging_mixin.py:137} INFO - [2022-12-15T06:00:11.105+0000] {dag.py:3336} INFO - Setting next_dagrun for example_time_delta_sensor_async to None, run_after=None
[2022-12-15T06:00:11.131+0000] {processor.py:176} INFO - Processing /home/airflow/.local/lib/python3.10/site-packages/airflow/example_dags/example_time_delta_sensor_async.py took 0.356 seconds
[2022-12-15T06:00:41.186+0000] {processor.py:154} INFO - Started process (PID=175) to work on /home/airflow/.local/lib/python3.10/site-packages/airflow/example_dags/example_time_delta_sensor_async.py
[2022-12-15T06:00:41.188+0000] {processor.py:756} INFO - Processing file /home/airflow/.local/lib/python3.10/site-packages/airflow/example_dags/example_time_delta_sensor_async.py for tasks to queue
[2022-12-15T06:00:41.188+0000] {logging_mixin.py:137} INFO - [2022-12-15T06:00:41.188+0000] {dagbag.py:537} INFO - Filling up the DagBag from /home/airflow/.local/lib/python3.10/site-packages/airflow/example_dags/example_time_delta_sensor_async.py
[2022-12-15T06:00:41.199+0000] {processor.py:766} INFO - DAG(s) dict_keys(['example_time_delta_sensor_async']) retrieved from /home/airflow/.local/lib/python3.10/site-packages/airflow/example_dags/example_time_delta_sensor_async.py
[2022-12-15T06:00:41.407+0000] {logging_mixin.py:137} INFO - [2022-12-15T06:00:41.406+0000] {dag.py:2585} INFO - Sync 1 DAGs
[2022-12-15T06:00:41.431+0000] {logging_mixin.py:137} INFO - [2022-12-15T06:00:41.431+0000] {dag.py:3336} INFO - Setting next_dagrun for example_time_delta_sensor_async to None, run_after=None
[2022-12-15T06:00:41.456+0000] {processor.py:176} INFO - Processing /home/airflow/.local/lib/python3.10/site-packages/airflow/example_dags/example_time_delta_sensor_async.py took 0.272 seconds
[2022-12-15T06:01:11.837+0000] {processor.py:154} INFO - Started process (PID=233) to work on /home/airflow/.local/lib/python3.10/site-packages/airflow/example_dags/example_time_delta_sensor_async.py
[2022-12-15T06:01:11.838+0000] {processor.py:756} INFO - Processing file /home/airflow/.local/lib/python3.10/site-packages/airflow/example_dags/example_time_delta_sensor_async.py for tasks to queue
[2022-12-15T06:01:11.838+0000] {logging_mixin.py:137} INFO - [2022-12-15T06:01:11.838+0000] {dagbag.py:537} INFO - Filling up the DagBag from /home/airflow/.local/lib/python3.10/site-packages/airflow/example_dags/example_time_delta_sensor_async.py
[2022-12-15T06:01:11.848+0000] {processor.py:766} INFO - DAG(s) dict_keys(['example_time_delta_sensor_async']) retrieved from /home/airflow/.local/lib/python3.10/site-packages/airflow/example_dags/example_time_delta_sensor_async.py
[2022-12-15T06:01:12.020+0000] {logging_mixin.py:137} INFO - [2022-12-15T06:01:12.020+0000] {dag.py:2585} INFO - Sync 1 DAGs
[2022-12-15T06:01:12.040+0000] {logging_mixin.py:137} INFO - [2022-12-15T06:01:12.040+0000] {dag.py:3336} INFO - Setting next_dagrun for example_time_delta_sensor_async to None, run_after=None
[2022-12-15T06:01:12.064+0000] {processor.py:176} INFO - Processing /home/airflow/.local/lib/python3.10/site-packages/airflow/example_dags/example_time_delta_sensor_async.py took 0.230 seconds
[2022-12-15T06:01:42.600+0000] {processor.py:154} INFO - Started process (PID=291) to work on /home/airflow/.local/lib/python3.10/site-packages/airflow/example_dags/example_time_delta_sensor_async.py
[2022-12-15T06:01:42.601+0000] {processor.py:756} INFO - Processing file /home/airflow/.local/lib/python3.10/site-packages/airflow/example_dags/example_time_delta_sensor_async.py for tasks to queue
[2022-12-15T06:01:42.601+0000] {logging_mixin.py:137} INFO - [2022-12-15T06:01:42.601+0000] {dagbag.py:537} INFO - Filling up the DagBag from /home/airflow/.local/lib/python3.10/site-packages/airflow/example_dags/example_time_delta_sensor_async.py
[2022-12-15T06:01:42.613+0000] {processor.py:766} INFO - DAG(s) dict_keys(['example_time_delta_sensor_async']) retrieved from /home/airflow/.local/lib/python3.10/site-packages/airflow/example_dags/example_time_delta_sensor_async.py
[2022-12-15T06:01:42.800+0000] {logging_mixin.py:137} INFO - [2022-12-15T06:01:42.800+0000] {dag.py:2585} INFO - Sync 1 DAGs
[2022-12-15T06:01:42.823+0000] {logging_mixin.py:137} INFO - [2022-12-15T06:01:42.823+0000] {dag.py:3336} INFO - Setting next_dagrun for example_time_delta_sensor_async to None, run_after=None
[2022-12-15T06:01:42.845+0000] {processor.py:176} INFO - Processing /home/airflow/.local/lib/python3.10/site-packages/airflow/example_dags/example_time_delta_sensor_async.py took 0.247 seconds
