[2022-12-15T05:51:34.298+0000] {processor.py:154} INFO - Started process (PID=58) to work on /home/airflow/.local/lib/python3.10/site-packages/airflow/example_dags/example_short_circuit_decorator.py
[2022-12-15T05:51:34.298+0000] {processor.py:756} INFO - Processing file /home/airflow/.local/lib/python3.10/site-packages/airflow/example_dags/example_short_circuit_decorator.py for tasks to queue
[2022-12-15T05:51:34.299+0000] {logging_mixin.py:137} INFO - [2022-12-15T05:51:34.299+0000] {dagbag.py:537} INFO - Filling up the DagBag from /home/airflow/.local/lib/python3.10/site-packages/airflow/example_dags/example_short_circuit_decorator.py
[2022-12-15T05:51:34.333+0000] {processor.py:766} INFO - DAG(s) dict_keys(['example_short_circuit_decorator']) retrieved from /home/airflow/.local/lib/python3.10/site-packages/airflow/example_dags/example_short_circuit_decorator.py
[2022-12-15T05:51:34.668+0000] {logging_mixin.py:137} INFO - [2022-12-15T05:51:34.668+0000] {manager.py:507} INFO - Created Permission View: can delete on DAG:example_short_circuit_decorator
[2022-12-15T05:51:34.690+0000] {logging_mixin.py:137} INFO - [2022-12-15T05:51:34.690+0000] {manager.py:507} INFO - Created Permission View: can edit on DAG:example_short_circuit_decorator
[2022-12-15T05:51:34.706+0000] {logging_mixin.py:137} INFO - [2022-12-15T05:51:34.706+0000] {manager.py:507} INFO - Created Permission View: can read on DAG:example_short_circuit_decorator
[2022-12-15T05:51:34.706+0000] {logging_mixin.py:137} INFO - [2022-12-15T05:51:34.706+0000] {dag.py:2585} INFO - Sync 1 DAGs
[2022-12-15T05:51:34.727+0000] {logging_mixin.py:137} INFO - [2022-12-15T05:51:34.727+0000] {dag.py:2606} INFO - Creating ORM DAG for example_short_circuit_decorator
[2022-12-15T05:51:34.749+0000] {logging_mixin.py:137} INFO - [2022-12-15T05:51:34.749+0000] {dag.py:3336} INFO - Setting next_dagrun for example_short_circuit_decorator to 2022-12-14T05:51:34.749001+00:00, run_after=2022-12-15T05:51:34.749001+00:00
[2022-12-15T05:51:34.783+0000] {processor.py:176} INFO - Processing /home/airflow/.local/lib/python3.10/site-packages/airflow/example_dags/example_short_circuit_decorator.py took 0.488 seconds
[2022-12-15T05:52:05.071+0000] {processor.py:154} INFO - Started process (PID=117) to work on /home/airflow/.local/lib/python3.10/site-packages/airflow/example_dags/example_short_circuit_decorator.py
[2022-12-15T05:52:05.071+0000] {processor.py:756} INFO - Processing file /home/airflow/.local/lib/python3.10/site-packages/airflow/example_dags/example_short_circuit_decorator.py for tasks to queue
[2022-12-15T05:52:05.072+0000] {logging_mixin.py:137} INFO - [2022-12-15T05:52:05.072+0000] {dagbag.py:537} INFO - Filling up the DagBag from /home/airflow/.local/lib/python3.10/site-packages/airflow/example_dags/example_short_circuit_decorator.py
[2022-12-15T05:52:05.218+0000] {processor.py:766} INFO - DAG(s) dict_keys(['example_short_circuit_decorator']) retrieved from /home/airflow/.local/lib/python3.10/site-packages/airflow/example_dags/example_short_circuit_decorator.py
[2022-12-15T05:52:05.252+0000] {logging_mixin.py:137} INFO - [2022-12-15T05:52:05.251+0000] {dag.py:2585} INFO - Sync 1 DAGs
[2022-12-15T05:52:05.275+0000] {logging_mixin.py:137} INFO - [2022-12-15T05:52:05.275+0000] {dag.py:3336} INFO - Setting next_dagrun for example_short_circuit_decorator to 2022-12-14T05:52:05.275319+00:00, run_after=2022-12-15T05:52:05.275319+00:00
[2022-12-15T05:52:05.304+0000] {processor.py:176} INFO - Processing /home/airflow/.local/lib/python3.10/site-packages/airflow/example_dags/example_short_circuit_decorator.py took 0.235 seconds
[2022-12-15T05:52:35.974+0000] {processor.py:154} INFO - Started process (PID=177) to work on /home/airflow/.local/lib/python3.10/site-packages/airflow/example_dags/example_short_circuit_decorator.py
[2022-12-15T05:52:35.975+0000] {processor.py:756} INFO - Processing file /home/airflow/.local/lib/python3.10/site-packages/airflow/example_dags/example_short_circuit_decorator.py for tasks to queue
[2022-12-15T05:52:35.975+0000] {logging_mixin.py:137} INFO - [2022-12-15T05:52:35.975+0000] {dagbag.py:537} INFO - Filling up the DagBag from /home/airflow/.local/lib/python3.10/site-packages/airflow/example_dags/example_short_circuit_decorator.py
[2022-12-15T05:52:35.995+0000] {processor.py:766} INFO - DAG(s) dict_keys(['example_short_circuit_decorator']) retrieved from /home/airflow/.local/lib/python3.10/site-packages/airflow/example_dags/example_short_circuit_decorator.py
[2022-12-15T05:52:36.026+0000] {logging_mixin.py:137} INFO - [2022-12-15T05:52:36.026+0000] {dag.py:2585} INFO - Sync 1 DAGs
[2022-12-15T05:52:36.046+0000] {logging_mixin.py:137} INFO - [2022-12-15T05:52:36.046+0000] {dag.py:3336} INFO - Setting next_dagrun for example_short_circuit_decorator to 2022-12-14T05:52:36.045946+00:00, run_after=2022-12-15T05:52:36.045946+00:00
[2022-12-15T05:52:36.066+0000] {processor.py:176} INFO - Processing /home/airflow/.local/lib/python3.10/site-packages/airflow/example_dags/example_short_circuit_decorator.py took 0.234 seconds
[2022-12-15T05:53:06.131+0000] {processor.py:154} INFO - Started process (PID=228) to work on /home/airflow/.local/lib/python3.10/site-packages/airflow/example_dags/example_short_circuit_decorator.py
[2022-12-15T05:53:06.131+0000] {processor.py:756} INFO - Processing file /home/airflow/.local/lib/python3.10/site-packages/airflow/example_dags/example_short_circuit_decorator.py for tasks to queue
[2022-12-15T05:53:06.132+0000] {logging_mixin.py:137} INFO - [2022-12-15T05:53:06.132+0000] {dagbag.py:537} INFO - Filling up the DagBag from /home/airflow/.local/lib/python3.10/site-packages/airflow/example_dags/example_short_circuit_decorator.py
[2022-12-15T05:53:06.159+0000] {processor.py:766} INFO - DAG(s) dict_keys(['example_short_circuit_decorator']) retrieved from /home/airflow/.local/lib/python3.10/site-packages/airflow/example_dags/example_short_circuit_decorator.py
[2022-12-15T05:53:06.197+0000] {logging_mixin.py:137} INFO - [2022-12-15T05:53:06.197+0000] {dag.py:2585} INFO - Sync 1 DAGs
[2022-12-15T05:53:06.222+0000] {logging_mixin.py:137} INFO - [2022-12-15T05:53:06.222+0000] {dag.py:3336} INFO - Setting next_dagrun for example_short_circuit_decorator to 2022-12-14T05:53:06.222095+00:00, run_after=2022-12-15T05:53:06.222095+00:00
[2022-12-15T05:53:06.241+0000] {processor.py:176} INFO - Processing /home/airflow/.local/lib/python3.10/site-packages/airflow/example_dags/example_short_circuit_decorator.py took 0.112 seconds
[2022-12-15T05:53:36.546+0000] {processor.py:154} INFO - Started process (PID=286) to work on /home/airflow/.local/lib/python3.10/site-packages/airflow/example_dags/example_short_circuit_decorator.py
[2022-12-15T05:53:36.548+0000] {processor.py:756} INFO - Processing file /home/airflow/.local/lib/python3.10/site-packages/airflow/example_dags/example_short_circuit_decorator.py for tasks to queue
[2022-12-15T05:53:36.549+0000] {logging_mixin.py:137} INFO - [2022-12-15T05:53:36.548+0000] {dagbag.py:537} INFO - Filling up the DagBag from /home/airflow/.local/lib/python3.10/site-packages/airflow/example_dags/example_short_circuit_decorator.py
[2022-12-15T05:53:36.580+0000] {processor.py:766} INFO - DAG(s) dict_keys(['example_short_circuit_decorator']) retrieved from /home/airflow/.local/lib/python3.10/site-packages/airflow/example_dags/example_short_circuit_decorator.py
[2022-12-15T05:53:36.630+0000] {logging_mixin.py:137} INFO - [2022-12-15T05:53:36.630+0000] {dag.py:2585} INFO - Sync 1 DAGs
[2022-12-15T05:53:36.658+0000] {logging_mixin.py:137} INFO - [2022-12-15T05:53:36.658+0000] {dag.py:3336} INFO - Setting next_dagrun for example_short_circuit_decorator to 2022-12-14T05:53:36.657718+00:00, run_after=2022-12-15T05:53:36.657718+00:00
[2022-12-15T05:53:36.683+0000] {processor.py:176} INFO - Processing /home/airflow/.local/lib/python3.10/site-packages/airflow/example_dags/example_short_circuit_decorator.py took 0.139 seconds
[2022-12-15T05:54:07.010+0000] {processor.py:154} INFO - Started process (PID=337) to work on /home/airflow/.local/lib/python3.10/site-packages/airflow/example_dags/example_short_circuit_decorator.py
[2022-12-15T05:54:07.011+0000] {processor.py:756} INFO - Processing file /home/airflow/.local/lib/python3.10/site-packages/airflow/example_dags/example_short_circuit_decorator.py for tasks to queue
[2022-12-15T05:54:07.011+0000] {logging_mixin.py:137} INFO - [2022-12-15T05:54:07.011+0000] {dagbag.py:537} INFO - Filling up the DagBag from /home/airflow/.local/lib/python3.10/site-packages/airflow/example_dags/example_short_circuit_decorator.py
[2022-12-15T05:54:07.041+0000] {processor.py:766} INFO - DAG(s) dict_keys(['example_short_circuit_decorator']) retrieved from /home/airflow/.local/lib/python3.10/site-packages/airflow/example_dags/example_short_circuit_decorator.py
[2022-12-15T05:54:07.085+0000] {logging_mixin.py:137} INFO - [2022-12-15T05:54:07.085+0000] {dag.py:2585} INFO - Sync 1 DAGs
[2022-12-15T05:54:07.107+0000] {logging_mixin.py:137} INFO - [2022-12-15T05:54:07.107+0000] {dag.py:3336} INFO - Setting next_dagrun for example_short_circuit_decorator to 2022-12-14T05:54:07.107328+00:00, run_after=2022-12-15T05:54:07.107328+00:00
[2022-12-15T05:54:07.127+0000] {processor.py:176} INFO - Processing /home/airflow/.local/lib/python3.10/site-packages/airflow/example_dags/example_short_circuit_decorator.py took 0.120 seconds
[2022-12-15T05:54:37.393+0000] {processor.py:154} INFO - Started process (PID=395) to work on /home/airflow/.local/lib/python3.10/site-packages/airflow/example_dags/example_short_circuit_decorator.py
[2022-12-15T05:54:37.394+0000] {processor.py:756} INFO - Processing file /home/airflow/.local/lib/python3.10/site-packages/airflow/example_dags/example_short_circuit_decorator.py for tasks to queue
[2022-12-15T05:54:37.394+0000] {logging_mixin.py:137} INFO - [2022-12-15T05:54:37.394+0000] {dagbag.py:537} INFO - Filling up the DagBag from /home/airflow/.local/lib/python3.10/site-packages/airflow/example_dags/example_short_circuit_decorator.py
[2022-12-15T05:54:37.414+0000] {processor.py:766} INFO - DAG(s) dict_keys(['example_short_circuit_decorator']) retrieved from /home/airflow/.local/lib/python3.10/site-packages/airflow/example_dags/example_short_circuit_decorator.py
[2022-12-15T05:54:37.446+0000] {logging_mixin.py:137} INFO - [2022-12-15T05:54:37.446+0000] {dag.py:2585} INFO - Sync 1 DAGs
[2022-12-15T05:54:37.466+0000] {logging_mixin.py:137} INFO - [2022-12-15T05:54:37.466+0000] {dag.py:3336} INFO - Setting next_dagrun for example_short_circuit_decorator to 2022-12-14T05:54:37.466269+00:00, run_after=2022-12-15T05:54:37.466269+00:00
[2022-12-15T05:54:37.484+0000] {processor.py:176} INFO - Processing /home/airflow/.local/lib/python3.10/site-packages/airflow/example_dags/example_short_circuit_decorator.py took 0.094 seconds
[2022-12-15T05:55:07.911+0000] {processor.py:154} INFO - Started process (PID=453) to work on /home/airflow/.local/lib/python3.10/site-packages/airflow/example_dags/example_short_circuit_decorator.py
[2022-12-15T05:55:07.912+0000] {processor.py:756} INFO - Processing file /home/airflow/.local/lib/python3.10/site-packages/airflow/example_dags/example_short_circuit_decorator.py for tasks to queue
[2022-12-15T05:55:07.912+0000] {logging_mixin.py:137} INFO - [2022-12-15T05:55:07.912+0000] {dagbag.py:537} INFO - Filling up the DagBag from /home/airflow/.local/lib/python3.10/site-packages/airflow/example_dags/example_short_circuit_decorator.py
[2022-12-15T05:55:07.941+0000] {processor.py:766} INFO - DAG(s) dict_keys(['example_short_circuit_decorator']) retrieved from /home/airflow/.local/lib/python3.10/site-packages/airflow/example_dags/example_short_circuit_decorator.py
[2022-12-15T05:55:08.013+0000] {logging_mixin.py:137} INFO - [2022-12-15T05:55:08.013+0000] {dag.py:2585} INFO - Sync 1 DAGs
[2022-12-15T05:55:08.035+0000] {logging_mixin.py:137} INFO - [2022-12-15T05:55:08.035+0000] {dag.py:3336} INFO - Setting next_dagrun for example_short_circuit_decorator to 2022-12-14T05:55:08.035574+00:00, run_after=2022-12-15T05:55:08.035574+00:00
[2022-12-15T05:55:08.063+0000] {processor.py:176} INFO - Processing /home/airflow/.local/lib/python3.10/site-packages/airflow/example_dags/example_short_circuit_decorator.py took 0.156 seconds
[2022-12-15T05:56:28.711+0000] {processor.py:154} INFO - Started process (PID=56) to work on /home/airflow/.local/lib/python3.10/site-packages/airflow/example_dags/example_short_circuit_decorator.py
[2022-12-15T05:56:28.712+0000] {processor.py:756} INFO - Processing file /home/airflow/.local/lib/python3.10/site-packages/airflow/example_dags/example_short_circuit_decorator.py for tasks to queue
[2022-12-15T05:56:28.713+0000] {logging_mixin.py:137} INFO - [2022-12-15T05:56:28.713+0000] {dagbag.py:537} INFO - Filling up the DagBag from /home/airflow/.local/lib/python3.10/site-packages/airflow/example_dags/example_short_circuit_decorator.py
[2022-12-15T05:56:28.738+0000] {processor.py:766} INFO - DAG(s) dict_keys(['example_short_circuit_decorator']) retrieved from /home/airflow/.local/lib/python3.10/site-packages/airflow/example_dags/example_short_circuit_decorator.py
[2022-12-15T05:56:28.959+0000] {logging_mixin.py:137} INFO - [2022-12-15T05:56:28.958+0000] {dag.py:2585} INFO - Sync 1 DAGs
[2022-12-15T05:56:28.980+0000] {logging_mixin.py:137} INFO - [2022-12-15T05:56:28.980+0000] {dag.py:3336} INFO - Setting next_dagrun for example_short_circuit_decorator to 2022-12-14T05:56:28.979801+00:00, run_after=2022-12-15T05:56:28.979801+00:00
[2022-12-15T05:56:29.000+0000] {processor.py:176} INFO - Processing /home/airflow/.local/lib/python3.10/site-packages/airflow/example_dags/example_short_circuit_decorator.py took 0.291 seconds
[2022-12-15T05:56:59.588+0000] {processor.py:154} INFO - Started process (PID=114) to work on /home/airflow/.local/lib/python3.10/site-packages/airflow/example_dags/example_short_circuit_decorator.py
[2022-12-15T05:56:59.590+0000] {processor.py:756} INFO - Processing file /home/airflow/.local/lib/python3.10/site-packages/airflow/example_dags/example_short_circuit_decorator.py for tasks to queue
[2022-12-15T05:56:59.590+0000] {logging_mixin.py:137} INFO - [2022-12-15T05:56:59.590+0000] {dagbag.py:537} INFO - Filling up the DagBag from /home/airflow/.local/lib/python3.10/site-packages/airflow/example_dags/example_short_circuit_decorator.py
[2022-12-15T05:56:59.808+0000] {processor.py:766} INFO - DAG(s) dict_keys(['example_short_circuit_decorator']) retrieved from /home/airflow/.local/lib/python3.10/site-packages/airflow/example_dags/example_short_circuit_decorator.py
[2022-12-15T05:56:59.863+0000] {logging_mixin.py:137} INFO - [2022-12-15T05:56:59.862+0000] {dag.py:2585} INFO - Sync 1 DAGs
[2022-12-15T05:56:59.898+0000] {logging_mixin.py:137} INFO - [2022-12-15T05:56:59.898+0000] {dag.py:3336} INFO - Setting next_dagrun for example_short_circuit_decorator to 2022-12-14T05:56:59.897800+00:00, run_after=2022-12-15T05:56:59.897800+00:00
[2022-12-15T05:56:59.925+0000] {processor.py:176} INFO - Processing /home/airflow/.local/lib/python3.10/site-packages/airflow/example_dags/example_short_circuit_decorator.py took 0.340 seconds
[2022-12-15T05:57:30.561+0000] {processor.py:154} INFO - Started process (PID=167) to work on /home/airflow/.local/lib/python3.10/site-packages/airflow/example_dags/example_short_circuit_decorator.py
[2022-12-15T05:57:30.562+0000] {processor.py:756} INFO - Processing file /home/airflow/.local/lib/python3.10/site-packages/airflow/example_dags/example_short_circuit_decorator.py for tasks to queue
[2022-12-15T05:57:30.562+0000] {logging_mixin.py:137} INFO - [2022-12-15T05:57:30.562+0000] {dagbag.py:537} INFO - Filling up the DagBag from /home/airflow/.local/lib/python3.10/site-packages/airflow/example_dags/example_short_circuit_decorator.py
[2022-12-15T05:57:30.587+0000] {processor.py:766} INFO - DAG(s) dict_keys(['example_short_circuit_decorator']) retrieved from /home/airflow/.local/lib/python3.10/site-packages/airflow/example_dags/example_short_circuit_decorator.py
[2022-12-15T05:57:30.620+0000] {logging_mixin.py:137} INFO - [2022-12-15T05:57:30.620+0000] {dag.py:2585} INFO - Sync 1 DAGs
[2022-12-15T05:57:30.638+0000] {logging_mixin.py:137} INFO - [2022-12-15T05:57:30.638+0000] {dag.py:3336} INFO - Setting next_dagrun for example_short_circuit_decorator to 2022-12-14T05:57:30.638339+00:00, run_after=2022-12-15T05:57:30.638339+00:00
[2022-12-15T05:57:30.656+0000] {processor.py:176} INFO - Processing /home/airflow/.local/lib/python3.10/site-packages/airflow/example_dags/example_short_circuit_decorator.py took 0.096 seconds
[2022-12-15T05:59:39.001+0000] {processor.py:154} INFO - Started process (PID=56) to work on /home/airflow/.local/lib/python3.10/site-packages/airflow/example_dags/example_short_circuit_decorator.py
[2022-12-15T05:59:39.002+0000] {processor.py:756} INFO - Processing file /home/airflow/.local/lib/python3.10/site-packages/airflow/example_dags/example_short_circuit_decorator.py for tasks to queue
[2022-12-15T05:59:39.003+0000] {logging_mixin.py:137} INFO - [2022-12-15T05:59:39.003+0000] {dagbag.py:537} INFO - Filling up the DagBag from /home/airflow/.local/lib/python3.10/site-packages/airflow/example_dags/example_short_circuit_decorator.py
[2022-12-15T05:59:39.184+0000] {processor.py:766} INFO - DAG(s) dict_keys(['example_short_circuit_decorator']) retrieved from /home/airflow/.local/lib/python3.10/site-packages/airflow/example_dags/example_short_circuit_decorator.py
[2022-12-15T05:59:39.207+0000] {logging_mixin.py:137} INFO - [2022-12-15T05:59:39.206+0000] {dag.py:2585} INFO - Sync 1 DAGs
[2022-12-15T05:59:39.229+0000] {logging_mixin.py:137} INFO - [2022-12-15T05:59:39.229+0000] {dag.py:3336} INFO - Setting next_dagrun for example_short_circuit_decorator to 2022-12-14T05:59:39.229221+00:00, run_after=2022-12-15T05:59:39.229221+00:00
[2022-12-15T05:59:39.251+0000] {processor.py:176} INFO - Processing /home/airflow/.local/lib/python3.10/site-packages/airflow/example_dags/example_short_circuit_decorator.py took 0.252 seconds
[2022-12-15T06:00:09.319+0000] {processor.py:154} INFO - Started process (PID=114) to work on /home/airflow/.local/lib/python3.10/site-packages/airflow/example_dags/example_short_circuit_decorator.py
[2022-12-15T06:00:09.320+0000] {processor.py:756} INFO - Processing file /home/airflow/.local/lib/python3.10/site-packages/airflow/example_dags/example_short_circuit_decorator.py for tasks to queue
[2022-12-15T06:00:09.321+0000] {logging_mixin.py:137} INFO - [2022-12-15T06:00:09.321+0000] {dagbag.py:537} INFO - Filling up the DagBag from /home/airflow/.local/lib/python3.10/site-packages/airflow/example_dags/example_short_circuit_decorator.py
[2022-12-15T06:00:09.491+0000] {processor.py:766} INFO - DAG(s) dict_keys(['example_short_circuit_decorator']) retrieved from /home/airflow/.local/lib/python3.10/site-packages/airflow/example_dags/example_short_circuit_decorator.py
[2022-12-15T06:00:09.529+0000] {logging_mixin.py:137} INFO - [2022-12-15T06:00:09.528+0000] {dag.py:2585} INFO - Sync 1 DAGs
[2022-12-15T06:00:09.549+0000] {logging_mixin.py:137} INFO - [2022-12-15T06:00:09.549+0000] {dag.py:3336} INFO - Setting next_dagrun for example_short_circuit_decorator to 2022-12-14T06:00:09.548985+00:00, run_after=2022-12-15T06:00:09.548985+00:00
[2022-12-15T06:00:09.568+0000] {processor.py:176} INFO - Processing /home/airflow/.local/lib/python3.10/site-packages/airflow/example_dags/example_short_circuit_decorator.py took 0.251 seconds
[2022-12-15T06:00:39.669+0000] {processor.py:154} INFO - Started process (PID=167) to work on /home/airflow/.local/lib/python3.10/site-packages/airflow/example_dags/example_short_circuit_decorator.py
[2022-12-15T06:00:39.670+0000] {processor.py:756} INFO - Processing file /home/airflow/.local/lib/python3.10/site-packages/airflow/example_dags/example_short_circuit_decorator.py for tasks to queue
[2022-12-15T06:00:39.671+0000] {logging_mixin.py:137} INFO - [2022-12-15T06:00:39.671+0000] {dagbag.py:537} INFO - Filling up the DagBag from /home/airflow/.local/lib/python3.10/site-packages/airflow/example_dags/example_short_circuit_decorator.py
[2022-12-15T06:00:39.701+0000] {processor.py:766} INFO - DAG(s) dict_keys(['example_short_circuit_decorator']) retrieved from /home/airflow/.local/lib/python3.10/site-packages/airflow/example_dags/example_short_circuit_decorator.py
[2022-12-15T06:00:39.750+0000] {logging_mixin.py:137} INFO - [2022-12-15T06:00:39.750+0000] {dag.py:2585} INFO - Sync 1 DAGs
[2022-12-15T06:00:39.777+0000] {logging_mixin.py:137} INFO - [2022-12-15T06:00:39.777+0000] {dag.py:3336} INFO - Setting next_dagrun for example_short_circuit_decorator to 2022-12-14T06:00:39.777217+00:00, run_after=2022-12-15T06:00:39.777217+00:00
[2022-12-15T06:00:39.806+0000] {processor.py:176} INFO - Processing /home/airflow/.local/lib/python3.10/site-packages/airflow/example_dags/example_short_circuit_decorator.py took 0.140 seconds
[2022-12-15T06:01:10.377+0000] {processor.py:154} INFO - Started process (PID=225) to work on /home/airflow/.local/lib/python3.10/site-packages/airflow/example_dags/example_short_circuit_decorator.py
[2022-12-15T06:01:10.378+0000] {processor.py:756} INFO - Processing file /home/airflow/.local/lib/python3.10/site-packages/airflow/example_dags/example_short_circuit_decorator.py for tasks to queue
[2022-12-15T06:01:10.378+0000] {logging_mixin.py:137} INFO - [2022-12-15T06:01:10.378+0000] {dagbag.py:537} INFO - Filling up the DagBag from /home/airflow/.local/lib/python3.10/site-packages/airflow/example_dags/example_short_circuit_decorator.py
[2022-12-15T06:01:10.399+0000] {processor.py:766} INFO - DAG(s) dict_keys(['example_short_circuit_decorator']) retrieved from /home/airflow/.local/lib/python3.10/site-packages/airflow/example_dags/example_short_circuit_decorator.py
[2022-12-15T06:01:10.436+0000] {logging_mixin.py:137} INFO - [2022-12-15T06:01:10.436+0000] {dag.py:2585} INFO - Sync 1 DAGs
[2022-12-15T06:01:10.460+0000] {logging_mixin.py:137} INFO - [2022-12-15T06:01:10.460+0000] {dag.py:3336} INFO - Setting next_dagrun for example_short_circuit_decorator to 2022-12-14T06:01:10.460109+00:00, run_after=2022-12-15T06:01:10.460109+00:00
[2022-12-15T06:01:10.480+0000] {processor.py:176} INFO - Processing /home/airflow/.local/lib/python3.10/site-packages/airflow/example_dags/example_short_circuit_decorator.py took 0.106 seconds
[2022-12-15T06:01:40.908+0000] {processor.py:154} INFO - Started process (PID=283) to work on /home/airflow/.local/lib/python3.10/site-packages/airflow/example_dags/example_short_circuit_decorator.py
[2022-12-15T06:01:40.910+0000] {processor.py:756} INFO - Processing file /home/airflow/.local/lib/python3.10/site-packages/airflow/example_dags/example_short_circuit_decorator.py for tasks to queue
[2022-12-15T06:01:40.910+0000] {logging_mixin.py:137} INFO - [2022-12-15T06:01:40.910+0000] {dagbag.py:537} INFO - Filling up the DagBag from /home/airflow/.local/lib/python3.10/site-packages/airflow/example_dags/example_short_circuit_decorator.py
[2022-12-15T06:01:40.944+0000] {processor.py:766} INFO - DAG(s) dict_keys(['example_short_circuit_decorator']) retrieved from /home/airflow/.local/lib/python3.10/site-packages/airflow/example_dags/example_short_circuit_decorator.py
[2022-12-15T06:01:41.004+0000] {logging_mixin.py:137} INFO - [2022-12-15T06:01:41.004+0000] {dag.py:2585} INFO - Sync 1 DAGs
[2022-12-15T06:01:41.031+0000] {logging_mixin.py:137} INFO - [2022-12-15T06:01:41.031+0000] {dag.py:3336} INFO - Setting next_dagrun for example_short_circuit_decorator to 2022-12-14T06:01:41.030977+00:00, run_after=2022-12-15T06:01:41.030977+00:00
[2022-12-15T06:01:41.056+0000] {processor.py:176} INFO - Processing /home/airflow/.local/lib/python3.10/site-packages/airflow/example_dags/example_short_circuit_decorator.py took 0.151 seconds
