[2022-12-15T05:51:38.583+0000] {processor.py:154} INFO - Started process (PID=83) to work on /home/airflow/.local/lib/python3.10/site-packages/airflow/example_dags/example_subdag_operator.py
[2022-12-15T05:51:38.585+0000] {processor.py:756} INFO - Processing file /home/airflow/.local/lib/python3.10/site-packages/airflow/example_dags/example_subdag_operator.py for tasks to queue
[2022-12-15T05:51:38.586+0000] {logging_mixin.py:137} INFO - [2022-12-15T05:51:38.585+0000] {dagbag.py:537} INFO - Filling up the DagBag from /home/airflow/.local/lib/python3.10/site-packages/airflow/example_dags/example_subdag_operator.py
[2022-12-15T05:51:38.632+0000] {processor.py:766} INFO - DAG(s) dict_keys(['example_subdag_operator.section-1', 'example_subdag_operator.section-2', 'example_subdag_operator']) retrieved from /home/airflow/.local/lib/python3.10/site-packages/airflow/example_dags/example_subdag_operator.py
[2022-12-15T05:51:39.350+0000] {logging_mixin.py:137} INFO - [2022-12-15T05:51:39.350+0000] {manager.py:507} INFO - Created Permission View: can delete on DAG:example_subdag_operator
[2022-12-15T05:51:39.365+0000] {logging_mixin.py:137} INFO - [2022-12-15T05:51:39.365+0000] {manager.py:507} INFO - Created Permission View: can edit on DAG:example_subdag_operator
[2022-12-15T05:51:39.387+0000] {logging_mixin.py:137} INFO - [2022-12-15T05:51:39.387+0000] {manager.py:507} INFO - Created Permission View: can read on DAG:example_subdag_operator
[2022-12-15T05:51:39.388+0000] {logging_mixin.py:137} INFO - [2022-12-15T05:51:39.388+0000] {dag.py:2585} INFO - Sync 3 DAGs
[2022-12-15T05:51:39.401+0000] {logging_mixin.py:137} INFO - [2022-12-15T05:51:39.401+0000] {dag.py:2606} INFO - Creating ORM DAG for example_subdag_operator.section-2
[2022-12-15T05:51:39.404+0000] {logging_mixin.py:137} INFO - [2022-12-15T05:51:39.403+0000] {dag.py:2606} INFO - Creating ORM DAG for example_subdag_operator.section-1
[2022-12-15T05:51:39.405+0000] {logging_mixin.py:137} INFO - [2022-12-15T05:51:39.405+0000] {dag.py:2606} INFO - Creating ORM DAG for example_subdag_operator
[2022-12-15T05:51:39.428+0000] {logging_mixin.py:137} INFO - [2022-12-15T05:51:39.428+0000] {dag.py:3336} INFO - Setting next_dagrun for example_subdag_operator to 2022-01-01T00:00:00+00:00, run_after=2022-01-01T00:00:00+00:00
[2022-12-15T05:51:39.429+0000] {logging_mixin.py:137} INFO - [2022-12-15T05:51:39.429+0000] {dag.py:3336} INFO - Setting next_dagrun for example_subdag_operator.section-1 to None, run_after=None
[2022-12-15T05:51:39.430+0000] {logging_mixin.py:137} INFO - [2022-12-15T05:51:39.429+0000] {dag.py:3336} INFO - Setting next_dagrun for example_subdag_operator.section-2 to None, run_after=None
[2022-12-15T05:51:39.444+0000] {logging_mixin.py:137} INFO - [2022-12-15T05:51:39.444+0000] {dag.py:2585} INFO - Sync 2 DAGs
[2022-12-15T05:51:39.455+0000] {logging_mixin.py:137} INFO - [2022-12-15T05:51:39.454+0000] {dag.py:3336} INFO - Setting next_dagrun for example_subdag_operator.section-1 to None, run_after=None
[2022-12-15T05:51:39.460+0000] {logging_mixin.py:137} INFO - [2022-12-15T05:51:39.460+0000] {dag.py:3336} INFO - Setting next_dagrun for example_subdag_operator.section-2 to None, run_after=None
[2022-12-15T05:51:39.500+0000] {processor.py:176} INFO - Processing /home/airflow/.local/lib/python3.10/site-packages/airflow/example_dags/example_subdag_operator.py took 0.919 seconds
[2022-12-15T05:52:09.692+0000] {processor.py:154} INFO - Started process (PID=134) to work on /home/airflow/.local/lib/python3.10/site-packages/airflow/example_dags/example_subdag_operator.py
[2022-12-15T05:52:09.692+0000] {processor.py:756} INFO - Processing file /home/airflow/.local/lib/python3.10/site-packages/airflow/example_dags/example_subdag_operator.py for tasks to queue
[2022-12-15T05:52:09.693+0000] {logging_mixin.py:137} INFO - [2022-12-15T05:52:09.693+0000] {dagbag.py:537} INFO - Filling up the DagBag from /home/airflow/.local/lib/python3.10/site-packages/airflow/example_dags/example_subdag_operator.py
[2022-12-15T05:52:09.838+0000] {processor.py:766} INFO - DAG(s) dict_keys(['example_subdag_operator.section-1', 'example_subdag_operator.section-2', 'example_subdag_operator']) retrieved from /home/airflow/.local/lib/python3.10/site-packages/airflow/example_dags/example_subdag_operator.py
[2022-12-15T05:52:09.992+0000] {logging_mixin.py:137} INFO - [2022-12-15T05:52:09.992+0000] {dag.py:2585} INFO - Sync 3 DAGs
[2022-12-15T05:52:10.009+0000] {logging_mixin.py:137} INFO - [2022-12-15T05:52:10.009+0000] {dag.py:3336} INFO - Setting next_dagrun for example_subdag_operator to 2022-01-01T00:00:00+00:00, run_after=2022-01-01T00:00:00+00:00
[2022-12-15T05:52:10.012+0000] {logging_mixin.py:137} INFO - [2022-12-15T05:52:10.012+0000] {dag.py:3336} INFO - Setting next_dagrun for example_subdag_operator.section-1 to None, run_after=None
[2022-12-15T05:52:10.013+0000] {logging_mixin.py:137} INFO - [2022-12-15T05:52:10.013+0000] {dag.py:3336} INFO - Setting next_dagrun for example_subdag_operator.section-2 to None, run_after=None
[2022-12-15T05:52:10.019+0000] {logging_mixin.py:137} INFO - [2022-12-15T05:52:10.019+0000] {dag.py:2585} INFO - Sync 2 DAGs
[2022-12-15T05:52:10.024+0000] {logging_mixin.py:137} INFO - [2022-12-15T05:52:10.024+0000] {dag.py:3336} INFO - Setting next_dagrun for example_subdag_operator.section-1 to None, run_after=None
[2022-12-15T05:52:10.024+0000] {logging_mixin.py:137} INFO - [2022-12-15T05:52:10.024+0000] {dag.py:3336} INFO - Setting next_dagrun for example_subdag_operator.section-2 to None, run_after=None
[2022-12-15T05:52:10.036+0000] {processor.py:176} INFO - Processing /home/airflow/.local/lib/python3.10/site-packages/airflow/example_dags/example_subdag_operator.py took 0.347 seconds
[2022-12-15T05:52:40.868+0000] {processor.py:154} INFO - Started process (PID=194) to work on /home/airflow/.local/lib/python3.10/site-packages/airflow/example_dags/example_subdag_operator.py
[2022-12-15T05:52:40.869+0000] {processor.py:756} INFO - Processing file /home/airflow/.local/lib/python3.10/site-packages/airflow/example_dags/example_subdag_operator.py for tasks to queue
[2022-12-15T05:52:40.870+0000] {logging_mixin.py:137} INFO - [2022-12-15T05:52:40.870+0000] {dagbag.py:537} INFO - Filling up the DagBag from /home/airflow/.local/lib/python3.10/site-packages/airflow/example_dags/example_subdag_operator.py
[2022-12-15T05:52:40.901+0000] {processor.py:766} INFO - DAG(s) dict_keys(['example_subdag_operator.section-1', 'example_subdag_operator.section-2', 'example_subdag_operator']) retrieved from /home/airflow/.local/lib/python3.10/site-packages/airflow/example_dags/example_subdag_operator.py
[2022-12-15T05:52:41.075+0000] {logging_mixin.py:137} INFO - [2022-12-15T05:52:41.075+0000] {dag.py:2585} INFO - Sync 3 DAGs
[2022-12-15T05:52:41.096+0000] {logging_mixin.py:137} INFO - [2022-12-15T05:52:41.096+0000] {dag.py:3336} INFO - Setting next_dagrun for example_subdag_operator to 2022-01-01T00:00:00+00:00, run_after=2022-01-01T00:00:00+00:00
[2022-12-15T05:52:41.100+0000] {logging_mixin.py:137} INFO - [2022-12-15T05:52:41.100+0000] {dag.py:3336} INFO - Setting next_dagrun for example_subdag_operator.section-1 to None, run_after=None
[2022-12-15T05:52:41.101+0000] {logging_mixin.py:137} INFO - [2022-12-15T05:52:41.101+0000] {dag.py:3336} INFO - Setting next_dagrun for example_subdag_operator.section-2 to None, run_after=None
[2022-12-15T05:52:41.107+0000] {logging_mixin.py:137} INFO - [2022-12-15T05:52:41.107+0000] {dag.py:2585} INFO - Sync 2 DAGs
[2022-12-15T05:52:41.112+0000] {logging_mixin.py:137} INFO - [2022-12-15T05:52:41.112+0000] {dag.py:3336} INFO - Setting next_dagrun for example_subdag_operator.section-1 to None, run_after=None
[2022-12-15T05:52:41.112+0000] {logging_mixin.py:137} INFO - [2022-12-15T05:52:41.112+0000] {dag.py:3336} INFO - Setting next_dagrun for example_subdag_operator.section-2 to None, run_after=None
[2022-12-15T05:52:41.126+0000] {processor.py:176} INFO - Processing /home/airflow/.local/lib/python3.10/site-packages/airflow/example_dags/example_subdag_operator.py took 0.260 seconds
[2022-12-15T05:53:11.276+0000] {processor.py:154} INFO - Started process (PID=252) to work on /home/airflow/.local/lib/python3.10/site-packages/airflow/example_dags/example_subdag_operator.py
[2022-12-15T05:53:11.277+0000] {processor.py:756} INFO - Processing file /home/airflow/.local/lib/python3.10/site-packages/airflow/example_dags/example_subdag_operator.py for tasks to queue
[2022-12-15T05:53:11.277+0000] {logging_mixin.py:137} INFO - [2022-12-15T05:53:11.277+0000] {dagbag.py:537} INFO - Filling up the DagBag from /home/airflow/.local/lib/python3.10/site-packages/airflow/example_dags/example_subdag_operator.py
[2022-12-15T05:53:11.306+0000] {processor.py:766} INFO - DAG(s) dict_keys(['example_subdag_operator.section-1', 'example_subdag_operator.section-2', 'example_subdag_operator']) retrieved from /home/airflow/.local/lib/python3.10/site-packages/airflow/example_dags/example_subdag_operator.py
[2022-12-15T05:53:11.495+0000] {logging_mixin.py:137} INFO - [2022-12-15T05:53:11.495+0000] {dag.py:2585} INFO - Sync 3 DAGs
[2022-12-15T05:53:11.521+0000] {logging_mixin.py:137} INFO - [2022-12-15T05:53:11.521+0000] {dag.py:3336} INFO - Setting next_dagrun for example_subdag_operator to 2022-01-01T00:00:00+00:00, run_after=2022-01-01T00:00:00+00:00
[2022-12-15T05:53:11.525+0000] {logging_mixin.py:137} INFO - [2022-12-15T05:53:11.525+0000] {dag.py:3336} INFO - Setting next_dagrun for example_subdag_operator.section-1 to None, run_after=None
[2022-12-15T05:53:11.527+0000] {logging_mixin.py:137} INFO - [2022-12-15T05:53:11.526+0000] {dag.py:3336} INFO - Setting next_dagrun for example_subdag_operator.section-2 to None, run_after=None
[2022-12-15T05:53:11.534+0000] {logging_mixin.py:137} INFO - [2022-12-15T05:53:11.534+0000] {dag.py:2585} INFO - Sync 2 DAGs
[2022-12-15T05:53:11.541+0000] {logging_mixin.py:137} INFO - [2022-12-15T05:53:11.541+0000] {dag.py:3336} INFO - Setting next_dagrun for example_subdag_operator.section-1 to None, run_after=None
[2022-12-15T05:53:11.541+0000] {logging_mixin.py:137} INFO - [2022-12-15T05:53:11.541+0000] {dag.py:3336} INFO - Setting next_dagrun for example_subdag_operator.section-2 to None, run_after=None
[2022-12-15T05:53:11.557+0000] {processor.py:176} INFO - Processing /home/airflow/.local/lib/python3.10/site-packages/airflow/example_dags/example_subdag_operator.py took 0.284 seconds
[2022-12-15T05:53:41.682+0000] {processor.py:154} INFO - Started process (PID=303) to work on /home/airflow/.local/lib/python3.10/site-packages/airflow/example_dags/example_subdag_operator.py
[2022-12-15T05:53:41.684+0000] {processor.py:756} INFO - Processing file /home/airflow/.local/lib/python3.10/site-packages/airflow/example_dags/example_subdag_operator.py for tasks to queue
[2022-12-15T05:53:41.685+0000] {logging_mixin.py:137} INFO - [2022-12-15T05:53:41.685+0000] {dagbag.py:537} INFO - Filling up the DagBag from /home/airflow/.local/lib/python3.10/site-packages/airflow/example_dags/example_subdag_operator.py
[2022-12-15T05:53:41.730+0000] {processor.py:766} INFO - DAG(s) dict_keys(['example_subdag_operator.section-1', 'example_subdag_operator.section-2', 'example_subdag_operator']) retrieved from /home/airflow/.local/lib/python3.10/site-packages/airflow/example_dags/example_subdag_operator.py
[2022-12-15T05:53:41.980+0000] {logging_mixin.py:137} INFO - [2022-12-15T05:53:41.980+0000] {dag.py:2585} INFO - Sync 3 DAGs
[2022-12-15T05:53:42.019+0000] {logging_mixin.py:137} INFO - [2022-12-15T05:53:42.018+0000] {dag.py:3336} INFO - Setting next_dagrun for example_subdag_operator to 2022-01-01T00:00:00+00:00, run_after=2022-01-01T00:00:00+00:00
[2022-12-15T05:53:42.022+0000] {logging_mixin.py:137} INFO - [2022-12-15T05:53:42.022+0000] {dag.py:3336} INFO - Setting next_dagrun for example_subdag_operator.section-1 to None, run_after=None
[2022-12-15T05:53:42.024+0000] {logging_mixin.py:137} INFO - [2022-12-15T05:53:42.024+0000] {dag.py:3336} INFO - Setting next_dagrun for example_subdag_operator.section-2 to None, run_after=None
[2022-12-15T05:53:42.034+0000] {logging_mixin.py:137} INFO - [2022-12-15T05:53:42.034+0000] {dag.py:2585} INFO - Sync 2 DAGs
[2022-12-15T05:53:42.041+0000] {logging_mixin.py:137} INFO - [2022-12-15T05:53:42.040+0000] {dag.py:3336} INFO - Setting next_dagrun for example_subdag_operator.section-1 to None, run_after=None
[2022-12-15T05:53:42.041+0000] {logging_mixin.py:137} INFO - [2022-12-15T05:53:42.041+0000] {dag.py:3336} INFO - Setting next_dagrun for example_subdag_operator.section-2 to None, run_after=None
[2022-12-15T05:53:42.058+0000] {processor.py:176} INFO - Processing /home/airflow/.local/lib/python3.10/site-packages/airflow/example_dags/example_subdag_operator.py took 0.378 seconds
[2022-12-15T05:54:12.180+0000] {processor.py:154} INFO - Started process (PID=361) to work on /home/airflow/.local/lib/python3.10/site-packages/airflow/example_dags/example_subdag_operator.py
[2022-12-15T05:54:12.180+0000] {processor.py:756} INFO - Processing file /home/airflow/.local/lib/python3.10/site-packages/airflow/example_dags/example_subdag_operator.py for tasks to queue
[2022-12-15T05:54:12.181+0000] {logging_mixin.py:137} INFO - [2022-12-15T05:54:12.181+0000] {dagbag.py:537} INFO - Filling up the DagBag from /home/airflow/.local/lib/python3.10/site-packages/airflow/example_dags/example_subdag_operator.py
[2022-12-15T05:54:12.209+0000] {processor.py:766} INFO - DAG(s) dict_keys(['example_subdag_operator.section-1', 'example_subdag_operator.section-2', 'example_subdag_operator']) retrieved from /home/airflow/.local/lib/python3.10/site-packages/airflow/example_dags/example_subdag_operator.py
[2022-12-15T05:54:12.380+0000] {logging_mixin.py:137} INFO - [2022-12-15T05:54:12.380+0000] {dag.py:2585} INFO - Sync 3 DAGs
[2022-12-15T05:54:12.401+0000] {logging_mixin.py:137} INFO - [2022-12-15T05:54:12.401+0000] {dag.py:3336} INFO - Setting next_dagrun for example_subdag_operator to 2022-01-01T00:00:00+00:00, run_after=2022-01-01T00:00:00+00:00
[2022-12-15T05:54:12.404+0000] {logging_mixin.py:137} INFO - [2022-12-15T05:54:12.404+0000] {dag.py:3336} INFO - Setting next_dagrun for example_subdag_operator.section-1 to None, run_after=None
[2022-12-15T05:54:12.405+0000] {logging_mixin.py:137} INFO - [2022-12-15T05:54:12.405+0000] {dag.py:3336} INFO - Setting next_dagrun for example_subdag_operator.section-2 to None, run_after=None
[2022-12-15T05:54:12.412+0000] {logging_mixin.py:137} INFO - [2022-12-15T05:54:12.412+0000] {dag.py:2585} INFO - Sync 2 DAGs
[2022-12-15T05:54:12.418+0000] {logging_mixin.py:137} INFO - [2022-12-15T05:54:12.418+0000] {dag.py:3336} INFO - Setting next_dagrun for example_subdag_operator.section-1 to None, run_after=None
[2022-12-15T05:54:12.418+0000] {logging_mixin.py:137} INFO - [2022-12-15T05:54:12.418+0000] {dag.py:3336} INFO - Setting next_dagrun for example_subdag_operator.section-2 to None, run_after=None
[2022-12-15T05:54:12.436+0000] {processor.py:176} INFO - Processing /home/airflow/.local/lib/python3.10/site-packages/airflow/example_dags/example_subdag_operator.py took 0.259 seconds
[2022-12-15T05:54:42.553+0000] {processor.py:154} INFO - Started process (PID=419) to work on /home/airflow/.local/lib/python3.10/site-packages/airflow/example_dags/example_subdag_operator.py
[2022-12-15T05:54:42.554+0000] {processor.py:756} INFO - Processing file /home/airflow/.local/lib/python3.10/site-packages/airflow/example_dags/example_subdag_operator.py for tasks to queue
[2022-12-15T05:54:42.555+0000] {logging_mixin.py:137} INFO - [2022-12-15T05:54:42.555+0000] {dagbag.py:537} INFO - Filling up the DagBag from /home/airflow/.local/lib/python3.10/site-packages/airflow/example_dags/example_subdag_operator.py
[2022-12-15T05:54:42.585+0000] {processor.py:766} INFO - DAG(s) dict_keys(['example_subdag_operator.section-1', 'example_subdag_operator.section-2', 'example_subdag_operator']) retrieved from /home/airflow/.local/lib/python3.10/site-packages/airflow/example_dags/example_subdag_operator.py
[2022-12-15T05:54:42.792+0000] {logging_mixin.py:137} INFO - [2022-12-15T05:54:42.792+0000] {dag.py:2585} INFO - Sync 3 DAGs
[2022-12-15T05:54:42.819+0000] {logging_mixin.py:137} INFO - [2022-12-15T05:54:42.819+0000] {dag.py:3336} INFO - Setting next_dagrun for example_subdag_operator to 2022-01-01T00:00:00+00:00, run_after=2022-01-01T00:00:00+00:00
[2022-12-15T05:54:42.823+0000] {logging_mixin.py:137} INFO - [2022-12-15T05:54:42.823+0000] {dag.py:3336} INFO - Setting next_dagrun for example_subdag_operator.section-1 to None, run_after=None
[2022-12-15T05:54:42.824+0000] {logging_mixin.py:137} INFO - [2022-12-15T05:54:42.824+0000] {dag.py:3336} INFO - Setting next_dagrun for example_subdag_operator.section-2 to None, run_after=None
[2022-12-15T05:54:42.831+0000] {logging_mixin.py:137} INFO - [2022-12-15T05:54:42.831+0000] {dag.py:2585} INFO - Sync 2 DAGs
[2022-12-15T05:54:42.838+0000] {logging_mixin.py:137} INFO - [2022-12-15T05:54:42.837+0000] {dag.py:3336} INFO - Setting next_dagrun for example_subdag_operator.section-1 to None, run_after=None
[2022-12-15T05:54:42.838+0000] {logging_mixin.py:137} INFO - [2022-12-15T05:54:42.838+0000] {dag.py:3336} INFO - Setting next_dagrun for example_subdag_operator.section-2 to None, run_after=None
[2022-12-15T05:54:42.854+0000] {processor.py:176} INFO - Processing /home/airflow/.local/lib/python3.10/site-packages/airflow/example_dags/example_subdag_operator.py took 0.303 seconds
[2022-12-15T05:55:12.907+0000] {processor.py:154} INFO - Started process (PID=473) to work on /home/airflow/.local/lib/python3.10/site-packages/airflow/example_dags/example_subdag_operator.py
[2022-12-15T05:55:12.908+0000] {processor.py:756} INFO - Processing file /home/airflow/.local/lib/python3.10/site-packages/airflow/example_dags/example_subdag_operator.py for tasks to queue
[2022-12-15T05:55:12.908+0000] {logging_mixin.py:137} INFO - [2022-12-15T05:55:12.908+0000] {dagbag.py:537} INFO - Filling up the DagBag from /home/airflow/.local/lib/python3.10/site-packages/airflow/example_dags/example_subdag_operator.py
[2022-12-15T05:55:12.936+0000] {processor.py:766} INFO - DAG(s) dict_keys(['example_subdag_operator.section-1', 'example_subdag_operator.section-2', 'example_subdag_operator']) retrieved from /home/airflow/.local/lib/python3.10/site-packages/airflow/example_dags/example_subdag_operator.py
[2022-12-15T05:55:13.107+0000] {logging_mixin.py:137} INFO - [2022-12-15T05:55:13.107+0000] {dag.py:2585} INFO - Sync 3 DAGs
[2022-12-15T05:55:13.126+0000] {logging_mixin.py:137} INFO - [2022-12-15T05:55:13.125+0000] {dag.py:3336} INFO - Setting next_dagrun for example_subdag_operator to 2022-01-01T00:00:00+00:00, run_after=2022-01-01T00:00:00+00:00
[2022-12-15T05:55:13.128+0000] {logging_mixin.py:137} INFO - [2022-12-15T05:55:13.128+0000] {dag.py:3336} INFO - Setting next_dagrun for example_subdag_operator.section-1 to None, run_after=None
[2022-12-15T05:55:13.129+0000] {logging_mixin.py:137} INFO - [2022-12-15T05:55:13.129+0000] {dag.py:3336} INFO - Setting next_dagrun for example_subdag_operator.section-2 to None, run_after=None
[2022-12-15T05:55:13.135+0000] {logging_mixin.py:137} INFO - [2022-12-15T05:55:13.135+0000] {dag.py:2585} INFO - Sync 2 DAGs
[2022-12-15T05:55:13.139+0000] {logging_mixin.py:137} INFO - [2022-12-15T05:55:13.139+0000] {dag.py:3336} INFO - Setting next_dagrun for example_subdag_operator.section-1 to None, run_after=None
[2022-12-15T05:55:13.140+0000] {logging_mixin.py:137} INFO - [2022-12-15T05:55:13.140+0000] {dag.py:3336} INFO - Setting next_dagrun for example_subdag_operator.section-2 to None, run_after=None
[2022-12-15T05:55:13.151+0000] {processor.py:176} INFO - Processing /home/airflow/.local/lib/python3.10/site-packages/airflow/example_dags/example_subdag_operator.py took 0.245 seconds
[2022-12-15T05:56:30.956+0000] {processor.py:154} INFO - Started process (PID=73) to work on /home/airflow/.local/lib/python3.10/site-packages/airflow/example_dags/example_subdag_operator.py
[2022-12-15T05:56:30.957+0000] {processor.py:756} INFO - Processing file /home/airflow/.local/lib/python3.10/site-packages/airflow/example_dags/example_subdag_operator.py for tasks to queue
[2022-12-15T05:56:30.958+0000] {logging_mixin.py:137} INFO - [2022-12-15T05:56:30.958+0000] {dagbag.py:537} INFO - Filling up the DagBag from /home/airflow/.local/lib/python3.10/site-packages/airflow/example_dags/example_subdag_operator.py
[2022-12-15T05:56:30.995+0000] {processor.py:766} INFO - DAG(s) dict_keys(['example_subdag_operator.section-1', 'example_subdag_operator.section-2', 'example_subdag_operator']) retrieved from /home/airflow/.local/lib/python3.10/site-packages/airflow/example_dags/example_subdag_operator.py
[2022-12-15T05:56:31.312+0000] {logging_mixin.py:137} INFO - [2022-12-15T05:56:31.312+0000] {dag.py:2585} INFO - Sync 3 DAGs
[2022-12-15T05:56:31.332+0000] {logging_mixin.py:137} INFO - [2022-12-15T05:56:31.332+0000] {dag.py:3336} INFO - Setting next_dagrun for example_subdag_operator to 2022-01-01T00:00:00+00:00, run_after=2022-01-01T00:00:00+00:00
[2022-12-15T05:56:31.336+0000] {logging_mixin.py:137} INFO - [2022-12-15T05:56:31.335+0000] {dag.py:3336} INFO - Setting next_dagrun for example_subdag_operator.section-1 to None, run_after=None
[2022-12-15T05:56:31.337+0000] {logging_mixin.py:137} INFO - [2022-12-15T05:56:31.337+0000] {dag.py:3336} INFO - Setting next_dagrun for example_subdag_operator.section-2 to None, run_after=None
[2022-12-15T05:56:31.343+0000] {logging_mixin.py:137} INFO - [2022-12-15T05:56:31.343+0000] {dag.py:2585} INFO - Sync 2 DAGs
[2022-12-15T05:56:31.348+0000] {logging_mixin.py:137} INFO - [2022-12-15T05:56:31.348+0000] {dag.py:3336} INFO - Setting next_dagrun for example_subdag_operator.section-1 to None, run_after=None
[2022-12-15T05:56:31.349+0000] {logging_mixin.py:137} INFO - [2022-12-15T05:56:31.349+0000] {dag.py:3336} INFO - Setting next_dagrun for example_subdag_operator.section-2 to None, run_after=None
[2022-12-15T05:56:31.363+0000] {processor.py:176} INFO - Processing /home/airflow/.local/lib/python3.10/site-packages/airflow/example_dags/example_subdag_operator.py took 0.410 seconds
[2022-12-15T05:57:02.681+0000] {processor.py:154} INFO - Started process (PID=131) to work on /home/airflow/.local/lib/python3.10/site-packages/airflow/example_dags/example_subdag_operator.py
[2022-12-15T05:57:02.682+0000] {processor.py:756} INFO - Processing file /home/airflow/.local/lib/python3.10/site-packages/airflow/example_dags/example_subdag_operator.py for tasks to queue
[2022-12-15T05:57:02.682+0000] {logging_mixin.py:137} INFO - [2022-12-15T05:57:02.682+0000] {dagbag.py:537} INFO - Filling up the DagBag from /home/airflow/.local/lib/python3.10/site-packages/airflow/example_dags/example_subdag_operator.py
[2022-12-15T05:57:03.199+0000] {processor.py:766} INFO - DAG(s) dict_keys(['example_subdag_operator.section-1', 'example_subdag_operator.section-2', 'example_subdag_operator']) retrieved from /home/airflow/.local/lib/python3.10/site-packages/airflow/example_dags/example_subdag_operator.py
[2022-12-15T05:57:03.390+0000] {logging_mixin.py:137} INFO - [2022-12-15T05:57:03.390+0000] {dag.py:2585} INFO - Sync 3 DAGs
[2022-12-15T05:57:03.409+0000] {logging_mixin.py:137} INFO - [2022-12-15T05:57:03.409+0000] {dag.py:3336} INFO - Setting next_dagrun for example_subdag_operator to 2022-01-01T00:00:00+00:00, run_after=2022-01-01T00:00:00+00:00
[2022-12-15T05:57:03.412+0000] {logging_mixin.py:137} INFO - [2022-12-15T05:57:03.412+0000] {dag.py:3336} INFO - Setting next_dagrun for example_subdag_operator.section-1 to None, run_after=None
[2022-12-15T05:57:03.413+0000] {logging_mixin.py:137} INFO - [2022-12-15T05:57:03.413+0000] {dag.py:3336} INFO - Setting next_dagrun for example_subdag_operator.section-2 to None, run_after=None
[2022-12-15T05:57:03.419+0000] {logging_mixin.py:137} INFO - [2022-12-15T05:57:03.419+0000] {dag.py:2585} INFO - Sync 2 DAGs
[2022-12-15T05:57:03.424+0000] {logging_mixin.py:137} INFO - [2022-12-15T05:57:03.424+0000] {dag.py:3336} INFO - Setting next_dagrun for example_subdag_operator.section-1 to None, run_after=None
[2022-12-15T05:57:03.424+0000] {logging_mixin.py:137} INFO - [2022-12-15T05:57:03.424+0000] {dag.py:3336} INFO - Setting next_dagrun for example_subdag_operator.section-2 to None, run_after=None
[2022-12-15T05:57:03.438+0000] {processor.py:176} INFO - Processing /home/airflow/.local/lib/python3.10/site-packages/airflow/example_dags/example_subdag_operator.py took 0.760 seconds
[2022-12-15T05:57:34.058+0000] {processor.py:154} INFO - Started process (PID=191) to work on /home/airflow/.local/lib/python3.10/site-packages/airflow/example_dags/example_subdag_operator.py
[2022-12-15T05:57:34.060+0000] {processor.py:756} INFO - Processing file /home/airflow/.local/lib/python3.10/site-packages/airflow/example_dags/example_subdag_operator.py for tasks to queue
[2022-12-15T05:57:34.060+0000] {logging_mixin.py:137} INFO - [2022-12-15T05:57:34.060+0000] {dagbag.py:537} INFO - Filling up the DagBag from /home/airflow/.local/lib/python3.10/site-packages/airflow/example_dags/example_subdag_operator.py
[2022-12-15T05:57:34.095+0000] {processor.py:766} INFO - DAG(s) dict_keys(['example_subdag_operator.section-1', 'example_subdag_operator.section-2', 'example_subdag_operator']) retrieved from /home/airflow/.local/lib/python3.10/site-packages/airflow/example_dags/example_subdag_operator.py
[2022-12-15T05:57:34.314+0000] {logging_mixin.py:137} INFO - [2022-12-15T05:57:34.314+0000] {dag.py:2585} INFO - Sync 3 DAGs
[2022-12-15T05:57:35.243+0000] {logging_mixin.py:137} INFO - [2022-12-15T05:57:35.243+0000] {dag.py:3336} INFO - Setting next_dagrun for example_subdag_operator to 2022-01-01T00:00:00+00:00, run_after=2022-01-01T00:00:00+00:00
[2022-12-15T05:57:35.246+0000] {logging_mixin.py:137} INFO - [2022-12-15T05:57:35.246+0000] {dag.py:3336} INFO - Setting next_dagrun for example_subdag_operator.section-1 to None, run_after=None
[2022-12-15T05:57:35.248+0000] {logging_mixin.py:137} INFO - [2022-12-15T05:57:35.248+0000] {dag.py:3336} INFO - Setting next_dagrun for example_subdag_operator.section-2 to None, run_after=None
[2022-12-15T05:57:35.258+0000] {logging_mixin.py:137} INFO - [2022-12-15T05:57:35.257+0000] {dag.py:2585} INFO - Sync 2 DAGs
[2022-12-15T05:57:35.265+0000] {logging_mixin.py:137} INFO - [2022-12-15T05:57:35.265+0000] {dag.py:3336} INFO - Setting next_dagrun for example_subdag_operator.section-1 to None, run_after=None
[2022-12-15T05:57:35.266+0000] {logging_mixin.py:137} INFO - [2022-12-15T05:57:35.266+0000] {dag.py:3336} INFO - Setting next_dagrun for example_subdag_operator.section-2 to None, run_after=None
[2022-12-15T05:57:35.524+0000] {processor.py:176} INFO - Processing /home/airflow/.local/lib/python3.10/site-packages/airflow/example_dags/example_subdag_operator.py took 1.469 seconds
[2022-12-15T05:59:41.381+0000] {processor.py:154} INFO - Started process (PID=73) to work on /home/airflow/.local/lib/python3.10/site-packages/airflow/example_dags/example_subdag_operator.py
[2022-12-15T05:59:41.382+0000] {processor.py:756} INFO - Processing file /home/airflow/.local/lib/python3.10/site-packages/airflow/example_dags/example_subdag_operator.py for tasks to queue
[2022-12-15T05:59:41.383+0000] {logging_mixin.py:137} INFO - [2022-12-15T05:59:41.383+0000] {dagbag.py:537} INFO - Filling up the DagBag from /home/airflow/.local/lib/python3.10/site-packages/airflow/example_dags/example_subdag_operator.py
[2022-12-15T05:59:41.417+0000] {processor.py:766} INFO - DAG(s) dict_keys(['example_subdag_operator.section-1', 'example_subdag_operator.section-2', 'example_subdag_operator']) retrieved from /home/airflow/.local/lib/python3.10/site-packages/airflow/example_dags/example_subdag_operator.py
[2022-12-15T05:59:41.739+0000] {logging_mixin.py:137} INFO - [2022-12-15T05:59:41.739+0000] {dag.py:2585} INFO - Sync 3 DAGs
[2022-12-15T05:59:41.759+0000] {logging_mixin.py:137} INFO - [2022-12-15T05:59:41.759+0000] {dag.py:3336} INFO - Setting next_dagrun for example_subdag_operator to 2022-01-01T00:00:00+00:00, run_after=2022-01-01T00:00:00+00:00
[2022-12-15T05:59:41.762+0000] {logging_mixin.py:137} INFO - [2022-12-15T05:59:41.762+0000] {dag.py:3336} INFO - Setting next_dagrun for example_subdag_operator.section-1 to None, run_after=None
[2022-12-15T05:59:41.763+0000] {logging_mixin.py:137} INFO - [2022-12-15T05:59:41.763+0000] {dag.py:3336} INFO - Setting next_dagrun for example_subdag_operator.section-2 to None, run_after=None
[2022-12-15T05:59:41.769+0000] {logging_mixin.py:137} INFO - [2022-12-15T05:59:41.769+0000] {dag.py:2585} INFO - Sync 2 DAGs
[2022-12-15T05:59:41.774+0000] {logging_mixin.py:137} INFO - [2022-12-15T05:59:41.774+0000] {dag.py:3336} INFO - Setting next_dagrun for example_subdag_operator.section-1 to None, run_after=None
[2022-12-15T05:59:41.775+0000] {logging_mixin.py:137} INFO - [2022-12-15T05:59:41.774+0000] {dag.py:3336} INFO - Setting next_dagrun for example_subdag_operator.section-2 to None, run_after=None
[2022-12-15T05:59:41.787+0000] {processor.py:176} INFO - Processing /home/airflow/.local/lib/python3.10/site-packages/airflow/example_dags/example_subdag_operator.py took 0.408 seconds
[2022-12-15T06:00:11.852+0000] {processor.py:154} INFO - Started process (PID=131) to work on /home/airflow/.local/lib/python3.10/site-packages/airflow/example_dags/example_subdag_operator.py
[2022-12-15T06:00:11.853+0000] {processor.py:756} INFO - Processing file /home/airflow/.local/lib/python3.10/site-packages/airflow/example_dags/example_subdag_operator.py for tasks to queue
[2022-12-15T06:00:11.853+0000] {logging_mixin.py:137} INFO - [2022-12-15T06:00:11.853+0000] {dagbag.py:537} INFO - Filling up the DagBag from /home/airflow/.local/lib/python3.10/site-packages/airflow/example_dags/example_subdag_operator.py
[2022-12-15T06:00:11.988+0000] {processor.py:766} INFO - DAG(s) dict_keys(['example_subdag_operator.section-1', 'example_subdag_operator.section-2', 'example_subdag_operator']) retrieved from /home/airflow/.local/lib/python3.10/site-packages/airflow/example_dags/example_subdag_operator.py
[2022-12-15T06:00:12.142+0000] {logging_mixin.py:137} INFO - [2022-12-15T06:00:12.142+0000] {dag.py:2585} INFO - Sync 3 DAGs
[2022-12-15T06:00:12.166+0000] {logging_mixin.py:137} INFO - [2022-12-15T06:00:12.166+0000] {dag.py:3336} INFO - Setting next_dagrun for example_subdag_operator to 2022-01-01T00:00:00+00:00, run_after=2022-01-01T00:00:00+00:00
[2022-12-15T06:00:12.169+0000] {logging_mixin.py:137} INFO - [2022-12-15T06:00:12.169+0000] {dag.py:3336} INFO - Setting next_dagrun for example_subdag_operator.section-1 to None, run_after=None
[2022-12-15T06:00:12.170+0000] {logging_mixin.py:137} INFO - [2022-12-15T06:00:12.170+0000] {dag.py:3336} INFO - Setting next_dagrun for example_subdag_operator.section-2 to None, run_after=None
[2022-12-15T06:00:12.175+0000] {logging_mixin.py:137} INFO - [2022-12-15T06:00:12.175+0000] {dag.py:2585} INFO - Sync 2 DAGs
[2022-12-15T06:00:12.180+0000] {logging_mixin.py:137} INFO - [2022-12-15T06:00:12.180+0000] {dag.py:3336} INFO - Setting next_dagrun for example_subdag_operator.section-1 to None, run_after=None
[2022-12-15T06:00:12.180+0000] {logging_mixin.py:137} INFO - [2022-12-15T06:00:12.180+0000] {dag.py:3336} INFO - Setting next_dagrun for example_subdag_operator.section-2 to None, run_after=None
[2022-12-15T06:00:12.195+0000] {processor.py:176} INFO - Processing /home/airflow/.local/lib/python3.10/site-packages/airflow/example_dags/example_subdag_operator.py took 0.345 seconds
[2022-12-15T06:00:42.984+0000] {processor.py:154} INFO - Started process (PID=191) to work on /home/airflow/.local/lib/python3.10/site-packages/airflow/example_dags/example_subdag_operator.py
[2022-12-15T06:00:42.986+0000] {processor.py:756} INFO - Processing file /home/airflow/.local/lib/python3.10/site-packages/airflow/example_dags/example_subdag_operator.py for tasks to queue
[2022-12-15T06:00:42.987+0000] {logging_mixin.py:137} INFO - [2022-12-15T06:00:42.987+0000] {dagbag.py:537} INFO - Filling up the DagBag from /home/airflow/.local/lib/python3.10/site-packages/airflow/example_dags/example_subdag_operator.py
[2022-12-15T06:00:43.020+0000] {processor.py:766} INFO - DAG(s) dict_keys(['example_subdag_operator.section-1', 'example_subdag_operator.section-2', 'example_subdag_operator']) retrieved from /home/airflow/.local/lib/python3.10/site-packages/airflow/example_dags/example_subdag_operator.py
[2022-12-15T06:00:43.195+0000] {logging_mixin.py:137} INFO - [2022-12-15T06:00:43.195+0000] {dag.py:2585} INFO - Sync 3 DAGs
[2022-12-15T06:00:43.218+0000] {logging_mixin.py:137} INFO - [2022-12-15T06:00:43.218+0000] {dag.py:3336} INFO - Setting next_dagrun for example_subdag_operator to 2022-01-01T00:00:00+00:00, run_after=2022-01-01T00:00:00+00:00
[2022-12-15T06:00:43.222+0000] {logging_mixin.py:137} INFO - [2022-12-15T06:00:43.221+0000] {dag.py:3336} INFO - Setting next_dagrun for example_subdag_operator.section-1 to None, run_after=None
[2022-12-15T06:00:43.223+0000] {logging_mixin.py:137} INFO - [2022-12-15T06:00:43.223+0000] {dag.py:3336} INFO - Setting next_dagrun for example_subdag_operator.section-2 to None, run_after=None
[2022-12-15T06:00:43.230+0000] {logging_mixin.py:137} INFO - [2022-12-15T06:00:43.230+0000] {dag.py:2585} INFO - Sync 2 DAGs
[2022-12-15T06:00:43.236+0000] {logging_mixin.py:137} INFO - [2022-12-15T06:00:43.236+0000] {dag.py:3336} INFO - Setting next_dagrun for example_subdag_operator.section-1 to None, run_after=None
[2022-12-15T06:00:43.236+0000] {logging_mixin.py:137} INFO - [2022-12-15T06:00:43.236+0000] {dag.py:3336} INFO - Setting next_dagrun for example_subdag_operator.section-2 to None, run_after=None
[2022-12-15T06:00:43.251+0000] {processor.py:176} INFO - Processing /home/airflow/.local/lib/python3.10/site-packages/airflow/example_dags/example_subdag_operator.py took 0.270 seconds
[2022-12-15T06:01:13.432+0000] {processor.py:154} INFO - Started process (PID=242) to work on /home/airflow/.local/lib/python3.10/site-packages/airflow/example_dags/example_subdag_operator.py
[2022-12-15T06:01:13.433+0000] {processor.py:756} INFO - Processing file /home/airflow/.local/lib/python3.10/site-packages/airflow/example_dags/example_subdag_operator.py for tasks to queue
[2022-12-15T06:01:13.434+0000] {logging_mixin.py:137} INFO - [2022-12-15T06:01:13.434+0000] {dagbag.py:537} INFO - Filling up the DagBag from /home/airflow/.local/lib/python3.10/site-packages/airflow/example_dags/example_subdag_operator.py
[2022-12-15T06:01:13.461+0000] {processor.py:766} INFO - DAG(s) dict_keys(['example_subdag_operator.section-1', 'example_subdag_operator.section-2', 'example_subdag_operator']) retrieved from /home/airflow/.local/lib/python3.10/site-packages/airflow/example_dags/example_subdag_operator.py
[2022-12-15T06:01:13.643+0000] {logging_mixin.py:137} INFO - [2022-12-15T06:01:13.643+0000] {dag.py:2585} INFO - Sync 3 DAGs
[2022-12-15T06:01:13.667+0000] {logging_mixin.py:137} INFO - [2022-12-15T06:01:13.666+0000] {dag.py:3336} INFO - Setting next_dagrun for example_subdag_operator to 2022-01-01T00:00:00+00:00, run_after=2022-01-01T00:00:00+00:00
[2022-12-15T06:01:13.670+0000] {logging_mixin.py:137} INFO - [2022-12-15T06:01:13.670+0000] {dag.py:3336} INFO - Setting next_dagrun for example_subdag_operator.section-1 to None, run_after=None
[2022-12-15T06:01:13.672+0000] {logging_mixin.py:137} INFO - [2022-12-15T06:01:13.672+0000] {dag.py:3336} INFO - Setting next_dagrun for example_subdag_operator.section-2 to None, run_after=None
[2022-12-15T06:01:13.680+0000] {logging_mixin.py:137} INFO - [2022-12-15T06:01:13.680+0000] {dag.py:2585} INFO - Sync 2 DAGs
[2022-12-15T06:01:13.685+0000] {logging_mixin.py:137} INFO - [2022-12-15T06:01:13.685+0000] {dag.py:3336} INFO - Setting next_dagrun for example_subdag_operator.section-1 to None, run_after=None
[2022-12-15T06:01:13.685+0000] {logging_mixin.py:137} INFO - [2022-12-15T06:01:13.685+0000] {dag.py:3336} INFO - Setting next_dagrun for example_subdag_operator.section-2 to None, run_after=None
[2022-12-15T06:01:13.700+0000] {processor.py:176} INFO - Processing /home/airflow/.local/lib/python3.10/site-packages/airflow/example_dags/example_subdag_operator.py took 0.270 seconds
[2022-12-15T06:01:44.221+0000] {processor.py:154} INFO - Started process (PID=300) to work on /home/airflow/.local/lib/python3.10/site-packages/airflow/example_dags/example_subdag_operator.py
[2022-12-15T06:01:44.222+0000] {processor.py:756} INFO - Processing file /home/airflow/.local/lib/python3.10/site-packages/airflow/example_dags/example_subdag_operator.py for tasks to queue
[2022-12-15T06:01:44.222+0000] {logging_mixin.py:137} INFO - [2022-12-15T06:01:44.222+0000] {dagbag.py:537} INFO - Filling up the DagBag from /home/airflow/.local/lib/python3.10/site-packages/airflow/example_dags/example_subdag_operator.py
[2022-12-15T06:01:44.249+0000] {processor.py:766} INFO - DAG(s) dict_keys(['example_subdag_operator.section-1', 'example_subdag_operator.section-2', 'example_subdag_operator']) retrieved from /home/airflow/.local/lib/python3.10/site-packages/airflow/example_dags/example_subdag_operator.py
[2022-12-15T06:01:44.434+0000] {logging_mixin.py:137} INFO - [2022-12-15T06:01:44.434+0000] {dag.py:2585} INFO - Sync 3 DAGs
[2022-12-15T06:01:44.456+0000] {logging_mixin.py:137} INFO - [2022-12-15T06:01:44.456+0000] {dag.py:3336} INFO - Setting next_dagrun for example_subdag_operator to 2022-01-01T00:00:00+00:00, run_after=2022-01-01T00:00:00+00:00
[2022-12-15T06:01:44.459+0000] {logging_mixin.py:137} INFO - [2022-12-15T06:01:44.459+0000] {dag.py:3336} INFO - Setting next_dagrun for example_subdag_operator.section-1 to None, run_after=None
[2022-12-15T06:01:44.461+0000] {logging_mixin.py:137} INFO - [2022-12-15T06:01:44.461+0000] {dag.py:3336} INFO - Setting next_dagrun for example_subdag_operator.section-2 to None, run_after=None
[2022-12-15T06:01:44.467+0000] {logging_mixin.py:137} INFO - [2022-12-15T06:01:44.467+0000] {dag.py:2585} INFO - Sync 2 DAGs
[2022-12-15T06:01:44.473+0000] {logging_mixin.py:137} INFO - [2022-12-15T06:01:44.473+0000] {dag.py:3336} INFO - Setting next_dagrun for example_subdag_operator.section-1 to None, run_after=None
[2022-12-15T06:01:44.473+0000] {logging_mixin.py:137} INFO - [2022-12-15T06:01:44.473+0000] {dag.py:3336} INFO - Setting next_dagrun for example_subdag_operator.section-2 to None, run_after=None
[2022-12-15T06:01:44.487+0000] {processor.py:176} INFO - Processing /home/airflow/.local/lib/python3.10/site-packages/airflow/example_dags/example_subdag_operator.py took 0.268 seconds
