[2022-12-15T05:51:37.754+0000] {processor.py:154} INFO - Started process (PID=79) to work on /home/airflow/.local/lib/python3.10/site-packages/airflow/example_dags/example_local_kubernetes_executor.py
[2022-12-15T05:51:37.754+0000] {processor.py:756} INFO - Processing file /home/airflow/.local/lib/python3.10/site-packages/airflow/example_dags/example_local_kubernetes_executor.py for tasks to queue
[2022-12-15T05:51:37.755+0000] {logging_mixin.py:137} INFO - [2022-12-15T05:51:37.755+0000] {dagbag.py:537} INFO - Filling up the DagBag from /home/airflow/.local/lib/python3.10/site-packages/airflow/example_dags/example_local_kubernetes_executor.py
[2022-12-15T05:51:37.781+0000] {processor.py:766} INFO - DAG(s) dict_keys(['example_local_kubernetes_executor']) retrieved from /home/airflow/.local/lib/python3.10/site-packages/airflow/example_dags/example_local_kubernetes_executor.py
[2022-12-15T05:51:38.057+0000] {logging_mixin.py:137} INFO - [2022-12-15T05:51:38.056+0000] {manager.py:507} INFO - Created Permission View: can delete on DAG:example_local_kubernetes_executor
[2022-12-15T05:51:38.074+0000] {logging_mixin.py:137} INFO - [2022-12-15T05:51:38.074+0000] {manager.py:507} INFO - Created Permission View: can edit on DAG:example_local_kubernetes_executor
[2022-12-15T05:51:38.087+0000] {logging_mixin.py:137} INFO - [2022-12-15T05:51:38.086+0000] {manager.py:507} INFO - Created Permission View: can read on DAG:example_local_kubernetes_executor
[2022-12-15T05:51:38.087+0000] {logging_mixin.py:137} INFO - [2022-12-15T05:51:38.087+0000] {dag.py:2585} INFO - Sync 1 DAGs
[2022-12-15T05:51:38.099+0000] {logging_mixin.py:137} INFO - [2022-12-15T05:51:38.099+0000] {dag.py:2606} INFO - Creating ORM DAG for example_local_kubernetes_executor
[2022-12-15T05:51:38.117+0000] {logging_mixin.py:137} INFO - [2022-12-15T05:51:38.117+0000] {dag.py:3336} INFO - Setting next_dagrun for example_local_kubernetes_executor to None, run_after=None
[2022-12-15T05:51:38.158+0000] {processor.py:176} INFO - Processing /home/airflow/.local/lib/python3.10/site-packages/airflow/example_dags/example_local_kubernetes_executor.py took 0.407 seconds
[2022-12-15T05:52:08.939+0000] {processor.py:154} INFO - Started process (PID=130) to work on /home/airflow/.local/lib/python3.10/site-packages/airflow/example_dags/example_local_kubernetes_executor.py
[2022-12-15T05:52:08.940+0000] {processor.py:756} INFO - Processing file /home/airflow/.local/lib/python3.10/site-packages/airflow/example_dags/example_local_kubernetes_executor.py for tasks to queue
[2022-12-15T05:52:08.941+0000] {logging_mixin.py:137} INFO - [2022-12-15T05:52:08.940+0000] {dagbag.py:537} INFO - Filling up the DagBag from /home/airflow/.local/lib/python3.10/site-packages/airflow/example_dags/example_local_kubernetes_executor.py
[2022-12-15T05:52:09.102+0000] {processor.py:766} INFO - DAG(s) dict_keys(['example_local_kubernetes_executor']) retrieved from /home/airflow/.local/lib/python3.10/site-packages/airflow/example_dags/example_local_kubernetes_executor.py
[2022-12-15T05:52:09.147+0000] {logging_mixin.py:137} INFO - [2022-12-15T05:52:09.147+0000] {dag.py:2585} INFO - Sync 1 DAGs
[2022-12-15T05:52:09.176+0000] {logging_mixin.py:137} INFO - [2022-12-15T05:52:09.176+0000] {dag.py:3336} INFO - Setting next_dagrun for example_local_kubernetes_executor to None, run_after=None
[2022-12-15T05:52:09.206+0000] {processor.py:176} INFO - Processing /home/airflow/.local/lib/python3.10/site-packages/airflow/example_dags/example_local_kubernetes_executor.py took 0.269 seconds
[2022-12-15T05:52:39.518+0000] {processor.py:154} INFO - Started process (PID=190) to work on /home/airflow/.local/lib/python3.10/site-packages/airflow/example_dags/example_local_kubernetes_executor.py
[2022-12-15T05:52:39.519+0000] {processor.py:756} INFO - Processing file /home/airflow/.local/lib/python3.10/site-packages/airflow/example_dags/example_local_kubernetes_executor.py for tasks to queue
[2022-12-15T05:52:39.519+0000] {logging_mixin.py:137} INFO - [2022-12-15T05:52:39.519+0000] {dagbag.py:537} INFO - Filling up the DagBag from /home/airflow/.local/lib/python3.10/site-packages/airflow/example_dags/example_local_kubernetes_executor.py
[2022-12-15T05:52:39.538+0000] {processor.py:766} INFO - DAG(s) dict_keys(['example_local_kubernetes_executor']) retrieved from /home/airflow/.local/lib/python3.10/site-packages/airflow/example_dags/example_local_kubernetes_executor.py
[2022-12-15T05:52:39.574+0000] {logging_mixin.py:137} INFO - [2022-12-15T05:52:39.574+0000] {dag.py:2585} INFO - Sync 1 DAGs
[2022-12-15T05:52:39.594+0000] {logging_mixin.py:137} INFO - [2022-12-15T05:52:39.594+0000] {dag.py:3336} INFO - Setting next_dagrun for example_local_kubernetes_executor to None, run_after=None
[2022-12-15T05:52:39.618+0000] {processor.py:176} INFO - Processing /home/airflow/.local/lib/python3.10/site-packages/airflow/example_dags/example_local_kubernetes_executor.py took 0.102 seconds
[2022-12-15T05:53:09.844+0000] {processor.py:154} INFO - Started process (PID=241) to work on /home/airflow/.local/lib/python3.10/site-packages/airflow/example_dags/example_local_kubernetes_executor.py
[2022-12-15T05:53:09.845+0000] {processor.py:756} INFO - Processing file /home/airflow/.local/lib/python3.10/site-packages/airflow/example_dags/example_local_kubernetes_executor.py for tasks to queue
[2022-12-15T05:53:09.845+0000] {logging_mixin.py:137} INFO - [2022-12-15T05:53:09.845+0000] {dagbag.py:537} INFO - Filling up the DagBag from /home/airflow/.local/lib/python3.10/site-packages/airflow/example_dags/example_local_kubernetes_executor.py
[2022-12-15T05:53:09.864+0000] {processor.py:766} INFO - DAG(s) dict_keys(['example_local_kubernetes_executor']) retrieved from /home/airflow/.local/lib/python3.10/site-packages/airflow/example_dags/example_local_kubernetes_executor.py
[2022-12-15T05:53:09.898+0000] {logging_mixin.py:137} INFO - [2022-12-15T05:53:09.897+0000] {dag.py:2585} INFO - Sync 1 DAGs
[2022-12-15T05:53:09.917+0000] {logging_mixin.py:137} INFO - [2022-12-15T05:53:09.917+0000] {dag.py:3336} INFO - Setting next_dagrun for example_local_kubernetes_executor to None, run_after=None
[2022-12-15T05:53:09.947+0000] {processor.py:176} INFO - Processing /home/airflow/.local/lib/python3.10/site-packages/airflow/example_dags/example_local_kubernetes_executor.py took 0.105 seconds
[2022-12-15T05:53:40.352+0000] {processor.py:154} INFO - Started process (PID=299) to work on /home/airflow/.local/lib/python3.10/site-packages/airflow/example_dags/example_local_kubernetes_executor.py
[2022-12-15T05:53:40.353+0000] {processor.py:756} INFO - Processing file /home/airflow/.local/lib/python3.10/site-packages/airflow/example_dags/example_local_kubernetes_executor.py for tasks to queue
[2022-12-15T05:53:40.353+0000] {logging_mixin.py:137} INFO - [2022-12-15T05:53:40.353+0000] {dagbag.py:537} INFO - Filling up the DagBag from /home/airflow/.local/lib/python3.10/site-packages/airflow/example_dags/example_local_kubernetes_executor.py
[2022-12-15T05:53:40.376+0000] {processor.py:766} INFO - DAG(s) dict_keys(['example_local_kubernetes_executor']) retrieved from /home/airflow/.local/lib/python3.10/site-packages/airflow/example_dags/example_local_kubernetes_executor.py
[2022-12-15T05:53:40.411+0000] {logging_mixin.py:137} INFO - [2022-12-15T05:53:40.411+0000] {dag.py:2585} INFO - Sync 1 DAGs
[2022-12-15T05:53:40.440+0000] {logging_mixin.py:137} INFO - [2022-12-15T05:53:40.440+0000] {dag.py:3336} INFO - Setting next_dagrun for example_local_kubernetes_executor to None, run_after=None
[2022-12-15T05:53:40.464+0000] {processor.py:176} INFO - Processing /home/airflow/.local/lib/python3.10/site-packages/airflow/example_dags/example_local_kubernetes_executor.py took 0.116 seconds
[2022-12-15T05:54:10.947+0000] {processor.py:154} INFO - Started process (PID=357) to work on /home/airflow/.local/lib/python3.10/site-packages/airflow/example_dags/example_local_kubernetes_executor.py
[2022-12-15T05:54:10.948+0000] {processor.py:756} INFO - Processing file /home/airflow/.local/lib/python3.10/site-packages/airflow/example_dags/example_local_kubernetes_executor.py for tasks to queue
[2022-12-15T05:54:10.948+0000] {logging_mixin.py:137} INFO - [2022-12-15T05:54:10.948+0000] {dagbag.py:537} INFO - Filling up the DagBag from /home/airflow/.local/lib/python3.10/site-packages/airflow/example_dags/example_local_kubernetes_executor.py
[2022-12-15T05:54:10.967+0000] {processor.py:766} INFO - DAG(s) dict_keys(['example_local_kubernetes_executor']) retrieved from /home/airflow/.local/lib/python3.10/site-packages/airflow/example_dags/example_local_kubernetes_executor.py
[2022-12-15T05:54:10.999+0000] {logging_mixin.py:137} INFO - [2022-12-15T05:54:10.999+0000] {dag.py:2585} INFO - Sync 1 DAGs
[2022-12-15T05:54:11.019+0000] {logging_mixin.py:137} INFO - [2022-12-15T05:54:11.019+0000] {dag.py:3336} INFO - Setting next_dagrun for example_local_kubernetes_executor to None, run_after=None
[2022-12-15T05:54:11.037+0000] {processor.py:176} INFO - Processing /home/airflow/.local/lib/python3.10/site-packages/airflow/example_dags/example_local_kubernetes_executor.py took 0.093 seconds
[2022-12-15T05:54:41.220+0000] {processor.py:154} INFO - Started process (PID=408) to work on /home/airflow/.local/lib/python3.10/site-packages/airflow/example_dags/example_local_kubernetes_executor.py
[2022-12-15T05:54:41.220+0000] {processor.py:756} INFO - Processing file /home/airflow/.local/lib/python3.10/site-packages/airflow/example_dags/example_local_kubernetes_executor.py for tasks to queue
[2022-12-15T05:54:41.220+0000] {logging_mixin.py:137} INFO - [2022-12-15T05:54:41.220+0000] {dagbag.py:537} INFO - Filling up the DagBag from /home/airflow/.local/lib/python3.10/site-packages/airflow/example_dags/example_local_kubernetes_executor.py
[2022-12-15T05:54:41.239+0000] {processor.py:766} INFO - DAG(s) dict_keys(['example_local_kubernetes_executor']) retrieved from /home/airflow/.local/lib/python3.10/site-packages/airflow/example_dags/example_local_kubernetes_executor.py
[2022-12-15T05:54:41.270+0000] {logging_mixin.py:137} INFO - [2022-12-15T05:54:41.270+0000] {dag.py:2585} INFO - Sync 1 DAGs
[2022-12-15T05:54:41.290+0000] {logging_mixin.py:137} INFO - [2022-12-15T05:54:41.290+0000] {dag.py:3336} INFO - Setting next_dagrun for example_local_kubernetes_executor to None, run_after=None
[2022-12-15T05:54:41.309+0000] {processor.py:176} INFO - Processing /home/airflow/.local/lib/python3.10/site-packages/airflow/example_dags/example_local_kubernetes_executor.py took 0.092 seconds
[2022-12-15T05:55:11.612+0000] {processor.py:154} INFO - Started process (PID=466) to work on /home/airflow/.local/lib/python3.10/site-packages/airflow/example_dags/example_local_kubernetes_executor.py
[2022-12-15T05:55:11.613+0000] {processor.py:756} INFO - Processing file /home/airflow/.local/lib/python3.10/site-packages/airflow/example_dags/example_local_kubernetes_executor.py for tasks to queue
[2022-12-15T05:55:11.613+0000] {logging_mixin.py:137} INFO - [2022-12-15T05:55:11.613+0000] {dagbag.py:537} INFO - Filling up the DagBag from /home/airflow/.local/lib/python3.10/site-packages/airflow/example_dags/example_local_kubernetes_executor.py
[2022-12-15T05:55:11.632+0000] {processor.py:766} INFO - DAG(s) dict_keys(['example_local_kubernetes_executor']) retrieved from /home/airflow/.local/lib/python3.10/site-packages/airflow/example_dags/example_local_kubernetes_executor.py
[2022-12-15T05:55:11.667+0000] {logging_mixin.py:137} INFO - [2022-12-15T05:55:11.667+0000] {dag.py:2585} INFO - Sync 1 DAGs
[2022-12-15T05:55:11.686+0000] {logging_mixin.py:137} INFO - [2022-12-15T05:55:11.686+0000] {dag.py:3336} INFO - Setting next_dagrun for example_local_kubernetes_executor to None, run_after=None
[2022-12-15T05:55:11.706+0000] {processor.py:176} INFO - Processing /home/airflow/.local/lib/python3.10/site-packages/airflow/example_dags/example_local_kubernetes_executor.py took 0.097 seconds
[2022-12-15T05:56:30.416+0000] {processor.py:154} INFO - Started process (PID=69) to work on /home/airflow/.local/lib/python3.10/site-packages/airflow/example_dags/example_local_kubernetes_executor.py
[2022-12-15T05:56:30.421+0000] {processor.py:756} INFO - Processing file /home/airflow/.local/lib/python3.10/site-packages/airflow/example_dags/example_local_kubernetes_executor.py for tasks to queue
[2022-12-15T05:56:30.422+0000] {logging_mixin.py:137} INFO - [2022-12-15T05:56:30.421+0000] {dagbag.py:537} INFO - Filling up the DagBag from /home/airflow/.local/lib/python3.10/site-packages/airflow/example_dags/example_local_kubernetes_executor.py
[2022-12-15T05:56:30.443+0000] {processor.py:766} INFO - DAG(s) dict_keys(['example_local_kubernetes_executor']) retrieved from /home/airflow/.local/lib/python3.10/site-packages/airflow/example_dags/example_local_kubernetes_executor.py
[2022-12-15T05:56:30.610+0000] {logging_mixin.py:137} INFO - [2022-12-15T05:56:30.610+0000] {dag.py:2585} INFO - Sync 1 DAGs
[2022-12-15T05:56:30.632+0000] {logging_mixin.py:137} INFO - [2022-12-15T05:56:30.631+0000] {dag.py:3336} INFO - Setting next_dagrun for example_local_kubernetes_executor to None, run_after=None
[2022-12-15T05:56:30.651+0000] {processor.py:176} INFO - Processing /home/airflow/.local/lib/python3.10/site-packages/airflow/example_dags/example_local_kubernetes_executor.py took 0.237 seconds
[2022-12-15T05:57:01.610+0000] {processor.py:154} INFO - Started process (PID=127) to work on /home/airflow/.local/lib/python3.10/site-packages/airflow/example_dags/example_local_kubernetes_executor.py
[2022-12-15T05:57:01.610+0000] {processor.py:756} INFO - Processing file /home/airflow/.local/lib/python3.10/site-packages/airflow/example_dags/example_local_kubernetes_executor.py for tasks to queue
[2022-12-15T05:57:01.611+0000] {logging_mixin.py:137} INFO - [2022-12-15T05:57:01.611+0000] {dagbag.py:537} INFO - Filling up the DagBag from /home/airflow/.local/lib/python3.10/site-packages/airflow/example_dags/example_local_kubernetes_executor.py
[2022-12-15T05:57:01.767+0000] {processor.py:766} INFO - DAG(s) dict_keys(['example_local_kubernetes_executor']) retrieved from /home/airflow/.local/lib/python3.10/site-packages/airflow/example_dags/example_local_kubernetes_executor.py
[2022-12-15T05:57:01.808+0000] {logging_mixin.py:137} INFO - [2022-12-15T05:57:01.808+0000] {dag.py:2585} INFO - Sync 1 DAGs
[2022-12-15T05:57:01.831+0000] {logging_mixin.py:137} INFO - [2022-12-15T05:57:01.831+0000] {dag.py:3336} INFO - Setting next_dagrun for example_local_kubernetes_executor to None, run_after=None
[2022-12-15T05:57:01.942+0000] {processor.py:176} INFO - Processing /home/airflow/.local/lib/python3.10/site-packages/airflow/example_dags/example_local_kubernetes_executor.py took 0.334 seconds
[2022-12-15T05:57:32.844+0000] {processor.py:154} INFO - Started process (PID=180) to work on /home/airflow/.local/lib/python3.10/site-packages/airflow/example_dags/example_local_kubernetes_executor.py
[2022-12-15T05:57:32.844+0000] {processor.py:756} INFO - Processing file /home/airflow/.local/lib/python3.10/site-packages/airflow/example_dags/example_local_kubernetes_executor.py for tasks to queue
[2022-12-15T05:57:32.845+0000] {logging_mixin.py:137} INFO - [2022-12-15T05:57:32.844+0000] {dagbag.py:537} INFO - Filling up the DagBag from /home/airflow/.local/lib/python3.10/site-packages/airflow/example_dags/example_local_kubernetes_executor.py
[2022-12-15T05:57:32.864+0000] {processor.py:766} INFO - DAG(s) dict_keys(['example_local_kubernetes_executor']) retrieved from /home/airflow/.local/lib/python3.10/site-packages/airflow/example_dags/example_local_kubernetes_executor.py
[2022-12-15T05:57:32.902+0000] {logging_mixin.py:137} INFO - [2022-12-15T05:57:32.902+0000] {dag.py:2585} INFO - Sync 1 DAGs
[2022-12-15T05:57:32.920+0000] {logging_mixin.py:137} INFO - [2022-12-15T05:57:32.920+0000] {dag.py:3336} INFO - Setting next_dagrun for example_local_kubernetes_executor to None, run_after=None
[2022-12-15T05:57:32.940+0000] {processor.py:176} INFO - Processing /home/airflow/.local/lib/python3.10/site-packages/airflow/example_dags/example_local_kubernetes_executor.py took 0.099 seconds
[2022-12-15T05:59:40.872+0000] {processor.py:154} INFO - Started process (PID=69) to work on /home/airflow/.local/lib/python3.10/site-packages/airflow/example_dags/example_local_kubernetes_executor.py
[2022-12-15T05:59:40.873+0000] {processor.py:756} INFO - Processing file /home/airflow/.local/lib/python3.10/site-packages/airflow/example_dags/example_local_kubernetes_executor.py for tasks to queue
[2022-12-15T05:59:40.873+0000] {logging_mixin.py:137} INFO - [2022-12-15T05:59:40.873+0000] {dagbag.py:537} INFO - Filling up the DagBag from /home/airflow/.local/lib/python3.10/site-packages/airflow/example_dags/example_local_kubernetes_executor.py
[2022-12-15T05:59:40.901+0000] {processor.py:766} INFO - DAG(s) dict_keys(['example_local_kubernetes_executor']) retrieved from /home/airflow/.local/lib/python3.10/site-packages/airflow/example_dags/example_local_kubernetes_executor.py
[2022-12-15T05:59:41.068+0000] {logging_mixin.py:137} INFO - [2022-12-15T05:59:41.068+0000] {dag.py:2585} INFO - Sync 1 DAGs
[2022-12-15T05:59:41.090+0000] {logging_mixin.py:137} INFO - [2022-12-15T05:59:41.090+0000] {dag.py:3336} INFO - Setting next_dagrun for example_local_kubernetes_executor to None, run_after=None
[2022-12-15T05:59:41.113+0000] {processor.py:176} INFO - Processing /home/airflow/.local/lib/python3.10/site-packages/airflow/example_dags/example_local_kubernetes_executor.py took 0.244 seconds
[2022-12-15T06:00:11.414+0000] {processor.py:154} INFO - Started process (PID=127) to work on /home/airflow/.local/lib/python3.10/site-packages/airflow/example_dags/example_local_kubernetes_executor.py
[2022-12-15T06:00:11.415+0000] {processor.py:756} INFO - Processing file /home/airflow/.local/lib/python3.10/site-packages/airflow/example_dags/example_local_kubernetes_executor.py for tasks to queue
[2022-12-15T06:00:11.416+0000] {logging_mixin.py:137} INFO - [2022-12-15T06:00:11.416+0000] {dagbag.py:537} INFO - Filling up the DagBag from /home/airflow/.local/lib/python3.10/site-packages/airflow/example_dags/example_local_kubernetes_executor.py
[2022-12-15T06:00:11.552+0000] {processor.py:766} INFO - DAG(s) dict_keys(['example_local_kubernetes_executor']) retrieved from /home/airflow/.local/lib/python3.10/site-packages/airflow/example_dags/example_local_kubernetes_executor.py
[2022-12-15T06:00:11.582+0000] {logging_mixin.py:137} INFO - [2022-12-15T06:00:11.581+0000] {dag.py:2585} INFO - Sync 1 DAGs
[2022-12-15T06:00:11.600+0000] {logging_mixin.py:137} INFO - [2022-12-15T06:00:11.600+0000] {dag.py:3336} INFO - Setting next_dagrun for example_local_kubernetes_executor to None, run_after=None
[2022-12-15T06:00:11.618+0000] {processor.py:176} INFO - Processing /home/airflow/.local/lib/python3.10/site-packages/airflow/example_dags/example_local_kubernetes_executor.py took 0.205 seconds
[2022-12-15T06:00:41.734+0000] {processor.py:154} INFO - Started process (PID=180) to work on /home/airflow/.local/lib/python3.10/site-packages/airflow/example_dags/example_local_kubernetes_executor.py
[2022-12-15T06:00:41.735+0000] {processor.py:756} INFO - Processing file /home/airflow/.local/lib/python3.10/site-packages/airflow/example_dags/example_local_kubernetes_executor.py for tasks to queue
[2022-12-15T06:00:41.736+0000] {logging_mixin.py:137} INFO - [2022-12-15T06:00:41.736+0000] {dagbag.py:537} INFO - Filling up the DagBag from /home/airflow/.local/lib/python3.10/site-packages/airflow/example_dags/example_local_kubernetes_executor.py
[2022-12-15T06:00:41.755+0000] {processor.py:766} INFO - DAG(s) dict_keys(['example_local_kubernetes_executor']) retrieved from /home/airflow/.local/lib/python3.10/site-packages/airflow/example_dags/example_local_kubernetes_executor.py
[2022-12-15T06:00:41.790+0000] {logging_mixin.py:137} INFO - [2022-12-15T06:00:41.790+0000] {dag.py:2585} INFO - Sync 1 DAGs
[2022-12-15T06:00:41.812+0000] {logging_mixin.py:137} INFO - [2022-12-15T06:00:41.812+0000] {dag.py:3336} INFO - Setting next_dagrun for example_local_kubernetes_executor to None, run_after=None
[2022-12-15T06:00:41.835+0000] {processor.py:176} INFO - Processing /home/airflow/.local/lib/python3.10/site-packages/airflow/example_dags/example_local_kubernetes_executor.py took 0.103 seconds
[2022-12-15T06:01:12.203+0000] {processor.py:154} INFO - Started process (PID=238) to work on /home/airflow/.local/lib/python3.10/site-packages/airflow/example_dags/example_local_kubernetes_executor.py
[2022-12-15T06:01:12.204+0000] {processor.py:756} INFO - Processing file /home/airflow/.local/lib/python3.10/site-packages/airflow/example_dags/example_local_kubernetes_executor.py for tasks to queue
[2022-12-15T06:01:12.205+0000] {logging_mixin.py:137} INFO - [2022-12-15T06:01:12.205+0000] {dagbag.py:537} INFO - Filling up the DagBag from /home/airflow/.local/lib/python3.10/site-packages/airflow/example_dags/example_local_kubernetes_executor.py
[2022-12-15T06:01:12.228+0000] {processor.py:766} INFO - DAG(s) dict_keys(['example_local_kubernetes_executor']) retrieved from /home/airflow/.local/lib/python3.10/site-packages/airflow/example_dags/example_local_kubernetes_executor.py
[2022-12-15T06:01:12.268+0000] {logging_mixin.py:137} INFO - [2022-12-15T06:01:12.268+0000] {dag.py:2585} INFO - Sync 1 DAGs
[2022-12-15T06:01:12.288+0000] {logging_mixin.py:137} INFO - [2022-12-15T06:01:12.288+0000] {dag.py:3336} INFO - Setting next_dagrun for example_local_kubernetes_executor to None, run_after=None
[2022-12-15T06:01:12.313+0000] {processor.py:176} INFO - Processing /home/airflow/.local/lib/python3.10/site-packages/airflow/example_dags/example_local_kubernetes_executor.py took 0.113 seconds
[2022-12-15T06:01:42.989+0000] {processor.py:154} INFO - Started process (PID=296) to work on /home/airflow/.local/lib/python3.10/site-packages/airflow/example_dags/example_local_kubernetes_executor.py
[2022-12-15T06:01:42.989+0000] {processor.py:756} INFO - Processing file /home/airflow/.local/lib/python3.10/site-packages/airflow/example_dags/example_local_kubernetes_executor.py for tasks to queue
[2022-12-15T06:01:42.990+0000] {logging_mixin.py:137} INFO - [2022-12-15T06:01:42.990+0000] {dagbag.py:537} INFO - Filling up the DagBag from /home/airflow/.local/lib/python3.10/site-packages/airflow/example_dags/example_local_kubernetes_executor.py
[2022-12-15T06:01:43.011+0000] {processor.py:766} INFO - DAG(s) dict_keys(['example_local_kubernetes_executor']) retrieved from /home/airflow/.local/lib/python3.10/site-packages/airflow/example_dags/example_local_kubernetes_executor.py
[2022-12-15T06:01:43.048+0000] {logging_mixin.py:137} INFO - [2022-12-15T06:01:43.047+0000] {dag.py:2585} INFO - Sync 1 DAGs
[2022-12-15T06:01:43.069+0000] {logging_mixin.py:137} INFO - [2022-12-15T06:01:43.068+0000] {dag.py:3336} INFO - Setting next_dagrun for example_local_kubernetes_executor to None, run_after=None
[2022-12-15T06:01:43.089+0000] {processor.py:176} INFO - Processing /home/airflow/.local/lib/python3.10/site-packages/airflow/example_dags/example_local_kubernetes_executor.py took 0.103 seconds
