[2022-12-15T05:51:29.566+0000] {processor.py:154} INFO - Started process (PID=46) to work on /home/airflow/.local/lib/python3.10/site-packages/airflow/example_dags/example_xcom.py
[2022-12-15T05:51:29.567+0000] {processor.py:756} INFO - Processing file /home/airflow/.local/lib/python3.10/site-packages/airflow/example_dags/example_xcom.py for tasks to queue
[2022-12-15T05:51:29.568+0000] {logging_mixin.py:137} INFO - [2022-12-15T05:51:29.568+0000] {dagbag.py:537} INFO - Filling up the DagBag from /home/airflow/.local/lib/python3.10/site-packages/airflow/example_dags/example_xcom.py
[2022-12-15T05:51:29.597+0000] {processor.py:766} INFO - DAG(s) dict_keys(['example_xcom']) retrieved from /home/airflow/.local/lib/python3.10/site-packages/airflow/example_dags/example_xcom.py
[2022-12-15T05:51:29.939+0000] {logging_mixin.py:137} INFO - [2022-12-15T05:51:29.938+0000] {manager.py:507} INFO - Created Permission View: can delete on DAG:example_xcom
[2022-12-15T05:51:29.955+0000] {logging_mixin.py:137} INFO - [2022-12-15T05:51:29.954+0000] {manager.py:507} INFO - Created Permission View: can edit on DAG:example_xcom
[2022-12-15T05:51:29.965+0000] {logging_mixin.py:137} INFO - [2022-12-15T05:51:29.965+0000] {manager.py:507} INFO - Created Permission View: can read on DAG:example_xcom
[2022-12-15T05:51:29.966+0000] {logging_mixin.py:137} INFO - [2022-12-15T05:51:29.966+0000] {dag.py:2585} INFO - Sync 1 DAGs
[2022-12-15T05:51:29.978+0000] {logging_mixin.py:137} INFO - [2022-12-15T05:51:29.978+0000] {dag.py:2606} INFO - Creating ORM DAG for example_xcom
[2022-12-15T05:51:29.990+0000] {logging_mixin.py:137} INFO - [2022-12-15T05:51:29.990+0000] {dag.py:3336} INFO - Setting next_dagrun for example_xcom to 2021-01-01T00:00:00+00:00, run_after=2021-01-01T00:00:00+00:00
[2022-12-15T05:51:30.015+0000] {processor.py:176} INFO - Processing /home/airflow/.local/lib/python3.10/site-packages/airflow/example_dags/example_xcom.py took 0.450 seconds
[2022-12-15T05:52:00.486+0000] {processor.py:154} INFO - Started process (PID=98) to work on /home/airflow/.local/lib/python3.10/site-packages/airflow/example_dags/example_xcom.py
[2022-12-15T05:52:00.487+0000] {processor.py:756} INFO - Processing file /home/airflow/.local/lib/python3.10/site-packages/airflow/example_dags/example_xcom.py for tasks to queue
[2022-12-15T05:52:00.487+0000] {logging_mixin.py:137} INFO - [2022-12-15T05:52:00.487+0000] {dagbag.py:537} INFO - Filling up the DagBag from /home/airflow/.local/lib/python3.10/site-packages/airflow/example_dags/example_xcom.py
[2022-12-15T05:52:00.626+0000] {processor.py:766} INFO - DAG(s) dict_keys(['example_xcom']) retrieved from /home/airflow/.local/lib/python3.10/site-packages/airflow/example_dags/example_xcom.py
[2022-12-15T05:52:00.658+0000] {logging_mixin.py:137} INFO - [2022-12-15T05:52:00.658+0000] {dag.py:2585} INFO - Sync 1 DAGs
[2022-12-15T05:52:00.680+0000] {logging_mixin.py:137} INFO - [2022-12-15T05:52:00.680+0000] {dag.py:3336} INFO - Setting next_dagrun for example_xcom to 2021-01-01T00:00:00+00:00, run_after=2021-01-01T00:00:00+00:00
[2022-12-15T05:52:00.703+0000] {processor.py:176} INFO - Processing /home/airflow/.local/lib/python3.10/site-packages/airflow/example_dags/example_xcom.py took 0.221 seconds
[2022-12-15T05:52:31.418+0000] {processor.py:154} INFO - Started process (PID=157) to work on /home/airflow/.local/lib/python3.10/site-packages/airflow/example_dags/example_xcom.py
[2022-12-15T05:52:31.419+0000] {processor.py:756} INFO - Processing file /home/airflow/.local/lib/python3.10/site-packages/airflow/example_dags/example_xcom.py for tasks to queue
[2022-12-15T05:52:31.420+0000] {logging_mixin.py:137} INFO - [2022-12-15T05:52:31.420+0000] {dagbag.py:537} INFO - Filling up the DagBag from /home/airflow/.local/lib/python3.10/site-packages/airflow/example_dags/example_xcom.py
[2022-12-15T05:52:31.645+0000] {processor.py:766} INFO - DAG(s) dict_keys(['example_xcom']) retrieved from /home/airflow/.local/lib/python3.10/site-packages/airflow/example_dags/example_xcom.py
[2022-12-15T05:52:31.684+0000] {logging_mixin.py:137} INFO - [2022-12-15T05:52:31.683+0000] {dag.py:2585} INFO - Sync 1 DAGs
[2022-12-15T05:52:31.708+0000] {logging_mixin.py:137} INFO - [2022-12-15T05:52:31.707+0000] {dag.py:3336} INFO - Setting next_dagrun for example_xcom to 2021-01-01T00:00:00+00:00, run_after=2021-01-01T00:00:00+00:00
[2022-12-15T05:52:31.740+0000] {processor.py:176} INFO - Processing /home/airflow/.local/lib/python3.10/site-packages/airflow/example_dags/example_xcom.py took 0.326 seconds
[2022-12-15T05:53:02.435+0000] {processor.py:154} INFO - Started process (PID=216) to work on /home/airflow/.local/lib/python3.10/site-packages/airflow/example_dags/example_xcom.py
[2022-12-15T05:53:02.435+0000] {processor.py:756} INFO - Processing file /home/airflow/.local/lib/python3.10/site-packages/airflow/example_dags/example_xcom.py for tasks to queue
[2022-12-15T05:53:02.436+0000] {logging_mixin.py:137} INFO - [2022-12-15T05:53:02.436+0000] {dagbag.py:537} INFO - Filling up the DagBag from /home/airflow/.local/lib/python3.10/site-packages/airflow/example_dags/example_xcom.py
[2022-12-15T05:53:02.458+0000] {processor.py:766} INFO - DAG(s) dict_keys(['example_xcom']) retrieved from /home/airflow/.local/lib/python3.10/site-packages/airflow/example_dags/example_xcom.py
[2022-12-15T05:53:02.495+0000] {logging_mixin.py:137} INFO - [2022-12-15T05:53:02.495+0000] {dag.py:2585} INFO - Sync 1 DAGs
[2022-12-15T05:53:02.518+0000] {logging_mixin.py:137} INFO - [2022-12-15T05:53:02.518+0000] {dag.py:3336} INFO - Setting next_dagrun for example_xcom to 2021-01-01T00:00:00+00:00, run_after=2021-01-01T00:00:00+00:00
[2022-12-15T05:53:02.548+0000] {processor.py:176} INFO - Processing /home/airflow/.local/lib/python3.10/site-packages/airflow/example_dags/example_xcom.py took 0.116 seconds
[2022-12-15T05:53:32.806+0000] {processor.py:154} INFO - Started process (PID=267) to work on /home/airflow/.local/lib/python3.10/site-packages/airflow/example_dags/example_xcom.py
[2022-12-15T05:53:32.807+0000] {processor.py:756} INFO - Processing file /home/airflow/.local/lib/python3.10/site-packages/airflow/example_dags/example_xcom.py for tasks to queue
[2022-12-15T05:53:32.807+0000] {logging_mixin.py:137} INFO - [2022-12-15T05:53:32.807+0000] {dagbag.py:537} INFO - Filling up the DagBag from /home/airflow/.local/lib/python3.10/site-packages/airflow/example_dags/example_xcom.py
[2022-12-15T05:53:32.828+0000] {processor.py:766} INFO - DAG(s) dict_keys(['example_xcom']) retrieved from /home/airflow/.local/lib/python3.10/site-packages/airflow/example_dags/example_xcom.py
[2022-12-15T05:53:32.862+0000] {logging_mixin.py:137} INFO - [2022-12-15T05:53:32.862+0000] {dag.py:2585} INFO - Sync 1 DAGs
[2022-12-15T05:53:32.884+0000] {logging_mixin.py:137} INFO - [2022-12-15T05:53:32.883+0000] {dag.py:3336} INFO - Setting next_dagrun for example_xcom to 2021-01-01T00:00:00+00:00, run_after=2021-01-01T00:00:00+00:00
[2022-12-15T05:53:32.905+0000] {processor.py:176} INFO - Processing /home/airflow/.local/lib/python3.10/site-packages/airflow/example_dags/example_xcom.py took 0.102 seconds
[2022-12-15T05:54:03.304+0000] {processor.py:154} INFO - Started process (PID=325) to work on /home/airflow/.local/lib/python3.10/site-packages/airflow/example_dags/example_xcom.py
[2022-12-15T05:54:03.304+0000] {processor.py:756} INFO - Processing file /home/airflow/.local/lib/python3.10/site-packages/airflow/example_dags/example_xcom.py for tasks to queue
[2022-12-15T05:54:03.305+0000] {logging_mixin.py:137} INFO - [2022-12-15T05:54:03.304+0000] {dagbag.py:537} INFO - Filling up the DagBag from /home/airflow/.local/lib/python3.10/site-packages/airflow/example_dags/example_xcom.py
[2022-12-15T05:54:03.326+0000] {processor.py:766} INFO - DAG(s) dict_keys(['example_xcom']) retrieved from /home/airflow/.local/lib/python3.10/site-packages/airflow/example_dags/example_xcom.py
[2022-12-15T05:54:03.362+0000] {logging_mixin.py:137} INFO - [2022-12-15T05:54:03.362+0000] {dag.py:2585} INFO - Sync 1 DAGs
[2022-12-15T05:54:03.384+0000] {logging_mixin.py:137} INFO - [2022-12-15T05:54:03.384+0000] {dag.py:3336} INFO - Setting next_dagrun for example_xcom to 2021-01-01T00:00:00+00:00, run_after=2021-01-01T00:00:00+00:00
[2022-12-15T05:54:03.405+0000] {processor.py:176} INFO - Processing /home/airflow/.local/lib/python3.10/site-packages/airflow/example_dags/example_xcom.py took 0.103 seconds
[2022-12-15T05:54:33.663+0000] {processor.py:154} INFO - Started process (PID=383) to work on /home/airflow/.local/lib/python3.10/site-packages/airflow/example_dags/example_xcom.py
[2022-12-15T05:54:33.664+0000] {processor.py:756} INFO - Processing file /home/airflow/.local/lib/python3.10/site-packages/airflow/example_dags/example_xcom.py for tasks to queue
[2022-12-15T05:54:33.664+0000] {logging_mixin.py:137} INFO - [2022-12-15T05:54:33.664+0000] {dagbag.py:537} INFO - Filling up the DagBag from /home/airflow/.local/lib/python3.10/site-packages/airflow/example_dags/example_xcom.py
[2022-12-15T05:54:33.689+0000] {processor.py:766} INFO - DAG(s) dict_keys(['example_xcom']) retrieved from /home/airflow/.local/lib/python3.10/site-packages/airflow/example_dags/example_xcom.py
[2022-12-15T05:54:33.721+0000] {logging_mixin.py:137} INFO - [2022-12-15T05:54:33.721+0000] {dag.py:2585} INFO - Sync 1 DAGs
[2022-12-15T05:54:33.742+0000] {logging_mixin.py:137} INFO - [2022-12-15T05:54:33.742+0000] {dag.py:3336} INFO - Setting next_dagrun for example_xcom to 2021-01-01T00:00:00+00:00, run_after=2021-01-01T00:00:00+00:00
[2022-12-15T05:54:33.760+0000] {processor.py:176} INFO - Processing /home/airflow/.local/lib/python3.10/site-packages/airflow/example_dags/example_xcom.py took 0.099 seconds
[2022-12-15T05:55:04.102+0000] {processor.py:154} INFO - Started process (PID=434) to work on /home/airflow/.local/lib/python3.10/site-packages/airflow/example_dags/example_xcom.py
[2022-12-15T05:55:04.103+0000] {processor.py:756} INFO - Processing file /home/airflow/.local/lib/python3.10/site-packages/airflow/example_dags/example_xcom.py for tasks to queue
[2022-12-15T05:55:04.103+0000] {logging_mixin.py:137} INFO - [2022-12-15T05:55:04.103+0000] {dagbag.py:537} INFO - Filling up the DagBag from /home/airflow/.local/lib/python3.10/site-packages/airflow/example_dags/example_xcom.py
[2022-12-15T05:55:04.123+0000] {processor.py:766} INFO - DAG(s) dict_keys(['example_xcom']) retrieved from /home/airflow/.local/lib/python3.10/site-packages/airflow/example_dags/example_xcom.py
[2022-12-15T05:55:04.163+0000] {logging_mixin.py:137} INFO - [2022-12-15T05:55:04.163+0000] {dag.py:2585} INFO - Sync 1 DAGs
[2022-12-15T05:55:04.182+0000] {logging_mixin.py:137} INFO - [2022-12-15T05:55:04.182+0000] {dag.py:3336} INFO - Setting next_dagrun for example_xcom to 2021-01-01T00:00:00+00:00, run_after=2021-01-01T00:00:00+00:00
[2022-12-15T05:55:04.200+0000] {processor.py:176} INFO - Processing /home/airflow/.local/lib/python3.10/site-packages/airflow/example_dags/example_xcom.py took 0.100 seconds
[2022-12-15T05:55:34.383+0000] {processor.py:154} INFO - Started process (PID=493) to work on /home/airflow/.local/lib/python3.10/site-packages/airflow/example_dags/example_xcom.py
[2022-12-15T05:55:34.384+0000] {processor.py:756} INFO - Processing file /home/airflow/.local/lib/python3.10/site-packages/airflow/example_dags/example_xcom.py for tasks to queue
[2022-12-15T05:55:34.385+0000] {logging_mixin.py:137} INFO - [2022-12-15T05:55:34.385+0000] {dagbag.py:537} INFO - Filling up the DagBag from /home/airflow/.local/lib/python3.10/site-packages/airflow/example_dags/example_xcom.py
[2022-12-15T05:55:34.405+0000] {processor.py:766} INFO - DAG(s) dict_keys(['example_xcom']) retrieved from /home/airflow/.local/lib/python3.10/site-packages/airflow/example_dags/example_xcom.py
[2022-12-15T05:55:34.439+0000] {logging_mixin.py:137} INFO - [2022-12-15T05:55:34.439+0000] {dag.py:2585} INFO - Sync 1 DAGs
[2022-12-15T05:55:34.458+0000] {logging_mixin.py:137} INFO - [2022-12-15T05:55:34.458+0000] {dag.py:3336} INFO - Setting next_dagrun for example_xcom to 2021-01-01T00:00:00+00:00, run_after=2021-01-01T00:00:00+00:00
[2022-12-15T05:55:34.479+0000] {processor.py:176} INFO - Processing /home/airflow/.local/lib/python3.10/site-packages/airflow/example_dags/example_xcom.py took 0.098 seconds
[2022-12-15T05:56:26.607+0000] {processor.py:154} INFO - Started process (PID=44) to work on /home/airflow/.local/lib/python3.10/site-packages/airflow/example_dags/example_xcom.py
[2022-12-15T05:56:26.608+0000] {processor.py:756} INFO - Processing file /home/airflow/.local/lib/python3.10/site-packages/airflow/example_dags/example_xcom.py for tasks to queue
[2022-12-15T05:56:26.608+0000] {logging_mixin.py:137} INFO - [2022-12-15T05:56:26.608+0000] {dagbag.py:537} INFO - Filling up the DagBag from /home/airflow/.local/lib/python3.10/site-packages/airflow/example_dags/example_xcom.py
[2022-12-15T05:56:26.635+0000] {processor.py:766} INFO - DAG(s) dict_keys(['example_xcom']) retrieved from /home/airflow/.local/lib/python3.10/site-packages/airflow/example_dags/example_xcom.py
[2022-12-15T05:56:26.819+0000] {logging_mixin.py:137} INFO - [2022-12-15T05:56:26.819+0000] {dag.py:2585} INFO - Sync 1 DAGs
[2022-12-15T05:56:26.848+0000] {logging_mixin.py:137} INFO - [2022-12-15T05:56:26.848+0000] {dag.py:3336} INFO - Setting next_dagrun for example_xcom to 2021-01-01T00:00:00+00:00, run_after=2021-01-01T00:00:00+00:00
[2022-12-15T05:56:26.874+0000] {processor.py:176} INFO - Processing /home/airflow/.local/lib/python3.10/site-packages/airflow/example_dags/example_xcom.py took 0.269 seconds
[2022-12-15T05:56:56.969+0000] {processor.py:154} INFO - Started process (PID=95) to work on /home/airflow/.local/lib/python3.10/site-packages/airflow/example_dags/example_xcom.py
[2022-12-15T05:56:56.970+0000] {processor.py:756} INFO - Processing file /home/airflow/.local/lib/python3.10/site-packages/airflow/example_dags/example_xcom.py for tasks to queue
[2022-12-15T05:56:56.971+0000] {logging_mixin.py:137} INFO - [2022-12-15T05:56:56.970+0000] {dagbag.py:537} INFO - Filling up the DagBag from /home/airflow/.local/lib/python3.10/site-packages/airflow/example_dags/example_xcom.py
[2022-12-15T05:56:57.112+0000] {processor.py:766} INFO - DAG(s) dict_keys(['example_xcom']) retrieved from /home/airflow/.local/lib/python3.10/site-packages/airflow/example_dags/example_xcom.py
[2022-12-15T05:56:57.140+0000] {logging_mixin.py:137} INFO - [2022-12-15T05:56:57.140+0000] {dag.py:2585} INFO - Sync 1 DAGs
[2022-12-15T05:56:57.160+0000] {logging_mixin.py:137} INFO - [2022-12-15T05:56:57.160+0000] {dag.py:3336} INFO - Setting next_dagrun for example_xcom to 2021-01-01T00:00:00+00:00, run_after=2021-01-01T00:00:00+00:00
[2022-12-15T05:56:57.178+0000] {processor.py:176} INFO - Processing /home/airflow/.local/lib/python3.10/site-packages/airflow/example_dags/example_xcom.py took 0.211 seconds
[2022-12-15T05:57:27.875+0000] {processor.py:154} INFO - Started process (PID=154) to work on /home/airflow/.local/lib/python3.10/site-packages/airflow/example_dags/example_xcom.py
[2022-12-15T05:57:27.875+0000] {processor.py:756} INFO - Processing file /home/airflow/.local/lib/python3.10/site-packages/airflow/example_dags/example_xcom.py for tasks to queue
[2022-12-15T05:57:27.876+0000] {logging_mixin.py:137} INFO - [2022-12-15T05:57:27.876+0000] {dagbag.py:537} INFO - Filling up the DagBag from /home/airflow/.local/lib/python3.10/site-packages/airflow/example_dags/example_xcom.py
[2022-12-15T05:57:27.896+0000] {processor.py:766} INFO - DAG(s) dict_keys(['example_xcom']) retrieved from /home/airflow/.local/lib/python3.10/site-packages/airflow/example_dags/example_xcom.py
[2022-12-15T05:57:27.935+0000] {logging_mixin.py:137} INFO - [2022-12-15T05:57:27.935+0000] {dag.py:2585} INFO - Sync 1 DAGs
[2022-12-15T05:57:27.955+0000] {logging_mixin.py:137} INFO - [2022-12-15T05:57:27.955+0000] {dag.py:3336} INFO - Setting next_dagrun for example_xcom to 2021-01-01T00:00:00+00:00, run_after=2021-01-01T00:00:00+00:00
[2022-12-15T05:57:27.975+0000] {processor.py:176} INFO - Processing /home/airflow/.local/lib/python3.10/site-packages/airflow/example_dags/example_xcom.py took 0.103 seconds
[2022-12-15T05:57:58.235+0000] {processor.py:154} INFO - Started process (PID=213) to work on /home/airflow/.local/lib/python3.10/site-packages/airflow/example_dags/example_xcom.py
[2022-12-15T05:57:58.236+0000] {processor.py:756} INFO - Processing file /home/airflow/.local/lib/python3.10/site-packages/airflow/example_dags/example_xcom.py for tasks to queue
[2022-12-15T05:57:58.236+0000] {logging_mixin.py:137} INFO - [2022-12-15T05:57:58.236+0000] {dagbag.py:537} INFO - Filling up the DagBag from /home/airflow/.local/lib/python3.10/site-packages/airflow/example_dags/example_xcom.py
[2022-12-15T05:57:58.273+0000] {processor.py:766} INFO - DAG(s) dict_keys(['example_xcom']) retrieved from /home/airflow/.local/lib/python3.10/site-packages/airflow/example_dags/example_xcom.py
[2022-12-15T05:57:59.183+0000] {logging_mixin.py:137} INFO - [2022-12-15T05:57:59.183+0000] {process_utils.py:256} INFO - Waiting up to 5 seconds for processes to exit...
[2022-12-15T05:59:37.058+0000] {processor.py:154} INFO - Started process (PID=44) to work on /home/airflow/.local/lib/python3.10/site-packages/airflow/example_dags/example_xcom.py
[2022-12-15T05:59:37.059+0000] {processor.py:756} INFO - Processing file /home/airflow/.local/lib/python3.10/site-packages/airflow/example_dags/example_xcom.py for tasks to queue
[2022-12-15T05:59:37.060+0000] {logging_mixin.py:137} INFO - [2022-12-15T05:59:37.060+0000] {dagbag.py:537} INFO - Filling up the DagBag from /home/airflow/.local/lib/python3.10/site-packages/airflow/example_dags/example_xcom.py
[2022-12-15T05:59:37.098+0000] {processor.py:766} INFO - DAG(s) dict_keys(['example_xcom']) retrieved from /home/airflow/.local/lib/python3.10/site-packages/airflow/example_dags/example_xcom.py
[2022-12-15T05:59:37.280+0000] {logging_mixin.py:137} INFO - [2022-12-15T05:59:37.280+0000] {dag.py:2585} INFO - Sync 1 DAGs
[2022-12-15T05:59:37.313+0000] {logging_mixin.py:137} INFO - [2022-12-15T05:59:37.313+0000] {dag.py:3336} INFO - Setting next_dagrun for example_xcom to 2021-01-01T00:00:00+00:00, run_after=2021-01-01T00:00:00+00:00
[2022-12-15T05:59:37.342+0000] {processor.py:176} INFO - Processing /home/airflow/.local/lib/python3.10/site-packages/airflow/example_dags/example_xcom.py took 0.287 seconds
[2022-12-15T06:00:07.382+0000] {processor.py:154} INFO - Started process (PID=95) to work on /home/airflow/.local/lib/python3.10/site-packages/airflow/example_dags/example_xcom.py
[2022-12-15T06:00:07.383+0000] {processor.py:756} INFO - Processing file /home/airflow/.local/lib/python3.10/site-packages/airflow/example_dags/example_xcom.py for tasks to queue
[2022-12-15T06:00:07.383+0000] {logging_mixin.py:137} INFO - [2022-12-15T06:00:07.383+0000] {dagbag.py:537} INFO - Filling up the DagBag from /home/airflow/.local/lib/python3.10/site-packages/airflow/example_dags/example_xcom.py
[2022-12-15T06:00:07.511+0000] {processor.py:766} INFO - DAG(s) dict_keys(['example_xcom']) retrieved from /home/airflow/.local/lib/python3.10/site-packages/airflow/example_dags/example_xcom.py
[2022-12-15T06:00:07.547+0000] {logging_mixin.py:137} INFO - [2022-12-15T06:00:07.547+0000] {dag.py:2585} INFO - Sync 1 DAGs
[2022-12-15T06:00:07.566+0000] {logging_mixin.py:137} INFO - [2022-12-15T06:00:07.566+0000] {dag.py:3336} INFO - Setting next_dagrun for example_xcom to 2021-01-01T00:00:00+00:00, run_after=2021-01-01T00:00:00+00:00
[2022-12-15T06:00:07.587+0000] {processor.py:176} INFO - Processing /home/airflow/.local/lib/python3.10/site-packages/airflow/example_dags/example_xcom.py took 0.208 seconds
[2022-12-15T06:00:37.731+0000] {processor.py:154} INFO - Started process (PID=154) to work on /home/airflow/.local/lib/python3.10/site-packages/airflow/example_dags/example_xcom.py
[2022-12-15T06:00:37.732+0000] {processor.py:756} INFO - Processing file /home/airflow/.local/lib/python3.10/site-packages/airflow/example_dags/example_xcom.py for tasks to queue
[2022-12-15T06:00:37.733+0000] {logging_mixin.py:137} INFO - [2022-12-15T06:00:37.733+0000] {dagbag.py:537} INFO - Filling up the DagBag from /home/airflow/.local/lib/python3.10/site-packages/airflow/example_dags/example_xcom.py
[2022-12-15T06:00:37.767+0000] {processor.py:766} INFO - DAG(s) dict_keys(['example_xcom']) retrieved from /home/airflow/.local/lib/python3.10/site-packages/airflow/example_dags/example_xcom.py
[2022-12-15T06:00:37.810+0000] {logging_mixin.py:137} INFO - [2022-12-15T06:00:37.810+0000] {dag.py:2585} INFO - Sync 1 DAGs
[2022-12-15T06:00:37.832+0000] {logging_mixin.py:137} INFO - [2022-12-15T06:00:37.832+0000] {dag.py:3336} INFO - Setting next_dagrun for example_xcom to 2021-01-01T00:00:00+00:00, run_after=2021-01-01T00:00:00+00:00
[2022-12-15T06:00:37.852+0000] {processor.py:176} INFO - Processing /home/airflow/.local/lib/python3.10/site-packages/airflow/example_dags/example_xcom.py took 0.123 seconds
[2022-12-15T06:01:08.682+0000] {processor.py:154} INFO - Started process (PID=213) to work on /home/airflow/.local/lib/python3.10/site-packages/airflow/example_dags/example_xcom.py
[2022-12-15T06:01:08.686+0000] {processor.py:756} INFO - Processing file /home/airflow/.local/lib/python3.10/site-packages/airflow/example_dags/example_xcom.py for tasks to queue
[2022-12-15T06:01:08.686+0000] {logging_mixin.py:137} INFO - [2022-12-15T06:01:08.686+0000] {dagbag.py:537} INFO - Filling up the DagBag from /home/airflow/.local/lib/python3.10/site-packages/airflow/example_dags/example_xcom.py
[2022-12-15T06:01:08.708+0000] {processor.py:766} INFO - DAG(s) dict_keys(['example_xcom']) retrieved from /home/airflow/.local/lib/python3.10/site-packages/airflow/example_dags/example_xcom.py
[2022-12-15T06:01:08.745+0000] {logging_mixin.py:137} INFO - [2022-12-15T06:01:08.745+0000] {dag.py:2585} INFO - Sync 1 DAGs
[2022-12-15T06:01:08.765+0000] {logging_mixin.py:137} INFO - [2022-12-15T06:01:08.765+0000] {dag.py:3336} INFO - Setting next_dagrun for example_xcom to 2021-01-01T00:00:00+00:00, run_after=2021-01-01T00:00:00+00:00
[2022-12-15T06:01:08.785+0000] {processor.py:176} INFO - Processing /home/airflow/.local/lib/python3.10/site-packages/airflow/example_dags/example_xcom.py took 0.104 seconds
[2022-12-15T06:01:39.021+0000] {processor.py:154} INFO - Started process (PID=264) to work on /home/airflow/.local/lib/python3.10/site-packages/airflow/example_dags/example_xcom.py
[2022-12-15T06:01:39.022+0000] {processor.py:756} INFO - Processing file /home/airflow/.local/lib/python3.10/site-packages/airflow/example_dags/example_xcom.py for tasks to queue
[2022-12-15T06:01:39.022+0000] {logging_mixin.py:137} INFO - [2022-12-15T06:01:39.022+0000] {dagbag.py:537} INFO - Filling up the DagBag from /home/airflow/.local/lib/python3.10/site-packages/airflow/example_dags/example_xcom.py
[2022-12-15T06:01:39.044+0000] {processor.py:766} INFO - DAG(s) dict_keys(['example_xcom']) retrieved from /home/airflow/.local/lib/python3.10/site-packages/airflow/example_dags/example_xcom.py
[2022-12-15T06:01:39.079+0000] {logging_mixin.py:137} INFO - [2022-12-15T06:01:39.079+0000] {dag.py:2585} INFO - Sync 1 DAGs
[2022-12-15T06:01:39.100+0000] {logging_mixin.py:137} INFO - [2022-12-15T06:01:39.100+0000] {dag.py:3336} INFO - Setting next_dagrun for example_xcom to 2021-01-01T00:00:00+00:00, run_after=2021-01-01T00:00:00+00:00
[2022-12-15T06:01:39.119+0000] {processor.py:176} INFO - Processing /home/airflow/.local/lib/python3.10/site-packages/airflow/example_dags/example_xcom.py took 0.101 seconds
