[2022-12-15T05:51:36.334+0000] {processor.py:154} INFO - Started process (PID=67) to work on /home/airflow/.local/lib/python3.10/site-packages/airflow/example_dags/example_bash_operator.py
[2022-12-15T05:51:36.334+0000] {processor.py:756} INFO - Processing file /home/airflow/.local/lib/python3.10/site-packages/airflow/example_dags/example_bash_operator.py for tasks to queue
[2022-12-15T05:51:36.335+0000] {logging_mixin.py:137} INFO - [2022-12-15T05:51:36.335+0000] {dagbag.py:537} INFO - Filling up the DagBag from /home/airflow/.local/lib/python3.10/site-packages/airflow/example_dags/example_bash_operator.py
[2022-12-15T05:51:36.360+0000] {processor.py:766} INFO - DAG(s) dict_keys(['example_bash_operator']) retrieved from /home/airflow/.local/lib/python3.10/site-packages/airflow/example_dags/example_bash_operator.py
[2022-12-15T05:51:36.842+0000] {logging_mixin.py:137} INFO - [2022-12-15T05:51:36.842+0000] {manager.py:507} INFO - Created Permission View: can delete on DAG:example_bash_operator
[2022-12-15T05:51:36.862+0000] {logging_mixin.py:137} INFO - [2022-12-15T05:51:36.862+0000] {manager.py:507} INFO - Created Permission View: can edit on DAG:example_bash_operator
[2022-12-15T05:51:36.905+0000] {logging_mixin.py:137} INFO - [2022-12-15T05:51:36.905+0000] {manager.py:507} INFO - Created Permission View: can read on DAG:example_bash_operator
[2022-12-15T05:51:36.905+0000] {logging_mixin.py:137} INFO - [2022-12-15T05:51:36.905+0000] {dag.py:2585} INFO - Sync 1 DAGs
[2022-12-15T05:51:36.920+0000] {logging_mixin.py:137} INFO - [2022-12-15T05:51:36.920+0000] {dag.py:2606} INFO - Creating ORM DAG for example_bash_operator
[2022-12-15T05:51:36.943+0000] {logging_mixin.py:137} INFO - [2022-12-15T05:51:36.943+0000] {dag.py:3336} INFO - Setting next_dagrun for example_bash_operator to 2022-12-14T00:00:00+00:00, run_after=2022-12-15T00:00:00+00:00
[2022-12-15T05:51:37.059+0000] {processor.py:176} INFO - Processing /home/airflow/.local/lib/python3.10/site-packages/airflow/example_dags/example_bash_operator.py took 0.727 seconds
[2022-12-15T05:52:07.386+0000] {processor.py:154} INFO - Started process (PID=126) to work on /home/airflow/.local/lib/python3.10/site-packages/airflow/example_dags/example_bash_operator.py
[2022-12-15T05:52:07.387+0000] {processor.py:756} INFO - Processing file /home/airflow/.local/lib/python3.10/site-packages/airflow/example_dags/example_bash_operator.py for tasks to queue
[2022-12-15T05:52:07.387+0000] {logging_mixin.py:137} INFO - [2022-12-15T05:52:07.387+0000] {dagbag.py:537} INFO - Filling up the DagBag from /home/airflow/.local/lib/python3.10/site-packages/airflow/example_dags/example_bash_operator.py
[2022-12-15T05:52:07.543+0000] {processor.py:766} INFO - DAG(s) dict_keys(['example_bash_operator']) retrieved from /home/airflow/.local/lib/python3.10/site-packages/airflow/example_dags/example_bash_operator.py
[2022-12-15T05:52:07.588+0000] {logging_mixin.py:137} INFO - [2022-12-15T05:52:07.588+0000] {dag.py:2585} INFO - Sync 1 DAGs
[2022-12-15T05:52:07.609+0000] {logging_mixin.py:137} INFO - [2022-12-15T05:52:07.609+0000] {dag.py:3336} INFO - Setting next_dagrun for example_bash_operator to 2022-12-14T00:00:00+00:00, run_after=2022-12-15T00:00:00+00:00
[2022-12-15T05:52:07.627+0000] {processor.py:176} INFO - Processing /home/airflow/.local/lib/python3.10/site-packages/airflow/example_dags/example_bash_operator.py took 0.243 seconds
[2022-12-15T05:52:38.239+0000] {processor.py:154} INFO - Started process (PID=186) to work on /home/airflow/.local/lib/python3.10/site-packages/airflow/example_dags/example_bash_operator.py
[2022-12-15T05:52:38.240+0000] {processor.py:756} INFO - Processing file /home/airflow/.local/lib/python3.10/site-packages/airflow/example_dags/example_bash_operator.py for tasks to queue
[2022-12-15T05:52:38.241+0000] {logging_mixin.py:137} INFO - [2022-12-15T05:52:38.241+0000] {dagbag.py:537} INFO - Filling up the DagBag from /home/airflow/.local/lib/python3.10/site-packages/airflow/example_dags/example_bash_operator.py
[2022-12-15T05:52:38.272+0000] {processor.py:766} INFO - DAG(s) dict_keys(['example_bash_operator']) retrieved from /home/airflow/.local/lib/python3.10/site-packages/airflow/example_dags/example_bash_operator.py
[2022-12-15T05:52:38.324+0000] {logging_mixin.py:137} INFO - [2022-12-15T05:52:38.323+0000] {dag.py:2585} INFO - Sync 1 DAGs
[2022-12-15T05:52:38.347+0000] {logging_mixin.py:137} INFO - [2022-12-15T05:52:38.347+0000] {dag.py:3336} INFO - Setting next_dagrun for example_bash_operator to 2022-12-14T00:00:00+00:00, run_after=2022-12-15T00:00:00+00:00
[2022-12-15T05:52:38.366+0000] {processor.py:176} INFO - Processing /home/airflow/.local/lib/python3.10/site-packages/airflow/example_dags/example_bash_operator.py took 0.130 seconds
[2022-12-15T05:53:08.607+0000] {processor.py:154} INFO - Started process (PID=237) to work on /home/airflow/.local/lib/python3.10/site-packages/airflow/example_dags/example_bash_operator.py
[2022-12-15T05:53:08.607+0000] {processor.py:756} INFO - Processing file /home/airflow/.local/lib/python3.10/site-packages/airflow/example_dags/example_bash_operator.py for tasks to queue
[2022-12-15T05:53:08.607+0000] {logging_mixin.py:137} INFO - [2022-12-15T05:53:08.607+0000] {dagbag.py:537} INFO - Filling up the DagBag from /home/airflow/.local/lib/python3.10/site-packages/airflow/example_dags/example_bash_operator.py
[2022-12-15T05:53:08.626+0000] {processor.py:766} INFO - DAG(s) dict_keys(['example_bash_operator']) retrieved from /home/airflow/.local/lib/python3.10/site-packages/airflow/example_dags/example_bash_operator.py
[2022-12-15T05:53:08.668+0000] {logging_mixin.py:137} INFO - [2022-12-15T05:53:08.668+0000] {dag.py:2585} INFO - Sync 1 DAGs
[2022-12-15T05:53:08.688+0000] {logging_mixin.py:137} INFO - [2022-12-15T05:53:08.688+0000] {dag.py:3336} INFO - Setting next_dagrun for example_bash_operator to 2022-12-14T00:00:00+00:00, run_after=2022-12-15T00:00:00+00:00
[2022-12-15T05:53:08.706+0000] {processor.py:176} INFO - Processing /home/airflow/.local/lib/python3.10/site-packages/airflow/example_dags/example_bash_operator.py took 0.101 seconds
[2022-12-15T05:53:39.084+0000] {processor.py:154} INFO - Started process (PID=295) to work on /home/airflow/.local/lib/python3.10/site-packages/airflow/example_dags/example_bash_operator.py
[2022-12-15T05:53:39.085+0000] {processor.py:756} INFO - Processing file /home/airflow/.local/lib/python3.10/site-packages/airflow/example_dags/example_bash_operator.py for tasks to queue
[2022-12-15T05:53:39.085+0000] {logging_mixin.py:137} INFO - [2022-12-15T05:53:39.085+0000] {dagbag.py:537} INFO - Filling up the DagBag from /home/airflow/.local/lib/python3.10/site-packages/airflow/example_dags/example_bash_operator.py
[2022-12-15T05:53:39.104+0000] {processor.py:766} INFO - DAG(s) dict_keys(['example_bash_operator']) retrieved from /home/airflow/.local/lib/python3.10/site-packages/airflow/example_dags/example_bash_operator.py
[2022-12-15T05:53:39.150+0000] {logging_mixin.py:137} INFO - [2022-12-15T05:53:39.150+0000] {dag.py:2585} INFO - Sync 1 DAGs
[2022-12-15T05:53:39.173+0000] {logging_mixin.py:137} INFO - [2022-12-15T05:53:39.173+0000] {dag.py:3336} INFO - Setting next_dagrun for example_bash_operator to 2022-12-14T00:00:00+00:00, run_after=2022-12-15T00:00:00+00:00
[2022-12-15T05:53:39.197+0000] {processor.py:176} INFO - Processing /home/airflow/.local/lib/python3.10/site-packages/airflow/example_dags/example_bash_operator.py took 0.115 seconds
[2022-12-15T05:54:09.681+0000] {processor.py:154} INFO - Started process (PID=353) to work on /home/airflow/.local/lib/python3.10/site-packages/airflow/example_dags/example_bash_operator.py
[2022-12-15T05:54:09.682+0000] {processor.py:756} INFO - Processing file /home/airflow/.local/lib/python3.10/site-packages/airflow/example_dags/example_bash_operator.py for tasks to queue
[2022-12-15T05:54:09.683+0000] {logging_mixin.py:137} INFO - [2022-12-15T05:54:09.683+0000] {dagbag.py:537} INFO - Filling up the DagBag from /home/airflow/.local/lib/python3.10/site-packages/airflow/example_dags/example_bash_operator.py
[2022-12-15T05:54:09.702+0000] {processor.py:766} INFO - DAG(s) dict_keys(['example_bash_operator']) retrieved from /home/airflow/.local/lib/python3.10/site-packages/airflow/example_dags/example_bash_operator.py
[2022-12-15T05:54:09.745+0000] {logging_mixin.py:137} INFO - [2022-12-15T05:54:09.745+0000] {dag.py:2585} INFO - Sync 1 DAGs
[2022-12-15T05:54:09.773+0000] {logging_mixin.py:137} INFO - [2022-12-15T05:54:09.773+0000] {dag.py:3336} INFO - Setting next_dagrun for example_bash_operator to 2022-12-14T00:00:00+00:00, run_after=2022-12-15T00:00:00+00:00
[2022-12-15T05:54:09.796+0000] {processor.py:176} INFO - Processing /home/airflow/.local/lib/python3.10/site-packages/airflow/example_dags/example_bash_operator.py took 0.117 seconds
[2022-12-15T05:54:39.838+0000] {processor.py:154} INFO - Started process (PID=403) to work on /home/airflow/.local/lib/python3.10/site-packages/airflow/example_dags/example_bash_operator.py
[2022-12-15T05:54:39.839+0000] {processor.py:756} INFO - Processing file /home/airflow/.local/lib/python3.10/site-packages/airflow/example_dags/example_bash_operator.py for tasks to queue
[2022-12-15T05:54:39.839+0000] {logging_mixin.py:137} INFO - [2022-12-15T05:54:39.839+0000] {dagbag.py:537} INFO - Filling up the DagBag from /home/airflow/.local/lib/python3.10/site-packages/airflow/example_dags/example_bash_operator.py
[2022-12-15T05:54:39.858+0000] {processor.py:766} INFO - DAG(s) dict_keys(['example_bash_operator']) retrieved from /home/airflow/.local/lib/python3.10/site-packages/airflow/example_dags/example_bash_operator.py
[2022-12-15T05:54:39.900+0000] {logging_mixin.py:137} INFO - [2022-12-15T05:54:39.900+0000] {dag.py:2585} INFO - Sync 1 DAGs
[2022-12-15T05:54:39.924+0000] {logging_mixin.py:137} INFO - [2022-12-15T05:54:39.924+0000] {dag.py:3336} INFO - Setting next_dagrun for example_bash_operator to 2022-12-14T00:00:00+00:00, run_after=2022-12-15T00:00:00+00:00
[2022-12-15T05:54:39.944+0000] {processor.py:176} INFO - Processing /home/airflow/.local/lib/python3.10/site-packages/airflow/example_dags/example_bash_operator.py took 0.109 seconds
[2022-12-15T05:55:10.370+0000] {processor.py:154} INFO - Started process (PID=462) to work on /home/airflow/.local/lib/python3.10/site-packages/airflow/example_dags/example_bash_operator.py
[2022-12-15T05:55:10.371+0000] {processor.py:756} INFO - Processing file /home/airflow/.local/lib/python3.10/site-packages/airflow/example_dags/example_bash_operator.py for tasks to queue
[2022-12-15T05:55:10.371+0000] {logging_mixin.py:137} INFO - [2022-12-15T05:55:10.371+0000] {dagbag.py:537} INFO - Filling up the DagBag from /home/airflow/.local/lib/python3.10/site-packages/airflow/example_dags/example_bash_operator.py
[2022-12-15T05:55:10.389+0000] {processor.py:766} INFO - DAG(s) dict_keys(['example_bash_operator']) retrieved from /home/airflow/.local/lib/python3.10/site-packages/airflow/example_dags/example_bash_operator.py
[2022-12-15T05:55:10.431+0000] {logging_mixin.py:137} INFO - [2022-12-15T05:55:10.431+0000] {dag.py:2585} INFO - Sync 1 DAGs
[2022-12-15T05:55:10.452+0000] {logging_mixin.py:137} INFO - [2022-12-15T05:55:10.452+0000] {dag.py:3336} INFO - Setting next_dagrun for example_bash_operator to 2022-12-14T00:00:00+00:00, run_after=2022-12-15T00:00:00+00:00
[2022-12-15T05:55:10.470+0000] {processor.py:176} INFO - Processing /home/airflow/.local/lib/python3.10/site-packages/airflow/example_dags/example_bash_operator.py took 0.102 seconds
[2022-12-15T05:56:29.809+0000] {processor.py:154} INFO - Started process (PID=65) to work on /home/airflow/.local/lib/python3.10/site-packages/airflow/example_dags/example_bash_operator.py
[2022-12-15T05:56:29.810+0000] {processor.py:756} INFO - Processing file /home/airflow/.local/lib/python3.10/site-packages/airflow/example_dags/example_bash_operator.py for tasks to queue
[2022-12-15T05:56:29.811+0000] {logging_mixin.py:137} INFO - [2022-12-15T05:56:29.811+0000] {dagbag.py:537} INFO - Filling up the DagBag from /home/airflow/.local/lib/python3.10/site-packages/airflow/example_dags/example_bash_operator.py
[2022-12-15T05:56:29.836+0000] {processor.py:766} INFO - DAG(s) dict_keys(['example_bash_operator']) retrieved from /home/airflow/.local/lib/python3.10/site-packages/airflow/example_dags/example_bash_operator.py
[2022-12-15T05:56:30.011+0000] {logging_mixin.py:137} INFO - [2022-12-15T05:56:30.011+0000] {dag.py:2585} INFO - Sync 1 DAGs
[2022-12-15T05:56:30.032+0000] {logging_mixin.py:137} INFO - [2022-12-15T05:56:30.032+0000] {dag.py:3336} INFO - Setting next_dagrun for example_bash_operator to 2022-12-14T00:00:00+00:00, run_after=2022-12-15T00:00:00+00:00
[2022-12-15T05:56:30.052+0000] {processor.py:176} INFO - Processing /home/airflow/.local/lib/python3.10/site-packages/airflow/example_dags/example_bash_operator.py took 0.246 seconds
[2022-12-15T05:57:00.970+0000] {processor.py:154} INFO - Started process (PID=123) to work on /home/airflow/.local/lib/python3.10/site-packages/airflow/example_dags/example_bash_operator.py
[2022-12-15T05:57:00.972+0000] {processor.py:756} INFO - Processing file /home/airflow/.local/lib/python3.10/site-packages/airflow/example_dags/example_bash_operator.py for tasks to queue
[2022-12-15T05:57:00.973+0000] {logging_mixin.py:137} INFO - [2022-12-15T05:57:00.972+0000] {dagbag.py:537} INFO - Filling up the DagBag from /home/airflow/.local/lib/python3.10/site-packages/airflow/example_dags/example_bash_operator.py
[2022-12-15T05:57:01.144+0000] {processor.py:766} INFO - DAG(s) dict_keys(['example_bash_operator']) retrieved from /home/airflow/.local/lib/python3.10/site-packages/airflow/example_dags/example_bash_operator.py
[2022-12-15T05:57:01.186+0000] {logging_mixin.py:137} INFO - [2022-12-15T05:57:01.186+0000] {dag.py:2585} INFO - Sync 1 DAGs
[2022-12-15T05:57:01.209+0000] {logging_mixin.py:137} INFO - [2022-12-15T05:57:01.209+0000] {dag.py:3336} INFO - Setting next_dagrun for example_bash_operator to 2022-12-14T00:00:00+00:00, run_after=2022-12-15T00:00:00+00:00
[2022-12-15T05:57:01.232+0000] {processor.py:176} INFO - Processing /home/airflow/.local/lib/python3.10/site-packages/airflow/example_dags/example_bash_operator.py took 0.265 seconds
[2022-12-15T05:57:31.353+0000] {processor.py:154} INFO - Started process (PID=176) to work on /home/airflow/.local/lib/python3.10/site-packages/airflow/example_dags/example_bash_operator.py
[2022-12-15T05:57:31.353+0000] {processor.py:756} INFO - Processing file /home/airflow/.local/lib/python3.10/site-packages/airflow/example_dags/example_bash_operator.py for tasks to queue
[2022-12-15T05:57:31.353+0000] {logging_mixin.py:137} INFO - [2022-12-15T05:57:31.353+0000] {dagbag.py:537} INFO - Filling up the DagBag from /home/airflow/.local/lib/python3.10/site-packages/airflow/example_dags/example_bash_operator.py
[2022-12-15T05:57:31.372+0000] {processor.py:766} INFO - DAG(s) dict_keys(['example_bash_operator']) retrieved from /home/airflow/.local/lib/python3.10/site-packages/airflow/example_dags/example_bash_operator.py
[2022-12-15T05:57:31.417+0000] {logging_mixin.py:137} INFO - [2022-12-15T05:57:31.416+0000] {dag.py:2585} INFO - Sync 1 DAGs
[2022-12-15T05:57:31.437+0000] {logging_mixin.py:137} INFO - [2022-12-15T05:57:31.436+0000] {dag.py:3336} INFO - Setting next_dagrun for example_bash_operator to 2022-12-14T00:00:00+00:00, run_after=2022-12-15T00:00:00+00:00
[2022-12-15T05:57:31.454+0000] {processor.py:176} INFO - Processing /home/airflow/.local/lib/python3.10/site-packages/airflow/example_dags/example_bash_operator.py took 0.104 seconds
[2022-12-15T05:59:40.199+0000] {processor.py:154} INFO - Started process (PID=65) to work on /home/airflow/.local/lib/python3.10/site-packages/airflow/example_dags/example_bash_operator.py
[2022-12-15T05:59:40.200+0000] {processor.py:756} INFO - Processing file /home/airflow/.local/lib/python3.10/site-packages/airflow/example_dags/example_bash_operator.py for tasks to queue
[2022-12-15T05:59:40.200+0000] {logging_mixin.py:137} INFO - [2022-12-15T05:59:40.200+0000] {dagbag.py:537} INFO - Filling up the DagBag from /home/airflow/.local/lib/python3.10/site-packages/airflow/example_dags/example_bash_operator.py
[2022-12-15T05:59:40.226+0000] {processor.py:766} INFO - DAG(s) dict_keys(['example_bash_operator']) retrieved from /home/airflow/.local/lib/python3.10/site-packages/airflow/example_dags/example_bash_operator.py
[2022-12-15T05:59:40.450+0000] {logging_mixin.py:137} INFO - [2022-12-15T05:59:40.450+0000] {dag.py:2585} INFO - Sync 1 DAGs
[2022-12-15T05:59:40.473+0000] {logging_mixin.py:137} INFO - [2022-12-15T05:59:40.473+0000] {dag.py:3336} INFO - Setting next_dagrun for example_bash_operator to 2022-12-14T00:00:00+00:00, run_after=2022-12-15T00:00:00+00:00
[2022-12-15T05:59:40.497+0000] {processor.py:176} INFO - Processing /home/airflow/.local/lib/python3.10/site-packages/airflow/example_dags/example_bash_operator.py took 0.300 seconds
[2022-12-15T06:00:10.781+0000] {processor.py:154} INFO - Started process (PID=123) to work on /home/airflow/.local/lib/python3.10/site-packages/airflow/example_dags/example_bash_operator.py
[2022-12-15T06:00:10.782+0000] {processor.py:756} INFO - Processing file /home/airflow/.local/lib/python3.10/site-packages/airflow/example_dags/example_bash_operator.py for tasks to queue
[2022-12-15T06:00:10.783+0000] {logging_mixin.py:137} INFO - [2022-12-15T06:00:10.782+0000] {dagbag.py:537} INFO - Filling up the DagBag from /home/airflow/.local/lib/python3.10/site-packages/airflow/example_dags/example_bash_operator.py
[2022-12-15T06:00:10.936+0000] {processor.py:766} INFO - DAG(s) dict_keys(['example_bash_operator']) retrieved from /home/airflow/.local/lib/python3.10/site-packages/airflow/example_dags/example_bash_operator.py
[2022-12-15T06:00:10.974+0000] {logging_mixin.py:137} INFO - [2022-12-15T06:00:10.974+0000] {dag.py:2585} INFO - Sync 1 DAGs
[2022-12-15T06:00:10.994+0000] {logging_mixin.py:137} INFO - [2022-12-15T06:00:10.994+0000] {dag.py:3336} INFO - Setting next_dagrun for example_bash_operator to 2022-12-14T00:00:00+00:00, run_after=2022-12-15T00:00:00+00:00
[2022-12-15T06:00:11.011+0000] {processor.py:176} INFO - Processing /home/airflow/.local/lib/python3.10/site-packages/airflow/example_dags/example_bash_operator.py took 0.231 seconds
[2022-12-15T06:00:41.297+0000] {processor.py:154} INFO - Started process (PID=176) to work on /home/airflow/.local/lib/python3.10/site-packages/airflow/example_dags/example_bash_operator.py
[2022-12-15T06:00:41.298+0000] {processor.py:756} INFO - Processing file /home/airflow/.local/lib/python3.10/site-packages/airflow/example_dags/example_bash_operator.py for tasks to queue
[2022-12-15T06:00:41.299+0000] {logging_mixin.py:137} INFO - [2022-12-15T06:00:41.299+0000] {dagbag.py:537} INFO - Filling up the DagBag from /home/airflow/.local/lib/python3.10/site-packages/airflow/example_dags/example_bash_operator.py
[2022-12-15T06:00:41.319+0000] {processor.py:766} INFO - DAG(s) dict_keys(['example_bash_operator']) retrieved from /home/airflow/.local/lib/python3.10/site-packages/airflow/example_dags/example_bash_operator.py
[2022-12-15T06:00:41.372+0000] {logging_mixin.py:137} INFO - [2022-12-15T06:00:41.371+0000] {dag.py:2585} INFO - Sync 1 DAGs
[2022-12-15T06:00:41.402+0000] {logging_mixin.py:137} INFO - [2022-12-15T06:00:41.402+0000] {dag.py:3336} INFO - Setting next_dagrun for example_bash_operator to 2022-12-14T00:00:00+00:00, run_after=2022-12-15T00:00:00+00:00
[2022-12-15T06:00:41.425+0000] {processor.py:176} INFO - Processing /home/airflow/.local/lib/python3.10/site-packages/airflow/example_dags/example_bash_operator.py took 0.131 seconds
[2022-12-15T06:01:11.945+0000] {processor.py:154} INFO - Started process (PID=234) to work on /home/airflow/.local/lib/python3.10/site-packages/airflow/example_dags/example_bash_operator.py
[2022-12-15T06:01:11.946+0000] {processor.py:756} INFO - Processing file /home/airflow/.local/lib/python3.10/site-packages/airflow/example_dags/example_bash_operator.py for tasks to queue
[2022-12-15T06:01:11.946+0000] {logging_mixin.py:137} INFO - [2022-12-15T06:01:11.946+0000] {dagbag.py:537} INFO - Filling up the DagBag from /home/airflow/.local/lib/python3.10/site-packages/airflow/example_dags/example_bash_operator.py
[2022-12-15T06:01:11.968+0000] {processor.py:766} INFO - DAG(s) dict_keys(['example_bash_operator']) retrieved from /home/airflow/.local/lib/python3.10/site-packages/airflow/example_dags/example_bash_operator.py
[2022-12-15T06:01:12.008+0000] {logging_mixin.py:137} INFO - [2022-12-15T06:01:12.008+0000] {dag.py:2585} INFO - Sync 1 DAGs
[2022-12-15T06:01:12.031+0000] {logging_mixin.py:137} INFO - [2022-12-15T06:01:12.030+0000] {dag.py:3336} INFO - Setting next_dagrun for example_bash_operator to 2022-12-14T00:00:00+00:00, run_after=2022-12-15T00:00:00+00:00
[2022-12-15T06:01:12.055+0000] {processor.py:176} INFO - Processing /home/airflow/.local/lib/python3.10/site-packages/airflow/example_dags/example_bash_operator.py took 0.112 seconds
[2022-12-15T06:01:42.605+0000] {processor.py:154} INFO - Started process (PID=292) to work on /home/airflow/.local/lib/python3.10/site-packages/airflow/example_dags/example_bash_operator.py
[2022-12-15T06:01:42.606+0000] {processor.py:756} INFO - Processing file /home/airflow/.local/lib/python3.10/site-packages/airflow/example_dags/example_bash_operator.py for tasks to queue
[2022-12-15T06:01:42.607+0000] {logging_mixin.py:137} INFO - [2022-12-15T06:01:42.606+0000] {dagbag.py:537} INFO - Filling up the DagBag from /home/airflow/.local/lib/python3.10/site-packages/airflow/example_dags/example_bash_operator.py
[2022-12-15T06:01:42.628+0000] {processor.py:766} INFO - DAG(s) dict_keys(['example_bash_operator']) retrieved from /home/airflow/.local/lib/python3.10/site-packages/airflow/example_dags/example_bash_operator.py
[2022-12-15T06:01:42.674+0000] {logging_mixin.py:137} INFO - [2022-12-15T06:01:42.674+0000] {dag.py:2585} INFO - Sync 1 DAGs
[2022-12-15T06:01:42.703+0000] {logging_mixin.py:137} INFO - [2022-12-15T06:01:42.703+0000] {dag.py:3336} INFO - Setting next_dagrun for example_bash_operator to 2022-12-14T00:00:00+00:00, run_after=2022-12-15T00:00:00+00:00
[2022-12-15T06:01:42.726+0000] {processor.py:176} INFO - Processing /home/airflow/.local/lib/python3.10/site-packages/airflow/example_dags/example_bash_operator.py took 0.123 seconds
