[2022-12-15T05:51:35.406+0000] {processor.py:154} INFO - Started process (PID=63) to work on /home/airflow/.local/lib/python3.10/site-packages/airflow/example_dags/example_sla_dag.py
[2022-12-15T05:51:35.407+0000] {processor.py:756} INFO - Processing file /home/airflow/.local/lib/python3.10/site-packages/airflow/example_dags/example_sla_dag.py for tasks to queue
[2022-12-15T05:51:35.407+0000] {logging_mixin.py:137} INFO - [2022-12-15T05:51:35.407+0000] {dagbag.py:537} INFO - Filling up the DagBag from /home/airflow/.local/lib/python3.10/site-packages/airflow/example_dags/example_sla_dag.py
[2022-12-15T05:51:35.430+0000] {processor.py:766} INFO - DAG(s) dict_keys(['example_sla_dag']) retrieved from /home/airflow/.local/lib/python3.10/site-packages/airflow/example_dags/example_sla_dag.py
[2022-12-15T05:51:35.690+0000] {logging_mixin.py:137} INFO - [2022-12-15T05:51:35.689+0000] {manager.py:507} INFO - Created Permission View: can delete on DAG:example_sla_dag
[2022-12-15T05:51:35.704+0000] {logging_mixin.py:137} INFO - [2022-12-15T05:51:35.703+0000] {manager.py:507} INFO - Created Permission View: can edit on DAG:example_sla_dag
[2022-12-15T05:51:35.713+0000] {logging_mixin.py:137} INFO - [2022-12-15T05:51:35.713+0000] {manager.py:507} INFO - Created Permission View: can read on DAG:example_sla_dag
[2022-12-15T05:51:35.714+0000] {logging_mixin.py:137} INFO - [2022-12-15T05:51:35.713+0000] {dag.py:2585} INFO - Sync 1 DAGs
[2022-12-15T05:51:35.724+0000] {logging_mixin.py:137} INFO - [2022-12-15T05:51:35.723+0000] {dag.py:2606} INFO - Creating ORM DAG for example_sla_dag
[2022-12-15T05:51:35.739+0000] {logging_mixin.py:137} INFO - [2022-12-15T05:51:35.739+0000] {dag.py:3336} INFO - Setting next_dagrun for example_sla_dag to 2022-12-15T05:48:00+00:00, run_after=2022-12-15T05:50:00+00:00
[2022-12-15T05:51:35.759+0000] {processor.py:176} INFO - Processing /home/airflow/.local/lib/python3.10/site-packages/airflow/example_dags/example_sla_dag.py took 0.355 seconds
[2022-12-15T05:52:06.101+0000] {processor.py:154} INFO - Started process (PID=122) to work on /home/airflow/.local/lib/python3.10/site-packages/airflow/example_dags/example_sla_dag.py
[2022-12-15T05:52:06.102+0000] {processor.py:756} INFO - Processing file /home/airflow/.local/lib/python3.10/site-packages/airflow/example_dags/example_sla_dag.py for tasks to queue
[2022-12-15T05:52:06.102+0000] {logging_mixin.py:137} INFO - [2022-12-15T05:52:06.102+0000] {dagbag.py:537} INFO - Filling up the DagBag from /home/airflow/.local/lib/python3.10/site-packages/airflow/example_dags/example_sla_dag.py
[2022-12-15T05:52:06.266+0000] {processor.py:766} INFO - DAG(s) dict_keys(['example_sla_dag']) retrieved from /home/airflow/.local/lib/python3.10/site-packages/airflow/example_dags/example_sla_dag.py
[2022-12-15T05:52:06.305+0000] {logging_mixin.py:137} INFO - [2022-12-15T05:52:06.305+0000] {dag.py:2585} INFO - Sync 1 DAGs
[2022-12-15T05:52:06.332+0000] {logging_mixin.py:137} INFO - [2022-12-15T05:52:06.331+0000] {dag.py:3336} INFO - Setting next_dagrun for example_sla_dag to 2022-12-15T05:50:00+00:00, run_after=2022-12-15T05:52:00+00:00
[2022-12-15T05:52:06.352+0000] {processor.py:176} INFO - Processing /home/airflow/.local/lib/python3.10/site-packages/airflow/example_dags/example_sla_dag.py took 0.253 seconds
[2022-12-15T05:52:36.910+0000] {processor.py:154} INFO - Started process (PID=182) to work on /home/airflow/.local/lib/python3.10/site-packages/airflow/example_dags/example_sla_dag.py
[2022-12-15T05:52:36.911+0000] {processor.py:756} INFO - Processing file /home/airflow/.local/lib/python3.10/site-packages/airflow/example_dags/example_sla_dag.py for tasks to queue
[2022-12-15T05:52:36.912+0000] {logging_mixin.py:137} INFO - [2022-12-15T05:52:36.912+0000] {dagbag.py:537} INFO - Filling up the DagBag from /home/airflow/.local/lib/python3.10/site-packages/airflow/example_dags/example_sla_dag.py
[2022-12-15T05:52:36.947+0000] {processor.py:766} INFO - DAG(s) dict_keys(['example_sla_dag']) retrieved from /home/airflow/.local/lib/python3.10/site-packages/airflow/example_dags/example_sla_dag.py
[2022-12-15T05:52:36.988+0000] {logging_mixin.py:137} INFO - [2022-12-15T05:52:36.987+0000] {dag.py:2585} INFO - Sync 1 DAGs
[2022-12-15T05:52:37.016+0000] {logging_mixin.py:137} INFO - [2022-12-15T05:52:37.015+0000] {dag.py:3336} INFO - Setting next_dagrun for example_sla_dag to 2022-12-15T05:50:00+00:00, run_after=2022-12-15T05:52:00+00:00
[2022-12-15T05:52:37.045+0000] {processor.py:176} INFO - Processing /home/airflow/.local/lib/python3.10/site-packages/airflow/example_dags/example_sla_dag.py took 0.136 seconds
[2022-12-15T05:53:07.458+0000] {processor.py:154} INFO - Started process (PID=233) to work on /home/airflow/.local/lib/python3.10/site-packages/airflow/example_dags/example_sla_dag.py
[2022-12-15T05:53:07.458+0000] {processor.py:756} INFO - Processing file /home/airflow/.local/lib/python3.10/site-packages/airflow/example_dags/example_sla_dag.py for tasks to queue
[2022-12-15T05:53:07.459+0000] {logging_mixin.py:137} INFO - [2022-12-15T05:53:07.459+0000] {dagbag.py:537} INFO - Filling up the DagBag from /home/airflow/.local/lib/python3.10/site-packages/airflow/example_dags/example_sla_dag.py
[2022-12-15T05:53:07.481+0000] {processor.py:766} INFO - DAG(s) dict_keys(['example_sla_dag']) retrieved from /home/airflow/.local/lib/python3.10/site-packages/airflow/example_dags/example_sla_dag.py
[2022-12-15T05:53:07.518+0000] {logging_mixin.py:137} INFO - [2022-12-15T05:53:07.518+0000] {dag.py:2585} INFO - Sync 1 DAGs
[2022-12-15T05:53:07.542+0000] {logging_mixin.py:137} INFO - [2022-12-15T05:53:07.542+0000] {dag.py:3336} INFO - Setting next_dagrun for example_sla_dag to 2022-12-15T05:50:00+00:00, run_after=2022-12-15T05:52:00+00:00
[2022-12-15T05:53:07.561+0000] {processor.py:176} INFO - Processing /home/airflow/.local/lib/python3.10/site-packages/airflow/example_dags/example_sla_dag.py took 0.105 seconds
[2022-12-15T05:53:37.917+0000] {processor.py:154} INFO - Started process (PID=291) to work on /home/airflow/.local/lib/python3.10/site-packages/airflow/example_dags/example_sla_dag.py
[2022-12-15T05:53:37.918+0000] {processor.py:756} INFO - Processing file /home/airflow/.local/lib/python3.10/site-packages/airflow/example_dags/example_sla_dag.py for tasks to queue
[2022-12-15T05:53:37.918+0000] {logging_mixin.py:137} INFO - [2022-12-15T05:53:37.918+0000] {dagbag.py:537} INFO - Filling up the DagBag from /home/airflow/.local/lib/python3.10/site-packages/airflow/example_dags/example_sla_dag.py
[2022-12-15T05:53:37.939+0000] {processor.py:766} INFO - DAG(s) dict_keys(['example_sla_dag']) retrieved from /home/airflow/.local/lib/python3.10/site-packages/airflow/example_dags/example_sla_dag.py
[2022-12-15T05:53:37.978+0000] {logging_mixin.py:137} INFO - [2022-12-15T05:53:37.978+0000] {dag.py:2585} INFO - Sync 1 DAGs
[2022-12-15T05:53:38.005+0000] {logging_mixin.py:137} INFO - [2022-12-15T05:53:38.005+0000] {dag.py:3336} INFO - Setting next_dagrun for example_sla_dag to 2022-12-15T05:50:00+00:00, run_after=2022-12-15T05:52:00+00:00
[2022-12-15T05:53:38.029+0000] {processor.py:176} INFO - Processing /home/airflow/.local/lib/python3.10/site-packages/airflow/example_dags/example_sla_dag.py took 0.114 seconds
[2022-12-15T05:54:08.400+0000] {processor.py:154} INFO - Started process (PID=349) to work on /home/airflow/.local/lib/python3.10/site-packages/airflow/example_dags/example_sla_dag.py
[2022-12-15T05:54:08.400+0000] {processor.py:756} INFO - Processing file /home/airflow/.local/lib/python3.10/site-packages/airflow/example_dags/example_sla_dag.py for tasks to queue
[2022-12-15T05:54:08.401+0000] {logging_mixin.py:137} INFO - [2022-12-15T05:54:08.401+0000] {dagbag.py:537} INFO - Filling up the DagBag from /home/airflow/.local/lib/python3.10/site-packages/airflow/example_dags/example_sla_dag.py
[2022-12-15T05:54:08.427+0000] {processor.py:766} INFO - DAG(s) dict_keys(['example_sla_dag']) retrieved from /home/airflow/.local/lib/python3.10/site-packages/airflow/example_dags/example_sla_dag.py
[2022-12-15T05:54:08.462+0000] {logging_mixin.py:137} INFO - [2022-12-15T05:54:08.462+0000] {dag.py:2585} INFO - Sync 1 DAGs
[2022-12-15T05:54:08.489+0000] {logging_mixin.py:137} INFO - [2022-12-15T05:54:08.489+0000] {dag.py:3336} INFO - Setting next_dagrun for example_sla_dag to 2022-12-15T05:52:00+00:00, run_after=2022-12-15T05:54:00+00:00
[2022-12-15T05:54:08.515+0000] {processor.py:176} INFO - Processing /home/airflow/.local/lib/python3.10/site-packages/airflow/example_dags/example_sla_dag.py took 0.118 seconds
[2022-12-15T05:54:38.609+0000] {processor.py:154} INFO - Started process (PID=400) to work on /home/airflow/.local/lib/python3.10/site-packages/airflow/example_dags/example_sla_dag.py
[2022-12-15T05:54:38.610+0000] {processor.py:756} INFO - Processing file /home/airflow/.local/lib/python3.10/site-packages/airflow/example_dags/example_sla_dag.py for tasks to queue
[2022-12-15T05:54:38.610+0000] {logging_mixin.py:137} INFO - [2022-12-15T05:54:38.610+0000] {dagbag.py:537} INFO - Filling up the DagBag from /home/airflow/.local/lib/python3.10/site-packages/airflow/example_dags/example_sla_dag.py
[2022-12-15T05:54:38.630+0000] {processor.py:766} INFO - DAG(s) dict_keys(['example_sla_dag']) retrieved from /home/airflow/.local/lib/python3.10/site-packages/airflow/example_dags/example_sla_dag.py
[2022-12-15T05:54:38.663+0000] {logging_mixin.py:137} INFO - [2022-12-15T05:54:38.662+0000] {dag.py:2585} INFO - Sync 1 DAGs
[2022-12-15T05:54:38.686+0000] {logging_mixin.py:137} INFO - [2022-12-15T05:54:38.686+0000] {dag.py:3336} INFO - Setting next_dagrun for example_sla_dag to 2022-12-15T05:52:00+00:00, run_after=2022-12-15T05:54:00+00:00
[2022-12-15T05:54:38.706+0000] {processor.py:176} INFO - Processing /home/airflow/.local/lib/python3.10/site-packages/airflow/example_dags/example_sla_dag.py took 0.100 seconds
[2022-12-15T05:55:09.135+0000] {processor.py:154} INFO - Started process (PID=458) to work on /home/airflow/.local/lib/python3.10/site-packages/airflow/example_dags/example_sla_dag.py
[2022-12-15T05:55:09.136+0000] {processor.py:756} INFO - Processing file /home/airflow/.local/lib/python3.10/site-packages/airflow/example_dags/example_sla_dag.py for tasks to queue
[2022-12-15T05:55:09.136+0000] {logging_mixin.py:137} INFO - [2022-12-15T05:55:09.136+0000] {dagbag.py:537} INFO - Filling up the DagBag from /home/airflow/.local/lib/python3.10/site-packages/airflow/example_dags/example_sla_dag.py
[2022-12-15T05:55:09.157+0000] {processor.py:766} INFO - DAG(s) dict_keys(['example_sla_dag']) retrieved from /home/airflow/.local/lib/python3.10/site-packages/airflow/example_dags/example_sla_dag.py
[2022-12-15T05:55:09.190+0000] {logging_mixin.py:137} INFO - [2022-12-15T05:55:09.190+0000] {dag.py:2585} INFO - Sync 1 DAGs
[2022-12-15T05:55:09.213+0000] {logging_mixin.py:137} INFO - [2022-12-15T05:55:09.213+0000] {dag.py:3336} INFO - Setting next_dagrun for example_sla_dag to 2022-12-15T05:52:00+00:00, run_after=2022-12-15T05:54:00+00:00
[2022-12-15T05:55:09.234+0000] {processor.py:176} INFO - Processing /home/airflow/.local/lib/python3.10/site-packages/airflow/example_dags/example_sla_dag.py took 0.101 seconds
[2022-12-15T05:56:29.258+0000] {processor.py:154} INFO - Started process (PID=61) to work on /home/airflow/.local/lib/python3.10/site-packages/airflow/example_dags/example_sla_dag.py
[2022-12-15T05:56:29.259+0000] {processor.py:756} INFO - Processing file /home/airflow/.local/lib/python3.10/site-packages/airflow/example_dags/example_sla_dag.py for tasks to queue
[2022-12-15T05:56:29.259+0000] {logging_mixin.py:137} INFO - [2022-12-15T05:56:29.259+0000] {dagbag.py:537} INFO - Filling up the DagBag from /home/airflow/.local/lib/python3.10/site-packages/airflow/example_dags/example_sla_dag.py
[2022-12-15T05:56:29.280+0000] {processor.py:766} INFO - DAG(s) dict_keys(['example_sla_dag']) retrieved from /home/airflow/.local/lib/python3.10/site-packages/airflow/example_dags/example_sla_dag.py
[2022-12-15T05:56:29.461+0000] {logging_mixin.py:137} INFO - [2022-12-15T05:56:29.461+0000] {dag.py:2585} INFO - Sync 1 DAGs
[2022-12-15T05:56:29.487+0000] {logging_mixin.py:137} INFO - [2022-12-15T05:56:29.487+0000] {dag.py:3336} INFO - Setting next_dagrun for example_sla_dag to 2022-12-15T05:54:00+00:00, run_after=2022-12-15T05:56:00+00:00
[2022-12-15T05:56:29.507+0000] {processor.py:176} INFO - Processing /home/airflow/.local/lib/python3.10/site-packages/airflow/example_dags/example_sla_dag.py took 0.252 seconds
[2022-12-15T05:57:00.409+0000] {processor.py:154} INFO - Started process (PID=119) to work on /home/airflow/.local/lib/python3.10/site-packages/airflow/example_dags/example_sla_dag.py
[2022-12-15T05:57:00.410+0000] {processor.py:756} INFO - Processing file /home/airflow/.local/lib/python3.10/site-packages/airflow/example_dags/example_sla_dag.py for tasks to queue
[2022-12-15T05:57:00.411+0000] {logging_mixin.py:137} INFO - [2022-12-15T05:57:00.411+0000] {dagbag.py:537} INFO - Filling up the DagBag from /home/airflow/.local/lib/python3.10/site-packages/airflow/example_dags/example_sla_dag.py
[2022-12-15T05:57:00.574+0000] {processor.py:766} INFO - DAG(s) dict_keys(['example_sla_dag']) retrieved from /home/airflow/.local/lib/python3.10/site-packages/airflow/example_dags/example_sla_dag.py
[2022-12-15T05:57:00.614+0000] {logging_mixin.py:137} INFO - [2022-12-15T05:57:00.614+0000] {dag.py:2585} INFO - Sync 1 DAGs
[2022-12-15T05:57:00.643+0000] {logging_mixin.py:137} INFO - [2022-12-15T05:57:00.643+0000] {dag.py:3336} INFO - Setting next_dagrun for example_sla_dag to 2022-12-15T05:54:00+00:00, run_after=2022-12-15T05:56:00+00:00
[2022-12-15T05:57:00.664+0000] {processor.py:176} INFO - Processing /home/airflow/.local/lib/python3.10/site-packages/airflow/example_dags/example_sla_dag.py took 0.258 seconds
[2022-12-15T05:57:30.897+0000] {processor.py:154} INFO - Started process (PID=172) to work on /home/airflow/.local/lib/python3.10/site-packages/airflow/example_dags/example_sla_dag.py
[2022-12-15T05:57:30.898+0000] {processor.py:756} INFO - Processing file /home/airflow/.local/lib/python3.10/site-packages/airflow/example_dags/example_sla_dag.py for tasks to queue
[2022-12-15T05:57:30.899+0000] {logging_mixin.py:137} INFO - [2022-12-15T05:57:30.898+0000] {dagbag.py:537} INFO - Filling up the DagBag from /home/airflow/.local/lib/python3.10/site-packages/airflow/example_dags/example_sla_dag.py
[2022-12-15T05:57:30.921+0000] {processor.py:766} INFO - DAG(s) dict_keys(['example_sla_dag']) retrieved from /home/airflow/.local/lib/python3.10/site-packages/airflow/example_dags/example_sla_dag.py
[2022-12-15T05:57:30.970+0000] {logging_mixin.py:137} INFO - [2022-12-15T05:57:30.970+0000] {dag.py:2585} INFO - Sync 1 DAGs
[2022-12-15T05:57:30.997+0000] {logging_mixin.py:137} INFO - [2022-12-15T05:57:30.997+0000] {dag.py:3336} INFO - Setting next_dagrun for example_sla_dag to 2022-12-15T05:54:00+00:00, run_after=2022-12-15T05:56:00+00:00
[2022-12-15T05:57:31.020+0000] {processor.py:176} INFO - Processing /home/airflow/.local/lib/python3.10/site-packages/airflow/example_dags/example_sla_dag.py took 0.125 seconds
[2022-12-15T05:59:39.621+0000] {processor.py:154} INFO - Started process (PID=61) to work on /home/airflow/.local/lib/python3.10/site-packages/airflow/example_dags/example_sla_dag.py
[2022-12-15T05:59:39.622+0000] {processor.py:756} INFO - Processing file /home/airflow/.local/lib/python3.10/site-packages/airflow/example_dags/example_sla_dag.py for tasks to queue
[2022-12-15T05:59:39.623+0000] {logging_mixin.py:137} INFO - [2022-12-15T05:59:39.623+0000] {dagbag.py:537} INFO - Filling up the DagBag from /home/airflow/.local/lib/python3.10/site-packages/airflow/example_dags/example_sla_dag.py
[2022-12-15T05:59:39.655+0000] {processor.py:766} INFO - DAG(s) dict_keys(['example_sla_dag']) retrieved from /home/airflow/.local/lib/python3.10/site-packages/airflow/example_dags/example_sla_dag.py
[2022-12-15T05:59:39.841+0000] {logging_mixin.py:137} INFO - [2022-12-15T05:59:39.841+0000] {dag.py:2585} INFO - Sync 1 DAGs
[2022-12-15T05:59:39.872+0000] {logging_mixin.py:137} INFO - [2022-12-15T05:59:39.872+0000] {dag.py:3336} INFO - Setting next_dagrun for example_sla_dag to 2022-12-15T05:56:00+00:00, run_after=2022-12-15T05:58:00+00:00
[2022-12-15T05:59:39.897+0000] {processor.py:176} INFO - Processing /home/airflow/.local/lib/python3.10/site-packages/airflow/example_dags/example_sla_dag.py took 0.279 seconds
[2022-12-15T06:00:10.123+0000] {processor.py:154} INFO - Started process (PID=119) to work on /home/airflow/.local/lib/python3.10/site-packages/airflow/example_dags/example_sla_dag.py
[2022-12-15T06:00:10.124+0000] {processor.py:756} INFO - Processing file /home/airflow/.local/lib/python3.10/site-packages/airflow/example_dags/example_sla_dag.py for tasks to queue
[2022-12-15T06:00:10.125+0000] {logging_mixin.py:137} INFO - [2022-12-15T06:00:10.124+0000] {dagbag.py:537} INFO - Filling up the DagBag from /home/airflow/.local/lib/python3.10/site-packages/airflow/example_dags/example_sla_dag.py
[2022-12-15T06:00:10.273+0000] {processor.py:766} INFO - DAG(s) dict_keys(['example_sla_dag']) retrieved from /home/airflow/.local/lib/python3.10/site-packages/airflow/example_dags/example_sla_dag.py
[2022-12-15T06:00:10.302+0000] {logging_mixin.py:137} INFO - [2022-12-15T06:00:10.301+0000] {dag.py:2585} INFO - Sync 1 DAGs
[2022-12-15T06:00:10.324+0000] {logging_mixin.py:137} INFO - [2022-12-15T06:00:10.324+0000] {dag.py:3336} INFO - Setting next_dagrun for example_sla_dag to 2022-12-15T05:58:00+00:00, run_after=2022-12-15T06:00:00+00:00
[2022-12-15T06:00:10.344+0000] {processor.py:176} INFO - Processing /home/airflow/.local/lib/python3.10/site-packages/airflow/example_dags/example_sla_dag.py took 0.224 seconds
[2022-12-15T06:00:41.058+0000] {processor.py:154} INFO - Started process (PID=172) to work on /home/airflow/.local/lib/python3.10/site-packages/airflow/example_dags/example_sla_dag.py
[2022-12-15T06:00:41.059+0000] {processor.py:756} INFO - Processing file /home/airflow/.local/lib/python3.10/site-packages/airflow/example_dags/example_sla_dag.py for tasks to queue
[2022-12-15T06:00:41.060+0000] {logging_mixin.py:137} INFO - [2022-12-15T06:00:41.060+0000] {dagbag.py:537} INFO - Filling up the DagBag from /home/airflow/.local/lib/python3.10/site-packages/airflow/example_dags/example_sla_dag.py
[2022-12-15T06:00:41.086+0000] {processor.py:766} INFO - DAG(s) dict_keys(['example_sla_dag']) retrieved from /home/airflow/.local/lib/python3.10/site-packages/airflow/example_dags/example_sla_dag.py
[2022-12-15T06:00:41.118+0000] {logging_mixin.py:137} INFO - [2022-12-15T06:00:41.118+0000] {dag.py:2585} INFO - Sync 1 DAGs
[2022-12-15T06:00:41.139+0000] {logging_mixin.py:137} INFO - [2022-12-15T06:00:41.139+0000] {dag.py:3336} INFO - Setting next_dagrun for example_sla_dag to 2022-12-15T05:58:00+00:00, run_after=2022-12-15T06:00:00+00:00
[2022-12-15T06:00:41.160+0000] {processor.py:176} INFO - Processing /home/airflow/.local/lib/python3.10/site-packages/airflow/example_dags/example_sla_dag.py took 0.106 seconds
[2022-12-15T06:01:11.617+0000] {processor.py:154} INFO - Started process (PID=230) to work on /home/airflow/.local/lib/python3.10/site-packages/airflow/example_dags/example_sla_dag.py
[2022-12-15T06:01:11.618+0000] {processor.py:756} INFO - Processing file /home/airflow/.local/lib/python3.10/site-packages/airflow/example_dags/example_sla_dag.py for tasks to queue
[2022-12-15T06:01:11.618+0000] {logging_mixin.py:137} INFO - [2022-12-15T06:01:11.618+0000] {dagbag.py:537} INFO - Filling up the DagBag from /home/airflow/.local/lib/python3.10/site-packages/airflow/example_dags/example_sla_dag.py
[2022-12-15T06:01:11.638+0000] {processor.py:766} INFO - DAG(s) dict_keys(['example_sla_dag']) retrieved from /home/airflow/.local/lib/python3.10/site-packages/airflow/example_dags/example_sla_dag.py
[2022-12-15T06:01:11.671+0000] {logging_mixin.py:137} INFO - [2022-12-15T06:01:11.671+0000] {dag.py:2585} INFO - Sync 1 DAGs
[2022-12-15T06:01:11.692+0000] {logging_mixin.py:137} INFO - [2022-12-15T06:01:11.692+0000] {dag.py:3336} INFO - Setting next_dagrun for example_sla_dag to 2022-12-15T05:58:00+00:00, run_after=2022-12-15T06:00:00+00:00
[2022-12-15T06:01:11.711+0000] {processor.py:176} INFO - Processing /home/airflow/.local/lib/python3.10/site-packages/airflow/example_dags/example_sla_dag.py took 0.097 seconds
[2022-12-15T06:01:42.344+0000] {processor.py:154} INFO - Started process (PID=288) to work on /home/airflow/.local/lib/python3.10/site-packages/airflow/example_dags/example_sla_dag.py
[2022-12-15T06:01:42.345+0000] {processor.py:756} INFO - Processing file /home/airflow/.local/lib/python3.10/site-packages/airflow/example_dags/example_sla_dag.py for tasks to queue
[2022-12-15T06:01:42.346+0000] {logging_mixin.py:137} INFO - [2022-12-15T06:01:42.346+0000] {dagbag.py:537} INFO - Filling up the DagBag from /home/airflow/.local/lib/python3.10/site-packages/airflow/example_dags/example_sla_dag.py
[2022-12-15T06:01:42.369+0000] {processor.py:766} INFO - DAG(s) dict_keys(['example_sla_dag']) retrieved from /home/airflow/.local/lib/python3.10/site-packages/airflow/example_dags/example_sla_dag.py
[2022-12-15T06:01:42.410+0000] {logging_mixin.py:137} INFO - [2022-12-15T06:01:42.410+0000] {dag.py:2585} INFO - Sync 1 DAGs
[2022-12-15T06:01:42.439+0000] {logging_mixin.py:137} INFO - [2022-12-15T06:01:42.439+0000] {dag.py:3336} INFO - Setting next_dagrun for example_sla_dag to 2022-12-15T05:58:00+00:00, run_after=2022-12-15T06:00:00+00:00
[2022-12-15T06:01:42.467+0000] {processor.py:176} INFO - Processing /home/airflow/.local/lib/python3.10/site-packages/airflow/example_dags/example_sla_dag.py took 0.126 seconds
