[2022-12-15T05:51:38.180+0000] {processor.py:154} INFO - Started process (PID=81) to work on /home/airflow/.local/lib/python3.10/site-packages/airflow/example_dags/example_latest_only_with_trigger.py
[2022-12-15T05:51:38.181+0000] {processor.py:756} INFO - Processing file /home/airflow/.local/lib/python3.10/site-packages/airflow/example_dags/example_latest_only_with_trigger.py for tasks to queue
[2022-12-15T05:51:38.181+0000] {logging_mixin.py:137} INFO - [2022-12-15T05:51:38.181+0000] {dagbag.py:537} INFO - Filling up the DagBag from /home/airflow/.local/lib/python3.10/site-packages/airflow/example_dags/example_latest_only_with_trigger.py
[2022-12-15T05:51:38.196+0000] {processor.py:766} INFO - DAG(s) dict_keys(['latest_only_with_trigger']) retrieved from /home/airflow/.local/lib/python3.10/site-packages/airflow/example_dags/example_latest_only_with_trigger.py
[2022-12-15T05:51:38.483+0000] {logging_mixin.py:137} INFO - [2022-12-15T05:51:38.483+0000] {manager.py:507} INFO - Created Permission View: can delete on DAG:latest_only_with_trigger
[2022-12-15T05:51:38.495+0000] {logging_mixin.py:137} INFO - [2022-12-15T05:51:38.495+0000] {manager.py:507} INFO - Created Permission View: can edit on DAG:latest_only_with_trigger
[2022-12-15T05:51:38.505+0000] {logging_mixin.py:137} INFO - [2022-12-15T05:51:38.504+0000] {manager.py:507} INFO - Created Permission View: can read on DAG:latest_only_with_trigger
[2022-12-15T05:51:38.505+0000] {logging_mixin.py:137} INFO - [2022-12-15T05:51:38.505+0000] {dag.py:2585} INFO - Sync 1 DAGs
[2022-12-15T05:51:38.520+0000] {logging_mixin.py:137} INFO - [2022-12-15T05:51:38.519+0000] {dag.py:2606} INFO - Creating ORM DAG for latest_only_with_trigger
[2022-12-15T05:51:38.534+0000] {logging_mixin.py:137} INFO - [2022-12-15T05:51:38.534+0000] {dag.py:3336} INFO - Setting next_dagrun for latest_only_with_trigger to 2022-12-15T01:51:38.533870+00:00, run_after=2022-12-15T05:51:38.533870+00:00
[2022-12-15T05:51:38.560+0000] {processor.py:176} INFO - Processing /home/airflow/.local/lib/python3.10/site-packages/airflow/example_dags/example_latest_only_with_trigger.py took 0.383 seconds
[2022-12-15T05:52:09.226+0000] {processor.py:154} INFO - Started process (PID=132) to work on /home/airflow/.local/lib/python3.10/site-packages/airflow/example_dags/example_latest_only_with_trigger.py
[2022-12-15T05:52:09.227+0000] {processor.py:756} INFO - Processing file /home/airflow/.local/lib/python3.10/site-packages/airflow/example_dags/example_latest_only_with_trigger.py for tasks to queue
[2022-12-15T05:52:09.228+0000] {logging_mixin.py:137} INFO - [2022-12-15T05:52:09.227+0000] {dagbag.py:537} INFO - Filling up the DagBag from /home/airflow/.local/lib/python3.10/site-packages/airflow/example_dags/example_latest_only_with_trigger.py
[2022-12-15T05:52:09.403+0000] {processor.py:766} INFO - DAG(s) dict_keys(['latest_only_with_trigger']) retrieved from /home/airflow/.local/lib/python3.10/site-packages/airflow/example_dags/example_latest_only_with_trigger.py
[2022-12-15T05:52:09.433+0000] {logging_mixin.py:137} INFO - [2022-12-15T05:52:09.432+0000] {dag.py:2585} INFO - Sync 1 DAGs
[2022-12-15T05:52:09.456+0000] {logging_mixin.py:137} INFO - [2022-12-15T05:52:09.456+0000] {dag.py:3336} INFO - Setting next_dagrun for latest_only_with_trigger to 2022-12-15T01:52:09.456442+00:00, run_after=2022-12-15T05:52:09.456442+00:00
[2022-12-15T05:52:09.475+0000] {processor.py:176} INFO - Processing /home/airflow/.local/lib/python3.10/site-packages/airflow/example_dags/example_latest_only_with_trigger.py took 0.252 seconds
[2022-12-15T05:52:39.747+0000] {processor.py:154} INFO - Started process (PID=192) to work on /home/airflow/.local/lib/python3.10/site-packages/airflow/example_dags/example_latest_only_with_trigger.py
[2022-12-15T05:52:39.747+0000] {processor.py:756} INFO - Processing file /home/airflow/.local/lib/python3.10/site-packages/airflow/example_dags/example_latest_only_with_trigger.py for tasks to queue
[2022-12-15T05:52:39.748+0000] {logging_mixin.py:137} INFO - [2022-12-15T05:52:39.747+0000] {dagbag.py:537} INFO - Filling up the DagBag from /home/airflow/.local/lib/python3.10/site-packages/airflow/example_dags/example_latest_only_with_trigger.py
[2022-12-15T05:52:39.761+0000] {processor.py:766} INFO - DAG(s) dict_keys(['latest_only_with_trigger']) retrieved from /home/airflow/.local/lib/python3.10/site-packages/airflow/example_dags/example_latest_only_with_trigger.py
[2022-12-15T05:52:39.799+0000] {logging_mixin.py:137} INFO - [2022-12-15T05:52:39.799+0000] {dag.py:2585} INFO - Sync 1 DAGs
[2022-12-15T05:52:39.822+0000] {logging_mixin.py:137} INFO - [2022-12-15T05:52:39.821+0000] {dag.py:3336} INFO - Setting next_dagrun for latest_only_with_trigger to 2022-12-15T01:52:39.821775+00:00, run_after=2022-12-15T05:52:39.821775+00:00
[2022-12-15T05:52:39.844+0000] {processor.py:176} INFO - Processing /home/airflow/.local/lib/python3.10/site-packages/airflow/example_dags/example_latest_only_with_trigger.py took 0.103 seconds
[2022-12-15T05:53:10.154+0000] {processor.py:154} INFO - Started process (PID=250) to work on /home/airflow/.local/lib/python3.10/site-packages/airflow/example_dags/example_latest_only_with_trigger.py
[2022-12-15T05:53:10.155+0000] {processor.py:756} INFO - Processing file /home/airflow/.local/lib/python3.10/site-packages/airflow/example_dags/example_latest_only_with_trigger.py for tasks to queue
[2022-12-15T05:53:10.156+0000] {logging_mixin.py:137} INFO - [2022-12-15T05:53:10.156+0000] {dagbag.py:537} INFO - Filling up the DagBag from /home/airflow/.local/lib/python3.10/site-packages/airflow/example_dags/example_latest_only_with_trigger.py
[2022-12-15T05:53:10.169+0000] {processor.py:766} INFO - DAG(s) dict_keys(['latest_only_with_trigger']) retrieved from /home/airflow/.local/lib/python3.10/site-packages/airflow/example_dags/example_latest_only_with_trigger.py
[2022-12-15T05:53:10.212+0000] {logging_mixin.py:137} INFO - [2022-12-15T05:53:10.211+0000] {dag.py:2585} INFO - Sync 1 DAGs
[2022-12-15T05:53:10.232+0000] {logging_mixin.py:137} INFO - [2022-12-15T05:53:10.232+0000] {dag.py:3336} INFO - Setting next_dagrun for latest_only_with_trigger to 2022-12-15T01:53:10.232362+00:00, run_after=2022-12-15T05:53:10.232362+00:00
[2022-12-15T05:53:10.254+0000] {processor.py:176} INFO - Processing /home/airflow/.local/lib/python3.10/site-packages/airflow/example_dags/example_latest_only_with_trigger.py took 0.102 seconds
[2022-12-15T05:53:40.570+0000] {processor.py:154} INFO - Started process (PID=301) to work on /home/airflow/.local/lib/python3.10/site-packages/airflow/example_dags/example_latest_only_with_trigger.py
[2022-12-15T05:53:40.571+0000] {processor.py:756} INFO - Processing file /home/airflow/.local/lib/python3.10/site-packages/airflow/example_dags/example_latest_only_with_trigger.py for tasks to queue
[2022-12-15T05:53:40.571+0000] {logging_mixin.py:137} INFO - [2022-12-15T05:53:40.571+0000] {dagbag.py:537} INFO - Filling up the DagBag from /home/airflow/.local/lib/python3.10/site-packages/airflow/example_dags/example_latest_only_with_trigger.py
[2022-12-15T05:53:40.583+0000] {processor.py:766} INFO - DAG(s) dict_keys(['latest_only_with_trigger']) retrieved from /home/airflow/.local/lib/python3.10/site-packages/airflow/example_dags/example_latest_only_with_trigger.py
[2022-12-15T05:53:40.619+0000] {logging_mixin.py:137} INFO - [2022-12-15T05:53:40.619+0000] {dag.py:2585} INFO - Sync 1 DAGs
[2022-12-15T05:53:40.640+0000] {logging_mixin.py:137} INFO - [2022-12-15T05:53:40.640+0000] {dag.py:3336} INFO - Setting next_dagrun for latest_only_with_trigger to 2022-12-15T01:53:40.640593+00:00, run_after=2022-12-15T05:53:40.640593+00:00
[2022-12-15T05:53:40.661+0000] {processor.py:176} INFO - Processing /home/airflow/.local/lib/python3.10/site-packages/airflow/example_dags/example_latest_only_with_trigger.py took 0.093 seconds
[2022-12-15T05:54:11.062+0000] {processor.py:154} INFO - Started process (PID=359) to work on /home/airflow/.local/lib/python3.10/site-packages/airflow/example_dags/example_latest_only_with_trigger.py
[2022-12-15T05:54:11.063+0000] {processor.py:756} INFO - Processing file /home/airflow/.local/lib/python3.10/site-packages/airflow/example_dags/example_latest_only_with_trigger.py for tasks to queue
[2022-12-15T05:54:11.063+0000] {logging_mixin.py:137} INFO - [2022-12-15T05:54:11.063+0000] {dagbag.py:537} INFO - Filling up the DagBag from /home/airflow/.local/lib/python3.10/site-packages/airflow/example_dags/example_latest_only_with_trigger.py
[2022-12-15T05:54:11.075+0000] {processor.py:766} INFO - DAG(s) dict_keys(['latest_only_with_trigger']) retrieved from /home/airflow/.local/lib/python3.10/site-packages/airflow/example_dags/example_latest_only_with_trigger.py
[2022-12-15T05:54:11.109+0000] {logging_mixin.py:137} INFO - [2022-12-15T05:54:11.109+0000] {dag.py:2585} INFO - Sync 1 DAGs
[2022-12-15T05:54:11.128+0000] {logging_mixin.py:137} INFO - [2022-12-15T05:54:11.128+0000] {dag.py:3336} INFO - Setting next_dagrun for latest_only_with_trigger to 2022-12-15T01:54:11.128141+00:00, run_after=2022-12-15T05:54:11.128141+00:00
[2022-12-15T05:54:11.153+0000] {processor.py:176} INFO - Processing /home/airflow/.local/lib/python3.10/site-packages/airflow/example_dags/example_latest_only_with_trigger.py took 0.093 seconds
[2022-12-15T05:54:41.429+0000] {processor.py:154} INFO - Started process (PID=410) to work on /home/airflow/.local/lib/python3.10/site-packages/airflow/example_dags/example_latest_only_with_trigger.py
[2022-12-15T05:54:41.430+0000] {processor.py:756} INFO - Processing file /home/airflow/.local/lib/python3.10/site-packages/airflow/example_dags/example_latest_only_with_trigger.py for tasks to queue
[2022-12-15T05:54:41.430+0000] {logging_mixin.py:137} INFO - [2022-12-15T05:54:41.430+0000] {dagbag.py:537} INFO - Filling up the DagBag from /home/airflow/.local/lib/python3.10/site-packages/airflow/example_dags/example_latest_only_with_trigger.py
[2022-12-15T05:54:41.442+0000] {processor.py:766} INFO - DAG(s) dict_keys(['latest_only_with_trigger']) retrieved from /home/airflow/.local/lib/python3.10/site-packages/airflow/example_dags/example_latest_only_with_trigger.py
[2022-12-15T05:54:41.477+0000] {logging_mixin.py:137} INFO - [2022-12-15T05:54:41.477+0000] {dag.py:2585} INFO - Sync 1 DAGs
[2022-12-15T05:54:41.499+0000] {logging_mixin.py:137} INFO - [2022-12-15T05:54:41.498+0000] {dag.py:3336} INFO - Setting next_dagrun for latest_only_with_trigger to 2022-12-15T01:54:41.498766+00:00, run_after=2022-12-15T05:54:41.498766+00:00
[2022-12-15T05:54:41.517+0000] {processor.py:176} INFO - Processing /home/airflow/.local/lib/python3.10/site-packages/airflow/example_dags/example_latest_only_with_trigger.py took 0.089 seconds
[2022-12-15T05:55:11.729+0000] {processor.py:154} INFO - Started process (PID=468) to work on /home/airflow/.local/lib/python3.10/site-packages/airflow/example_dags/example_latest_only_with_trigger.py
[2022-12-15T05:55:11.730+0000] {processor.py:756} INFO - Processing file /home/airflow/.local/lib/python3.10/site-packages/airflow/example_dags/example_latest_only_with_trigger.py for tasks to queue
[2022-12-15T05:55:11.730+0000] {logging_mixin.py:137} INFO - [2022-12-15T05:55:11.730+0000] {dagbag.py:537} INFO - Filling up the DagBag from /home/airflow/.local/lib/python3.10/site-packages/airflow/example_dags/example_latest_only_with_trigger.py
[2022-12-15T05:55:11.742+0000] {processor.py:766} INFO - DAG(s) dict_keys(['latest_only_with_trigger']) retrieved from /home/airflow/.local/lib/python3.10/site-packages/airflow/example_dags/example_latest_only_with_trigger.py
[2022-12-15T05:55:11.775+0000] {logging_mixin.py:137} INFO - [2022-12-15T05:55:11.775+0000] {dag.py:2585} INFO - Sync 1 DAGs
[2022-12-15T05:55:11.795+0000] {logging_mixin.py:137} INFO - [2022-12-15T05:55:11.794+0000] {dag.py:3336} INFO - Setting next_dagrun for latest_only_with_trigger to 2022-12-15T01:55:11.794754+00:00, run_after=2022-12-15T05:55:11.794754+00:00
[2022-12-15T05:55:11.814+0000] {processor.py:176} INFO - Processing /home/airflow/.local/lib/python3.10/site-packages/airflow/example_dags/example_latest_only_with_trigger.py took 0.087 seconds
[2022-12-15T05:56:30.669+0000] {processor.py:154} INFO - Started process (PID=71) to work on /home/airflow/.local/lib/python3.10/site-packages/airflow/example_dags/example_latest_only_with_trigger.py
[2022-12-15T05:56:30.670+0000] {processor.py:756} INFO - Processing file /home/airflow/.local/lib/python3.10/site-packages/airflow/example_dags/example_latest_only_with_trigger.py for tasks to queue
[2022-12-15T05:56:30.670+0000] {logging_mixin.py:137} INFO - [2022-12-15T05:56:30.670+0000] {dagbag.py:537} INFO - Filling up the DagBag from /home/airflow/.local/lib/python3.10/site-packages/airflow/example_dags/example_latest_only_with_trigger.py
[2022-12-15T05:56:30.694+0000] {processor.py:766} INFO - DAG(s) dict_keys(['latest_only_with_trigger']) retrieved from /home/airflow/.local/lib/python3.10/site-packages/airflow/example_dags/example_latest_only_with_trigger.py
[2022-12-15T05:56:30.867+0000] {logging_mixin.py:137} INFO - [2022-12-15T05:56:30.867+0000] {dag.py:2585} INFO - Sync 1 DAGs
[2022-12-15T05:56:30.896+0000] {logging_mixin.py:137} INFO - [2022-12-15T05:56:30.896+0000] {dag.py:3336} INFO - Setting next_dagrun for latest_only_with_trigger to 2022-12-15T01:56:30.895772+00:00, run_after=2022-12-15T05:56:30.895772+00:00
[2022-12-15T05:56:30.925+0000] {processor.py:176} INFO - Processing /home/airflow/.local/lib/python3.10/site-packages/airflow/example_dags/example_latest_only_with_trigger.py took 0.259 seconds
[2022-12-15T05:57:02.407+0000] {processor.py:154} INFO - Started process (PID=129) to work on /home/airflow/.local/lib/python3.10/site-packages/airflow/example_dags/example_latest_only_with_trigger.py
[2022-12-15T05:57:02.420+0000] {processor.py:756} INFO - Processing file /home/airflow/.local/lib/python3.10/site-packages/airflow/example_dags/example_latest_only_with_trigger.py for tasks to queue
[2022-12-15T05:57:02.421+0000] {logging_mixin.py:137} INFO - [2022-12-15T05:57:02.421+0000] {dagbag.py:537} INFO - Filling up the DagBag from /home/airflow/.local/lib/python3.10/site-packages/airflow/example_dags/example_latest_only_with_trigger.py
[2022-12-15T05:57:02.562+0000] {processor.py:766} INFO - DAG(s) dict_keys(['latest_only_with_trigger']) retrieved from /home/airflow/.local/lib/python3.10/site-packages/airflow/example_dags/example_latest_only_with_trigger.py
[2022-12-15T05:57:02.603+0000] {logging_mixin.py:137} INFO - [2022-12-15T05:57:02.603+0000] {dag.py:2585} INFO - Sync 1 DAGs
[2022-12-15T05:57:02.626+0000] {logging_mixin.py:137} INFO - [2022-12-15T05:57:02.625+0000] {dag.py:3336} INFO - Setting next_dagrun for latest_only_with_trigger to 2022-12-15T01:57:02.625635+00:00, run_after=2022-12-15T05:57:02.625635+00:00
[2022-12-15T05:57:02.658+0000] {processor.py:176} INFO - Processing /home/airflow/.local/lib/python3.10/site-packages/airflow/example_dags/example_latest_only_with_trigger.py took 0.253 seconds
[2022-12-15T05:57:32.952+0000] {processor.py:154} INFO - Started process (PID=182) to work on /home/airflow/.local/lib/python3.10/site-packages/airflow/example_dags/example_latest_only_with_trigger.py
[2022-12-15T05:57:32.953+0000] {processor.py:756} INFO - Processing file /home/airflow/.local/lib/python3.10/site-packages/airflow/example_dags/example_latest_only_with_trigger.py for tasks to queue
[2022-12-15T05:57:32.953+0000] {logging_mixin.py:137} INFO - [2022-12-15T05:57:32.953+0000] {dagbag.py:537} INFO - Filling up the DagBag from /home/airflow/.local/lib/python3.10/site-packages/airflow/example_dags/example_latest_only_with_trigger.py
[2022-12-15T05:57:32.965+0000] {processor.py:766} INFO - DAG(s) dict_keys(['latest_only_with_trigger']) retrieved from /home/airflow/.local/lib/python3.10/site-packages/airflow/example_dags/example_latest_only_with_trigger.py
[2022-12-15T05:57:32.998+0000] {logging_mixin.py:137} INFO - [2022-12-15T05:57:32.998+0000] {dag.py:2585} INFO - Sync 1 DAGs
[2022-12-15T05:57:33.016+0000] {logging_mixin.py:137} INFO - [2022-12-15T05:57:33.015+0000] {dag.py:3336} INFO - Setting next_dagrun for latest_only_with_trigger to 2022-12-15T01:57:33.015790+00:00, run_after=2022-12-15T05:57:33.015790+00:00
[2022-12-15T05:57:33.033+0000] {processor.py:176} INFO - Processing /home/airflow/.local/lib/python3.10/site-packages/airflow/example_dags/example_latest_only_with_trigger.py took 0.083 seconds
[2022-12-15T05:59:41.132+0000] {processor.py:154} INFO - Started process (PID=71) to work on /home/airflow/.local/lib/python3.10/site-packages/airflow/example_dags/example_latest_only_with_trigger.py
[2022-12-15T05:59:41.133+0000] {processor.py:756} INFO - Processing file /home/airflow/.local/lib/python3.10/site-packages/airflow/example_dags/example_latest_only_with_trigger.py for tasks to queue
[2022-12-15T05:59:41.133+0000] {logging_mixin.py:137} INFO - [2022-12-15T05:59:41.133+0000] {dagbag.py:537} INFO - Filling up the DagBag from /home/airflow/.local/lib/python3.10/site-packages/airflow/example_dags/example_latest_only_with_trigger.py
[2022-12-15T05:59:41.146+0000] {processor.py:766} INFO - DAG(s) dict_keys(['latest_only_with_trigger']) retrieved from /home/airflow/.local/lib/python3.10/site-packages/airflow/example_dags/example_latest_only_with_trigger.py
[2022-12-15T05:59:41.320+0000] {logging_mixin.py:137} INFO - [2022-12-15T05:59:41.320+0000] {dag.py:2585} INFO - Sync 1 DAGs
[2022-12-15T05:59:41.340+0000] {logging_mixin.py:137} INFO - [2022-12-15T05:59:41.340+0000] {dag.py:3336} INFO - Setting next_dagrun for latest_only_with_trigger to 2022-12-15T01:59:41.339996+00:00, run_after=2022-12-15T05:59:41.339996+00:00
[2022-12-15T05:59:41.362+0000] {processor.py:176} INFO - Processing /home/airflow/.local/lib/python3.10/site-packages/airflow/example_dags/example_latest_only_with_trigger.py took 0.233 seconds
[2022-12-15T06:00:11.638+0000] {processor.py:154} INFO - Started process (PID=129) to work on /home/airflow/.local/lib/python3.10/site-packages/airflow/example_dags/example_latest_only_with_trigger.py
[2022-12-15T06:00:11.639+0000] {processor.py:756} INFO - Processing file /home/airflow/.local/lib/python3.10/site-packages/airflow/example_dags/example_latest_only_with_trigger.py for tasks to queue
[2022-12-15T06:00:11.640+0000] {logging_mixin.py:137} INFO - [2022-12-15T06:00:11.639+0000] {dagbag.py:537} INFO - Filling up the DagBag from /home/airflow/.local/lib/python3.10/site-packages/airflow/example_dags/example_latest_only_with_trigger.py
[2022-12-15T06:00:11.766+0000] {processor.py:766} INFO - DAG(s) dict_keys(['latest_only_with_trigger']) retrieved from /home/airflow/.local/lib/python3.10/site-packages/airflow/example_dags/example_latest_only_with_trigger.py
[2022-12-15T06:00:11.798+0000] {logging_mixin.py:137} INFO - [2022-12-15T06:00:11.798+0000] {dag.py:2585} INFO - Sync 1 DAGs
[2022-12-15T06:00:11.817+0000] {logging_mixin.py:137} INFO - [2022-12-15T06:00:11.817+0000] {dag.py:3336} INFO - Setting next_dagrun for latest_only_with_trigger to 2022-12-15T02:00:11.817204+00:00, run_after=2022-12-15T06:00:11.817204+00:00
[2022-12-15T06:00:11.835+0000] {processor.py:176} INFO - Processing /home/airflow/.local/lib/python3.10/site-packages/airflow/example_dags/example_latest_only_with_trigger.py took 0.199 seconds
[2022-12-15T06:00:41.855+0000] {processor.py:154} INFO - Started process (PID=182) to work on /home/airflow/.local/lib/python3.10/site-packages/airflow/example_dags/example_latest_only_with_trigger.py
[2022-12-15T06:00:41.857+0000] {processor.py:756} INFO - Processing file /home/airflow/.local/lib/python3.10/site-packages/airflow/example_dags/example_latest_only_with_trigger.py for tasks to queue
[2022-12-15T06:00:41.858+0000] {logging_mixin.py:137} INFO - [2022-12-15T06:00:41.858+0000] {dagbag.py:537} INFO - Filling up the DagBag from /home/airflow/.local/lib/python3.10/site-packages/airflow/example_dags/example_latest_only_with_trigger.py
[2022-12-15T06:00:41.870+0000] {processor.py:766} INFO - DAG(s) dict_keys(['latest_only_with_trigger']) retrieved from /home/airflow/.local/lib/python3.10/site-packages/airflow/example_dags/example_latest_only_with_trigger.py
[2022-12-15T06:00:41.911+0000] {logging_mixin.py:137} INFO - [2022-12-15T06:00:41.911+0000] {dag.py:2585} INFO - Sync 1 DAGs
[2022-12-15T06:00:41.936+0000] {logging_mixin.py:137} INFO - [2022-12-15T06:00:41.936+0000] {dag.py:3336} INFO - Setting next_dagrun for latest_only_with_trigger to 2022-12-15T02:00:41.935953+00:00, run_after=2022-12-15T06:00:41.935953+00:00
[2022-12-15T06:00:41.959+0000] {processor.py:176} INFO - Processing /home/airflow/.local/lib/python3.10/site-packages/airflow/example_dags/example_latest_only_with_trigger.py took 0.106 seconds
[2022-12-15T06:01:12.327+0000] {processor.py:154} INFO - Started process (PID=240) to work on /home/airflow/.local/lib/python3.10/site-packages/airflow/example_dags/example_latest_only_with_trigger.py
[2022-12-15T06:01:12.328+0000] {processor.py:756} INFO - Processing file /home/airflow/.local/lib/python3.10/site-packages/airflow/example_dags/example_latest_only_with_trigger.py for tasks to queue
[2022-12-15T06:01:12.329+0000] {logging_mixin.py:137} INFO - [2022-12-15T06:01:12.329+0000] {dagbag.py:537} INFO - Filling up the DagBag from /home/airflow/.local/lib/python3.10/site-packages/airflow/example_dags/example_latest_only_with_trigger.py
[2022-12-15T06:01:12.340+0000] {processor.py:766} INFO - DAG(s) dict_keys(['latest_only_with_trigger']) retrieved from /home/airflow/.local/lib/python3.10/site-packages/airflow/example_dags/example_latest_only_with_trigger.py
[2022-12-15T06:01:12.375+0000] {logging_mixin.py:137} INFO - [2022-12-15T06:01:12.375+0000] {dag.py:2585} INFO - Sync 1 DAGs
[2022-12-15T06:01:12.394+0000] {logging_mixin.py:137} INFO - [2022-12-15T06:01:12.394+0000] {dag.py:3336} INFO - Setting next_dagrun for latest_only_with_trigger to 2022-12-15T02:01:12.394052+00:00, run_after=2022-12-15T06:01:12.394052+00:00
[2022-12-15T06:01:12.413+0000] {processor.py:176} INFO - Processing /home/airflow/.local/lib/python3.10/site-packages/airflow/example_dags/example_latest_only_with_trigger.py took 0.087 seconds
[2022-12-15T06:01:43.106+0000] {processor.py:154} INFO - Started process (PID=298) to work on /home/airflow/.local/lib/python3.10/site-packages/airflow/example_dags/example_latest_only_with_trigger.py
[2022-12-15T06:01:43.107+0000] {processor.py:756} INFO - Processing file /home/airflow/.local/lib/python3.10/site-packages/airflow/example_dags/example_latest_only_with_trigger.py for tasks to queue
[2022-12-15T06:01:43.107+0000] {logging_mixin.py:137} INFO - [2022-12-15T06:01:43.107+0000] {dagbag.py:537} INFO - Filling up the DagBag from /home/airflow/.local/lib/python3.10/site-packages/airflow/example_dags/example_latest_only_with_trigger.py
[2022-12-15T06:01:43.121+0000] {processor.py:766} INFO - DAG(s) dict_keys(['latest_only_with_trigger']) retrieved from /home/airflow/.local/lib/python3.10/site-packages/airflow/example_dags/example_latest_only_with_trigger.py
[2022-12-15T06:01:43.158+0000] {logging_mixin.py:137} INFO - [2022-12-15T06:01:43.158+0000] {dag.py:2585} INFO - Sync 1 DAGs
[2022-12-15T06:01:43.180+0000] {logging_mixin.py:137} INFO - [2022-12-15T06:01:43.180+0000] {dag.py:3336} INFO - Setting next_dagrun for latest_only_with_trigger to 2022-12-15T02:01:43.180371+00:00, run_after=2022-12-15T06:01:43.180371+00:00
[2022-12-15T06:01:43.202+0000] {processor.py:176} INFO - Processing /home/airflow/.local/lib/python3.10/site-packages/airflow/example_dags/example_latest_only_with_trigger.py took 0.100 seconds
