[2022-12-15T05:51:35.073+0000] {processor.py:154} INFO - Started process (PID=61) to work on /home/airflow/.local/lib/python3.10/site-packages/airflow/example_dags/example_latest_only.py
[2022-12-15T05:51:35.074+0000] {processor.py:756} INFO - Processing file /home/airflow/.local/lib/python3.10/site-packages/airflow/example_dags/example_latest_only.py for tasks to queue
[2022-12-15T05:51:35.074+0000] {logging_mixin.py:137} INFO - [2022-12-15T05:51:35.074+0000] {dagbag.py:537} INFO - Filling up the DagBag from /home/airflow/.local/lib/python3.10/site-packages/airflow/example_dags/example_latest_only.py
[2022-12-15T05:51:35.089+0000] {processor.py:766} INFO - DAG(s) dict_keys(['latest_only']) retrieved from /home/airflow/.local/lib/python3.10/site-packages/airflow/example_dags/example_latest_only.py
[2022-12-15T05:51:35.326+0000] {logging_mixin.py:137} INFO - [2022-12-15T05:51:35.326+0000] {manager.py:507} INFO - Created Permission View: can delete on DAG:latest_only
[2022-12-15T05:51:35.336+0000] {logging_mixin.py:137} INFO - [2022-12-15T05:51:35.336+0000] {manager.py:507} INFO - Created Permission View: can edit on DAG:latest_only
[2022-12-15T05:51:35.345+0000] {logging_mixin.py:137} INFO - [2022-12-15T05:51:35.345+0000] {manager.py:507} INFO - Created Permission View: can read on DAG:latest_only
[2022-12-15T05:51:35.345+0000] {logging_mixin.py:137} INFO - [2022-12-15T05:51:35.345+0000] {dag.py:2585} INFO - Sync 1 DAGs
[2022-12-15T05:51:35.355+0000] {logging_mixin.py:137} INFO - [2022-12-15T05:51:35.354+0000] {dag.py:2606} INFO - Creating ORM DAG for latest_only
[2022-12-15T05:51:35.363+0000] {logging_mixin.py:137} INFO - [2022-12-15T05:51:35.363+0000] {dag.py:3336} INFO - Setting next_dagrun for latest_only to 2022-12-15T01:51:35.363541+00:00, run_after=2022-12-15T05:51:35.363541+00:00
[2022-12-15T05:51:35.385+0000] {processor.py:176} INFO - Processing /home/airflow/.local/lib/python3.10/site-packages/airflow/example_dags/example_latest_only.py took 0.314 seconds
[2022-12-15T05:52:05.858+0000] {processor.py:154} INFO - Started process (PID=120) to work on /home/airflow/.local/lib/python3.10/site-packages/airflow/example_dags/example_latest_only.py
[2022-12-15T05:52:05.859+0000] {processor.py:756} INFO - Processing file /home/airflow/.local/lib/python3.10/site-packages/airflow/example_dags/example_latest_only.py for tasks to queue
[2022-12-15T05:52:05.861+0000] {logging_mixin.py:137} INFO - [2022-12-15T05:52:05.860+0000] {dagbag.py:537} INFO - Filling up the DagBag from /home/airflow/.local/lib/python3.10/site-packages/airflow/example_dags/example_latest_only.py
[2022-12-15T05:52:06.018+0000] {processor.py:766} INFO - DAG(s) dict_keys(['latest_only']) retrieved from /home/airflow/.local/lib/python3.10/site-packages/airflow/example_dags/example_latest_only.py
[2022-12-15T05:52:06.045+0000] {logging_mixin.py:137} INFO - [2022-12-15T05:52:06.045+0000] {dag.py:2585} INFO - Sync 1 DAGs
[2022-12-15T05:52:06.065+0000] {logging_mixin.py:137} INFO - [2022-12-15T05:52:06.065+0000] {dag.py:3336} INFO - Setting next_dagrun for latest_only to 2022-12-15T01:52:06.065269+00:00, run_after=2022-12-15T05:52:06.065269+00:00
[2022-12-15T05:52:06.084+0000] {processor.py:176} INFO - Processing /home/airflow/.local/lib/python3.10/site-packages/airflow/example_dags/example_latest_only.py took 0.231 seconds
[2022-12-15T05:52:36.445+0000] {processor.py:154} INFO - Started process (PID=180) to work on /home/airflow/.local/lib/python3.10/site-packages/airflow/example_dags/example_latest_only.py
[2022-12-15T05:52:36.446+0000] {processor.py:756} INFO - Processing file /home/airflow/.local/lib/python3.10/site-packages/airflow/example_dags/example_latest_only.py for tasks to queue
[2022-12-15T05:52:36.447+0000] {logging_mixin.py:137} INFO - [2022-12-15T05:52:36.446+0000] {dagbag.py:537} INFO - Filling up the DagBag from /home/airflow/.local/lib/python3.10/site-packages/airflow/example_dags/example_latest_only.py
[2022-12-15T05:52:36.456+0000] {processor.py:766} INFO - DAG(s) dict_keys(['latest_only']) retrieved from /home/airflow/.local/lib/python3.10/site-packages/airflow/example_dags/example_latest_only.py
[2022-12-15T05:52:36.486+0000] {logging_mixin.py:137} INFO - [2022-12-15T05:52:36.486+0000] {dag.py:2585} INFO - Sync 1 DAGs
[2022-12-15T05:52:36.505+0000] {logging_mixin.py:137} INFO - [2022-12-15T05:52:36.505+0000] {dag.py:3336} INFO - Setting next_dagrun for latest_only to 2022-12-15T01:52:36.505555+00:00, run_after=2022-12-15T05:52:36.505555+00:00
[2022-12-15T05:52:36.523+0000] {processor.py:176} INFO - Processing /home/airflow/.local/lib/python3.10/site-packages/airflow/example_dags/example_latest_only.py took 0.203 seconds
[2022-12-15T05:53:07.350+0000] {processor.py:154} INFO - Started process (PID=231) to work on /home/airflow/.local/lib/python3.10/site-packages/airflow/example_dags/example_latest_only.py
[2022-12-15T05:53:07.351+0000] {processor.py:756} INFO - Processing file /home/airflow/.local/lib/python3.10/site-packages/airflow/example_dags/example_latest_only.py for tasks to queue
[2022-12-15T05:53:07.351+0000] {logging_mixin.py:137} INFO - [2022-12-15T05:53:07.351+0000] {dagbag.py:537} INFO - Filling up the DagBag from /home/airflow/.local/lib/python3.10/site-packages/airflow/example_dags/example_latest_only.py
[2022-12-15T05:53:07.364+0000] {processor.py:766} INFO - DAG(s) dict_keys(['latest_only']) retrieved from /home/airflow/.local/lib/python3.10/site-packages/airflow/example_dags/example_latest_only.py
[2022-12-15T05:53:07.402+0000] {logging_mixin.py:137} INFO - [2022-12-15T05:53:07.402+0000] {dag.py:2585} INFO - Sync 1 DAGs
[2022-12-15T05:53:07.422+0000] {logging_mixin.py:137} INFO - [2022-12-15T05:53:07.422+0000] {dag.py:3336} INFO - Setting next_dagrun for latest_only to 2022-12-15T01:53:07.422054+00:00, run_after=2022-12-15T05:53:07.422054+00:00
[2022-12-15T05:53:07.443+0000] {processor.py:176} INFO - Processing /home/airflow/.local/lib/python3.10/site-packages/airflow/example_dags/example_latest_only.py took 0.095 seconds
[2022-12-15T05:53:37.801+0000] {processor.py:154} INFO - Started process (PID=289) to work on /home/airflow/.local/lib/python3.10/site-packages/airflow/example_dags/example_latest_only.py
[2022-12-15T05:53:37.802+0000] {processor.py:756} INFO - Processing file /home/airflow/.local/lib/python3.10/site-packages/airflow/example_dags/example_latest_only.py for tasks to queue
[2022-12-15T05:53:37.803+0000] {logging_mixin.py:137} INFO - [2022-12-15T05:53:37.803+0000] {dagbag.py:537} INFO - Filling up the DagBag from /home/airflow/.local/lib/python3.10/site-packages/airflow/example_dags/example_latest_only.py
[2022-12-15T05:53:37.815+0000] {processor.py:766} INFO - DAG(s) dict_keys(['latest_only']) retrieved from /home/airflow/.local/lib/python3.10/site-packages/airflow/example_dags/example_latest_only.py
[2022-12-15T05:53:37.852+0000] {logging_mixin.py:137} INFO - [2022-12-15T05:53:37.852+0000] {dag.py:2585} INFO - Sync 1 DAGs
[2022-12-15T05:53:37.880+0000] {logging_mixin.py:137} INFO - [2022-12-15T05:53:37.879+0000] {dag.py:3336} INFO - Setting next_dagrun for latest_only to 2022-12-15T01:53:37.879755+00:00, run_after=2022-12-15T05:53:37.879755+00:00
[2022-12-15T05:53:37.901+0000] {processor.py:176} INFO - Processing /home/airflow/.local/lib/python3.10/site-packages/airflow/example_dags/example_latest_only.py took 0.102 seconds
[2022-12-15T05:54:08.268+0000] {processor.py:154} INFO - Started process (PID=347) to work on /home/airflow/.local/lib/python3.10/site-packages/airflow/example_dags/example_latest_only.py
[2022-12-15T05:54:08.269+0000] {processor.py:756} INFO - Processing file /home/airflow/.local/lib/python3.10/site-packages/airflow/example_dags/example_latest_only.py for tasks to queue
[2022-12-15T05:54:08.269+0000] {logging_mixin.py:137} INFO - [2022-12-15T05:54:08.269+0000] {dagbag.py:537} INFO - Filling up the DagBag from /home/airflow/.local/lib/python3.10/site-packages/airflow/example_dags/example_latest_only.py
[2022-12-15T05:54:08.284+0000] {processor.py:766} INFO - DAG(s) dict_keys(['latest_only']) retrieved from /home/airflow/.local/lib/python3.10/site-packages/airflow/example_dags/example_latest_only.py
[2022-12-15T05:54:08.329+0000] {logging_mixin.py:137} INFO - [2022-12-15T05:54:08.328+0000] {dag.py:2585} INFO - Sync 1 DAGs
[2022-12-15T05:54:08.353+0000] {logging_mixin.py:137} INFO - [2022-12-15T05:54:08.352+0000] {dag.py:3336} INFO - Setting next_dagrun for latest_only to 2022-12-15T01:54:08.352734+00:00, run_after=2022-12-15T05:54:08.352734+00:00
[2022-12-15T05:54:08.378+0000] {processor.py:176} INFO - Processing /home/airflow/.local/lib/python3.10/site-packages/airflow/example_dags/example_latest_only.py took 0.113 seconds
[2022-12-15T05:54:38.502+0000] {processor.py:154} INFO - Started process (PID=398) to work on /home/airflow/.local/lib/python3.10/site-packages/airflow/example_dags/example_latest_only.py
[2022-12-15T05:54:38.503+0000] {processor.py:756} INFO - Processing file /home/airflow/.local/lib/python3.10/site-packages/airflow/example_dags/example_latest_only.py for tasks to queue
[2022-12-15T05:54:38.504+0000] {logging_mixin.py:137} INFO - [2022-12-15T05:54:38.504+0000] {dagbag.py:537} INFO - Filling up the DagBag from /home/airflow/.local/lib/python3.10/site-packages/airflow/example_dags/example_latest_only.py
[2022-12-15T05:54:38.515+0000] {processor.py:766} INFO - DAG(s) dict_keys(['latest_only']) retrieved from /home/airflow/.local/lib/python3.10/site-packages/airflow/example_dags/example_latest_only.py
[2022-12-15T05:54:38.551+0000] {logging_mixin.py:137} INFO - [2022-12-15T05:54:38.551+0000] {dag.py:2585} INFO - Sync 1 DAGs
[2022-12-15T05:54:38.571+0000] {logging_mixin.py:137} INFO - [2022-12-15T05:54:38.571+0000] {dag.py:3336} INFO - Setting next_dagrun for latest_only to 2022-12-15T01:54:38.571407+00:00, run_after=2022-12-15T05:54:38.571407+00:00
[2022-12-15T05:54:38.590+0000] {processor.py:176} INFO - Processing /home/airflow/.local/lib/python3.10/site-packages/airflow/example_dags/example_latest_only.py took 0.090 seconds
[2022-12-15T05:55:09.032+0000] {processor.py:154} INFO - Started process (PID=456) to work on /home/airflow/.local/lib/python3.10/site-packages/airflow/example_dags/example_latest_only.py
[2022-12-15T05:55:09.032+0000] {processor.py:756} INFO - Processing file /home/airflow/.local/lib/python3.10/site-packages/airflow/example_dags/example_latest_only.py for tasks to queue
[2022-12-15T05:55:09.033+0000] {logging_mixin.py:137} INFO - [2022-12-15T05:55:09.032+0000] {dagbag.py:537} INFO - Filling up the DagBag from /home/airflow/.local/lib/python3.10/site-packages/airflow/example_dags/example_latest_only.py
[2022-12-15T05:55:09.044+0000] {processor.py:766} INFO - DAG(s) dict_keys(['latest_only']) retrieved from /home/airflow/.local/lib/python3.10/site-packages/airflow/example_dags/example_latest_only.py
[2022-12-15T05:55:09.077+0000] {logging_mixin.py:137} INFO - [2022-12-15T05:55:09.076+0000] {dag.py:2585} INFO - Sync 1 DAGs
[2022-12-15T05:55:09.097+0000] {logging_mixin.py:137} INFO - [2022-12-15T05:55:09.096+0000] {dag.py:3336} INFO - Setting next_dagrun for latest_only to 2022-12-15T01:55:09.096684+00:00, run_after=2022-12-15T05:55:09.096684+00:00
[2022-12-15T05:55:09.115+0000] {processor.py:176} INFO - Processing /home/airflow/.local/lib/python3.10/site-packages/airflow/example_dags/example_latest_only.py took 0.085 seconds
[2022-12-15T05:56:29.017+0000] {processor.py:154} INFO - Started process (PID=59) to work on /home/airflow/.local/lib/python3.10/site-packages/airflow/example_dags/example_latest_only.py
[2022-12-15T05:56:29.018+0000] {processor.py:756} INFO - Processing file /home/airflow/.local/lib/python3.10/site-packages/airflow/example_dags/example_latest_only.py for tasks to queue
[2022-12-15T05:56:29.019+0000] {logging_mixin.py:137} INFO - [2022-12-15T05:56:29.019+0000] {dagbag.py:537} INFO - Filling up the DagBag from /home/airflow/.local/lib/python3.10/site-packages/airflow/example_dags/example_latest_only.py
[2022-12-15T05:56:29.031+0000] {processor.py:766} INFO - DAG(s) dict_keys(['latest_only']) retrieved from /home/airflow/.local/lib/python3.10/site-packages/airflow/example_dags/example_latest_only.py
[2022-12-15T05:56:29.195+0000] {logging_mixin.py:137} INFO - [2022-12-15T05:56:29.195+0000] {dag.py:2585} INFO - Sync 1 DAGs
[2022-12-15T05:56:29.216+0000] {logging_mixin.py:137} INFO - [2022-12-15T05:56:29.216+0000] {dag.py:3336} INFO - Setting next_dagrun for latest_only to 2022-12-15T01:56:29.216336+00:00, run_after=2022-12-15T05:56:29.216336+00:00
[2022-12-15T05:56:29.238+0000] {processor.py:176} INFO - Processing /home/airflow/.local/lib/python3.10/site-packages/airflow/example_dags/example_latest_only.py took 0.223 seconds
[2022-12-15T05:57:00.086+0000] {processor.py:154} INFO - Started process (PID=117) to work on /home/airflow/.local/lib/python3.10/site-packages/airflow/example_dags/example_latest_only.py
[2022-12-15T05:57:00.087+0000] {processor.py:756} INFO - Processing file /home/airflow/.local/lib/python3.10/site-packages/airflow/example_dags/example_latest_only.py for tasks to queue
[2022-12-15T05:57:00.088+0000] {logging_mixin.py:137} INFO - [2022-12-15T05:57:00.088+0000] {dagbag.py:537} INFO - Filling up the DagBag from /home/airflow/.local/lib/python3.10/site-packages/airflow/example_dags/example_latest_only.py
[2022-12-15T05:57:00.277+0000] {processor.py:766} INFO - DAG(s) dict_keys(['latest_only']) retrieved from /home/airflow/.local/lib/python3.10/site-packages/airflow/example_dags/example_latest_only.py
[2022-12-15T05:57:00.326+0000] {logging_mixin.py:137} INFO - [2022-12-15T05:57:00.326+0000] {dag.py:2585} INFO - Sync 1 DAGs
[2022-12-15T05:57:00.354+0000] {logging_mixin.py:137} INFO - [2022-12-15T05:57:00.354+0000] {dag.py:3336} INFO - Setting next_dagrun for latest_only to 2022-12-15T01:57:00.353864+00:00, run_after=2022-12-15T05:57:00.353864+00:00
[2022-12-15T05:57:00.384+0000] {processor.py:176} INFO - Processing /home/airflow/.local/lib/python3.10/site-packages/airflow/example_dags/example_latest_only.py took 0.300 seconds
[2022-12-15T05:57:30.772+0000] {processor.py:154} INFO - Started process (PID=170) to work on /home/airflow/.local/lib/python3.10/site-packages/airflow/example_dags/example_latest_only.py
[2022-12-15T05:57:30.772+0000] {processor.py:756} INFO - Processing file /home/airflow/.local/lib/python3.10/site-packages/airflow/example_dags/example_latest_only.py for tasks to queue
[2022-12-15T05:57:30.773+0000] {logging_mixin.py:137} INFO - [2022-12-15T05:57:30.773+0000] {dagbag.py:537} INFO - Filling up the DagBag from /home/airflow/.local/lib/python3.10/site-packages/airflow/example_dags/example_latest_only.py
[2022-12-15T05:57:30.784+0000] {processor.py:766} INFO - DAG(s) dict_keys(['latest_only']) retrieved from /home/airflow/.local/lib/python3.10/site-packages/airflow/example_dags/example_latest_only.py
[2022-12-15T05:57:30.819+0000] {logging_mixin.py:137} INFO - [2022-12-15T05:57:30.818+0000] {dag.py:2585} INFO - Sync 1 DAGs
[2022-12-15T05:57:30.855+0000] {logging_mixin.py:137} INFO - [2022-12-15T05:57:30.855+0000] {dag.py:3336} INFO - Setting next_dagrun for latest_only to 2022-12-15T01:57:30.855444+00:00, run_after=2022-12-15T05:57:30.855444+00:00
[2022-12-15T05:57:30.877+0000] {processor.py:176} INFO - Processing /home/airflow/.local/lib/python3.10/site-packages/airflow/example_dags/example_latest_only.py took 0.107 seconds
[2022-12-15T05:59:39.315+0000] {processor.py:154} INFO - Started process (PID=59) to work on /home/airflow/.local/lib/python3.10/site-packages/airflow/example_dags/example_latest_only.py
[2022-12-15T05:59:39.316+0000] {processor.py:756} INFO - Processing file /home/airflow/.local/lib/python3.10/site-packages/airflow/example_dags/example_latest_only.py for tasks to queue
[2022-12-15T05:59:39.317+0000] {logging_mixin.py:137} INFO - [2022-12-15T05:59:39.317+0000] {dagbag.py:537} INFO - Filling up the DagBag from /home/airflow/.local/lib/python3.10/site-packages/airflow/example_dags/example_latest_only.py
[2022-12-15T05:59:39.339+0000] {processor.py:766} INFO - DAG(s) dict_keys(['latest_only']) retrieved from /home/airflow/.local/lib/python3.10/site-packages/airflow/example_dags/example_latest_only.py
[2022-12-15T05:59:39.539+0000] {logging_mixin.py:137} INFO - [2022-12-15T05:59:39.539+0000] {dag.py:2585} INFO - Sync 1 DAGs
[2022-12-15T05:59:39.566+0000] {logging_mixin.py:137} INFO - [2022-12-15T05:59:39.565+0000] {dag.py:3336} INFO - Setting next_dagrun for latest_only to 2022-12-15T01:59:39.565653+00:00, run_after=2022-12-15T05:59:39.565653+00:00
[2022-12-15T05:59:39.595+0000] {processor.py:176} INFO - Processing /home/airflow/.local/lib/python3.10/site-packages/airflow/example_dags/example_latest_only.py took 0.282 seconds
[2022-12-15T06:00:09.866+0000] {processor.py:154} INFO - Started process (PID=117) to work on /home/airflow/.local/lib/python3.10/site-packages/airflow/example_dags/example_latest_only.py
[2022-12-15T06:00:09.867+0000] {processor.py:756} INFO - Processing file /home/airflow/.local/lib/python3.10/site-packages/airflow/example_dags/example_latest_only.py for tasks to queue
[2022-12-15T06:00:09.868+0000] {logging_mixin.py:137} INFO - [2022-12-15T06:00:09.867+0000] {dagbag.py:537} INFO - Filling up the DagBag from /home/airflow/.local/lib/python3.10/site-packages/airflow/example_dags/example_latest_only.py
[2022-12-15T06:00:10.002+0000] {processor.py:766} INFO - DAG(s) dict_keys(['latest_only']) retrieved from /home/airflow/.local/lib/python3.10/site-packages/airflow/example_dags/example_latest_only.py
[2022-12-15T06:00:10.040+0000] {logging_mixin.py:137} INFO - [2022-12-15T06:00:10.040+0000] {dag.py:2585} INFO - Sync 1 DAGs
[2022-12-15T06:00:10.064+0000] {logging_mixin.py:137} INFO - [2022-12-15T06:00:10.063+0000] {dag.py:3336} INFO - Setting next_dagrun for latest_only to 2022-12-15T02:00:10.063743+00:00, run_after=2022-12-15T06:00:10.063743+00:00
[2022-12-15T06:00:10.091+0000] {processor.py:176} INFO - Processing /home/airflow/.local/lib/python3.10/site-packages/airflow/example_dags/example_latest_only.py took 0.227 seconds
[2022-12-15T06:00:40.832+0000] {processor.py:154} INFO - Started process (PID=170) to work on /home/airflow/.local/lib/python3.10/site-packages/airflow/example_dags/example_latest_only.py
[2022-12-15T06:00:40.832+0000] {processor.py:756} INFO - Processing file /home/airflow/.local/lib/python3.10/site-packages/airflow/example_dags/example_latest_only.py for tasks to queue
[2022-12-15T06:00:40.833+0000] {logging_mixin.py:137} INFO - [2022-12-15T06:00:40.833+0000] {dagbag.py:537} INFO - Filling up the DagBag from /home/airflow/.local/lib/python3.10/site-packages/airflow/example_dags/example_latest_only.py
[2022-12-15T06:00:40.844+0000] {processor.py:766} INFO - DAG(s) dict_keys(['latest_only']) retrieved from /home/airflow/.local/lib/python3.10/site-packages/airflow/example_dags/example_latest_only.py
[2022-12-15T06:00:40.885+0000] {logging_mixin.py:137} INFO - [2022-12-15T06:00:40.885+0000] {dag.py:2585} INFO - Sync 1 DAGs
[2022-12-15T06:00:40.908+0000] {logging_mixin.py:137} INFO - [2022-12-15T06:00:40.908+0000] {dag.py:3336} INFO - Setting next_dagrun for latest_only to 2022-12-15T02:00:40.907839+00:00, run_after=2022-12-15T06:00:40.907839+00:00
[2022-12-15T06:00:40.934+0000] {processor.py:176} INFO - Processing /home/airflow/.local/lib/python3.10/site-packages/airflow/example_dags/example_latest_only.py took 0.105 seconds
[2022-12-15T06:01:11.503+0000] {processor.py:154} INFO - Started process (PID=228) to work on /home/airflow/.local/lib/python3.10/site-packages/airflow/example_dags/example_latest_only.py
[2022-12-15T06:01:11.504+0000] {processor.py:756} INFO - Processing file /home/airflow/.local/lib/python3.10/site-packages/airflow/example_dags/example_latest_only.py for tasks to queue
[2022-12-15T06:01:11.504+0000] {logging_mixin.py:137} INFO - [2022-12-15T06:01:11.504+0000] {dagbag.py:537} INFO - Filling up the DagBag from /home/airflow/.local/lib/python3.10/site-packages/airflow/example_dags/example_latest_only.py
[2022-12-15T06:01:11.516+0000] {processor.py:766} INFO - DAG(s) dict_keys(['latest_only']) retrieved from /home/airflow/.local/lib/python3.10/site-packages/airflow/example_dags/example_latest_only.py
[2022-12-15T06:01:11.553+0000] {logging_mixin.py:137} INFO - [2022-12-15T06:01:11.553+0000] {dag.py:2585} INFO - Sync 1 DAGs
[2022-12-15T06:01:11.572+0000] {logging_mixin.py:137} INFO - [2022-12-15T06:01:11.572+0000] {dag.py:3336} INFO - Setting next_dagrun for latest_only to 2022-12-15T02:01:11.572189+00:00, run_after=2022-12-15T06:01:11.572189+00:00
[2022-12-15T06:01:11.593+0000] {processor.py:176} INFO - Processing /home/airflow/.local/lib/python3.10/site-packages/airflow/example_dags/example_latest_only.py took 0.092 seconds
[2022-12-15T06:01:42.073+0000] {processor.py:154} INFO - Started process (PID=286) to work on /home/airflow/.local/lib/python3.10/site-packages/airflow/example_dags/example_latest_only.py
[2022-12-15T06:01:42.074+0000] {processor.py:756} INFO - Processing file /home/airflow/.local/lib/python3.10/site-packages/airflow/example_dags/example_latest_only.py for tasks to queue
[2022-12-15T06:01:42.075+0000] {logging_mixin.py:137} INFO - [2022-12-15T06:01:42.075+0000] {dagbag.py:537} INFO - Filling up the DagBag from /home/airflow/.local/lib/python3.10/site-packages/airflow/example_dags/example_latest_only.py
[2022-12-15T06:01:42.089+0000] {processor.py:766} INFO - DAG(s) dict_keys(['latest_only']) retrieved from /home/airflow/.local/lib/python3.10/site-packages/airflow/example_dags/example_latest_only.py
[2022-12-15T06:01:42.132+0000] {logging_mixin.py:137} INFO - [2022-12-15T06:01:42.132+0000] {dag.py:2585} INFO - Sync 1 DAGs
[2022-12-15T06:01:42.156+0000] {logging_mixin.py:137} INFO - [2022-12-15T06:01:42.156+0000] {dag.py:3336} INFO - Setting next_dagrun for latest_only to 2022-12-15T02:01:42.155880+00:00, run_after=2022-12-15T06:01:42.155880+00:00
[2022-12-15T06:01:42.180+0000] {processor.py:176} INFO - Processing /home/airflow/.local/lib/python3.10/site-packages/airflow/example_dags/example_latest_only.py took 0.110 seconds
