[2022-12-15T05:51:34.570+0000] {processor.py:154} INFO - Started process (PID=59) to work on /home/airflow/.local/lib/python3.10/site-packages/airflow/example_dags/example_branch_day_of_week_operator.py
[2022-12-15T05:51:34.570+0000] {processor.py:756} INFO - Processing file /home/airflow/.local/lib/python3.10/site-packages/airflow/example_dags/example_branch_day_of_week_operator.py for tasks to queue
[2022-12-15T05:51:34.571+0000] {logging_mixin.py:137} INFO - [2022-12-15T05:51:34.571+0000] {dagbag.py:537} INFO - Filling up the DagBag from /home/airflow/.local/lib/python3.10/site-packages/airflow/example_dags/example_branch_day_of_week_operator.py
[2022-12-15T05:51:34.599+0000] {processor.py:766} INFO - DAG(s) dict_keys(['example_weekday_branch_operator']) retrieved from /home/airflow/.local/lib/python3.10/site-packages/airflow/example_dags/example_branch_day_of_week_operator.py
[2022-12-15T05:51:34.980+0000] {logging_mixin.py:137} INFO - [2022-12-15T05:51:34.980+0000] {manager.py:507} INFO - Created Permission View: can delete on DAG:example_weekday_branch_operator
[2022-12-15T05:51:34.996+0000] {logging_mixin.py:137} INFO - [2022-12-15T05:51:34.996+0000] {manager.py:507} INFO - Created Permission View: can edit on DAG:example_weekday_branch_operator
[2022-12-15T05:51:35.010+0000] {logging_mixin.py:137} INFO - [2022-12-15T05:51:35.010+0000] {manager.py:507} INFO - Created Permission View: can read on DAG:example_weekday_branch_operator
[2022-12-15T05:51:35.010+0000] {logging_mixin.py:137} INFO - [2022-12-15T05:51:35.010+0000] {dag.py:2585} INFO - Sync 1 DAGs
[2022-12-15T05:51:35.020+0000] {logging_mixin.py:137} INFO - [2022-12-15T05:51:35.020+0000] {dag.py:2606} INFO - Creating ORM DAG for example_weekday_branch_operator
[2022-12-15T05:51:35.033+0000] {logging_mixin.py:137} INFO - [2022-12-15T05:51:35.033+0000] {dag.py:3336} INFO - Setting next_dagrun for example_weekday_branch_operator to 2022-12-14T00:00:00+00:00, run_after=2022-12-15T00:00:00+00:00
[2022-12-15T05:51:35.055+0000] {processor.py:176} INFO - Processing /home/airflow/.local/lib/python3.10/site-packages/airflow/example_dags/example_branch_day_of_week_operator.py took 0.487 seconds
[2022-12-15T05:52:05.327+0000] {processor.py:154} INFO - Started process (PID=118) to work on /home/airflow/.local/lib/python3.10/site-packages/airflow/example_dags/example_branch_day_of_week_operator.py
[2022-12-15T05:52:05.328+0000] {processor.py:756} INFO - Processing file /home/airflow/.local/lib/python3.10/site-packages/airflow/example_dags/example_branch_day_of_week_operator.py for tasks to queue
[2022-12-15T05:52:05.328+0000] {logging_mixin.py:137} INFO - [2022-12-15T05:52:05.328+0000] {dagbag.py:537} INFO - Filling up the DagBag from /home/airflow/.local/lib/python3.10/site-packages/airflow/example_dags/example_branch_day_of_week_operator.py
[2022-12-15T05:52:05.357+0000] {processor.py:766} INFO - DAG(s) dict_keys(['example_weekday_branch_operator']) retrieved from /home/airflow/.local/lib/python3.10/site-packages/airflow/example_dags/example_branch_day_of_week_operator.py
[2022-12-15T05:52:05.564+0000] {logging_mixin.py:137} INFO - [2022-12-15T05:52:05.564+0000] {dag.py:2585} INFO - Sync 1 DAGs
[2022-12-15T05:52:05.586+0000] {logging_mixin.py:137} INFO - [2022-12-15T05:52:05.586+0000] {dag.py:3336} INFO - Setting next_dagrun for example_weekday_branch_operator to 2022-12-14T00:00:00+00:00, run_after=2022-12-15T00:00:00+00:00
[2022-12-15T05:52:05.608+0000] {processor.py:176} INFO - Processing /home/airflow/.local/lib/python3.10/site-packages/airflow/example_dags/example_branch_day_of_week_operator.py took 0.283 seconds
[2022-12-15T05:52:36.215+0000] {processor.py:154} INFO - Started process (PID=178) to work on /home/airflow/.local/lib/python3.10/site-packages/airflow/example_dags/example_branch_day_of_week_operator.py
[2022-12-15T05:52:36.216+0000] {processor.py:756} INFO - Processing file /home/airflow/.local/lib/python3.10/site-packages/airflow/example_dags/example_branch_day_of_week_operator.py for tasks to queue
[2022-12-15T05:52:36.216+0000] {logging_mixin.py:137} INFO - [2022-12-15T05:52:36.216+0000] {dagbag.py:537} INFO - Filling up the DagBag from /home/airflow/.local/lib/python3.10/site-packages/airflow/example_dags/example_branch_day_of_week_operator.py
[2022-12-15T05:52:36.227+0000] {processor.py:766} INFO - DAG(s) dict_keys(['example_weekday_branch_operator']) retrieved from /home/airflow/.local/lib/python3.10/site-packages/airflow/example_dags/example_branch_day_of_week_operator.py
[2022-12-15T05:52:36.258+0000] {logging_mixin.py:137} INFO - [2022-12-15T05:52:36.258+0000] {dag.py:2585} INFO - Sync 1 DAGs
[2022-12-15T05:52:36.283+0000] {logging_mixin.py:137} INFO - [2022-12-15T05:52:36.283+0000] {dag.py:3336} INFO - Setting next_dagrun for example_weekday_branch_operator to 2022-12-14T00:00:00+00:00, run_after=2022-12-15T00:00:00+00:00
[2022-12-15T05:52:36.304+0000] {processor.py:176} INFO - Processing /home/airflow/.local/lib/python3.10/site-packages/airflow/example_dags/example_branch_day_of_week_operator.py took 0.223 seconds
[2022-12-15T05:53:07.232+0000] {processor.py:154} INFO - Started process (PID=229) to work on /home/airflow/.local/lib/python3.10/site-packages/airflow/example_dags/example_branch_day_of_week_operator.py
[2022-12-15T05:53:07.233+0000] {processor.py:756} INFO - Processing file /home/airflow/.local/lib/python3.10/site-packages/airflow/example_dags/example_branch_day_of_week_operator.py for tasks to queue
[2022-12-15T05:53:07.233+0000] {logging_mixin.py:137} INFO - [2022-12-15T05:53:07.233+0000] {dagbag.py:537} INFO - Filling up the DagBag from /home/airflow/.local/lib/python3.10/site-packages/airflow/example_dags/example_branch_day_of_week_operator.py
[2022-12-15T05:53:07.247+0000] {processor.py:766} INFO - DAG(s) dict_keys(['example_weekday_branch_operator']) retrieved from /home/airflow/.local/lib/python3.10/site-packages/airflow/example_dags/example_branch_day_of_week_operator.py
[2022-12-15T05:53:07.288+0000] {logging_mixin.py:137} INFO - [2022-12-15T05:53:07.288+0000] {dag.py:2585} INFO - Sync 1 DAGs
[2022-12-15T05:53:07.314+0000] {logging_mixin.py:137} INFO - [2022-12-15T05:53:07.314+0000] {dag.py:3336} INFO - Setting next_dagrun for example_weekday_branch_operator to 2022-12-14T00:00:00+00:00, run_after=2022-12-15T00:00:00+00:00
[2022-12-15T05:53:07.336+0000] {processor.py:176} INFO - Processing /home/airflow/.local/lib/python3.10/site-packages/airflow/example_dags/example_branch_day_of_week_operator.py took 0.105 seconds
[2022-12-15T05:53:37.679+0000] {processor.py:154} INFO - Started process (PID=287) to work on /home/airflow/.local/lib/python3.10/site-packages/airflow/example_dags/example_branch_day_of_week_operator.py
[2022-12-15T05:53:37.680+0000] {processor.py:756} INFO - Processing file /home/airflow/.local/lib/python3.10/site-packages/airflow/example_dags/example_branch_day_of_week_operator.py for tasks to queue
[2022-12-15T05:53:37.681+0000] {logging_mixin.py:137} INFO - [2022-12-15T05:53:37.680+0000] {dagbag.py:537} INFO - Filling up the DagBag from /home/airflow/.local/lib/python3.10/site-packages/airflow/example_dags/example_branch_day_of_week_operator.py
[2022-12-15T05:53:37.703+0000] {processor.py:766} INFO - DAG(s) dict_keys(['example_weekday_branch_operator']) retrieved from /home/airflow/.local/lib/python3.10/site-packages/airflow/example_dags/example_branch_day_of_week_operator.py
[2022-12-15T05:53:37.751+0000] {logging_mixin.py:137} INFO - [2022-12-15T05:53:37.751+0000] {dag.py:2585} INFO - Sync 1 DAGs
[2022-12-15T05:53:37.775+0000] {logging_mixin.py:137} INFO - [2022-12-15T05:53:37.775+0000] {dag.py:3336} INFO - Setting next_dagrun for example_weekday_branch_operator to 2022-12-14T00:00:00+00:00, run_after=2022-12-15T00:00:00+00:00
[2022-12-15T05:53:37.798+0000] {processor.py:176} INFO - Processing /home/airflow/.local/lib/python3.10/site-packages/airflow/example_dags/example_branch_day_of_week_operator.py took 0.122 seconds
[2022-12-15T05:54:08.118+0000] {processor.py:154} INFO - Started process (PID=345) to work on /home/airflow/.local/lib/python3.10/site-packages/airflow/example_dags/example_branch_day_of_week_operator.py
[2022-12-15T05:54:08.119+0000] {processor.py:756} INFO - Processing file /home/airflow/.local/lib/python3.10/site-packages/airflow/example_dags/example_branch_day_of_week_operator.py for tasks to queue
[2022-12-15T05:54:08.119+0000] {logging_mixin.py:137} INFO - [2022-12-15T05:54:08.119+0000] {dagbag.py:537} INFO - Filling up the DagBag from /home/airflow/.local/lib/python3.10/site-packages/airflow/example_dags/example_branch_day_of_week_operator.py
[2022-12-15T05:54:08.140+0000] {processor.py:766} INFO - DAG(s) dict_keys(['example_weekday_branch_operator']) retrieved from /home/airflow/.local/lib/python3.10/site-packages/airflow/example_dags/example_branch_day_of_week_operator.py
[2022-12-15T05:54:08.185+0000] {logging_mixin.py:137} INFO - [2022-12-15T05:54:08.185+0000] {dag.py:2585} INFO - Sync 1 DAGs
[2022-12-15T05:54:08.215+0000] {logging_mixin.py:137} INFO - [2022-12-15T05:54:08.215+0000] {dag.py:3336} INFO - Setting next_dagrun for example_weekday_branch_operator to 2022-12-14T00:00:00+00:00, run_after=2022-12-15T00:00:00+00:00
[2022-12-15T05:54:08.248+0000] {processor.py:176} INFO - Processing /home/airflow/.local/lib/python3.10/site-packages/airflow/example_dags/example_branch_day_of_week_operator.py took 0.133 seconds
[2022-12-15T05:54:38.400+0000] {processor.py:154} INFO - Started process (PID=396) to work on /home/airflow/.local/lib/python3.10/site-packages/airflow/example_dags/example_branch_day_of_week_operator.py
[2022-12-15T05:54:38.401+0000] {processor.py:756} INFO - Processing file /home/airflow/.local/lib/python3.10/site-packages/airflow/example_dags/example_branch_day_of_week_operator.py for tasks to queue
[2022-12-15T05:54:38.401+0000] {logging_mixin.py:137} INFO - [2022-12-15T05:54:38.401+0000] {dagbag.py:537} INFO - Filling up the DagBag from /home/airflow/.local/lib/python3.10/site-packages/airflow/example_dags/example_branch_day_of_week_operator.py
[2022-12-15T05:54:38.414+0000] {processor.py:766} INFO - DAG(s) dict_keys(['example_weekday_branch_operator']) retrieved from /home/airflow/.local/lib/python3.10/site-packages/airflow/example_dags/example_branch_day_of_week_operator.py
[2022-12-15T05:54:38.446+0000] {logging_mixin.py:137} INFO - [2022-12-15T05:54:38.446+0000] {dag.py:2585} INFO - Sync 1 DAGs
[2022-12-15T05:54:38.468+0000] {logging_mixin.py:137} INFO - [2022-12-15T05:54:38.468+0000] {dag.py:3336} INFO - Setting next_dagrun for example_weekday_branch_operator to 2022-12-14T00:00:00+00:00, run_after=2022-12-15T00:00:00+00:00
[2022-12-15T05:54:38.487+0000] {processor.py:176} INFO - Processing /home/airflow/.local/lib/python3.10/site-packages/airflow/example_dags/example_branch_day_of_week_operator.py took 0.089 seconds
[2022-12-15T05:55:08.917+0000] {processor.py:154} INFO - Started process (PID=454) to work on /home/airflow/.local/lib/python3.10/site-packages/airflow/example_dags/example_branch_day_of_week_operator.py
[2022-12-15T05:55:08.918+0000] {processor.py:756} INFO - Processing file /home/airflow/.local/lib/python3.10/site-packages/airflow/example_dags/example_branch_day_of_week_operator.py for tasks to queue
[2022-12-15T05:55:08.919+0000] {logging_mixin.py:137} INFO - [2022-12-15T05:55:08.919+0000] {dagbag.py:537} INFO - Filling up the DagBag from /home/airflow/.local/lib/python3.10/site-packages/airflow/example_dags/example_branch_day_of_week_operator.py
[2022-12-15T05:55:08.934+0000] {processor.py:766} INFO - DAG(s) dict_keys(['example_weekday_branch_operator']) retrieved from /home/airflow/.local/lib/python3.10/site-packages/airflow/example_dags/example_branch_day_of_week_operator.py
[2022-12-15T05:55:08.972+0000] {logging_mixin.py:137} INFO - [2022-12-15T05:55:08.972+0000] {dag.py:2585} INFO - Sync 1 DAGs
[2022-12-15T05:55:08.994+0000] {logging_mixin.py:137} INFO - [2022-12-15T05:55:08.994+0000] {dag.py:3336} INFO - Setting next_dagrun for example_weekday_branch_operator to 2022-12-14T00:00:00+00:00, run_after=2022-12-15T00:00:00+00:00
[2022-12-15T05:55:09.017+0000] {processor.py:176} INFO - Processing /home/airflow/.local/lib/python3.10/site-packages/airflow/example_dags/example_branch_day_of_week_operator.py took 0.102 seconds
[2022-12-15T05:56:28.715+0000] {processor.py:154} INFO - Started process (PID=57) to work on /home/airflow/.local/lib/python3.10/site-packages/airflow/example_dags/example_branch_day_of_week_operator.py
[2022-12-15T05:56:28.716+0000] {processor.py:756} INFO - Processing file /home/airflow/.local/lib/python3.10/site-packages/airflow/example_dags/example_branch_day_of_week_operator.py for tasks to queue
[2022-12-15T05:56:28.716+0000] {logging_mixin.py:137} INFO - [2022-12-15T05:56:28.716+0000] {dagbag.py:537} INFO - Filling up the DagBag from /home/airflow/.local/lib/python3.10/site-packages/airflow/example_dags/example_branch_day_of_week_operator.py
[2022-12-15T05:56:28.731+0000] {processor.py:766} INFO - DAG(s) dict_keys(['example_weekday_branch_operator']) retrieved from /home/airflow/.local/lib/python3.10/site-packages/airflow/example_dags/example_branch_day_of_week_operator.py
[2022-12-15T05:56:28.944+0000] {logging_mixin.py:137} INFO - [2022-12-15T05:56:28.944+0000] {dag.py:2585} INFO - Sync 1 DAGs
[2022-12-15T05:56:28.964+0000] {logging_mixin.py:137} INFO - [2022-12-15T05:56:28.964+0000] {dag.py:3336} INFO - Setting next_dagrun for example_weekday_branch_operator to 2022-12-14T00:00:00+00:00, run_after=2022-12-15T00:00:00+00:00
[2022-12-15T05:56:28.983+0000] {processor.py:176} INFO - Processing /home/airflow/.local/lib/python3.10/site-packages/airflow/example_dags/example_branch_day_of_week_operator.py took 0.271 seconds
[2022-12-15T05:56:59.751+0000] {processor.py:154} INFO - Started process (PID=115) to work on /home/airflow/.local/lib/python3.10/site-packages/airflow/example_dags/example_branch_day_of_week_operator.py
[2022-12-15T05:56:59.752+0000] {processor.py:756} INFO - Processing file /home/airflow/.local/lib/python3.10/site-packages/airflow/example_dags/example_branch_day_of_week_operator.py for tasks to queue
[2022-12-15T05:56:59.753+0000] {logging_mixin.py:137} INFO - [2022-12-15T05:56:59.753+0000] {dagbag.py:537} INFO - Filling up the DagBag from /home/airflow/.local/lib/python3.10/site-packages/airflow/example_dags/example_branch_day_of_week_operator.py
[2022-12-15T05:56:59.965+0000] {processor.py:766} INFO - DAG(s) dict_keys(['example_weekday_branch_operator']) retrieved from /home/airflow/.local/lib/python3.10/site-packages/airflow/example_dags/example_branch_day_of_week_operator.py
[2022-12-15T05:57:00.009+0000] {logging_mixin.py:137} INFO - [2022-12-15T05:57:00.009+0000] {dag.py:2585} INFO - Sync 1 DAGs
[2022-12-15T05:57:00.039+0000] {logging_mixin.py:137} INFO - [2022-12-15T05:57:00.039+0000] {dag.py:3336} INFO - Setting next_dagrun for example_weekday_branch_operator to 2022-12-14T00:00:00+00:00, run_after=2022-12-15T00:00:00+00:00
[2022-12-15T05:57:00.065+0000] {processor.py:176} INFO - Processing /home/airflow/.local/lib/python3.10/site-packages/airflow/example_dags/example_branch_day_of_week_operator.py took 0.317 seconds
[2022-12-15T05:57:30.670+0000] {processor.py:154} INFO - Started process (PID=168) to work on /home/airflow/.local/lib/python3.10/site-packages/airflow/example_dags/example_branch_day_of_week_operator.py
[2022-12-15T05:57:30.670+0000] {processor.py:756} INFO - Processing file /home/airflow/.local/lib/python3.10/site-packages/airflow/example_dags/example_branch_day_of_week_operator.py for tasks to queue
[2022-12-15T05:57:30.671+0000] {logging_mixin.py:137} INFO - [2022-12-15T05:57:30.671+0000] {dagbag.py:537} INFO - Filling up the DagBag from /home/airflow/.local/lib/python3.10/site-packages/airflow/example_dags/example_branch_day_of_week_operator.py
[2022-12-15T05:57:30.684+0000] {processor.py:766} INFO - DAG(s) dict_keys(['example_weekday_branch_operator']) retrieved from /home/airflow/.local/lib/python3.10/site-packages/airflow/example_dags/example_branch_day_of_week_operator.py
[2022-12-15T05:57:30.715+0000] {logging_mixin.py:137} INFO - [2022-12-15T05:57:30.715+0000] {dag.py:2585} INFO - Sync 1 DAGs
[2022-12-15T05:57:30.736+0000] {logging_mixin.py:137} INFO - [2022-12-15T05:57:30.736+0000] {dag.py:3336} INFO - Setting next_dagrun for example_weekday_branch_operator to 2022-12-14T00:00:00+00:00, run_after=2022-12-15T00:00:00+00:00
[2022-12-15T05:57:30.756+0000] {processor.py:176} INFO - Processing /home/airflow/.local/lib/python3.10/site-packages/airflow/example_dags/example_branch_day_of_week_operator.py took 0.088 seconds
[2022-12-15T05:59:39.061+0000] {processor.py:154} INFO - Started process (PID=57) to work on /home/airflow/.local/lib/python3.10/site-packages/airflow/example_dags/example_branch_day_of_week_operator.py
[2022-12-15T05:59:39.062+0000] {processor.py:756} INFO - Processing file /home/airflow/.local/lib/python3.10/site-packages/airflow/example_dags/example_branch_day_of_week_operator.py for tasks to queue
[2022-12-15T05:59:39.062+0000] {logging_mixin.py:137} INFO - [2022-12-15T05:59:39.062+0000] {dagbag.py:537} INFO - Filling up the DagBag from /home/airflow/.local/lib/python3.10/site-packages/airflow/example_dags/example_branch_day_of_week_operator.py
[2022-12-15T05:59:39.080+0000] {processor.py:766} INFO - DAG(s) dict_keys(['example_weekday_branch_operator']) retrieved from /home/airflow/.local/lib/python3.10/site-packages/airflow/example_dags/example_branch_day_of_week_operator.py
[2022-12-15T05:59:39.249+0000] {logging_mixin.py:137} INFO - [2022-12-15T05:59:39.249+0000] {dag.py:2585} INFO - Sync 1 DAGs
[2022-12-15T05:59:39.272+0000] {logging_mixin.py:137} INFO - [2022-12-15T05:59:39.272+0000] {dag.py:3336} INFO - Setting next_dagrun for example_weekday_branch_operator to 2022-12-14T00:00:00+00:00, run_after=2022-12-15T00:00:00+00:00
[2022-12-15T05:59:39.295+0000] {processor.py:176} INFO - Processing /home/airflow/.local/lib/python3.10/site-packages/airflow/example_dags/example_branch_day_of_week_operator.py took 0.237 seconds
[2022-12-15T06:00:09.335+0000] {processor.py:154} INFO - Started process (PID=115) to work on /home/airflow/.local/lib/python3.10/site-packages/airflow/example_dags/example_branch_day_of_week_operator.py
[2022-12-15T06:00:09.340+0000] {processor.py:756} INFO - Processing file /home/airflow/.local/lib/python3.10/site-packages/airflow/example_dags/example_branch_day_of_week_operator.py for tasks to queue
[2022-12-15T06:00:09.341+0000] {logging_mixin.py:137} INFO - [2022-12-15T06:00:09.341+0000] {dagbag.py:537} INFO - Filling up the DagBag from /home/airflow/.local/lib/python3.10/site-packages/airflow/example_dags/example_branch_day_of_week_operator.py
[2022-12-15T06:00:09.504+0000] {processor.py:766} INFO - DAG(s) dict_keys(['example_weekday_branch_operator']) retrieved from /home/airflow/.local/lib/python3.10/site-packages/airflow/example_dags/example_branch_day_of_week_operator.py
[2022-12-15T06:00:09.536+0000] {logging_mixin.py:137} INFO - [2022-12-15T06:00:09.536+0000] {dag.py:2585} INFO - Sync 1 DAGs
[2022-12-15T06:00:09.558+0000] {logging_mixin.py:137} INFO - [2022-12-15T06:00:09.558+0000] {dag.py:3336} INFO - Setting next_dagrun for example_weekday_branch_operator to 2022-12-14T00:00:00+00:00, run_after=2022-12-15T00:00:00+00:00
[2022-12-15T06:00:09.578+0000] {processor.py:176} INFO - Processing /home/airflow/.local/lib/python3.10/site-packages/airflow/example_dags/example_branch_day_of_week_operator.py took 0.247 seconds
[2022-12-15T06:00:39.673+0000] {processor.py:154} INFO - Started process (PID=168) to work on /home/airflow/.local/lib/python3.10/site-packages/airflow/example_dags/example_branch_day_of_week_operator.py
[2022-12-15T06:00:39.674+0000] {processor.py:756} INFO - Processing file /home/airflow/.local/lib/python3.10/site-packages/airflow/example_dags/example_branch_day_of_week_operator.py for tasks to queue
[2022-12-15T06:00:39.674+0000] {logging_mixin.py:137} INFO - [2022-12-15T06:00:39.674+0000] {dagbag.py:537} INFO - Filling up the DagBag from /home/airflow/.local/lib/python3.10/site-packages/airflow/example_dags/example_branch_day_of_week_operator.py
[2022-12-15T06:00:39.696+0000] {processor.py:766} INFO - DAG(s) dict_keys(['example_weekday_branch_operator']) retrieved from /home/airflow/.local/lib/python3.10/site-packages/airflow/example_dags/example_branch_day_of_week_operator.py
[2022-12-15T06:00:39.741+0000] {logging_mixin.py:137} INFO - [2022-12-15T06:00:39.741+0000] {dag.py:2585} INFO - Sync 1 DAGs
[2022-12-15T06:00:39.769+0000] {logging_mixin.py:137} INFO - [2022-12-15T06:00:39.768+0000] {dag.py:3336} INFO - Setting next_dagrun for example_weekday_branch_operator to 2022-12-14T00:00:00+00:00, run_after=2022-12-15T00:00:00+00:00
[2022-12-15T06:00:39.800+0000] {processor.py:176} INFO - Processing /home/airflow/.local/lib/python3.10/site-packages/airflow/example_dags/example_branch_day_of_week_operator.py took 0.130 seconds
[2022-12-15T06:01:10.432+0000] {processor.py:154} INFO - Started process (PID=226) to work on /home/airflow/.local/lib/python3.10/site-packages/airflow/example_dags/example_branch_day_of_week_operator.py
[2022-12-15T06:01:10.433+0000] {processor.py:756} INFO - Processing file /home/airflow/.local/lib/python3.10/site-packages/airflow/example_dags/example_branch_day_of_week_operator.py for tasks to queue
[2022-12-15T06:01:10.433+0000] {logging_mixin.py:137} INFO - [2022-12-15T06:01:10.433+0000] {dagbag.py:537} INFO - Filling up the DagBag from /home/airflow/.local/lib/python3.10/site-packages/airflow/example_dags/example_branch_day_of_week_operator.py
[2022-12-15T06:01:10.450+0000] {processor.py:766} INFO - DAG(s) dict_keys(['example_weekday_branch_operator']) retrieved from /home/airflow/.local/lib/python3.10/site-packages/airflow/example_dags/example_branch_day_of_week_operator.py
[2022-12-15T06:01:10.484+0000] {logging_mixin.py:137} INFO - [2022-12-15T06:01:10.484+0000] {dag.py:2585} INFO - Sync 1 DAGs
[2022-12-15T06:01:10.503+0000] {logging_mixin.py:137} INFO - [2022-12-15T06:01:10.503+0000] {dag.py:3336} INFO - Setting next_dagrun for example_weekday_branch_operator to 2022-12-14T00:00:00+00:00, run_after=2022-12-15T00:00:00+00:00
[2022-12-15T06:01:10.528+0000] {processor.py:176} INFO - Processing /home/airflow/.local/lib/python3.10/site-packages/airflow/example_dags/example_branch_day_of_week_operator.py took 0.098 seconds
[2022-12-15T06:01:40.915+0000] {processor.py:154} INFO - Started process (PID=284) to work on /home/airflow/.local/lib/python3.10/site-packages/airflow/example_dags/example_branch_day_of_week_operator.py
[2022-12-15T06:01:40.916+0000] {processor.py:756} INFO - Processing file /home/airflow/.local/lib/python3.10/site-packages/airflow/example_dags/example_branch_day_of_week_operator.py for tasks to queue
[2022-12-15T06:01:40.917+0000] {logging_mixin.py:137} INFO - [2022-12-15T06:01:40.917+0000] {dagbag.py:537} INFO - Filling up the DagBag from /home/airflow/.local/lib/python3.10/site-packages/airflow/example_dags/example_branch_day_of_week_operator.py
[2022-12-15T06:01:40.935+0000] {processor.py:766} INFO - DAG(s) dict_keys(['example_weekday_branch_operator']) retrieved from /home/airflow/.local/lib/python3.10/site-packages/airflow/example_dags/example_branch_day_of_week_operator.py
[2022-12-15T06:01:40.991+0000] {logging_mixin.py:137} INFO - [2022-12-15T06:01:40.990+0000] {dag.py:2585} INFO - Sync 1 DAGs
[2022-12-15T06:01:41.020+0000] {logging_mixin.py:137} INFO - [2022-12-15T06:01:41.020+0000] {dag.py:3336} INFO - Setting next_dagrun for example_weekday_branch_operator to 2022-12-14T00:00:00+00:00, run_after=2022-12-15T00:00:00+00:00
[2022-12-15T06:01:41.044+0000] {processor.py:176} INFO - Processing /home/airflow/.local/lib/python3.10/site-packages/airflow/example_dags/example_branch_day_of_week_operator.py took 0.133 seconds
