[2022-12-15T05:51:31.902+0000] {processor.py:154} INFO - Started process (PID=53) to work on /home/airflow/.local/lib/python3.10/site-packages/airflow/example_dags/example_datasets.py
[2022-12-15T05:51:31.903+0000] {processor.py:756} INFO - Processing file /home/airflow/.local/lib/python3.10/site-packages/airflow/example_dags/example_datasets.py for tasks to queue
[2022-12-15T05:51:31.904+0000] {logging_mixin.py:137} INFO - [2022-12-15T05:51:31.904+0000] {dagbag.py:537} INFO - Filling up the DagBag from /home/airflow/.local/lib/python3.10/site-packages/airflow/example_dags/example_datasets.py
[2022-12-15T05:51:31.951+0000] {processor.py:766} INFO - DAG(s) dict_keys(['dataset_produces_1', 'dataset_produces_2', 'dataset_consumes_1_and_2', 'dataset_consumes_1', 'dataset_consumes_1_never_scheduled', 'dataset_consumes_unknown_never_scheduled']) retrieved from /home/airflow/.local/lib/python3.10/site-packages/airflow/example_dags/example_datasets.py
[2022-12-15T05:51:32.478+0000] {logging_mixin.py:137} INFO - [2022-12-15T05:51:32.477+0000] {manager.py:507} INFO - Created Permission View: can delete on DAG:dataset_produces_1
[2022-12-15T05:51:32.498+0000] {logging_mixin.py:137} INFO - [2022-12-15T05:51:32.498+0000] {manager.py:507} INFO - Created Permission View: can edit on DAG:dataset_produces_1
[2022-12-15T05:51:32.514+0000] {logging_mixin.py:137} INFO - [2022-12-15T05:51:32.514+0000] {manager.py:507} INFO - Created Permission View: can read on DAG:dataset_produces_1
[2022-12-15T05:51:32.538+0000] {logging_mixin.py:137} INFO - [2022-12-15T05:51:32.538+0000] {manager.py:507} INFO - Created Permission View: can delete on DAG:dataset_produces_2
[2022-12-15T05:51:32.567+0000] {logging_mixin.py:137} INFO - [2022-12-15T05:51:32.567+0000] {manager.py:507} INFO - Created Permission View: can edit on DAG:dataset_produces_2
[2022-12-15T05:51:32.790+0000] {logging_mixin.py:137} INFO - [2022-12-15T05:51:32.789+0000] {manager.py:507} INFO - Created Permission View: can read on DAG:dataset_produces_2
[2022-12-15T05:51:32.835+0000] {logging_mixin.py:137} INFO - [2022-12-15T05:51:32.835+0000] {manager.py:507} INFO - Created Permission View: can delete on DAG:dataset_consumes_1_and_2
[2022-12-15T05:51:32.855+0000] {logging_mixin.py:137} INFO - [2022-12-15T05:51:32.855+0000] {manager.py:507} INFO - Created Permission View: can edit on DAG:dataset_consumes_1_and_2
[2022-12-15T05:51:33.171+0000] {logging_mixin.py:137} INFO - [2022-12-15T05:51:33.171+0000] {manager.py:507} INFO - Created Permission View: can read on DAG:dataset_consumes_1_and_2
[2022-12-15T05:51:33.209+0000] {logging_mixin.py:137} INFO - [2022-12-15T05:51:33.208+0000] {manager.py:507} INFO - Created Permission View: can delete on DAG:dataset_consumes_1
[2022-12-15T05:51:33.229+0000] {logging_mixin.py:137} INFO - [2022-12-15T05:51:33.229+0000] {manager.py:507} INFO - Created Permission View: can edit on DAG:dataset_consumes_1
[2022-12-15T05:51:33.243+0000] {logging_mixin.py:137} INFO - [2022-12-15T05:51:33.243+0000] {manager.py:507} INFO - Created Permission View: can read on DAG:dataset_consumes_1
[2022-12-15T05:51:33.275+0000] {logging_mixin.py:137} INFO - [2022-12-15T05:51:33.274+0000] {manager.py:507} INFO - Created Permission View: can delete on DAG:dataset_consumes_1_never_scheduled
[2022-12-15T05:51:33.291+0000] {logging_mixin.py:137} INFO - [2022-12-15T05:51:33.290+0000] {manager.py:507} INFO - Created Permission View: can edit on DAG:dataset_consumes_1_never_scheduled
[2022-12-15T05:51:33.306+0000] {logging_mixin.py:137} INFO - [2022-12-15T05:51:33.306+0000] {manager.py:507} INFO - Created Permission View: can read on DAG:dataset_consumes_1_never_scheduled
[2022-12-15T05:51:33.337+0000] {logging_mixin.py:137} INFO - [2022-12-15T05:51:33.337+0000] {manager.py:507} INFO - Created Permission View: can delete on DAG:dataset_consumes_unknown_never_scheduled
[2022-12-15T05:51:33.357+0000] {logging_mixin.py:137} INFO - [2022-12-15T05:51:33.357+0000] {manager.py:507} INFO - Created Permission View: can edit on DAG:dataset_consumes_unknown_never_scheduled
[2022-12-15T05:51:33.372+0000] {logging_mixin.py:137} INFO - [2022-12-15T05:51:33.372+0000] {manager.py:507} INFO - Created Permission View: can read on DAG:dataset_consumes_unknown_never_scheduled
[2022-12-15T05:51:33.373+0000] {logging_mixin.py:137} INFO - [2022-12-15T05:51:33.373+0000] {dag.py:2585} INFO - Sync 6 DAGs
[2022-12-15T05:51:33.390+0000] {logging_mixin.py:137} INFO - [2022-12-15T05:51:33.390+0000] {dag.py:2606} INFO - Creating ORM DAG for dataset_consumes_1_never_scheduled
[2022-12-15T05:51:33.391+0000] {logging_mixin.py:137} INFO - [2022-12-15T05:51:33.391+0000] {dag.py:2606} INFO - Creating ORM DAG for dataset_consumes_unknown_never_scheduled
[2022-12-15T05:51:33.392+0000] {logging_mixin.py:137} INFO - [2022-12-15T05:51:33.392+0000] {dag.py:2606} INFO - Creating ORM DAG for dataset_consumes_1
[2022-12-15T05:51:33.393+0000] {logging_mixin.py:137} INFO - [2022-12-15T05:51:33.393+0000] {dag.py:2606} INFO - Creating ORM DAG for dataset_produces_1
[2022-12-15T05:51:33.393+0000] {logging_mixin.py:137} INFO - [2022-12-15T05:51:33.393+0000] {dag.py:2606} INFO - Creating ORM DAG for dataset_produces_2
[2022-12-15T05:51:33.394+0000] {logging_mixin.py:137} INFO - [2022-12-15T05:51:33.393+0000] {dag.py:2606} INFO - Creating ORM DAG for dataset_consumes_1_and_2
[2022-12-15T05:51:33.410+0000] {logging_mixin.py:137} INFO - [2022-12-15T05:51:33.410+0000] {dag.py:3336} INFO - Setting next_dagrun for dataset_consumes_1 to None, run_after=None
[2022-12-15T05:51:33.412+0000] {logging_mixin.py:137} INFO - [2022-12-15T05:51:33.411+0000] {dag.py:3336} INFO - Setting next_dagrun for dataset_consumes_1_and_2 to None, run_after=None
[2022-12-15T05:51:33.412+0000] {logging_mixin.py:137} INFO - [2022-12-15T05:51:33.412+0000] {dag.py:3336} INFO - Setting next_dagrun for dataset_consumes_1_never_scheduled to None, run_after=None
[2022-12-15T05:51:33.413+0000] {logging_mixin.py:137} INFO - [2022-12-15T05:51:33.413+0000] {dag.py:3336} INFO - Setting next_dagrun for dataset_consumes_unknown_never_scheduled to None, run_after=None
[2022-12-15T05:51:33.415+0000] {logging_mixin.py:137} INFO - [2022-12-15T05:51:33.415+0000] {dag.py:3336} INFO - Setting next_dagrun for dataset_produces_1 to 2022-12-14T00:00:00+00:00, run_after=2022-12-15T00:00:00+00:00
[2022-12-15T05:51:33.416+0000] {logging_mixin.py:137} INFO - [2022-12-15T05:51:33.416+0000] {dag.py:3336} INFO - Setting next_dagrun for dataset_produces_2 to None, run_after=None
[2022-12-15T05:51:33.489+0000] {processor.py:176} INFO - Processing /home/airflow/.local/lib/python3.10/site-packages/airflow/example_dags/example_datasets.py took 1.590 seconds
[2022-12-15T05:52:03.568+0000] {processor.py:154} INFO - Started process (PID=112) to work on /home/airflow/.local/lib/python3.10/site-packages/airflow/example_dags/example_datasets.py
[2022-12-15T05:52:03.569+0000] {processor.py:756} INFO - Processing file /home/airflow/.local/lib/python3.10/site-packages/airflow/example_dags/example_datasets.py for tasks to queue
[2022-12-15T05:52:03.570+0000] {logging_mixin.py:137} INFO - [2022-12-15T05:52:03.570+0000] {dagbag.py:537} INFO - Filling up the DagBag from /home/airflow/.local/lib/python3.10/site-packages/airflow/example_dags/example_datasets.py
[2022-12-15T05:52:03.585+0000] {processor.py:766} INFO - DAG(s) dict_keys(['dataset_produces_1', 'dataset_consumes_1_and_2', 'dataset_produces_2', 'dataset_consumes_1', 'dataset_consumes_unknown_never_scheduled', 'dataset_consumes_1_never_scheduled']) retrieved from /home/airflow/.local/lib/python3.10/site-packages/airflow/example_dags/example_datasets.py
[2022-12-15T05:52:03.727+0000] {logging_mixin.py:137} INFO - [2022-12-15T05:52:03.727+0000] {dag.py:2585} INFO - Sync 6 DAGs
[2022-12-15T05:52:03.747+0000] {logging_mixin.py:137} INFO - [2022-12-15T05:52:03.747+0000] {dag.py:3336} INFO - Setting next_dagrun for dataset_consumes_1 to None, run_after=None
[2022-12-15T05:52:03.750+0000] {logging_mixin.py:137} INFO - [2022-12-15T05:52:03.750+0000] {dag.py:3336} INFO - Setting next_dagrun for dataset_consumes_1_and_2 to None, run_after=None
[2022-12-15T05:52:03.751+0000] {logging_mixin.py:137} INFO - [2022-12-15T05:52:03.751+0000] {dag.py:3336} INFO - Setting next_dagrun for dataset_consumes_1_never_scheduled to None, run_after=None
[2022-12-15T05:52:03.752+0000] {logging_mixin.py:137} INFO - [2022-12-15T05:52:03.752+0000] {dag.py:3336} INFO - Setting next_dagrun for dataset_consumes_unknown_never_scheduled to None, run_after=None
[2022-12-15T05:52:03.756+0000] {logging_mixin.py:137} INFO - [2022-12-15T05:52:03.755+0000] {dag.py:3336} INFO - Setting next_dagrun for dataset_produces_1 to 2022-12-14T00:00:00+00:00, run_after=2022-12-15T00:00:00+00:00
[2022-12-15T05:52:03.757+0000] {logging_mixin.py:137} INFO - [2022-12-15T05:52:03.757+0000] {dag.py:3336} INFO - Setting next_dagrun for dataset_produces_2 to None, run_after=None
[2022-12-15T05:52:03.785+0000] {processor.py:176} INFO - Processing /home/airflow/.local/lib/python3.10/site-packages/airflow/example_dags/example_datasets.py took 0.218 seconds
[2022-12-15T05:52:34.036+0000] {processor.py:154} INFO - Started process (PID=165) to work on /home/airflow/.local/lib/python3.10/site-packages/airflow/example_dags/example_datasets.py
[2022-12-15T05:52:34.037+0000] {processor.py:756} INFO - Processing file /home/airflow/.local/lib/python3.10/site-packages/airflow/example_dags/example_datasets.py for tasks to queue
[2022-12-15T05:52:34.037+0000] {logging_mixin.py:137} INFO - [2022-12-15T05:52:34.037+0000] {dagbag.py:537} INFO - Filling up the DagBag from /home/airflow/.local/lib/python3.10/site-packages/airflow/example_dags/example_datasets.py
[2022-12-15T05:52:34.159+0000] {processor.py:766} INFO - DAG(s) dict_keys(['dataset_consumes_1_never_scheduled', 'dataset_produces_1', 'dataset_produces_2', 'dataset_consumes_1', 'dataset_consumes_1_and_2', 'dataset_consumes_unknown_never_scheduled']) retrieved from /home/airflow/.local/lib/python3.10/site-packages/airflow/example_dags/example_datasets.py
[2022-12-15T05:52:34.202+0000] {logging_mixin.py:137} INFO - [2022-12-15T05:52:34.202+0000] {dag.py:2585} INFO - Sync 6 DAGs
[2022-12-15T05:52:34.222+0000] {logging_mixin.py:137} INFO - [2022-12-15T05:52:34.222+0000] {dag.py:3336} INFO - Setting next_dagrun for dataset_consumes_1 to None, run_after=None
[2022-12-15T05:52:34.225+0000] {logging_mixin.py:137} INFO - [2022-12-15T05:52:34.225+0000] {dag.py:3336} INFO - Setting next_dagrun for dataset_consumes_1_and_2 to None, run_after=None
[2022-12-15T05:52:34.226+0000] {logging_mixin.py:137} INFO - [2022-12-15T05:52:34.225+0000] {dag.py:3336} INFO - Setting next_dagrun for dataset_consumes_1_never_scheduled to None, run_after=None
[2022-12-15T05:52:34.227+0000] {logging_mixin.py:137} INFO - [2022-12-15T05:52:34.227+0000] {dag.py:3336} INFO - Setting next_dagrun for dataset_consumes_unknown_never_scheduled to None, run_after=None
[2022-12-15T05:52:34.230+0000] {logging_mixin.py:137} INFO - [2022-12-15T05:52:34.230+0000] {dag.py:3336} INFO - Setting next_dagrun for dataset_produces_1 to 2022-12-14T00:00:00+00:00, run_after=2022-12-15T00:00:00+00:00
[2022-12-15T05:52:34.231+0000] {logging_mixin.py:137} INFO - [2022-12-15T05:52:34.231+0000] {dag.py:3336} INFO - Setting next_dagrun for dataset_produces_2 to None, run_after=None
[2022-12-15T05:52:34.257+0000] {processor.py:176} INFO - Processing /home/airflow/.local/lib/python3.10/site-packages/airflow/example_dags/example_datasets.py took 0.223 seconds
[2022-12-15T05:53:04.839+0000] {processor.py:154} INFO - Started process (PID=223) to work on /home/airflow/.local/lib/python3.10/site-packages/airflow/example_dags/example_datasets.py
[2022-12-15T05:53:04.839+0000] {processor.py:756} INFO - Processing file /home/airflow/.local/lib/python3.10/site-packages/airflow/example_dags/example_datasets.py for tasks to queue
[2022-12-15T05:53:04.840+0000] {logging_mixin.py:137} INFO - [2022-12-15T05:53:04.840+0000] {dagbag.py:537} INFO - Filling up the DagBag from /home/airflow/.local/lib/python3.10/site-packages/airflow/example_dags/example_datasets.py
[2022-12-15T05:53:04.853+0000] {processor.py:766} INFO - DAG(s) dict_keys(['dataset_consumes_1_and_2', 'dataset_produces_2', 'dataset_consumes_1', 'dataset_consumes_1_never_scheduled', 'dataset_produces_1', 'dataset_consumes_unknown_never_scheduled']) retrieved from /home/airflow/.local/lib/python3.10/site-packages/airflow/example_dags/example_datasets.py
[2022-12-15T05:53:04.915+0000] {logging_mixin.py:137} INFO - [2022-12-15T05:53:04.915+0000] {dag.py:2585} INFO - Sync 6 DAGs
[2022-12-15T05:53:04.945+0000] {logging_mixin.py:137} INFO - [2022-12-15T05:53:04.945+0000] {dag.py:3336} INFO - Setting next_dagrun for dataset_consumes_1 to None, run_after=None
[2022-12-15T05:53:04.949+0000] {logging_mixin.py:137} INFO - [2022-12-15T05:53:04.949+0000] {dag.py:3336} INFO - Setting next_dagrun for dataset_consumes_1_and_2 to None, run_after=None
[2022-12-15T05:53:04.950+0000] {logging_mixin.py:137} INFO - [2022-12-15T05:53:04.950+0000] {dag.py:3336} INFO - Setting next_dagrun for dataset_consumes_1_never_scheduled to None, run_after=None
[2022-12-15T05:53:04.951+0000] {logging_mixin.py:137} INFO - [2022-12-15T05:53:04.951+0000] {dag.py:3336} INFO - Setting next_dagrun for dataset_consumes_unknown_never_scheduled to None, run_after=None
[2022-12-15T05:53:04.954+0000] {logging_mixin.py:137} INFO - [2022-12-15T05:53:04.954+0000] {dag.py:3336} INFO - Setting next_dagrun for dataset_produces_1 to 2022-12-14T00:00:00+00:00, run_after=2022-12-15T00:00:00+00:00
[2022-12-15T05:53:04.955+0000] {logging_mixin.py:137} INFO - [2022-12-15T05:53:04.955+0000] {dag.py:3336} INFO - Setting next_dagrun for dataset_produces_2 to None, run_after=None
[2022-12-15T05:53:04.983+0000] {processor.py:176} INFO - Processing /home/airflow/.local/lib/python3.10/site-packages/airflow/example_dags/example_datasets.py took 0.147 seconds
[2022-12-15T05:53:35.249+0000] {processor.py:154} INFO - Started process (PID=281) to work on /home/airflow/.local/lib/python3.10/site-packages/airflow/example_dags/example_datasets.py
[2022-12-15T05:53:35.253+0000] {processor.py:756} INFO - Processing file /home/airflow/.local/lib/python3.10/site-packages/airflow/example_dags/example_datasets.py for tasks to queue
[2022-12-15T05:53:35.253+0000] {logging_mixin.py:137} INFO - [2022-12-15T05:53:35.253+0000] {dagbag.py:537} INFO - Filling up the DagBag from /home/airflow/.local/lib/python3.10/site-packages/airflow/example_dags/example_datasets.py
[2022-12-15T05:53:35.269+0000] {processor.py:766} INFO - DAG(s) dict_keys(['dataset_consumes_1', 'dataset_consumes_1_and_2', 'dataset_consumes_unknown_never_scheduled', 'dataset_produces_1', 'dataset_produces_2', 'dataset_consumes_1_never_scheduled']) retrieved from /home/airflow/.local/lib/python3.10/site-packages/airflow/example_dags/example_datasets.py
[2022-12-15T05:53:35.330+0000] {logging_mixin.py:137} INFO - [2022-12-15T05:53:35.329+0000] {dag.py:2585} INFO - Sync 6 DAGs
[2022-12-15T05:53:35.353+0000] {logging_mixin.py:137} INFO - [2022-12-15T05:53:35.353+0000] {dag.py:3336} INFO - Setting next_dagrun for dataset_consumes_1 to None, run_after=None
[2022-12-15T05:53:35.356+0000] {logging_mixin.py:137} INFO - [2022-12-15T05:53:35.356+0000] {dag.py:3336} INFO - Setting next_dagrun for dataset_consumes_1_and_2 to None, run_after=None
[2022-12-15T05:53:35.357+0000] {logging_mixin.py:137} INFO - [2022-12-15T05:53:35.357+0000] {dag.py:3336} INFO - Setting next_dagrun for dataset_consumes_1_never_scheduled to None, run_after=None
[2022-12-15T05:53:35.358+0000] {logging_mixin.py:137} INFO - [2022-12-15T05:53:35.358+0000] {dag.py:3336} INFO - Setting next_dagrun for dataset_consumes_unknown_never_scheduled to None, run_after=None
[2022-12-15T05:53:35.361+0000] {logging_mixin.py:137} INFO - [2022-12-15T05:53:35.361+0000] {dag.py:3336} INFO - Setting next_dagrun for dataset_produces_1 to 2022-12-14T00:00:00+00:00, run_after=2022-12-15T00:00:00+00:00
[2022-12-15T05:53:35.363+0000] {logging_mixin.py:137} INFO - [2022-12-15T05:53:35.363+0000] {dag.py:3336} INFO - Setting next_dagrun for dataset_produces_2 to None, run_after=None
[2022-12-15T05:53:35.394+0000] {processor.py:176} INFO - Processing /home/airflow/.local/lib/python3.10/site-packages/airflow/example_dags/example_datasets.py took 0.148 seconds
[2022-12-15T05:54:05.681+0000] {processor.py:154} INFO - Started process (PID=332) to work on /home/airflow/.local/lib/python3.10/site-packages/airflow/example_dags/example_datasets.py
[2022-12-15T05:54:05.681+0000] {processor.py:756} INFO - Processing file /home/airflow/.local/lib/python3.10/site-packages/airflow/example_dags/example_datasets.py for tasks to queue
[2022-12-15T05:54:05.682+0000] {logging_mixin.py:137} INFO - [2022-12-15T05:54:05.682+0000] {dagbag.py:537} INFO - Filling up the DagBag from /home/airflow/.local/lib/python3.10/site-packages/airflow/example_dags/example_datasets.py
[2022-12-15T05:54:05.703+0000] {processor.py:766} INFO - DAG(s) dict_keys(['dataset_consumes_1_and_2', 'dataset_consumes_1_never_scheduled', 'dataset_consumes_unknown_never_scheduled', 'dataset_produces_2', 'dataset_consumes_1', 'dataset_produces_1']) retrieved from /home/airflow/.local/lib/python3.10/site-packages/airflow/example_dags/example_datasets.py
[2022-12-15T05:54:05.774+0000] {logging_mixin.py:137} INFO - [2022-12-15T05:54:05.774+0000] {dag.py:2585} INFO - Sync 6 DAGs
[2022-12-15T05:54:05.808+0000] {logging_mixin.py:137} INFO - [2022-12-15T05:54:05.808+0000] {dag.py:3336} INFO - Setting next_dagrun for dataset_consumes_1 to None, run_after=None
[2022-12-15T05:54:05.813+0000] {logging_mixin.py:137} INFO - [2022-12-15T05:54:05.813+0000] {dag.py:3336} INFO - Setting next_dagrun for dataset_consumes_1_and_2 to None, run_after=None
[2022-12-15T05:54:05.816+0000] {logging_mixin.py:137} INFO - [2022-12-15T05:54:05.815+0000] {dag.py:3336} INFO - Setting next_dagrun for dataset_consumes_1_never_scheduled to None, run_after=None
[2022-12-15T05:54:05.817+0000] {logging_mixin.py:137} INFO - [2022-12-15T05:54:05.817+0000] {dag.py:3336} INFO - Setting next_dagrun for dataset_consumes_unknown_never_scheduled to None, run_after=None
[2022-12-15T05:54:05.821+0000] {logging_mixin.py:137} INFO - [2022-12-15T05:54:05.821+0000] {dag.py:3336} INFO - Setting next_dagrun for dataset_produces_1 to 2022-12-14T00:00:00+00:00, run_after=2022-12-15T00:00:00+00:00
[2022-12-15T05:54:05.823+0000] {logging_mixin.py:137} INFO - [2022-12-15T05:54:05.823+0000] {dag.py:3336} INFO - Setting next_dagrun for dataset_produces_2 to None, run_after=None
[2022-12-15T05:54:05.863+0000] {processor.py:176} INFO - Processing /home/airflow/.local/lib/python3.10/site-packages/airflow/example_dags/example_datasets.py took 0.186 seconds
[2022-12-15T05:54:36.019+0000] {processor.py:154} INFO - Started process (PID=390) to work on /home/airflow/.local/lib/python3.10/site-packages/airflow/example_dags/example_datasets.py
[2022-12-15T05:54:36.020+0000] {processor.py:756} INFO - Processing file /home/airflow/.local/lib/python3.10/site-packages/airflow/example_dags/example_datasets.py for tasks to queue
[2022-12-15T05:54:36.020+0000] {logging_mixin.py:137} INFO - [2022-12-15T05:54:36.020+0000] {dagbag.py:537} INFO - Filling up the DagBag from /home/airflow/.local/lib/python3.10/site-packages/airflow/example_dags/example_datasets.py
[2022-12-15T05:54:36.034+0000] {processor.py:766} INFO - DAG(s) dict_keys(['dataset_consumes_unknown_never_scheduled', 'dataset_consumes_1_and_2', 'dataset_consumes_1_never_scheduled', 'dataset_consumes_1', 'dataset_produces_2', 'dataset_produces_1']) retrieved from /home/airflow/.local/lib/python3.10/site-packages/airflow/example_dags/example_datasets.py
[2022-12-15T05:54:36.084+0000] {logging_mixin.py:137} INFO - [2022-12-15T05:54:36.084+0000] {dag.py:2585} INFO - Sync 6 DAGs
[2022-12-15T05:54:36.107+0000] {logging_mixin.py:137} INFO - [2022-12-15T05:54:36.107+0000] {dag.py:3336} INFO - Setting next_dagrun for dataset_consumes_1 to None, run_after=None
[2022-12-15T05:54:36.111+0000] {logging_mixin.py:137} INFO - [2022-12-15T05:54:36.110+0000] {dag.py:3336} INFO - Setting next_dagrun for dataset_consumes_1_and_2 to None, run_after=None
[2022-12-15T05:54:36.112+0000] {logging_mixin.py:137} INFO - [2022-12-15T05:54:36.112+0000] {dag.py:3336} INFO - Setting next_dagrun for dataset_consumes_1_never_scheduled to None, run_after=None
[2022-12-15T05:54:36.113+0000] {logging_mixin.py:137} INFO - [2022-12-15T05:54:36.113+0000] {dag.py:3336} INFO - Setting next_dagrun for dataset_consumes_unknown_never_scheduled to None, run_after=None
[2022-12-15T05:54:36.115+0000] {logging_mixin.py:137} INFO - [2022-12-15T05:54:36.115+0000] {dag.py:3336} INFO - Setting next_dagrun for dataset_produces_1 to 2022-12-14T00:00:00+00:00, run_after=2022-12-15T00:00:00+00:00
[2022-12-15T05:54:36.117+0000] {logging_mixin.py:137} INFO - [2022-12-15T05:54:36.117+0000] {dag.py:3336} INFO - Setting next_dagrun for dataset_produces_2 to None, run_after=None
[2022-12-15T05:54:36.144+0000] {processor.py:176} INFO - Processing /home/airflow/.local/lib/python3.10/site-packages/airflow/example_dags/example_datasets.py took 0.128 seconds
[2022-12-15T05:55:06.461+0000] {processor.py:154} INFO - Started process (PID=448) to work on /home/airflow/.local/lib/python3.10/site-packages/airflow/example_dags/example_datasets.py
[2022-12-15T05:55:06.461+0000] {processor.py:756} INFO - Processing file /home/airflow/.local/lib/python3.10/site-packages/airflow/example_dags/example_datasets.py for tasks to queue
[2022-12-15T05:55:06.462+0000] {logging_mixin.py:137} INFO - [2022-12-15T05:55:06.462+0000] {dagbag.py:537} INFO - Filling up the DagBag from /home/airflow/.local/lib/python3.10/site-packages/airflow/example_dags/example_datasets.py
[2022-12-15T05:55:06.477+0000] {processor.py:766} INFO - DAG(s) dict_keys(['dataset_produces_2', 'dataset_consumes_unknown_never_scheduled', 'dataset_consumes_1_never_scheduled', 'dataset_produces_1', 'dataset_consumes_1', 'dataset_consumes_1_and_2']) retrieved from /home/airflow/.local/lib/python3.10/site-packages/airflow/example_dags/example_datasets.py
[2022-12-15T05:55:06.538+0000] {logging_mixin.py:137} INFO - [2022-12-15T05:55:06.538+0000] {dag.py:2585} INFO - Sync 6 DAGs
[2022-12-15T05:55:06.566+0000] {logging_mixin.py:137} INFO - [2022-12-15T05:55:06.566+0000] {dag.py:3336} INFO - Setting next_dagrun for dataset_consumes_1 to None, run_after=None
[2022-12-15T05:55:06.571+0000] {logging_mixin.py:137} INFO - [2022-12-15T05:55:06.571+0000] {dag.py:3336} INFO - Setting next_dagrun for dataset_consumes_1_and_2 to None, run_after=None
[2022-12-15T05:55:06.572+0000] {logging_mixin.py:137} INFO - [2022-12-15T05:55:06.572+0000] {dag.py:3336} INFO - Setting next_dagrun for dataset_consumes_1_never_scheduled to None, run_after=None
[2022-12-15T05:55:06.574+0000] {logging_mixin.py:137} INFO - [2022-12-15T05:55:06.574+0000] {dag.py:3336} INFO - Setting next_dagrun for dataset_consumes_unknown_never_scheduled to None, run_after=None
[2022-12-15T05:55:06.578+0000] {logging_mixin.py:137} INFO - [2022-12-15T05:55:06.577+0000] {dag.py:3336} INFO - Setting next_dagrun for dataset_produces_1 to 2022-12-14T00:00:00+00:00, run_after=2022-12-15T00:00:00+00:00
[2022-12-15T05:55:06.579+0000] {logging_mixin.py:137} INFO - [2022-12-15T05:55:06.579+0000] {dag.py:3336} INFO - Setting next_dagrun for dataset_produces_2 to None, run_after=None
[2022-12-15T05:55:06.612+0000] {processor.py:176} INFO - Processing /home/airflow/.local/lib/python3.10/site-packages/airflow/example_dags/example_datasets.py took 0.154 seconds
[2022-12-15T05:56:27.740+0000] {processor.py:154} INFO - Started process (PID=51) to work on /home/airflow/.local/lib/python3.10/site-packages/airflow/example_dags/example_datasets.py
[2022-12-15T05:56:27.741+0000] {processor.py:756} INFO - Processing file /home/airflow/.local/lib/python3.10/site-packages/airflow/example_dags/example_datasets.py for tasks to queue
[2022-12-15T05:56:27.742+0000] {logging_mixin.py:137} INFO - [2022-12-15T05:56:27.742+0000] {dagbag.py:537} INFO - Filling up the DagBag from /home/airflow/.local/lib/python3.10/site-packages/airflow/example_dags/example_datasets.py
[2022-12-15T05:56:27.760+0000] {processor.py:766} INFO - DAG(s) dict_keys(['dataset_produces_2', 'dataset_produces_1', 'dataset_consumes_unknown_never_scheduled', 'dataset_consumes_1_never_scheduled', 'dataset_consumes_1', 'dataset_consumes_1_and_2']) retrieved from /home/airflow/.local/lib/python3.10/site-packages/airflow/example_dags/example_datasets.py
[2022-12-15T05:56:28.030+0000] {logging_mixin.py:137} INFO - [2022-12-15T05:56:28.030+0000] {dag.py:2585} INFO - Sync 6 DAGs
[2022-12-15T05:56:28.053+0000] {logging_mixin.py:137} INFO - [2022-12-15T05:56:28.053+0000] {dag.py:3336} INFO - Setting next_dagrun for dataset_consumes_1 to None, run_after=None
[2022-12-15T05:56:28.057+0000] {logging_mixin.py:137} INFO - [2022-12-15T05:56:28.057+0000] {dag.py:3336} INFO - Setting next_dagrun for dataset_consumes_1_and_2 to None, run_after=None
[2022-12-15T05:56:28.058+0000] {logging_mixin.py:137} INFO - [2022-12-15T05:56:28.058+0000] {dag.py:3336} INFO - Setting next_dagrun for dataset_consumes_1_never_scheduled to None, run_after=None
[2022-12-15T05:56:28.059+0000] {logging_mixin.py:137} INFO - [2022-12-15T05:56:28.059+0000] {dag.py:3336} INFO - Setting next_dagrun for dataset_consumes_unknown_never_scheduled to None, run_after=None
[2022-12-15T05:56:28.062+0000] {logging_mixin.py:137} INFO - [2022-12-15T05:56:28.062+0000] {dag.py:3336} INFO - Setting next_dagrun for dataset_produces_1 to 2022-12-14T00:00:00+00:00, run_after=2022-12-15T00:00:00+00:00
[2022-12-15T05:56:28.064+0000] {logging_mixin.py:137} INFO - [2022-12-15T05:56:28.064+0000] {dag.py:3336} INFO - Setting next_dagrun for dataset_produces_2 to None, run_after=None
[2022-12-15T05:56:28.102+0000] {processor.py:176} INFO - Processing /home/airflow/.local/lib/python3.10/site-packages/airflow/example_dags/example_datasets.py took 0.365 seconds
[2022-12-15T05:56:58.766+0000] {processor.py:154} INFO - Started process (PID=109) to work on /home/airflow/.local/lib/python3.10/site-packages/airflow/example_dags/example_datasets.py
[2022-12-15T05:56:58.767+0000] {processor.py:756} INFO - Processing file /home/airflow/.local/lib/python3.10/site-packages/airflow/example_dags/example_datasets.py for tasks to queue
[2022-12-15T05:56:58.768+0000] {logging_mixin.py:137} INFO - [2022-12-15T05:56:58.768+0000] {dagbag.py:537} INFO - Filling up the DagBag from /home/airflow/.local/lib/python3.10/site-packages/airflow/example_dags/example_datasets.py
[2022-12-15T05:56:58.920+0000] {processor.py:766} INFO - DAG(s) dict_keys(['dataset_produces_1', 'dataset_consumes_1_never_scheduled', 'dataset_consumes_1', 'dataset_produces_2', 'dataset_consumes_1_and_2', 'dataset_consumes_unknown_never_scheduled']) retrieved from /home/airflow/.local/lib/python3.10/site-packages/airflow/example_dags/example_datasets.py
[2022-12-15T05:56:58.972+0000] {logging_mixin.py:137} INFO - [2022-12-15T05:56:58.972+0000] {dag.py:2585} INFO - Sync 6 DAGs
[2022-12-15T05:56:58.997+0000] {logging_mixin.py:137} INFO - [2022-12-15T05:56:58.997+0000] {dag.py:3336} INFO - Setting next_dagrun for dataset_consumes_1 to None, run_after=None
[2022-12-15T05:56:59.000+0000] {logging_mixin.py:137} INFO - [2022-12-15T05:56:59.000+0000] {dag.py:3336} INFO - Setting next_dagrun for dataset_consumes_1_and_2 to None, run_after=None
[2022-12-15T05:56:59.002+0000] {logging_mixin.py:137} INFO - [2022-12-15T05:56:59.002+0000] {dag.py:3336} INFO - Setting next_dagrun for dataset_consumes_1_never_scheduled to None, run_after=None
[2022-12-15T05:56:59.003+0000] {logging_mixin.py:137} INFO - [2022-12-15T05:56:59.003+0000] {dag.py:3336} INFO - Setting next_dagrun for dataset_consumes_unknown_never_scheduled to None, run_after=None
[2022-12-15T05:56:59.006+0000] {logging_mixin.py:137} INFO - [2022-12-15T05:56:59.005+0000] {dag.py:3336} INFO - Setting next_dagrun for dataset_produces_1 to 2022-12-14T00:00:00+00:00, run_after=2022-12-15T00:00:00+00:00
[2022-12-15T05:56:59.007+0000] {logging_mixin.py:137} INFO - [2022-12-15T05:56:59.007+0000] {dag.py:3336} INFO - Setting next_dagrun for dataset_produces_2 to None, run_after=None
[2022-12-15T05:56:59.046+0000] {processor.py:176} INFO - Processing /home/airflow/.local/lib/python3.10/site-packages/airflow/example_dags/example_datasets.py took 0.283 seconds
[2022-12-15T05:57:29.275+0000] {processor.py:154} INFO - Started process (PID=162) to work on /home/airflow/.local/lib/python3.10/site-packages/airflow/example_dags/example_datasets.py
[2022-12-15T05:57:29.276+0000] {processor.py:756} INFO - Processing file /home/airflow/.local/lib/python3.10/site-packages/airflow/example_dags/example_datasets.py for tasks to queue
[2022-12-15T05:57:29.276+0000] {logging_mixin.py:137} INFO - [2022-12-15T05:57:29.276+0000] {dagbag.py:537} INFO - Filling up the DagBag from /home/airflow/.local/lib/python3.10/site-packages/airflow/example_dags/example_datasets.py
[2022-12-15T05:57:29.290+0000] {processor.py:766} INFO - DAG(s) dict_keys(['dataset_consumes_1_never_scheduled', 'dataset_consumes_1_and_2', 'dataset_consumes_unknown_never_scheduled', 'dataset_produces_2', 'dataset_consumes_1', 'dataset_produces_1']) retrieved from /home/airflow/.local/lib/python3.10/site-packages/airflow/example_dags/example_datasets.py
[2022-12-15T05:57:29.341+0000] {logging_mixin.py:137} INFO - [2022-12-15T05:57:29.341+0000] {dag.py:2585} INFO - Sync 6 DAGs
[2022-12-15T05:57:29.363+0000] {logging_mixin.py:137} INFO - [2022-12-15T05:57:29.363+0000] {dag.py:3336} INFO - Setting next_dagrun for dataset_consumes_1 to None, run_after=None
[2022-12-15T05:57:29.366+0000] {logging_mixin.py:137} INFO - [2022-12-15T05:57:29.366+0000] {dag.py:3336} INFO - Setting next_dagrun for dataset_consumes_1_and_2 to None, run_after=None
[2022-12-15T05:57:29.367+0000] {logging_mixin.py:137} INFO - [2022-12-15T05:57:29.367+0000] {dag.py:3336} INFO - Setting next_dagrun for dataset_consumes_1_never_scheduled to None, run_after=None
[2022-12-15T05:57:29.368+0000] {logging_mixin.py:137} INFO - [2022-12-15T05:57:29.368+0000] {dag.py:3336} INFO - Setting next_dagrun for dataset_consumes_unknown_never_scheduled to None, run_after=None
[2022-12-15T05:57:29.371+0000] {logging_mixin.py:137} INFO - [2022-12-15T05:57:29.371+0000] {dag.py:3336} INFO - Setting next_dagrun for dataset_produces_1 to 2022-12-14T00:00:00+00:00, run_after=2022-12-15T00:00:00+00:00
[2022-12-15T05:57:29.372+0000] {logging_mixin.py:137} INFO - [2022-12-15T05:57:29.372+0000] {dag.py:3336} INFO - Setting next_dagrun for dataset_produces_2 to None, run_after=None
[2022-12-15T05:57:29.399+0000] {processor.py:176} INFO - Processing /home/airflow/.local/lib/python3.10/site-packages/airflow/example_dags/example_datasets.py took 0.126 seconds
[2022-12-15T05:59:38.088+0000] {processor.py:154} INFO - Started process (PID=51) to work on /home/airflow/.local/lib/python3.10/site-packages/airflow/example_dags/example_datasets.py
[2022-12-15T05:59:38.089+0000] {processor.py:756} INFO - Processing file /home/airflow/.local/lib/python3.10/site-packages/airflow/example_dags/example_datasets.py for tasks to queue
[2022-12-15T05:59:38.090+0000] {logging_mixin.py:137} INFO - [2022-12-15T05:59:38.090+0000] {dagbag.py:537} INFO - Filling up the DagBag from /home/airflow/.local/lib/python3.10/site-packages/airflow/example_dags/example_datasets.py
[2022-12-15T05:59:38.136+0000] {processor.py:766} INFO - DAG(s) dict_keys(['dataset_produces_1', 'dataset_consumes_unknown_never_scheduled', 'dataset_produces_2', 'dataset_consumes_1_never_scheduled', 'dataset_consumes_1', 'dataset_consumes_1_and_2']) retrieved from /home/airflow/.local/lib/python3.10/site-packages/airflow/example_dags/example_datasets.py
[2022-12-15T05:59:38.386+0000] {logging_mixin.py:137} INFO - [2022-12-15T05:59:38.386+0000] {dag.py:2585} INFO - Sync 6 DAGs
[2022-12-15T05:59:38.409+0000] {logging_mixin.py:137} INFO - [2022-12-15T05:59:38.409+0000] {dag.py:3336} INFO - Setting next_dagrun for dataset_consumes_1 to None, run_after=None
[2022-12-15T05:59:38.413+0000] {logging_mixin.py:137} INFO - [2022-12-15T05:59:38.413+0000] {dag.py:3336} INFO - Setting next_dagrun for dataset_consumes_1_and_2 to None, run_after=None
[2022-12-15T05:59:38.415+0000] {logging_mixin.py:137} INFO - [2022-12-15T05:59:38.414+0000] {dag.py:3336} INFO - Setting next_dagrun for dataset_consumes_1_never_scheduled to None, run_after=None
[2022-12-15T05:59:38.415+0000] {logging_mixin.py:137} INFO - [2022-12-15T05:59:38.415+0000] {dag.py:3336} INFO - Setting next_dagrun for dataset_consumes_unknown_never_scheduled to None, run_after=None
[2022-12-15T05:59:38.418+0000] {logging_mixin.py:137} INFO - [2022-12-15T05:59:38.418+0000] {dag.py:3336} INFO - Setting next_dagrun for dataset_produces_1 to 2022-12-14T00:00:00+00:00, run_after=2022-12-15T00:00:00+00:00
[2022-12-15T05:59:38.420+0000] {logging_mixin.py:137} INFO - [2022-12-15T05:59:38.420+0000] {dag.py:3336} INFO - Setting next_dagrun for dataset_produces_2 to None, run_after=None
[2022-12-15T05:59:38.465+0000] {processor.py:176} INFO - Processing /home/airflow/.local/lib/python3.10/site-packages/airflow/example_dags/example_datasets.py took 0.380 seconds
[2022-12-15T06:00:08.497+0000] {processor.py:154} INFO - Started process (PID=102) to work on /home/airflow/.local/lib/python3.10/site-packages/airflow/example_dags/example_datasets.py
[2022-12-15T06:00:08.497+0000] {processor.py:756} INFO - Processing file /home/airflow/.local/lib/python3.10/site-packages/airflow/example_dags/example_datasets.py for tasks to queue
[2022-12-15T06:00:08.498+0000] {logging_mixin.py:137} INFO - [2022-12-15T06:00:08.498+0000] {dagbag.py:537} INFO - Filling up the DagBag from /home/airflow/.local/lib/python3.10/site-packages/airflow/example_dags/example_datasets.py
[2022-12-15T06:00:08.634+0000] {processor.py:766} INFO - DAG(s) dict_keys(['dataset_consumes_1', 'dataset_produces_1', 'dataset_produces_2', 'dataset_consumes_1_and_2', 'dataset_consumes_unknown_never_scheduled', 'dataset_consumes_1_never_scheduled']) retrieved from /home/airflow/.local/lib/python3.10/site-packages/airflow/example_dags/example_datasets.py
[2022-12-15T06:00:08.744+0000] {logging_mixin.py:137} INFO - [2022-12-15T06:00:08.743+0000] {dag.py:2585} INFO - Sync 6 DAGs
[2022-12-15T06:00:08.763+0000] {logging_mixin.py:137} INFO - [2022-12-15T06:00:08.762+0000] {dag.py:3336} INFO - Setting next_dagrun for dataset_consumes_1 to None, run_after=None
[2022-12-15T06:00:08.765+0000] {logging_mixin.py:137} INFO - [2022-12-15T06:00:08.765+0000] {dag.py:3336} INFO - Setting next_dagrun for dataset_consumes_1_and_2 to None, run_after=None
[2022-12-15T06:00:08.767+0000] {logging_mixin.py:137} INFO - [2022-12-15T06:00:08.767+0000] {dag.py:3336} INFO - Setting next_dagrun for dataset_consumes_1_never_scheduled to None, run_after=None
[2022-12-15T06:00:08.768+0000] {logging_mixin.py:137} INFO - [2022-12-15T06:00:08.768+0000] {dag.py:3336} INFO - Setting next_dagrun for dataset_consumes_unknown_never_scheduled to None, run_after=None
[2022-12-15T06:00:08.770+0000] {logging_mixin.py:137} INFO - [2022-12-15T06:00:08.770+0000] {dag.py:3336} INFO - Setting next_dagrun for dataset_produces_1 to 2022-12-14T00:00:00+00:00, run_after=2022-12-15T00:00:00+00:00
[2022-12-15T06:00:08.771+0000] {logging_mixin.py:137} INFO - [2022-12-15T06:00:08.771+0000] {dag.py:3336} INFO - Setting next_dagrun for dataset_produces_2 to None, run_after=None
[2022-12-15T06:00:08.804+0000] {processor.py:176} INFO - Processing /home/airflow/.local/lib/python3.10/site-packages/airflow/example_dags/example_datasets.py took 0.309 seconds
[2022-12-15T06:00:39.241+0000] {processor.py:154} INFO - Started process (PID=161) to work on /home/airflow/.local/lib/python3.10/site-packages/airflow/example_dags/example_datasets.py
[2022-12-15T06:00:39.241+0000] {processor.py:756} INFO - Processing file /home/airflow/.local/lib/python3.10/site-packages/airflow/example_dags/example_datasets.py for tasks to queue
[2022-12-15T06:00:39.242+0000] {logging_mixin.py:137} INFO - [2022-12-15T06:00:39.242+0000] {dagbag.py:537} INFO - Filling up the DagBag from /home/airflow/.local/lib/python3.10/site-packages/airflow/example_dags/example_datasets.py
[2022-12-15T06:00:39.255+0000] {processor.py:766} INFO - DAG(s) dict_keys(['dataset_produces_2', 'dataset_consumes_1_and_2', 'dataset_consumes_1', 'dataset_consumes_1_never_scheduled', 'dataset_produces_1', 'dataset_consumes_unknown_never_scheduled']) retrieved from /home/airflow/.local/lib/python3.10/site-packages/airflow/example_dags/example_datasets.py
[2022-12-15T06:00:39.325+0000] {logging_mixin.py:137} INFO - [2022-12-15T06:00:39.325+0000] {dag.py:2585} INFO - Sync 6 DAGs
[2022-12-15T06:00:39.350+0000] {logging_mixin.py:137} INFO - [2022-12-15T06:00:39.350+0000] {dag.py:3336} INFO - Setting next_dagrun for dataset_consumes_1 to None, run_after=None
[2022-12-15T06:00:39.353+0000] {logging_mixin.py:137} INFO - [2022-12-15T06:00:39.353+0000] {dag.py:3336} INFO - Setting next_dagrun for dataset_consumes_1_and_2 to None, run_after=None
[2022-12-15T06:00:39.355+0000] {logging_mixin.py:137} INFO - [2022-12-15T06:00:39.355+0000] {dag.py:3336} INFO - Setting next_dagrun for dataset_consumes_1_never_scheduled to None, run_after=None
[2022-12-15T06:00:39.356+0000] {logging_mixin.py:137} INFO - [2022-12-15T06:00:39.356+0000] {dag.py:3336} INFO - Setting next_dagrun for dataset_consumes_unknown_never_scheduled to None, run_after=None
[2022-12-15T06:00:39.359+0000] {logging_mixin.py:137} INFO - [2022-12-15T06:00:39.359+0000] {dag.py:3336} INFO - Setting next_dagrun for dataset_produces_1 to 2022-12-14T00:00:00+00:00, run_after=2022-12-15T00:00:00+00:00
[2022-12-15T06:00:39.361+0000] {logging_mixin.py:137} INFO - [2022-12-15T06:00:39.360+0000] {dag.py:3336} INFO - Setting next_dagrun for dataset_produces_2 to None, run_after=None
[2022-12-15T06:00:39.394+0000] {processor.py:176} INFO - Processing /home/airflow/.local/lib/python3.10/site-packages/airflow/example_dags/example_datasets.py took 0.155 seconds
[2022-12-15T06:01:10.083+0000] {processor.py:154} INFO - Started process (PID=220) to work on /home/airflow/.local/lib/python3.10/site-packages/airflow/example_dags/example_datasets.py
[2022-12-15T06:01:10.083+0000] {processor.py:756} INFO - Processing file /home/airflow/.local/lib/python3.10/site-packages/airflow/example_dags/example_datasets.py for tasks to queue
[2022-12-15T06:01:10.084+0000] {logging_mixin.py:137} INFO - [2022-12-15T06:01:10.084+0000] {dagbag.py:537} INFO - Filling up the DagBag from /home/airflow/.local/lib/python3.10/site-packages/airflow/example_dags/example_datasets.py
[2022-12-15T06:01:10.098+0000] {processor.py:766} INFO - DAG(s) dict_keys(['dataset_produces_1', 'dataset_consumes_1_and_2', 'dataset_consumes_unknown_never_scheduled', 'dataset_consumes_1_never_scheduled', 'dataset_produces_2', 'dataset_consumes_1']) retrieved from /home/airflow/.local/lib/python3.10/site-packages/airflow/example_dags/example_datasets.py
[2022-12-15T06:01:10.150+0000] {logging_mixin.py:137} INFO - [2022-12-15T06:01:10.150+0000] {dag.py:2585} INFO - Sync 6 DAGs
[2022-12-15T06:01:10.172+0000] {logging_mixin.py:137} INFO - [2022-12-15T06:01:10.172+0000] {dag.py:3336} INFO - Setting next_dagrun for dataset_consumes_1 to None, run_after=None
[2022-12-15T06:01:10.175+0000] {logging_mixin.py:137} INFO - [2022-12-15T06:01:10.175+0000] {dag.py:3336} INFO - Setting next_dagrun for dataset_consumes_1_and_2 to None, run_after=None
[2022-12-15T06:01:10.176+0000] {logging_mixin.py:137} INFO - [2022-12-15T06:01:10.176+0000] {dag.py:3336} INFO - Setting next_dagrun for dataset_consumes_1_never_scheduled to None, run_after=None
[2022-12-15T06:01:10.177+0000] {logging_mixin.py:137} INFO - [2022-12-15T06:01:10.177+0000] {dag.py:3336} INFO - Setting next_dagrun for dataset_consumes_unknown_never_scheduled to None, run_after=None
[2022-12-15T06:01:10.180+0000] {logging_mixin.py:137} INFO - [2022-12-15T06:01:10.180+0000] {dag.py:3336} INFO - Setting next_dagrun for dataset_produces_1 to 2022-12-14T00:00:00+00:00, run_after=2022-12-15T00:00:00+00:00
[2022-12-15T06:01:10.181+0000] {logging_mixin.py:137} INFO - [2022-12-15T06:01:10.181+0000] {dag.py:3336} INFO - Setting next_dagrun for dataset_produces_2 to None, run_after=None
[2022-12-15T06:01:10.207+0000] {processor.py:176} INFO - Processing /home/airflow/.local/lib/python3.10/site-packages/airflow/example_dags/example_datasets.py took 0.127 seconds
[2022-12-15T06:01:40.435+0000] {processor.py:154} INFO - Started process (PID=271) to work on /home/airflow/.local/lib/python3.10/site-packages/airflow/example_dags/example_datasets.py
[2022-12-15T06:01:40.436+0000] {processor.py:756} INFO - Processing file /home/airflow/.local/lib/python3.10/site-packages/airflow/example_dags/example_datasets.py for tasks to queue
[2022-12-15T06:01:40.436+0000] {logging_mixin.py:137} INFO - [2022-12-15T06:01:40.436+0000] {dagbag.py:537} INFO - Filling up the DagBag from /home/airflow/.local/lib/python3.10/site-packages/airflow/example_dags/example_datasets.py
[2022-12-15T06:01:40.451+0000] {processor.py:766} INFO - DAG(s) dict_keys(['dataset_consumes_1', 'dataset_consumes_1_never_scheduled', 'dataset_produces_2', 'dataset_consumes_unknown_never_scheduled', 'dataset_consumes_1_and_2', 'dataset_produces_1']) retrieved from /home/airflow/.local/lib/python3.10/site-packages/airflow/example_dags/example_datasets.py
[2022-12-15T06:01:40.513+0000] {logging_mixin.py:137} INFO - [2022-12-15T06:01:40.513+0000] {dag.py:2585} INFO - Sync 6 DAGs
[2022-12-15T06:01:40.537+0000] {logging_mixin.py:137} INFO - [2022-12-15T06:01:40.537+0000] {dag.py:3336} INFO - Setting next_dagrun for dataset_consumes_1 to None, run_after=None
[2022-12-15T06:01:40.540+0000] {logging_mixin.py:137} INFO - [2022-12-15T06:01:40.540+0000] {dag.py:3336} INFO - Setting next_dagrun for dataset_consumes_1_and_2 to None, run_after=None
[2022-12-15T06:01:40.542+0000] {logging_mixin.py:137} INFO - [2022-12-15T06:01:40.542+0000] {dag.py:3336} INFO - Setting next_dagrun for dataset_consumes_1_never_scheduled to None, run_after=None
[2022-12-15T06:01:40.544+0000] {logging_mixin.py:137} INFO - [2022-12-15T06:01:40.543+0000] {dag.py:3336} INFO - Setting next_dagrun for dataset_consumes_unknown_never_scheduled to None, run_after=None
[2022-12-15T06:01:40.547+0000] {logging_mixin.py:137} INFO - [2022-12-15T06:01:40.546+0000] {dag.py:3336} INFO - Setting next_dagrun for dataset_produces_1 to 2022-12-14T00:00:00+00:00, run_after=2022-12-15T00:00:00+00:00
[2022-12-15T06:01:40.548+0000] {logging_mixin.py:137} INFO - [2022-12-15T06:01:40.548+0000] {dag.py:3336} INFO - Setting next_dagrun for dataset_produces_2 to None, run_after=None
[2022-12-15T06:01:40.580+0000] {processor.py:176} INFO - Processing /home/airflow/.local/lib/python3.10/site-packages/airflow/example_dags/example_datasets.py took 0.147 seconds
