[2022-12-15T05:51:30.420+0000] {processor.py:154} INFO - Started process (PID=49) to work on /home/airflow/.local/lib/python3.10/site-packages/airflow/example_dags/example_branch_labels.py
[2022-12-15T05:51:30.421+0000] {processor.py:756} INFO - Processing file /home/airflow/.local/lib/python3.10/site-packages/airflow/example_dags/example_branch_labels.py for tasks to queue
[2022-12-15T05:51:30.422+0000] {logging_mixin.py:137} INFO - [2022-12-15T05:51:30.422+0000] {dagbag.py:537} INFO - Filling up the DagBag from /home/airflow/.local/lib/python3.10/site-packages/airflow/example_dags/example_branch_labels.py
[2022-12-15T05:51:30.446+0000] {processor.py:766} INFO - DAG(s) dict_keys(['example_branch_labels']) retrieved from /home/airflow/.local/lib/python3.10/site-packages/airflow/example_dags/example_branch_labels.py
[2022-12-15T05:51:30.879+0000] {logging_mixin.py:137} INFO - [2022-12-15T05:51:30.878+0000] {manager.py:507} INFO - Created Permission View: can delete on DAG:example_branch_labels
[2022-12-15T05:51:30.903+0000] {logging_mixin.py:137} INFO - [2022-12-15T05:51:30.903+0000] {manager.py:507} INFO - Created Permission View: can edit on DAG:example_branch_labels
[2022-12-15T05:51:30.917+0000] {logging_mixin.py:137} INFO - [2022-12-15T05:51:30.917+0000] {manager.py:507} INFO - Created Permission View: can read on DAG:example_branch_labels
[2022-12-15T05:51:30.917+0000] {logging_mixin.py:137} INFO - [2022-12-15T05:51:30.917+0000] {dag.py:2585} INFO - Sync 1 DAGs
[2022-12-15T05:51:30.935+0000] {logging_mixin.py:137} INFO - [2022-12-15T05:51:30.934+0000] {dag.py:2606} INFO - Creating ORM DAG for example_branch_labels
[2022-12-15T05:51:30.954+0000] {logging_mixin.py:137} INFO - [2022-12-15T05:51:30.954+0000] {dag.py:3336} INFO - Setting next_dagrun for example_branch_labels to 2022-12-14T00:00:00+00:00, run_after=2022-12-15T00:00:00+00:00
[2022-12-15T05:51:31.069+0000] {processor.py:176} INFO - Processing /home/airflow/.local/lib/python3.10/site-packages/airflow/example_dags/example_branch_labels.py took 0.654 seconds
[2022-12-15T05:52:01.731+0000] {processor.py:154} INFO - Started process (PID=108) to work on /home/airflow/.local/lib/python3.10/site-packages/airflow/example_dags/example_branch_labels.py
[2022-12-15T05:52:01.731+0000] {processor.py:756} INFO - Processing file /home/airflow/.local/lib/python3.10/site-packages/airflow/example_dags/example_branch_labels.py for tasks to queue
[2022-12-15T05:52:01.732+0000] {logging_mixin.py:137} INFO - [2022-12-15T05:52:01.732+0000] {dagbag.py:537} INFO - Filling up the DagBag from /home/airflow/.local/lib/python3.10/site-packages/airflow/example_dags/example_branch_labels.py
[2022-12-15T05:52:01.746+0000] {processor.py:766} INFO - DAG(s) dict_keys(['example_branch_labels']) retrieved from /home/airflow/.local/lib/python3.10/site-packages/airflow/example_dags/example_branch_labels.py
[2022-12-15T05:52:01.921+0000] {logging_mixin.py:137} INFO - [2022-12-15T05:52:01.921+0000] {dag.py:2585} INFO - Sync 1 DAGs
[2022-12-15T05:52:01.943+0000] {logging_mixin.py:137} INFO - [2022-12-15T05:52:01.943+0000] {dag.py:3336} INFO - Setting next_dagrun for example_branch_labels to 2022-12-14T00:00:00+00:00, run_after=2022-12-15T00:00:00+00:00
[2022-12-15T05:52:01.969+0000] {processor.py:176} INFO - Processing /home/airflow/.local/lib/python3.10/site-packages/airflow/example_dags/example_branch_labels.py took 0.241 seconds
[2022-12-15T05:52:32.028+0000] {processor.py:154} INFO - Started process (PID=161) to work on /home/airflow/.local/lib/python3.10/site-packages/airflow/example_dags/example_branch_labels.py
[2022-12-15T05:52:32.029+0000] {processor.py:756} INFO - Processing file /home/airflow/.local/lib/python3.10/site-packages/airflow/example_dags/example_branch_labels.py for tasks to queue
[2022-12-15T05:52:32.029+0000] {logging_mixin.py:137} INFO - [2022-12-15T05:52:32.029+0000] {dagbag.py:537} INFO - Filling up the DagBag from /home/airflow/.local/lib/python3.10/site-packages/airflow/example_dags/example_branch_labels.py
[2022-12-15T05:52:32.263+0000] {processor.py:766} INFO - DAG(s) dict_keys(['example_branch_labels']) retrieved from /home/airflow/.local/lib/python3.10/site-packages/airflow/example_dags/example_branch_labels.py
[2022-12-15T05:52:32.314+0000] {logging_mixin.py:137} INFO - [2022-12-15T05:52:32.314+0000] {dag.py:2585} INFO - Sync 1 DAGs
[2022-12-15T05:52:32.359+0000] {logging_mixin.py:137} INFO - [2022-12-15T05:52:32.358+0000] {dag.py:3336} INFO - Setting next_dagrun for example_branch_labels to 2022-12-14T00:00:00+00:00, run_after=2022-12-15T00:00:00+00:00
[2022-12-15T05:52:32.394+0000] {processor.py:176} INFO - Processing /home/airflow/.local/lib/python3.10/site-packages/airflow/example_dags/example_branch_labels.py took 0.369 seconds
[2022-12-15T05:53:02.595+0000] {processor.py:154} INFO - Started process (PID=219) to work on /home/airflow/.local/lib/python3.10/site-packages/airflow/example_dags/example_branch_labels.py
[2022-12-15T05:53:02.596+0000] {processor.py:756} INFO - Processing file /home/airflow/.local/lib/python3.10/site-packages/airflow/example_dags/example_branch_labels.py for tasks to queue
[2022-12-15T05:53:02.596+0000] {logging_mixin.py:137} INFO - [2022-12-15T05:53:02.596+0000] {dagbag.py:537} INFO - Filling up the DagBag from /home/airflow/.local/lib/python3.10/site-packages/airflow/example_dags/example_branch_labels.py
[2022-12-15T05:53:02.614+0000] {processor.py:766} INFO - DAG(s) dict_keys(['example_branch_labels']) retrieved from /home/airflow/.local/lib/python3.10/site-packages/airflow/example_dags/example_branch_labels.py
[2022-12-15T05:53:02.655+0000] {logging_mixin.py:137} INFO - [2022-12-15T05:53:02.654+0000] {dag.py:2585} INFO - Sync 1 DAGs
[2022-12-15T05:53:02.680+0000] {logging_mixin.py:137} INFO - [2022-12-15T05:53:02.680+0000] {dag.py:3336} INFO - Setting next_dagrun for example_branch_labels to 2022-12-14T00:00:00+00:00, run_after=2022-12-15T00:00:00+00:00
[2022-12-15T05:53:02.704+0000] {processor.py:176} INFO - Processing /home/airflow/.local/lib/python3.10/site-packages/airflow/example_dags/example_branch_labels.py took 0.111 seconds
[2022-12-15T05:53:32.951+0000] {processor.py:154} INFO - Started process (PID=270) to work on /home/airflow/.local/lib/python3.10/site-packages/airflow/example_dags/example_branch_labels.py
[2022-12-15T05:53:32.954+0000] {processor.py:756} INFO - Processing file /home/airflow/.local/lib/python3.10/site-packages/airflow/example_dags/example_branch_labels.py for tasks to queue
[2022-12-15T05:53:32.954+0000] {logging_mixin.py:137} INFO - [2022-12-15T05:53:32.954+0000] {dagbag.py:537} INFO - Filling up the DagBag from /home/airflow/.local/lib/python3.10/site-packages/airflow/example_dags/example_branch_labels.py
[2022-12-15T05:53:32.967+0000] {processor.py:766} INFO - DAG(s) dict_keys(['example_branch_labels']) retrieved from /home/airflow/.local/lib/python3.10/site-packages/airflow/example_dags/example_branch_labels.py
[2022-12-15T05:53:33.048+0000] {logging_mixin.py:137} INFO - [2022-12-15T05:53:33.047+0000] {dag.py:2585} INFO - Sync 1 DAGs
[2022-12-15T05:53:33.071+0000] {logging_mixin.py:137} INFO - [2022-12-15T05:53:33.071+0000] {dag.py:3336} INFO - Setting next_dagrun for example_branch_labels to 2022-12-14T00:00:00+00:00, run_after=2022-12-15T00:00:00+00:00
[2022-12-15T05:53:33.092+0000] {processor.py:176} INFO - Processing /home/airflow/.local/lib/python3.10/site-packages/airflow/example_dags/example_branch_labels.py took 0.144 seconds
[2022-12-15T05:54:03.445+0000] {processor.py:154} INFO - Started process (PID=328) to work on /home/airflow/.local/lib/python3.10/site-packages/airflow/example_dags/example_branch_labels.py
[2022-12-15T05:54:03.446+0000] {processor.py:756} INFO - Processing file /home/airflow/.local/lib/python3.10/site-packages/airflow/example_dags/example_branch_labels.py for tasks to queue
[2022-12-15T05:54:03.446+0000] {logging_mixin.py:137} INFO - [2022-12-15T05:54:03.446+0000] {dagbag.py:537} INFO - Filling up the DagBag from /home/airflow/.local/lib/python3.10/site-packages/airflow/example_dags/example_branch_labels.py
[2022-12-15T05:54:03.459+0000] {processor.py:766} INFO - DAG(s) dict_keys(['example_branch_labels']) retrieved from /home/airflow/.local/lib/python3.10/site-packages/airflow/example_dags/example_branch_labels.py
[2022-12-15T05:54:03.498+0000] {logging_mixin.py:137} INFO - [2022-12-15T05:54:03.498+0000] {dag.py:2585} INFO - Sync 1 DAGs
[2022-12-15T05:54:03.519+0000] {logging_mixin.py:137} INFO - [2022-12-15T05:54:03.519+0000] {dag.py:3336} INFO - Setting next_dagrun for example_branch_labels to 2022-12-14T00:00:00+00:00, run_after=2022-12-15T00:00:00+00:00
[2022-12-15T05:54:03.541+0000] {processor.py:176} INFO - Processing /home/airflow/.local/lib/python3.10/site-packages/airflow/example_dags/example_branch_labels.py took 0.097 seconds
[2022-12-15T05:54:33.797+0000] {processor.py:154} INFO - Started process (PID=386) to work on /home/airflow/.local/lib/python3.10/site-packages/airflow/example_dags/example_branch_labels.py
[2022-12-15T05:54:33.798+0000] {processor.py:756} INFO - Processing file /home/airflow/.local/lib/python3.10/site-packages/airflow/example_dags/example_branch_labels.py for tasks to queue
[2022-12-15T05:54:33.799+0000] {logging_mixin.py:137} INFO - [2022-12-15T05:54:33.799+0000] {dagbag.py:537} INFO - Filling up the DagBag from /home/airflow/.local/lib/python3.10/site-packages/airflow/example_dags/example_branch_labels.py
[2022-12-15T05:54:33.812+0000] {processor.py:766} INFO - DAG(s) dict_keys(['example_branch_labels']) retrieved from /home/airflow/.local/lib/python3.10/site-packages/airflow/example_dags/example_branch_labels.py
[2022-12-15T05:54:33.844+0000] {logging_mixin.py:137} INFO - [2022-12-15T05:54:33.844+0000] {dag.py:2585} INFO - Sync 1 DAGs
[2022-12-15T05:54:33.867+0000] {logging_mixin.py:137} INFO - [2022-12-15T05:54:33.866+0000] {dag.py:3336} INFO - Setting next_dagrun for example_branch_labels to 2022-12-14T00:00:00+00:00, run_after=2022-12-15T00:00:00+00:00
[2022-12-15T05:54:33.886+0000] {processor.py:176} INFO - Processing /home/airflow/.local/lib/python3.10/site-packages/airflow/example_dags/example_branch_labels.py took 0.091 seconds
[2022-12-15T05:55:04.235+0000] {processor.py:154} INFO - Started process (PID=437) to work on /home/airflow/.local/lib/python3.10/site-packages/airflow/example_dags/example_branch_labels.py
[2022-12-15T05:55:04.236+0000] {processor.py:756} INFO - Processing file /home/airflow/.local/lib/python3.10/site-packages/airflow/example_dags/example_branch_labels.py for tasks to queue
[2022-12-15T05:55:04.236+0000] {logging_mixin.py:137} INFO - [2022-12-15T05:55:04.236+0000] {dagbag.py:537} INFO - Filling up the DagBag from /home/airflow/.local/lib/python3.10/site-packages/airflow/example_dags/example_branch_labels.py
[2022-12-15T05:55:04.248+0000] {processor.py:766} INFO - DAG(s) dict_keys(['example_branch_labels']) retrieved from /home/airflow/.local/lib/python3.10/site-packages/airflow/example_dags/example_branch_labels.py
[2022-12-15T05:55:04.282+0000] {logging_mixin.py:137} INFO - [2022-12-15T05:55:04.282+0000] {dag.py:2585} INFO - Sync 1 DAGs
[2022-12-15T05:55:04.303+0000] {logging_mixin.py:137} INFO - [2022-12-15T05:55:04.303+0000] {dag.py:3336} INFO - Setting next_dagrun for example_branch_labels to 2022-12-14T00:00:00+00:00, run_after=2022-12-15T00:00:00+00:00
[2022-12-15T05:55:04.322+0000] {processor.py:176} INFO - Processing /home/airflow/.local/lib/python3.10/site-packages/airflow/example_dags/example_branch_labels.py took 0.088 seconds
[2022-12-15T05:55:34.518+0000] {processor.py:154} INFO - Started process (PID=496) to work on /home/airflow/.local/lib/python3.10/site-packages/airflow/example_dags/example_branch_labels.py
[2022-12-15T05:55:34.519+0000] {processor.py:756} INFO - Processing file /home/airflow/.local/lib/python3.10/site-packages/airflow/example_dags/example_branch_labels.py for tasks to queue
[2022-12-15T05:55:34.520+0000] {logging_mixin.py:137} INFO - [2022-12-15T05:55:34.520+0000] {dagbag.py:537} INFO - Filling up the DagBag from /home/airflow/.local/lib/python3.10/site-packages/airflow/example_dags/example_branch_labels.py
[2022-12-15T05:55:34.532+0000] {processor.py:766} INFO - DAG(s) dict_keys(['example_branch_labels']) retrieved from /home/airflow/.local/lib/python3.10/site-packages/airflow/example_dags/example_branch_labels.py
[2022-12-15T05:55:34.566+0000] {logging_mixin.py:137} INFO - [2022-12-15T05:55:34.566+0000] {dag.py:2585} INFO - Sync 1 DAGs
[2022-12-15T05:55:34.589+0000] {logging_mixin.py:137} INFO - [2022-12-15T05:55:34.589+0000] {dag.py:3336} INFO - Setting next_dagrun for example_branch_labels to 2022-12-14T00:00:00+00:00, run_after=2022-12-15T00:00:00+00:00
[2022-12-15T05:55:34.614+0000] {processor.py:176} INFO - Processing /home/airflow/.local/lib/python3.10/site-packages/airflow/example_dags/example_branch_labels.py took 0.097 seconds
[2022-12-15T05:56:26.928+0000] {processor.py:154} INFO - Started process (PID=47) to work on /home/airflow/.local/lib/python3.10/site-packages/airflow/example_dags/example_branch_labels.py
[2022-12-15T05:56:26.930+0000] {processor.py:756} INFO - Processing file /home/airflow/.local/lib/python3.10/site-packages/airflow/example_dags/example_branch_labels.py for tasks to queue
[2022-12-15T05:56:26.931+0000] {logging_mixin.py:137} INFO - [2022-12-15T05:56:26.931+0000] {dagbag.py:537} INFO - Filling up the DagBag from /home/airflow/.local/lib/python3.10/site-packages/airflow/example_dags/example_branch_labels.py
[2022-12-15T05:56:26.946+0000] {processor.py:766} INFO - DAG(s) dict_keys(['example_branch_labels']) retrieved from /home/airflow/.local/lib/python3.10/site-packages/airflow/example_dags/example_branch_labels.py
[2022-12-15T05:56:27.135+0000] {logging_mixin.py:137} INFO - [2022-12-15T05:56:27.135+0000] {dag.py:2585} INFO - Sync 1 DAGs
[2022-12-15T05:56:27.161+0000] {logging_mixin.py:137} INFO - [2022-12-15T05:56:27.160+0000] {dag.py:3336} INFO - Setting next_dagrun for example_branch_labels to 2022-12-14T00:00:00+00:00, run_after=2022-12-15T00:00:00+00:00
[2022-12-15T05:56:27.185+0000] {processor.py:176} INFO - Processing /home/airflow/.local/lib/python3.10/site-packages/airflow/example_dags/example_branch_labels.py took 0.259 seconds
[2022-12-15T05:56:57.222+0000] {processor.py:154} INFO - Started process (PID=98) to work on /home/airflow/.local/lib/python3.10/site-packages/airflow/example_dags/example_branch_labels.py
[2022-12-15T05:56:57.223+0000] {processor.py:756} INFO - Processing file /home/airflow/.local/lib/python3.10/site-packages/airflow/example_dags/example_branch_labels.py for tasks to queue
[2022-12-15T05:56:57.224+0000] {logging_mixin.py:137} INFO - [2022-12-15T05:56:57.223+0000] {dagbag.py:537} INFO - Filling up the DagBag from /home/airflow/.local/lib/python3.10/site-packages/airflow/example_dags/example_branch_labels.py
[2022-12-15T05:56:57.237+0000] {processor.py:766} INFO - DAG(s) dict_keys(['example_branch_labels']) retrieved from /home/airflow/.local/lib/python3.10/site-packages/airflow/example_dags/example_branch_labels.py
[2022-12-15T05:56:57.383+0000] {logging_mixin.py:137} INFO - [2022-12-15T05:56:57.383+0000] {dag.py:2585} INFO - Sync 1 DAGs
[2022-12-15T05:56:57.403+0000] {logging_mixin.py:137} INFO - [2022-12-15T05:56:57.403+0000] {dag.py:3336} INFO - Setting next_dagrun for example_branch_labels to 2022-12-14T00:00:00+00:00, run_after=2022-12-15T00:00:00+00:00
[2022-12-15T05:56:57.421+0000] {processor.py:176} INFO - Processing /home/airflow/.local/lib/python3.10/site-packages/airflow/example_dags/example_branch_labels.py took 0.201 seconds
[2022-12-15T05:57:28.036+0000] {processor.py:154} INFO - Started process (PID=157) to work on /home/airflow/.local/lib/python3.10/site-packages/airflow/example_dags/example_branch_labels.py
[2022-12-15T05:57:28.037+0000] {processor.py:756} INFO - Processing file /home/airflow/.local/lib/python3.10/site-packages/airflow/example_dags/example_branch_labels.py for tasks to queue
[2022-12-15T05:57:28.038+0000] {logging_mixin.py:137} INFO - [2022-12-15T05:57:28.038+0000] {dagbag.py:537} INFO - Filling up the DagBag from /home/airflow/.local/lib/python3.10/site-packages/airflow/example_dags/example_branch_labels.py
[2022-12-15T05:57:28.051+0000] {processor.py:766} INFO - DAG(s) dict_keys(['example_branch_labels']) retrieved from /home/airflow/.local/lib/python3.10/site-packages/airflow/example_dags/example_branch_labels.py
[2022-12-15T05:57:28.090+0000] {logging_mixin.py:137} INFO - [2022-12-15T05:57:28.089+0000] {dag.py:2585} INFO - Sync 1 DAGs
[2022-12-15T05:57:28.113+0000] {logging_mixin.py:137} INFO - [2022-12-15T05:57:28.113+0000] {dag.py:3336} INFO - Setting next_dagrun for example_branch_labels to 2022-12-14T00:00:00+00:00, run_after=2022-12-15T00:00:00+00:00
[2022-12-15T05:57:28.131+0000] {processor.py:176} INFO - Processing /home/airflow/.local/lib/python3.10/site-packages/airflow/example_dags/example_branch_labels.py took 0.097 seconds
[2022-12-15T05:59:37.428+0000] {processor.py:154} INFO - Started process (PID=47) to work on /home/airflow/.local/lib/python3.10/site-packages/airflow/example_dags/example_branch_labels.py
[2022-12-15T05:59:37.429+0000] {processor.py:756} INFO - Processing file /home/airflow/.local/lib/python3.10/site-packages/airflow/example_dags/example_branch_labels.py for tasks to queue
[2022-12-15T05:59:37.430+0000] {logging_mixin.py:137} INFO - [2022-12-15T05:59:37.430+0000] {dagbag.py:537} INFO - Filling up the DagBag from /home/airflow/.local/lib/python3.10/site-packages/airflow/example_dags/example_branch_labels.py
[2022-12-15T05:59:37.448+0000] {processor.py:766} INFO - DAG(s) dict_keys(['example_branch_labels']) retrieved from /home/airflow/.local/lib/python3.10/site-packages/airflow/example_dags/example_branch_labels.py
[2022-12-15T05:59:37.661+0000] {logging_mixin.py:137} INFO - [2022-12-15T05:59:37.661+0000] {dag.py:2585} INFO - Sync 1 DAGs
[2022-12-15T05:59:37.689+0000] {logging_mixin.py:137} INFO - [2022-12-15T05:59:37.688+0000] {dag.py:3336} INFO - Setting next_dagrun for example_branch_labels to 2022-12-14T00:00:00+00:00, run_after=2022-12-15T00:00:00+00:00
[2022-12-15T05:59:37.714+0000] {processor.py:176} INFO - Processing /home/airflow/.local/lib/python3.10/site-packages/airflow/example_dags/example_branch_labels.py took 0.289 seconds
[2022-12-15T06:00:07.819+0000] {processor.py:154} INFO - Started process (PID=98) to work on /home/airflow/.local/lib/python3.10/site-packages/airflow/example_dags/example_branch_labels.py
[2022-12-15T06:00:07.820+0000] {processor.py:756} INFO - Processing file /home/airflow/.local/lib/python3.10/site-packages/airflow/example_dags/example_branch_labels.py for tasks to queue
[2022-12-15T06:00:07.821+0000] {logging_mixin.py:137} INFO - [2022-12-15T06:00:07.821+0000] {dagbag.py:537} INFO - Filling up the DagBag from /home/airflow/.local/lib/python3.10/site-packages/airflow/example_dags/example_branch_labels.py
[2022-12-15T06:00:07.965+0000] {processor.py:766} INFO - DAG(s) dict_keys(['example_branch_labels']) retrieved from /home/airflow/.local/lib/python3.10/site-packages/airflow/example_dags/example_branch_labels.py
[2022-12-15T06:00:07.995+0000] {logging_mixin.py:137} INFO - [2022-12-15T06:00:07.994+0000] {dag.py:2585} INFO - Sync 1 DAGs
[2022-12-15T06:00:08.015+0000] {logging_mixin.py:137} INFO - [2022-12-15T06:00:08.015+0000] {dag.py:3336} INFO - Setting next_dagrun for example_branch_labels to 2022-12-14T00:00:00+00:00, run_after=2022-12-15T00:00:00+00:00
[2022-12-15T06:00:08.033+0000] {processor.py:176} INFO - Processing /home/airflow/.local/lib/python3.10/site-packages/airflow/example_dags/example_branch_labels.py took 0.216 seconds
[2022-12-15T06:00:38.880+0000] {processor.py:154} INFO - Started process (PID=157) to work on /home/airflow/.local/lib/python3.10/site-packages/airflow/example_dags/example_branch_labels.py
[2022-12-15T06:00:38.881+0000] {processor.py:756} INFO - Processing file /home/airflow/.local/lib/python3.10/site-packages/airflow/example_dags/example_branch_labels.py for tasks to queue
[2022-12-15T06:00:38.882+0000] {logging_mixin.py:137} INFO - [2022-12-15T06:00:38.882+0000] {dagbag.py:537} INFO - Filling up the DagBag from /home/airflow/.local/lib/python3.10/site-packages/airflow/example_dags/example_branch_labels.py
[2022-12-15T06:00:38.901+0000] {processor.py:766} INFO - DAG(s) dict_keys(['example_branch_labels']) retrieved from /home/airflow/.local/lib/python3.10/site-packages/airflow/example_dags/example_branch_labels.py
[2022-12-15T06:00:38.946+0000] {logging_mixin.py:137} INFO - [2022-12-15T06:00:38.946+0000] {dag.py:2585} INFO - Sync 1 DAGs
[2022-12-15T06:00:38.969+0000] {logging_mixin.py:137} INFO - [2022-12-15T06:00:38.969+0000] {dag.py:3336} INFO - Setting next_dagrun for example_branch_labels to 2022-12-14T00:00:00+00:00, run_after=2022-12-15T00:00:00+00:00
[2022-12-15T06:00:38.994+0000] {processor.py:176} INFO - Processing /home/airflow/.local/lib/python3.10/site-packages/airflow/example_dags/example_branch_labels.py took 0.117 seconds
[2022-12-15T06:01:09.809+0000] {processor.py:154} INFO - Started process (PID=216) to work on /home/airflow/.local/lib/python3.10/site-packages/airflow/example_dags/example_branch_labels.py
[2022-12-15T06:01:09.810+0000] {processor.py:756} INFO - Processing file /home/airflow/.local/lib/python3.10/site-packages/airflow/example_dags/example_branch_labels.py for tasks to queue
[2022-12-15T06:01:09.811+0000] {logging_mixin.py:137} INFO - [2022-12-15T06:01:09.810+0000] {dagbag.py:537} INFO - Filling up the DagBag from /home/airflow/.local/lib/python3.10/site-packages/airflow/example_dags/example_branch_labels.py
[2022-12-15T06:01:09.824+0000] {processor.py:766} INFO - DAG(s) dict_keys(['example_branch_labels']) retrieved from /home/airflow/.local/lib/python3.10/site-packages/airflow/example_dags/example_branch_labels.py
[2022-12-15T06:01:09.859+0000] {logging_mixin.py:137} INFO - [2022-12-15T06:01:09.858+0000] {dag.py:2585} INFO - Sync 1 DAGs
[2022-12-15T06:01:09.881+0000] {logging_mixin.py:137} INFO - [2022-12-15T06:01:09.880+0000] {dag.py:3336} INFO - Setting next_dagrun for example_branch_labels to 2022-12-14T00:00:00+00:00, run_after=2022-12-15T00:00:00+00:00
[2022-12-15T06:01:09.898+0000] {processor.py:176} INFO - Processing /home/airflow/.local/lib/python3.10/site-packages/airflow/example_dags/example_branch_labels.py took 0.092 seconds
[2022-12-15T06:01:40.142+0000] {processor.py:154} INFO - Started process (PID=267) to work on /home/airflow/.local/lib/python3.10/site-packages/airflow/example_dags/example_branch_labels.py
[2022-12-15T06:01:40.143+0000] {processor.py:756} INFO - Processing file /home/airflow/.local/lib/python3.10/site-packages/airflow/example_dags/example_branch_labels.py for tasks to queue
[2022-12-15T06:01:40.144+0000] {logging_mixin.py:137} INFO - [2022-12-15T06:01:40.144+0000] {dagbag.py:537} INFO - Filling up the DagBag from /home/airflow/.local/lib/python3.10/site-packages/airflow/example_dags/example_branch_labels.py
[2022-12-15T06:01:40.158+0000] {processor.py:766} INFO - DAG(s) dict_keys(['example_branch_labels']) retrieved from /home/airflow/.local/lib/python3.10/site-packages/airflow/example_dags/example_branch_labels.py
[2022-12-15T06:01:40.197+0000] {logging_mixin.py:137} INFO - [2022-12-15T06:01:40.197+0000] {dag.py:2585} INFO - Sync 1 DAGs
[2022-12-15T06:01:40.225+0000] {logging_mixin.py:137} INFO - [2022-12-15T06:01:40.225+0000] {dag.py:3336} INFO - Setting next_dagrun for example_branch_labels to 2022-12-14T00:00:00+00:00, run_after=2022-12-15T00:00:00+00:00
[2022-12-15T06:01:40.247+0000] {processor.py:176} INFO - Processing /home/airflow/.local/lib/python3.10/site-packages/airflow/example_dags/example_branch_labels.py took 0.107 seconds
