[2022-12-15T05:51:37.076+0000] {processor.py:154} INFO - Started process (PID=68) to work on /home/airflow/.local/lib/python3.10/site-packages/airflow/example_dags/example_branch_datetime_operator.py
[2022-12-15T05:51:37.076+0000] {processor.py:756} INFO - Processing file /home/airflow/.local/lib/python3.10/site-packages/airflow/example_dags/example_branch_datetime_operator.py for tasks to queue
[2022-12-15T05:51:37.077+0000] {logging_mixin.py:137} INFO - [2022-12-15T05:51:37.077+0000] {dagbag.py:537} INFO - Filling up the DagBag from /home/airflow/.local/lib/python3.10/site-packages/airflow/example_dags/example_branch_datetime_operator.py
[2022-12-15T05:51:37.122+0000] {processor.py:766} INFO - DAG(s) dict_keys(['example_branch_datetime_operator', 'example_branch_datetime_operator_2', 'example_branch_datetime_operator_3']) retrieved from /home/airflow/.local/lib/python3.10/site-packages/airflow/example_dags/example_branch_datetime_operator.py
[2022-12-15T05:51:37.431+0000] {logging_mixin.py:137} INFO - [2022-12-15T05:51:37.431+0000] {manager.py:507} INFO - Created Permission View: can delete on DAG:example_branch_datetime_operator
[2022-12-15T05:51:37.449+0000] {logging_mixin.py:137} INFO - [2022-12-15T05:51:37.449+0000] {manager.py:507} INFO - Created Permission View: can edit on DAG:example_branch_datetime_operator
[2022-12-15T05:51:37.459+0000] {logging_mixin.py:137} INFO - [2022-12-15T05:51:37.459+0000] {manager.py:507} INFO - Created Permission View: can read on DAG:example_branch_datetime_operator
[2022-12-15T05:51:37.483+0000] {logging_mixin.py:137} INFO - [2022-12-15T05:51:37.483+0000] {manager.py:507} INFO - Created Permission View: can delete on DAG:example_branch_datetime_operator_2
[2022-12-15T05:51:37.492+0000] {logging_mixin.py:137} INFO - [2022-12-15T05:51:37.492+0000] {manager.py:507} INFO - Created Permission View: can edit on DAG:example_branch_datetime_operator_2
[2022-12-15T05:51:37.502+0000] {logging_mixin.py:137} INFO - [2022-12-15T05:51:37.502+0000] {manager.py:507} INFO - Created Permission View: can read on DAG:example_branch_datetime_operator_2
[2022-12-15T05:51:37.529+0000] {logging_mixin.py:137} INFO - [2022-12-15T05:51:37.528+0000] {manager.py:507} INFO - Created Permission View: can delete on DAG:example_branch_datetime_operator_3
[2022-12-15T05:51:37.539+0000] {logging_mixin.py:137} INFO - [2022-12-15T05:51:37.539+0000] {manager.py:507} INFO - Created Permission View: can edit on DAG:example_branch_datetime_operator_3
[2022-12-15T05:51:37.549+0000] {logging_mixin.py:137} INFO - [2022-12-15T05:51:37.549+0000] {manager.py:507} INFO - Created Permission View: can read on DAG:example_branch_datetime_operator_3
[2022-12-15T05:51:37.549+0000] {logging_mixin.py:137} INFO - [2022-12-15T05:51:37.549+0000] {dag.py:2585} INFO - Sync 3 DAGs
[2022-12-15T05:51:37.560+0000] {logging_mixin.py:137} INFO - [2022-12-15T05:51:37.560+0000] {dag.py:2606} INFO - Creating ORM DAG for example_branch_datetime_operator
[2022-12-15T05:51:37.561+0000] {logging_mixin.py:137} INFO - [2022-12-15T05:51:37.561+0000] {dag.py:2606} INFO - Creating ORM DAG for example_branch_datetime_operator_3
[2022-12-15T05:51:37.562+0000] {logging_mixin.py:137} INFO - [2022-12-15T05:51:37.561+0000] {dag.py:2606} INFO - Creating ORM DAG for example_branch_datetime_operator_2
[2022-12-15T05:51:37.578+0000] {logging_mixin.py:137} INFO - [2022-12-15T05:51:37.578+0000] {dag.py:3336} INFO - Setting next_dagrun for example_branch_datetime_operator to 2022-12-14T00:00:00+00:00, run_after=2022-12-15T00:00:00+00:00
[2022-12-15T05:51:37.581+0000] {logging_mixin.py:137} INFO - [2022-12-15T05:51:37.581+0000] {dag.py:3336} INFO - Setting next_dagrun for example_branch_datetime_operator_2 to 2022-12-14T00:00:00+00:00, run_after=2022-12-15T00:00:00+00:00
[2022-12-15T05:51:37.584+0000] {logging_mixin.py:137} INFO - [2022-12-15T05:51:37.584+0000] {dag.py:3336} INFO - Setting next_dagrun for example_branch_datetime_operator_3 to 2022-12-14T00:00:00+00:00, run_after=2022-12-15T00:00:00+00:00
[2022-12-15T05:51:37.612+0000] {processor.py:176} INFO - Processing /home/airflow/.local/lib/python3.10/site-packages/airflow/example_dags/example_branch_datetime_operator.py took 0.539 seconds
[2022-12-15T05:52:07.644+0000] {processor.py:154} INFO - Started process (PID=127) to work on /home/airflow/.local/lib/python3.10/site-packages/airflow/example_dags/example_branch_datetime_operator.py
[2022-12-15T05:52:07.645+0000] {processor.py:756} INFO - Processing file /home/airflow/.local/lib/python3.10/site-packages/airflow/example_dags/example_branch_datetime_operator.py for tasks to queue
[2022-12-15T05:52:07.645+0000] {logging_mixin.py:137} INFO - [2022-12-15T05:52:07.645+0000] {dagbag.py:537} INFO - Filling up the DagBag from /home/airflow/.local/lib/python3.10/site-packages/airflow/example_dags/example_branch_datetime_operator.py
[2022-12-15T05:52:07.778+0000] {processor.py:766} INFO - DAG(s) dict_keys(['example_branch_datetime_operator', 'example_branch_datetime_operator_2', 'example_branch_datetime_operator_3']) retrieved from /home/airflow/.local/lib/python3.10/site-packages/airflow/example_dags/example_branch_datetime_operator.py
[2022-12-15T05:52:07.813+0000] {logging_mixin.py:137} INFO - [2022-12-15T05:52:07.813+0000] {dag.py:2585} INFO - Sync 3 DAGs
[2022-12-15T05:52:07.834+0000] {logging_mixin.py:137} INFO - [2022-12-15T05:52:07.834+0000] {dag.py:3336} INFO - Setting next_dagrun for example_branch_datetime_operator to 2022-12-14T00:00:00+00:00, run_after=2022-12-15T00:00:00+00:00
[2022-12-15T05:52:07.838+0000] {logging_mixin.py:137} INFO - [2022-12-15T05:52:07.838+0000] {dag.py:3336} INFO - Setting next_dagrun for example_branch_datetime_operator_2 to 2022-12-14T00:00:00+00:00, run_after=2022-12-15T00:00:00+00:00
[2022-12-15T05:52:07.842+0000] {logging_mixin.py:137} INFO - [2022-12-15T05:52:07.841+0000] {dag.py:3336} INFO - Setting next_dagrun for example_branch_datetime_operator_3 to 2022-12-14T00:00:00+00:00, run_after=2022-12-15T00:00:00+00:00
[2022-12-15T05:52:07.869+0000] {processor.py:176} INFO - Processing /home/airflow/.local/lib/python3.10/site-packages/airflow/example_dags/example_branch_datetime_operator.py took 0.226 seconds
[2022-12-15T05:52:38.381+0000] {processor.py:154} INFO - Started process (PID=187) to work on /home/airflow/.local/lib/python3.10/site-packages/airflow/example_dags/example_branch_datetime_operator.py
[2022-12-15T05:52:38.382+0000] {processor.py:756} INFO - Processing file /home/airflow/.local/lib/python3.10/site-packages/airflow/example_dags/example_branch_datetime_operator.py for tasks to queue
[2022-12-15T05:52:38.382+0000] {logging_mixin.py:137} INFO - [2022-12-15T05:52:38.382+0000] {dagbag.py:537} INFO - Filling up the DagBag from /home/airflow/.local/lib/python3.10/site-packages/airflow/example_dags/example_branch_datetime_operator.py
[2022-12-15T05:52:38.398+0000] {processor.py:766} INFO - DAG(s) dict_keys(['example_branch_datetime_operator_3', 'example_branch_datetime_operator', 'example_branch_datetime_operator_2']) retrieved from /home/airflow/.local/lib/python3.10/site-packages/airflow/example_dags/example_branch_datetime_operator.py
[2022-12-15T05:52:38.436+0000] {logging_mixin.py:137} INFO - [2022-12-15T05:52:38.436+0000] {dag.py:2585} INFO - Sync 3 DAGs
[2022-12-15T05:52:38.463+0000] {logging_mixin.py:137} INFO - [2022-12-15T05:52:38.462+0000] {dag.py:3336} INFO - Setting next_dagrun for example_branch_datetime_operator to 2022-12-14T00:00:00+00:00, run_after=2022-12-15T00:00:00+00:00
[2022-12-15T05:52:38.469+0000] {logging_mixin.py:137} INFO - [2022-12-15T05:52:38.469+0000] {dag.py:3336} INFO - Setting next_dagrun for example_branch_datetime_operator_2 to 2022-12-14T00:00:00+00:00, run_after=2022-12-15T00:00:00+00:00
[2022-12-15T05:52:38.472+0000] {logging_mixin.py:137} INFO - [2022-12-15T05:52:38.472+0000] {dag.py:3336} INFO - Setting next_dagrun for example_branch_datetime_operator_3 to 2022-12-14T00:00:00+00:00, run_after=2022-12-15T00:00:00+00:00
[2022-12-15T05:52:38.493+0000] {processor.py:176} INFO - Processing /home/airflow/.local/lib/python3.10/site-packages/airflow/example_dags/example_branch_datetime_operator.py took 0.114 seconds
[2022-12-15T05:53:08.719+0000] {processor.py:154} INFO - Started process (PID=238) to work on /home/airflow/.local/lib/python3.10/site-packages/airflow/example_dags/example_branch_datetime_operator.py
[2022-12-15T05:53:08.720+0000] {processor.py:756} INFO - Processing file /home/airflow/.local/lib/python3.10/site-packages/airflow/example_dags/example_branch_datetime_operator.py for tasks to queue
[2022-12-15T05:53:08.720+0000] {logging_mixin.py:137} INFO - [2022-12-15T05:53:08.720+0000] {dagbag.py:537} INFO - Filling up the DagBag from /home/airflow/.local/lib/python3.10/site-packages/airflow/example_dags/example_branch_datetime_operator.py
[2022-12-15T05:53:08.735+0000] {processor.py:766} INFO - DAG(s) dict_keys(['example_branch_datetime_operator_2', 'example_branch_datetime_operator_3', 'example_branch_datetime_operator']) retrieved from /home/airflow/.local/lib/python3.10/site-packages/airflow/example_dags/example_branch_datetime_operator.py
[2022-12-15T05:53:08.773+0000] {logging_mixin.py:137} INFO - [2022-12-15T05:53:08.773+0000] {dag.py:2585} INFO - Sync 3 DAGs
[2022-12-15T05:53:08.795+0000] {logging_mixin.py:137} INFO - [2022-12-15T05:53:08.794+0000] {dag.py:3336} INFO - Setting next_dagrun for example_branch_datetime_operator to 2022-12-14T00:00:00+00:00, run_after=2022-12-15T00:00:00+00:00
[2022-12-15T05:53:08.799+0000] {logging_mixin.py:137} INFO - [2022-12-15T05:53:08.799+0000] {dag.py:3336} INFO - Setting next_dagrun for example_branch_datetime_operator_2 to 2022-12-14T00:00:00+00:00, run_after=2022-12-15T00:00:00+00:00
[2022-12-15T05:53:08.801+0000] {logging_mixin.py:137} INFO - [2022-12-15T05:53:08.801+0000] {dag.py:3336} INFO - Setting next_dagrun for example_branch_datetime_operator_3 to 2022-12-14T00:00:00+00:00, run_after=2022-12-15T00:00:00+00:00
[2022-12-15T05:53:08.819+0000] {processor.py:176} INFO - Processing /home/airflow/.local/lib/python3.10/site-packages/airflow/example_dags/example_branch_datetime_operator.py took 0.101 seconds
[2022-12-15T05:53:39.212+0000] {processor.py:154} INFO - Started process (PID=296) to work on /home/airflow/.local/lib/python3.10/site-packages/airflow/example_dags/example_branch_datetime_operator.py
[2022-12-15T05:53:39.213+0000] {processor.py:756} INFO - Processing file /home/airflow/.local/lib/python3.10/site-packages/airflow/example_dags/example_branch_datetime_operator.py for tasks to queue
[2022-12-15T05:53:39.214+0000] {logging_mixin.py:137} INFO - [2022-12-15T05:53:39.214+0000] {dagbag.py:537} INFO - Filling up the DagBag from /home/airflow/.local/lib/python3.10/site-packages/airflow/example_dags/example_branch_datetime_operator.py
[2022-12-15T05:53:39.229+0000] {processor.py:766} INFO - DAG(s) dict_keys(['example_branch_datetime_operator', 'example_branch_datetime_operator_2', 'example_branch_datetime_operator_3']) retrieved from /home/airflow/.local/lib/python3.10/site-packages/airflow/example_dags/example_branch_datetime_operator.py
[2022-12-15T05:53:39.274+0000] {logging_mixin.py:137} INFO - [2022-12-15T05:53:39.274+0000] {dag.py:2585} INFO - Sync 3 DAGs
[2022-12-15T05:53:39.296+0000] {logging_mixin.py:137} INFO - [2022-12-15T05:53:39.296+0000] {dag.py:3336} INFO - Setting next_dagrun for example_branch_datetime_operator to 2022-12-14T00:00:00+00:00, run_after=2022-12-15T00:00:00+00:00
[2022-12-15T05:53:39.300+0000] {logging_mixin.py:137} INFO - [2022-12-15T05:53:39.300+0000] {dag.py:3336} INFO - Setting next_dagrun for example_branch_datetime_operator_2 to 2022-12-14T00:00:00+00:00, run_after=2022-12-15T00:00:00+00:00
[2022-12-15T05:53:39.303+0000] {logging_mixin.py:137} INFO - [2022-12-15T05:53:39.303+0000] {dag.py:3336} INFO - Setting next_dagrun for example_branch_datetime_operator_3 to 2022-12-14T00:00:00+00:00, run_after=2022-12-15T00:00:00+00:00
[2022-12-15T05:53:39.322+0000] {processor.py:176} INFO - Processing /home/airflow/.local/lib/python3.10/site-packages/airflow/example_dags/example_branch_datetime_operator.py took 0.112 seconds
[2022-12-15T05:54:09.811+0000] {processor.py:154} INFO - Started process (PID=354) to work on /home/airflow/.local/lib/python3.10/site-packages/airflow/example_dags/example_branch_datetime_operator.py
[2022-12-15T05:54:09.812+0000] {processor.py:756} INFO - Processing file /home/airflow/.local/lib/python3.10/site-packages/airflow/example_dags/example_branch_datetime_operator.py for tasks to queue
[2022-12-15T05:54:09.813+0000] {logging_mixin.py:137} INFO - [2022-12-15T05:54:09.813+0000] {dagbag.py:537} INFO - Filling up the DagBag from /home/airflow/.local/lib/python3.10/site-packages/airflow/example_dags/example_branch_datetime_operator.py
[2022-12-15T05:54:09.830+0000] {processor.py:766} INFO - DAG(s) dict_keys(['example_branch_datetime_operator_3', 'example_branch_datetime_operator_2', 'example_branch_datetime_operator']) retrieved from /home/airflow/.local/lib/python3.10/site-packages/airflow/example_dags/example_branch_datetime_operator.py
[2022-12-15T05:54:09.875+0000] {logging_mixin.py:137} INFO - [2022-12-15T05:54:09.875+0000] {dag.py:2585} INFO - Sync 3 DAGs
[2022-12-15T05:54:09.895+0000] {logging_mixin.py:137} INFO - [2022-12-15T05:54:09.895+0000] {dag.py:3336} INFO - Setting next_dagrun for example_branch_datetime_operator to 2022-12-14T00:00:00+00:00, run_after=2022-12-15T00:00:00+00:00
[2022-12-15T05:54:09.901+0000] {logging_mixin.py:137} INFO - [2022-12-15T05:54:09.901+0000] {dag.py:3336} INFO - Setting next_dagrun for example_branch_datetime_operator_2 to 2022-12-14T00:00:00+00:00, run_after=2022-12-15T00:00:00+00:00
[2022-12-15T05:54:09.904+0000] {logging_mixin.py:137} INFO - [2022-12-15T05:54:09.904+0000] {dag.py:3336} INFO - Setting next_dagrun for example_branch_datetime_operator_3 to 2022-12-14T00:00:00+00:00, run_after=2022-12-15T00:00:00+00:00
[2022-12-15T05:54:09.922+0000] {processor.py:176} INFO - Processing /home/airflow/.local/lib/python3.10/site-packages/airflow/example_dags/example_branch_datetime_operator.py took 0.114 seconds
[2022-12-15T05:54:39.960+0000] {processor.py:154} INFO - Started process (PID=405) to work on /home/airflow/.local/lib/python3.10/site-packages/airflow/example_dags/example_branch_datetime_operator.py
[2022-12-15T05:54:39.960+0000] {processor.py:756} INFO - Processing file /home/airflow/.local/lib/python3.10/site-packages/airflow/example_dags/example_branch_datetime_operator.py for tasks to queue
[2022-12-15T05:54:39.961+0000] {logging_mixin.py:137} INFO - [2022-12-15T05:54:39.961+0000] {dagbag.py:537} INFO - Filling up the DagBag from /home/airflow/.local/lib/python3.10/site-packages/airflow/example_dags/example_branch_datetime_operator.py
[2022-12-15T05:54:39.976+0000] {processor.py:766} INFO - DAG(s) dict_keys(['example_branch_datetime_operator_2', 'example_branch_datetime_operator_3', 'example_branch_datetime_operator']) retrieved from /home/airflow/.local/lib/python3.10/site-packages/airflow/example_dags/example_branch_datetime_operator.py
[2022-12-15T05:54:40.021+0000] {logging_mixin.py:137} INFO - [2022-12-15T05:54:40.021+0000] {dag.py:2585} INFO - Sync 3 DAGs
[2022-12-15T05:54:40.045+0000] {logging_mixin.py:137} INFO - [2022-12-15T05:54:40.045+0000] {dag.py:3336} INFO - Setting next_dagrun for example_branch_datetime_operator to 2022-12-14T00:00:00+00:00, run_after=2022-12-15T00:00:00+00:00
[2022-12-15T05:54:40.050+0000] {logging_mixin.py:137} INFO - [2022-12-15T05:54:40.050+0000] {dag.py:3336} INFO - Setting next_dagrun for example_branch_datetime_operator_2 to 2022-12-14T00:00:00+00:00, run_after=2022-12-15T00:00:00+00:00
[2022-12-15T05:54:40.053+0000] {logging_mixin.py:137} INFO - [2022-12-15T05:54:40.053+0000] {dag.py:3336} INFO - Setting next_dagrun for example_branch_datetime_operator_3 to 2022-12-14T00:00:00+00:00, run_after=2022-12-15T00:00:00+00:00
[2022-12-15T05:54:40.079+0000] {processor.py:176} INFO - Processing /home/airflow/.local/lib/python3.10/site-packages/airflow/example_dags/example_branch_datetime_operator.py took 0.121 seconds
[2022-12-15T05:55:10.483+0000] {processor.py:154} INFO - Started process (PID=463) to work on /home/airflow/.local/lib/python3.10/site-packages/airflow/example_dags/example_branch_datetime_operator.py
[2022-12-15T05:55:10.484+0000] {processor.py:756} INFO - Processing file /home/airflow/.local/lib/python3.10/site-packages/airflow/example_dags/example_branch_datetime_operator.py for tasks to queue
[2022-12-15T05:55:10.485+0000] {logging_mixin.py:137} INFO - [2022-12-15T05:55:10.485+0000] {dagbag.py:537} INFO - Filling up the DagBag from /home/airflow/.local/lib/python3.10/site-packages/airflow/example_dags/example_branch_datetime_operator.py
[2022-12-15T05:55:10.500+0000] {processor.py:766} INFO - DAG(s) dict_keys(['example_branch_datetime_operator_2', 'example_branch_datetime_operator_3', 'example_branch_datetime_operator']) retrieved from /home/airflow/.local/lib/python3.10/site-packages/airflow/example_dags/example_branch_datetime_operator.py
[2022-12-15T05:55:10.543+0000] {logging_mixin.py:137} INFO - [2022-12-15T05:55:10.543+0000] {dag.py:2585} INFO - Sync 3 DAGs
[2022-12-15T05:55:10.564+0000] {logging_mixin.py:137} INFO - [2022-12-15T05:55:10.563+0000] {dag.py:3336} INFO - Setting next_dagrun for example_branch_datetime_operator to 2022-12-14T00:00:00+00:00, run_after=2022-12-15T00:00:00+00:00
[2022-12-15T05:55:10.568+0000] {logging_mixin.py:137} INFO - [2022-12-15T05:55:10.568+0000] {dag.py:3336} INFO - Setting next_dagrun for example_branch_datetime_operator_2 to 2022-12-14T00:00:00+00:00, run_after=2022-12-15T00:00:00+00:00
[2022-12-15T05:55:10.571+0000] {logging_mixin.py:137} INFO - [2022-12-15T05:55:10.571+0000] {dag.py:3336} INFO - Setting next_dagrun for example_branch_datetime_operator_3 to 2022-12-14T00:00:00+00:00, run_after=2022-12-15T00:00:00+00:00
[2022-12-15T05:55:10.587+0000] {processor.py:176} INFO - Processing /home/airflow/.local/lib/python3.10/site-packages/airflow/example_dags/example_branch_datetime_operator.py took 0.106 seconds
[2022-12-15T05:56:30.070+0000] {processor.py:154} INFO - Started process (PID=66) to work on /home/airflow/.local/lib/python3.10/site-packages/airflow/example_dags/example_branch_datetime_operator.py
[2022-12-15T05:56:30.070+0000] {processor.py:756} INFO - Processing file /home/airflow/.local/lib/python3.10/site-packages/airflow/example_dags/example_branch_datetime_operator.py for tasks to queue
[2022-12-15T05:56:30.071+0000] {logging_mixin.py:137} INFO - [2022-12-15T05:56:30.071+0000] {dagbag.py:537} INFO - Filling up the DagBag from /home/airflow/.local/lib/python3.10/site-packages/airflow/example_dags/example_branch_datetime_operator.py
[2022-12-15T05:56:30.092+0000] {processor.py:766} INFO - DAG(s) dict_keys(['example_branch_datetime_operator_2', 'example_branch_datetime_operator', 'example_branch_datetime_operator_3']) retrieved from /home/airflow/.local/lib/python3.10/site-packages/airflow/example_dags/example_branch_datetime_operator.py
[2022-12-15T05:56:30.270+0000] {logging_mixin.py:137} INFO - [2022-12-15T05:56:30.270+0000] {dag.py:2585} INFO - Sync 3 DAGs
[2022-12-15T05:56:30.291+0000] {logging_mixin.py:137} INFO - [2022-12-15T05:56:30.291+0000] {dag.py:3336} INFO - Setting next_dagrun for example_branch_datetime_operator to 2022-12-14T00:00:00+00:00, run_after=2022-12-15T00:00:00+00:00
[2022-12-15T05:56:30.296+0000] {logging_mixin.py:137} INFO - [2022-12-15T05:56:30.296+0000] {dag.py:3336} INFO - Setting next_dagrun for example_branch_datetime_operator_2 to 2022-12-14T00:00:00+00:00, run_after=2022-12-15T00:00:00+00:00
[2022-12-15T05:56:30.299+0000] {logging_mixin.py:137} INFO - [2022-12-15T05:56:30.299+0000] {dag.py:3336} INFO - Setting next_dagrun for example_branch_datetime_operator_3 to 2022-12-14T00:00:00+00:00, run_after=2022-12-15T00:00:00+00:00
[2022-12-15T05:56:30.318+0000] {processor.py:176} INFO - Processing /home/airflow/.local/lib/python3.10/site-packages/airflow/example_dags/example_branch_datetime_operator.py took 0.251 seconds
[2022-12-15T05:57:01.254+0000] {processor.py:154} INFO - Started process (PID=124) to work on /home/airflow/.local/lib/python3.10/site-packages/airflow/example_dags/example_branch_datetime_operator.py
[2022-12-15T05:57:01.255+0000] {processor.py:756} INFO - Processing file /home/airflow/.local/lib/python3.10/site-packages/airflow/example_dags/example_branch_datetime_operator.py for tasks to queue
[2022-12-15T05:57:01.255+0000] {logging_mixin.py:137} INFO - [2022-12-15T05:57:01.255+0000] {dagbag.py:537} INFO - Filling up the DagBag from /home/airflow/.local/lib/python3.10/site-packages/airflow/example_dags/example_branch_datetime_operator.py
[2022-12-15T05:57:01.430+0000] {processor.py:766} INFO - DAG(s) dict_keys(['example_branch_datetime_operator_2', 'example_branch_datetime_operator', 'example_branch_datetime_operator_3']) retrieved from /home/airflow/.local/lib/python3.10/site-packages/airflow/example_dags/example_branch_datetime_operator.py
[2022-12-15T05:57:01.471+0000] {logging_mixin.py:137} INFO - [2022-12-15T05:57:01.471+0000] {dag.py:2585} INFO - Sync 3 DAGs
[2022-12-15T05:57:01.494+0000] {logging_mixin.py:137} INFO - [2022-12-15T05:57:01.494+0000] {dag.py:3336} INFO - Setting next_dagrun for example_branch_datetime_operator to 2022-12-14T00:00:00+00:00, run_after=2022-12-15T00:00:00+00:00
[2022-12-15T05:57:01.499+0000] {logging_mixin.py:137} INFO - [2022-12-15T05:57:01.499+0000] {dag.py:3336} INFO - Setting next_dagrun for example_branch_datetime_operator_2 to 2022-12-14T00:00:00+00:00, run_after=2022-12-15T00:00:00+00:00
[2022-12-15T05:57:01.502+0000] {logging_mixin.py:137} INFO - [2022-12-15T05:57:01.502+0000] {dag.py:3336} INFO - Setting next_dagrun for example_branch_datetime_operator_3 to 2022-12-14T00:00:00+00:00, run_after=2022-12-15T00:00:00+00:00
[2022-12-15T05:57:01.523+0000] {processor.py:176} INFO - Processing /home/airflow/.local/lib/python3.10/site-packages/airflow/example_dags/example_branch_datetime_operator.py took 0.272 seconds
[2022-12-15T05:57:31.594+0000] {processor.py:154} INFO - Started process (PID=177) to work on /home/airflow/.local/lib/python3.10/site-packages/airflow/example_dags/example_branch_datetime_operator.py
[2022-12-15T05:57:31.595+0000] {processor.py:756} INFO - Processing file /home/airflow/.local/lib/python3.10/site-packages/airflow/example_dags/example_branch_datetime_operator.py for tasks to queue
[2022-12-15T05:57:31.595+0000] {logging_mixin.py:137} INFO - [2022-12-15T05:57:31.595+0000] {dagbag.py:537} INFO - Filling up the DagBag from /home/airflow/.local/lib/python3.10/site-packages/airflow/example_dags/example_branch_datetime_operator.py
[2022-12-15T05:57:31.615+0000] {processor.py:766} INFO - DAG(s) dict_keys(['example_branch_datetime_operator', 'example_branch_datetime_operator_2', 'example_branch_datetime_operator_3']) retrieved from /home/airflow/.local/lib/python3.10/site-packages/airflow/example_dags/example_branch_datetime_operator.py
[2022-12-15T05:57:31.653+0000] {logging_mixin.py:137} INFO - [2022-12-15T05:57:31.653+0000] {dag.py:2585} INFO - Sync 3 DAGs
[2022-12-15T05:57:31.675+0000] {logging_mixin.py:137} INFO - [2022-12-15T05:57:31.675+0000] {dag.py:3336} INFO - Setting next_dagrun for example_branch_datetime_operator to 2022-12-14T00:00:00+00:00, run_after=2022-12-15T00:00:00+00:00
[2022-12-15T05:57:31.680+0000] {logging_mixin.py:137} INFO - [2022-12-15T05:57:31.679+0000] {dag.py:3336} INFO - Setting next_dagrun for example_branch_datetime_operator_2 to 2022-12-14T00:00:00+00:00, run_after=2022-12-15T00:00:00+00:00
[2022-12-15T05:57:31.682+0000] {logging_mixin.py:137} INFO - [2022-12-15T05:57:31.682+0000] {dag.py:3336} INFO - Setting next_dagrun for example_branch_datetime_operator_3 to 2022-12-14T00:00:00+00:00, run_after=2022-12-15T00:00:00+00:00
[2022-12-15T05:57:31.699+0000] {processor.py:176} INFO - Processing /home/airflow/.local/lib/python3.10/site-packages/airflow/example_dags/example_branch_datetime_operator.py took 0.107 seconds
[2022-12-15T05:59:40.514+0000] {processor.py:154} INFO - Started process (PID=66) to work on /home/airflow/.local/lib/python3.10/site-packages/airflow/example_dags/example_branch_datetime_operator.py
[2022-12-15T05:59:40.515+0000] {processor.py:756} INFO - Processing file /home/airflow/.local/lib/python3.10/site-packages/airflow/example_dags/example_branch_datetime_operator.py for tasks to queue
[2022-12-15T05:59:40.515+0000] {logging_mixin.py:137} INFO - [2022-12-15T05:59:40.515+0000] {dagbag.py:537} INFO - Filling up the DagBag from /home/airflow/.local/lib/python3.10/site-packages/airflow/example_dags/example_branch_datetime_operator.py
[2022-12-15T05:59:40.534+0000] {processor.py:766} INFO - DAG(s) dict_keys(['example_branch_datetime_operator_3', 'example_branch_datetime_operator_2', 'example_branch_datetime_operator']) retrieved from /home/airflow/.local/lib/python3.10/site-packages/airflow/example_dags/example_branch_datetime_operator.py
[2022-12-15T05:59:40.721+0000] {logging_mixin.py:137} INFO - [2022-12-15T05:59:40.721+0000] {dag.py:2585} INFO - Sync 3 DAGs
[2022-12-15T05:59:40.746+0000] {logging_mixin.py:137} INFO - [2022-12-15T05:59:40.745+0000] {dag.py:3336} INFO - Setting next_dagrun for example_branch_datetime_operator to 2022-12-14T00:00:00+00:00, run_after=2022-12-15T00:00:00+00:00
[2022-12-15T05:59:40.750+0000] {logging_mixin.py:137} INFO - [2022-12-15T05:59:40.750+0000] {dag.py:3336} INFO - Setting next_dagrun for example_branch_datetime_operator_2 to 2022-12-14T00:00:00+00:00, run_after=2022-12-15T00:00:00+00:00
[2022-12-15T05:59:40.753+0000] {logging_mixin.py:137} INFO - [2022-12-15T05:59:40.753+0000] {dag.py:3336} INFO - Setting next_dagrun for example_branch_datetime_operator_3 to 2022-12-14T00:00:00+00:00, run_after=2022-12-15T00:00:00+00:00
[2022-12-15T05:59:40.774+0000] {processor.py:176} INFO - Processing /home/airflow/.local/lib/python3.10/site-packages/airflow/example_dags/example_branch_datetime_operator.py took 0.262 seconds
[2022-12-15T06:00:11.027+0000] {processor.py:154} INFO - Started process (PID=124) to work on /home/airflow/.local/lib/python3.10/site-packages/airflow/example_dags/example_branch_datetime_operator.py
[2022-12-15T06:00:11.027+0000] {processor.py:756} INFO - Processing file /home/airflow/.local/lib/python3.10/site-packages/airflow/example_dags/example_branch_datetime_operator.py for tasks to queue
[2022-12-15T06:00:11.028+0000] {logging_mixin.py:137} INFO - [2022-12-15T06:00:11.028+0000] {dagbag.py:537} INFO - Filling up the DagBag from /home/airflow/.local/lib/python3.10/site-packages/airflow/example_dags/example_branch_datetime_operator.py
[2022-12-15T06:00:11.155+0000] {processor.py:766} INFO - DAG(s) dict_keys(['example_branch_datetime_operator_3', 'example_branch_datetime_operator_2', 'example_branch_datetime_operator']) retrieved from /home/airflow/.local/lib/python3.10/site-packages/airflow/example_dags/example_branch_datetime_operator.py
[2022-12-15T06:00:11.192+0000] {logging_mixin.py:137} INFO - [2022-12-15T06:00:11.191+0000] {dag.py:2585} INFO - Sync 3 DAGs
[2022-12-15T06:00:11.215+0000] {logging_mixin.py:137} INFO - [2022-12-15T06:00:11.215+0000] {dag.py:3336} INFO - Setting next_dagrun for example_branch_datetime_operator to 2022-12-14T00:00:00+00:00, run_after=2022-12-15T00:00:00+00:00
[2022-12-15T06:00:11.220+0000] {logging_mixin.py:137} INFO - [2022-12-15T06:00:11.220+0000] {dag.py:3336} INFO - Setting next_dagrun for example_branch_datetime_operator_2 to 2022-12-14T00:00:00+00:00, run_after=2022-12-15T00:00:00+00:00
[2022-12-15T06:00:11.223+0000] {logging_mixin.py:137} INFO - [2022-12-15T06:00:11.222+0000] {dag.py:3336} INFO - Setting next_dagrun for example_branch_datetime_operator_3 to 2022-12-14T00:00:00+00:00, run_after=2022-12-15T00:00:00+00:00
[2022-12-15T06:00:11.242+0000] {processor.py:176} INFO - Processing /home/airflow/.local/lib/python3.10/site-packages/airflow/example_dags/example_branch_datetime_operator.py took 0.217 seconds
[2022-12-15T06:00:41.446+0000] {processor.py:154} INFO - Started process (PID=177) to work on /home/airflow/.local/lib/python3.10/site-packages/airflow/example_dags/example_branch_datetime_operator.py
[2022-12-15T06:00:41.447+0000] {processor.py:756} INFO - Processing file /home/airflow/.local/lib/python3.10/site-packages/airflow/example_dags/example_branch_datetime_operator.py for tasks to queue
[2022-12-15T06:00:41.447+0000] {logging_mixin.py:137} INFO - [2022-12-15T06:00:41.447+0000] {dagbag.py:537} INFO - Filling up the DagBag from /home/airflow/.local/lib/python3.10/site-packages/airflow/example_dags/example_branch_datetime_operator.py
[2022-12-15T06:00:41.469+0000] {processor.py:766} INFO - DAG(s) dict_keys(['example_branch_datetime_operator_2', 'example_branch_datetime_operator', 'example_branch_datetime_operator_3']) retrieved from /home/airflow/.local/lib/python3.10/site-packages/airflow/example_dags/example_branch_datetime_operator.py
[2022-12-15T06:00:41.528+0000] {logging_mixin.py:137} INFO - [2022-12-15T06:00:41.528+0000] {dag.py:2585} INFO - Sync 3 DAGs
[2022-12-15T06:00:41.551+0000] {logging_mixin.py:137} INFO - [2022-12-15T06:00:41.551+0000] {dag.py:3336} INFO - Setting next_dagrun for example_branch_datetime_operator to 2022-12-14T00:00:00+00:00, run_after=2022-12-15T00:00:00+00:00
[2022-12-15T06:00:41.556+0000] {logging_mixin.py:137} INFO - [2022-12-15T06:00:41.556+0000] {dag.py:3336} INFO - Setting next_dagrun for example_branch_datetime_operator_2 to 2022-12-14T00:00:00+00:00, run_after=2022-12-15T00:00:00+00:00
[2022-12-15T06:00:41.559+0000] {logging_mixin.py:137} INFO - [2022-12-15T06:00:41.559+0000] {dag.py:3336} INFO - Setting next_dagrun for example_branch_datetime_operator_3 to 2022-12-14T00:00:00+00:00, run_after=2022-12-15T00:00:00+00:00
[2022-12-15T06:00:41.580+0000] {processor.py:176} INFO - Processing /home/airflow/.local/lib/python3.10/site-packages/airflow/example_dags/example_branch_datetime_operator.py took 0.137 seconds
[2022-12-15T06:01:12.070+0000] {processor.py:154} INFO - Started process (PID=235) to work on /home/airflow/.local/lib/python3.10/site-packages/airflow/example_dags/example_branch_datetime_operator.py
[2022-12-15T06:01:12.071+0000] {processor.py:756} INFO - Processing file /home/airflow/.local/lib/python3.10/site-packages/airflow/example_dags/example_branch_datetime_operator.py for tasks to queue
[2022-12-15T06:01:12.071+0000] {logging_mixin.py:137} INFO - [2022-12-15T06:01:12.071+0000] {dagbag.py:537} INFO - Filling up the DagBag from /home/airflow/.local/lib/python3.10/site-packages/airflow/example_dags/example_branch_datetime_operator.py
[2022-12-15T06:01:12.087+0000] {processor.py:766} INFO - DAG(s) dict_keys(['example_branch_datetime_operator', 'example_branch_datetime_operator_3', 'example_branch_datetime_operator_2']) retrieved from /home/airflow/.local/lib/python3.10/site-packages/airflow/example_dags/example_branch_datetime_operator.py
[2022-12-15T06:01:12.126+0000] {logging_mixin.py:137} INFO - [2022-12-15T06:01:12.126+0000] {dag.py:2585} INFO - Sync 3 DAGs
[2022-12-15T06:01:12.149+0000] {logging_mixin.py:137} INFO - [2022-12-15T06:01:12.149+0000] {dag.py:3336} INFO - Setting next_dagrun for example_branch_datetime_operator to 2022-12-14T00:00:00+00:00, run_after=2022-12-15T00:00:00+00:00
[2022-12-15T06:01:12.154+0000] {logging_mixin.py:137} INFO - [2022-12-15T06:01:12.154+0000] {dag.py:3336} INFO - Setting next_dagrun for example_branch_datetime_operator_2 to 2022-12-14T00:00:00+00:00, run_after=2022-12-15T00:00:00+00:00
[2022-12-15T06:01:12.156+0000] {logging_mixin.py:137} INFO - [2022-12-15T06:01:12.156+0000] {dag.py:3336} INFO - Setting next_dagrun for example_branch_datetime_operator_3 to 2022-12-14T00:00:00+00:00, run_after=2022-12-15T00:00:00+00:00
[2022-12-15T06:01:12.175+0000] {processor.py:176} INFO - Processing /home/airflow/.local/lib/python3.10/site-packages/airflow/example_dags/example_branch_datetime_operator.py took 0.107 seconds
[2022-12-15T06:01:42.741+0000] {processor.py:154} INFO - Started process (PID=293) to work on /home/airflow/.local/lib/python3.10/site-packages/airflow/example_dags/example_branch_datetime_operator.py
[2022-12-15T06:01:42.742+0000] {processor.py:756} INFO - Processing file /home/airflow/.local/lib/python3.10/site-packages/airflow/example_dags/example_branch_datetime_operator.py for tasks to queue
[2022-12-15T06:01:42.742+0000] {logging_mixin.py:137} INFO - [2022-12-15T06:01:42.742+0000] {dagbag.py:537} INFO - Filling up the DagBag from /home/airflow/.local/lib/python3.10/site-packages/airflow/example_dags/example_branch_datetime_operator.py
[2022-12-15T06:01:42.758+0000] {processor.py:766} INFO - DAG(s) dict_keys(['example_branch_datetime_operator_3', 'example_branch_datetime_operator', 'example_branch_datetime_operator_2']) retrieved from /home/airflow/.local/lib/python3.10/site-packages/airflow/example_dags/example_branch_datetime_operator.py
[2022-12-15T06:01:42.807+0000] {logging_mixin.py:137} INFO - [2022-12-15T06:01:42.806+0000] {dag.py:2585} INFO - Sync 3 DAGs
[2022-12-15T06:01:42.830+0000] {logging_mixin.py:137} INFO - [2022-12-15T06:01:42.830+0000] {dag.py:3336} INFO - Setting next_dagrun for example_branch_datetime_operator to 2022-12-14T00:00:00+00:00, run_after=2022-12-15T00:00:00+00:00
[2022-12-15T06:01:42.835+0000] {logging_mixin.py:137} INFO - [2022-12-15T06:01:42.834+0000] {dag.py:3336} INFO - Setting next_dagrun for example_branch_datetime_operator_2 to 2022-12-14T00:00:00+00:00, run_after=2022-12-15T00:00:00+00:00
[2022-12-15T06:01:42.837+0000] {logging_mixin.py:137} INFO - [2022-12-15T06:01:42.837+0000] {dag.py:3336} INFO - Setting next_dagrun for example_branch_datetime_operator_3 to 2022-12-14T00:00:00+00:00, run_after=2022-12-15T00:00:00+00:00
[2022-12-15T06:01:42.856+0000] {processor.py:176} INFO - Processing /home/airflow/.local/lib/python3.10/site-packages/airflow/example_dags/example_branch_datetime_operator.py took 0.118 seconds
