[2022-12-15T05:51:33.768+0000] {processor.py:154} INFO - Started process (PID=56) to work on /home/airflow/.local/lib/python3.10/site-packages/airflow/example_dags/tutorial.py
[2022-12-15T05:51:33.770+0000] {processor.py:756} INFO - Processing file /home/airflow/.local/lib/python3.10/site-packages/airflow/example_dags/tutorial.py for tasks to queue
[2022-12-15T05:51:33.772+0000] {logging_mixin.py:137} INFO - [2022-12-15T05:51:33.771+0000] {dagbag.py:537} INFO - Filling up the DagBag from /home/airflow/.local/lib/python3.10/site-packages/airflow/example_dags/tutorial.py
[2022-12-15T05:51:33.805+0000] {processor.py:766} INFO - DAG(s) dict_keys(['tutorial']) retrieved from /home/airflow/.local/lib/python3.10/site-packages/airflow/example_dags/tutorial.py
[2022-12-15T05:51:34.170+0000] {logging_mixin.py:137} INFO - [2022-12-15T05:51:34.170+0000] {manager.py:507} INFO - Created Permission View: can delete on DAG:tutorial
[2022-12-15T05:51:34.189+0000] {logging_mixin.py:137} INFO - [2022-12-15T05:51:34.189+0000] {manager.py:507} INFO - Created Permission View: can edit on DAG:tutorial
[2022-12-15T05:51:34.205+0000] {logging_mixin.py:137} INFO - [2022-12-15T05:51:34.204+0000] {manager.py:507} INFO - Created Permission View: can read on DAG:tutorial
[2022-12-15T05:51:34.205+0000] {logging_mixin.py:137} INFO - [2022-12-15T05:51:34.205+0000] {dag.py:2585} INFO - Sync 1 DAGs
[2022-12-15T05:51:34.221+0000] {logging_mixin.py:137} INFO - [2022-12-15T05:51:34.221+0000] {dag.py:2606} INFO - Creating ORM DAG for tutorial
[2022-12-15T05:51:34.238+0000] {logging_mixin.py:137} INFO - [2022-12-15T05:51:34.238+0000] {dag.py:3336} INFO - Setting next_dagrun for tutorial to 2022-12-14T05:51:34.237882+00:00, run_after=2022-12-15T05:51:34.237882+00:00
[2022-12-15T05:51:34.269+0000] {processor.py:176} INFO - Processing /home/airflow/.local/lib/python3.10/site-packages/airflow/example_dags/tutorial.py took 0.507 seconds
[2022-12-15T05:52:04.845+0000] {processor.py:154} INFO - Started process (PID=115) to work on /home/airflow/.local/lib/python3.10/site-packages/airflow/example_dags/tutorial.py
[2022-12-15T05:52:04.846+0000] {processor.py:756} INFO - Processing file /home/airflow/.local/lib/python3.10/site-packages/airflow/example_dags/tutorial.py for tasks to queue
[2022-12-15T05:52:04.846+0000] {logging_mixin.py:137} INFO - [2022-12-15T05:52:04.846+0000] {dagbag.py:537} INFO - Filling up the DagBag from /home/airflow/.local/lib/python3.10/site-packages/airflow/example_dags/tutorial.py
[2022-12-15T05:52:04.977+0000] {processor.py:766} INFO - DAG(s) dict_keys(['tutorial']) retrieved from /home/airflow/.local/lib/python3.10/site-packages/airflow/example_dags/tutorial.py
[2022-12-15T05:52:05.008+0000] {logging_mixin.py:137} INFO - [2022-12-15T05:52:05.007+0000] {dag.py:2585} INFO - Sync 1 DAGs
[2022-12-15T05:52:05.027+0000] {logging_mixin.py:137} INFO - [2022-12-15T05:52:05.027+0000] {dag.py:3336} INFO - Setting next_dagrun for tutorial to 2022-12-14T05:52:05.027262+00:00, run_after=2022-12-15T05:52:05.027262+00:00
[2022-12-15T05:52:05.048+0000] {processor.py:176} INFO - Processing /home/airflow/.local/lib/python3.10/site-packages/airflow/example_dags/tutorial.py took 0.205 seconds
[2022-12-15T05:52:35.284+0000] {processor.py:154} INFO - Started process (PID=168) to work on /home/airflow/.local/lib/python3.10/site-packages/airflow/example_dags/tutorial.py
[2022-12-15T05:52:35.285+0000] {processor.py:756} INFO - Processing file /home/airflow/.local/lib/python3.10/site-packages/airflow/example_dags/tutorial.py for tasks to queue
[2022-12-15T05:52:35.286+0000] {logging_mixin.py:137} INFO - [2022-12-15T05:52:35.286+0000] {dagbag.py:537} INFO - Filling up the DagBag from /home/airflow/.local/lib/python3.10/site-packages/airflow/example_dags/tutorial.py
[2022-12-15T05:52:35.414+0000] {processor.py:766} INFO - DAG(s) dict_keys(['tutorial']) retrieved from /home/airflow/.local/lib/python3.10/site-packages/airflow/example_dags/tutorial.py
[2022-12-15T05:52:35.444+0000] {logging_mixin.py:137} INFO - [2022-12-15T05:52:35.444+0000] {dag.py:2585} INFO - Sync 1 DAGs
[2022-12-15T05:52:35.466+0000] {logging_mixin.py:137} INFO - [2022-12-15T05:52:35.466+0000] {dag.py:3336} INFO - Setting next_dagrun for tutorial to 2022-12-14T05:52:35.466113+00:00, run_after=2022-12-15T05:52:35.466113+00:00
[2022-12-15T05:52:35.488+0000] {processor.py:176} INFO - Processing /home/airflow/.local/lib/python3.10/site-packages/airflow/example_dags/tutorial.py took 0.206 seconds
[2022-12-15T05:53:06.008+0000] {processor.py:154} INFO - Started process (PID=226) to work on /home/airflow/.local/lib/python3.10/site-packages/airflow/example_dags/tutorial.py
[2022-12-15T05:53:06.009+0000] {processor.py:756} INFO - Processing file /home/airflow/.local/lib/python3.10/site-packages/airflow/example_dags/tutorial.py for tasks to queue
[2022-12-15T05:53:06.009+0000] {logging_mixin.py:137} INFO - [2022-12-15T05:53:06.009+0000] {dagbag.py:537} INFO - Filling up the DagBag from /home/airflow/.local/lib/python3.10/site-packages/airflow/example_dags/tutorial.py
[2022-12-15T05:53:06.023+0000] {processor.py:766} INFO - DAG(s) dict_keys(['tutorial']) retrieved from /home/airflow/.local/lib/python3.10/site-packages/airflow/example_dags/tutorial.py
[2022-12-15T05:53:06.061+0000] {logging_mixin.py:137} INFO - [2022-12-15T05:53:06.061+0000] {dag.py:2585} INFO - Sync 1 DAGs
[2022-12-15T05:53:06.081+0000] {logging_mixin.py:137} INFO - [2022-12-15T05:53:06.081+0000] {dag.py:3336} INFO - Setting next_dagrun for tutorial to 2022-12-14T05:53:06.081065+00:00, run_after=2022-12-15T05:53:06.081065+00:00
[2022-12-15T05:53:06.108+0000] {processor.py:176} INFO - Processing /home/airflow/.local/lib/python3.10/site-packages/airflow/example_dags/tutorial.py took 0.102 seconds
[2022-12-15T05:53:36.420+0000] {processor.py:154} INFO - Started process (PID=284) to work on /home/airflow/.local/lib/python3.10/site-packages/airflow/example_dags/tutorial.py
[2022-12-15T05:53:36.421+0000] {processor.py:756} INFO - Processing file /home/airflow/.local/lib/python3.10/site-packages/airflow/example_dags/tutorial.py for tasks to queue
[2022-12-15T05:53:36.422+0000] {logging_mixin.py:137} INFO - [2022-12-15T05:53:36.421+0000] {dagbag.py:537} INFO - Filling up the DagBag from /home/airflow/.local/lib/python3.10/site-packages/airflow/example_dags/tutorial.py
[2022-12-15T05:53:36.434+0000] {processor.py:766} INFO - DAG(s) dict_keys(['tutorial']) retrieved from /home/airflow/.local/lib/python3.10/site-packages/airflow/example_dags/tutorial.py
[2022-12-15T05:53:36.473+0000] {logging_mixin.py:137} INFO - [2022-12-15T05:53:36.473+0000] {dag.py:2585} INFO - Sync 1 DAGs
[2022-12-15T05:53:36.499+0000] {logging_mixin.py:137} INFO - [2022-12-15T05:53:36.499+0000] {dag.py:3336} INFO - Setting next_dagrun for tutorial to 2022-12-14T05:53:36.499493+00:00, run_after=2022-12-15T05:53:36.499493+00:00
[2022-12-15T05:53:36.525+0000] {processor.py:176} INFO - Processing /home/airflow/.local/lib/python3.10/site-packages/airflow/example_dags/tutorial.py took 0.107 seconds
[2022-12-15T05:54:06.896+0000] {processor.py:154} INFO - Started process (PID=335) to work on /home/airflow/.local/lib/python3.10/site-packages/airflow/example_dags/tutorial.py
[2022-12-15T05:54:06.896+0000] {processor.py:756} INFO - Processing file /home/airflow/.local/lib/python3.10/site-packages/airflow/example_dags/tutorial.py for tasks to queue
[2022-12-15T05:54:06.897+0000] {logging_mixin.py:137} INFO - [2022-12-15T05:54:06.897+0000] {dagbag.py:537} INFO - Filling up the DagBag from /home/airflow/.local/lib/python3.10/site-packages/airflow/example_dags/tutorial.py
[2022-12-15T05:54:06.909+0000] {processor.py:766} INFO - DAG(s) dict_keys(['tutorial']) retrieved from /home/airflow/.local/lib/python3.10/site-packages/airflow/example_dags/tutorial.py
[2022-12-15T05:54:06.943+0000] {logging_mixin.py:137} INFO - [2022-12-15T05:54:06.943+0000] {dag.py:2585} INFO - Sync 1 DAGs
[2022-12-15T05:54:06.962+0000] {logging_mixin.py:137} INFO - [2022-12-15T05:54:06.962+0000] {dag.py:3336} INFO - Setting next_dagrun for tutorial to 2022-12-14T05:54:06.962443+00:00, run_after=2022-12-15T05:54:06.962443+00:00
[2022-12-15T05:54:06.983+0000] {processor.py:176} INFO - Processing /home/airflow/.local/lib/python3.10/site-packages/airflow/example_dags/tutorial.py took 0.089 seconds
[2022-12-15T05:54:37.175+0000] {processor.py:154} INFO - Started process (PID=393) to work on /home/airflow/.local/lib/python3.10/site-packages/airflow/example_dags/tutorial.py
[2022-12-15T05:54:37.176+0000] {processor.py:756} INFO - Processing file /home/airflow/.local/lib/python3.10/site-packages/airflow/example_dags/tutorial.py for tasks to queue
[2022-12-15T05:54:37.177+0000] {logging_mixin.py:137} INFO - [2022-12-15T05:54:37.177+0000] {dagbag.py:537} INFO - Filling up the DagBag from /home/airflow/.local/lib/python3.10/site-packages/airflow/example_dags/tutorial.py
[2022-12-15T05:54:37.192+0000] {processor.py:766} INFO - DAG(s) dict_keys(['tutorial']) retrieved from /home/airflow/.local/lib/python3.10/site-packages/airflow/example_dags/tutorial.py
[2022-12-15T05:54:37.229+0000] {logging_mixin.py:137} INFO - [2022-12-15T05:54:37.229+0000] {dag.py:2585} INFO - Sync 1 DAGs
[2022-12-15T05:54:37.251+0000] {logging_mixin.py:137} INFO - [2022-12-15T05:54:37.251+0000] {dag.py:3336} INFO - Setting next_dagrun for tutorial to 2022-12-14T05:54:37.250927+00:00, run_after=2022-12-15T05:54:37.250927+00:00
[2022-12-15T05:54:37.282+0000] {processor.py:176} INFO - Processing /home/airflow/.local/lib/python3.10/site-packages/airflow/example_dags/tutorial.py took 0.112 seconds
[2022-12-15T05:55:07.639+0000] {processor.py:154} INFO - Started process (PID=451) to work on /home/airflow/.local/lib/python3.10/site-packages/airflow/example_dags/tutorial.py
[2022-12-15T05:55:07.639+0000] {processor.py:756} INFO - Processing file /home/airflow/.local/lib/python3.10/site-packages/airflow/example_dags/tutorial.py for tasks to queue
[2022-12-15T05:55:07.640+0000] {logging_mixin.py:137} INFO - [2022-12-15T05:55:07.640+0000] {dagbag.py:537} INFO - Filling up the DagBag from /home/airflow/.local/lib/python3.10/site-packages/airflow/example_dags/tutorial.py
[2022-12-15T05:55:07.652+0000] {processor.py:766} INFO - DAG(s) dict_keys(['tutorial']) retrieved from /home/airflow/.local/lib/python3.10/site-packages/airflow/example_dags/tutorial.py
[2022-12-15T05:55:07.688+0000] {logging_mixin.py:137} INFO - [2022-12-15T05:55:07.687+0000] {dag.py:2585} INFO - Sync 1 DAGs
[2022-12-15T05:55:07.710+0000] {logging_mixin.py:137} INFO - [2022-12-15T05:55:07.710+0000] {dag.py:3336} INFO - Setting next_dagrun for tutorial to 2022-12-14T05:55:07.710575+00:00, run_after=2022-12-15T05:55:07.710575+00:00
[2022-12-15T05:55:07.736+0000] {processor.py:176} INFO - Processing /home/airflow/.local/lib/python3.10/site-packages/airflow/example_dags/tutorial.py took 0.100 seconds
[2022-12-15T05:56:28.135+0000] {processor.py:154} INFO - Started process (PID=54) to work on /home/airflow/.local/lib/python3.10/site-packages/airflow/example_dags/tutorial.py
[2022-12-15T05:56:28.136+0000] {processor.py:756} INFO - Processing file /home/airflow/.local/lib/python3.10/site-packages/airflow/example_dags/tutorial.py for tasks to queue
[2022-12-15T05:56:28.137+0000] {logging_mixin.py:137} INFO - [2022-12-15T05:56:28.137+0000] {dagbag.py:537} INFO - Filling up the DagBag from /home/airflow/.local/lib/python3.10/site-packages/airflow/example_dags/tutorial.py
[2022-12-15T05:56:28.152+0000] {processor.py:766} INFO - DAG(s) dict_keys(['tutorial']) retrieved from /home/airflow/.local/lib/python3.10/site-packages/airflow/example_dags/tutorial.py
[2022-12-15T05:56:28.396+0000] {logging_mixin.py:137} INFO - [2022-12-15T05:56:28.396+0000] {dag.py:2585} INFO - Sync 1 DAGs
[2022-12-15T05:56:28.417+0000] {logging_mixin.py:137} INFO - [2022-12-15T05:56:28.416+0000] {dag.py:3336} INFO - Setting next_dagrun for tutorial to 2022-12-14T05:56:28.416813+00:00, run_after=2022-12-15T05:56:28.416813+00:00
[2022-12-15T05:56:28.438+0000] {processor.py:176} INFO - Processing /home/airflow/.local/lib/python3.10/site-packages/airflow/example_dags/tutorial.py took 0.307 seconds
[2022-12-15T05:56:59.303+0000] {processor.py:154} INFO - Started process (PID=112) to work on /home/airflow/.local/lib/python3.10/site-packages/airflow/example_dags/tutorial.py
[2022-12-15T05:56:59.304+0000] {processor.py:756} INFO - Processing file /home/airflow/.local/lib/python3.10/site-packages/airflow/example_dags/tutorial.py for tasks to queue
[2022-12-15T05:56:59.304+0000] {logging_mixin.py:137} INFO - [2022-12-15T05:56:59.304+0000] {dagbag.py:537} INFO - Filling up the DagBag from /home/airflow/.local/lib/python3.10/site-packages/airflow/example_dags/tutorial.py
[2022-12-15T05:56:59.475+0000] {processor.py:766} INFO - DAG(s) dict_keys(['tutorial']) retrieved from /home/airflow/.local/lib/python3.10/site-packages/airflow/example_dags/tutorial.py
[2022-12-15T05:56:59.510+0000] {logging_mixin.py:137} INFO - [2022-12-15T05:56:59.510+0000] {dag.py:2585} INFO - Sync 1 DAGs
[2022-12-15T05:56:59.535+0000] {logging_mixin.py:137} INFO - [2022-12-15T05:56:59.534+0000] {dag.py:3336} INFO - Setting next_dagrun for tutorial to 2022-12-14T05:56:59.534627+00:00, run_after=2022-12-15T05:56:59.534627+00:00
[2022-12-15T05:56:59.563+0000] {processor.py:176} INFO - Processing /home/airflow/.local/lib/python3.10/site-packages/airflow/example_dags/tutorial.py took 0.263 seconds
[2022-12-15T05:57:30.462+0000] {processor.py:154} INFO - Started process (PID=165) to work on /home/airflow/.local/lib/python3.10/site-packages/airflow/example_dags/tutorial.py
[2022-12-15T05:57:30.463+0000] {processor.py:756} INFO - Processing file /home/airflow/.local/lib/python3.10/site-packages/airflow/example_dags/tutorial.py for tasks to queue
[2022-12-15T05:57:30.463+0000] {logging_mixin.py:137} INFO - [2022-12-15T05:57:30.463+0000] {dagbag.py:537} INFO - Filling up the DagBag from /home/airflow/.local/lib/python3.10/site-packages/airflow/example_dags/tutorial.py
[2022-12-15T05:57:30.475+0000] {processor.py:766} INFO - DAG(s) dict_keys(['tutorial']) retrieved from /home/airflow/.local/lib/python3.10/site-packages/airflow/example_dags/tutorial.py
[2022-12-15T05:57:30.509+0000] {logging_mixin.py:137} INFO - [2022-12-15T05:57:30.508+0000] {dag.py:2585} INFO - Sync 1 DAGs
[2022-12-15T05:57:30.528+0000] {logging_mixin.py:137} INFO - [2022-12-15T05:57:30.528+0000] {dag.py:3336} INFO - Setting next_dagrun for tutorial to 2022-12-14T05:57:30.528032+00:00, run_after=2022-12-15T05:57:30.528032+00:00
[2022-12-15T05:57:30.551+0000] {processor.py:176} INFO - Processing /home/airflow/.local/lib/python3.10/site-packages/airflow/example_dags/tutorial.py took 0.091 seconds
[2022-12-15T05:59:38.689+0000] {processor.py:154} INFO - Started process (PID=54) to work on /home/airflow/.local/lib/python3.10/site-packages/airflow/example_dags/tutorial.py
[2022-12-15T05:59:38.690+0000] {processor.py:756} INFO - Processing file /home/airflow/.local/lib/python3.10/site-packages/airflow/example_dags/tutorial.py for tasks to queue
[2022-12-15T05:59:38.690+0000] {logging_mixin.py:137} INFO - [2022-12-15T05:59:38.690+0000] {dagbag.py:537} INFO - Filling up the DagBag from /home/airflow/.local/lib/python3.10/site-packages/airflow/example_dags/tutorial.py
[2022-12-15T05:59:38.704+0000] {processor.py:766} INFO - DAG(s) dict_keys(['tutorial']) retrieved from /home/airflow/.local/lib/python3.10/site-packages/airflow/example_dags/tutorial.py
[2022-12-15T05:59:38.921+0000] {logging_mixin.py:137} INFO - [2022-12-15T05:59:38.921+0000] {dag.py:2585} INFO - Sync 1 DAGs
[2022-12-15T05:59:38.949+0000] {logging_mixin.py:137} INFO - [2022-12-15T05:59:38.949+0000] {dag.py:3336} INFO - Setting next_dagrun for tutorial to 2022-12-14T05:59:38.949565+00:00, run_after=2022-12-15T05:59:38.949565+00:00
[2022-12-15T05:59:38.979+0000] {processor.py:176} INFO - Processing /home/airflow/.local/lib/python3.10/site-packages/airflow/example_dags/tutorial.py took 0.293 seconds
[2022-12-15T06:00:09.065+0000] {processor.py:154} INFO - Started process (PID=112) to work on /home/airflow/.local/lib/python3.10/site-packages/airflow/example_dags/tutorial.py
[2022-12-15T06:00:09.066+0000] {processor.py:756} INFO - Processing file /home/airflow/.local/lib/python3.10/site-packages/airflow/example_dags/tutorial.py for tasks to queue
[2022-12-15T06:00:09.066+0000] {logging_mixin.py:137} INFO - [2022-12-15T06:00:09.066+0000] {dagbag.py:537} INFO - Filling up the DagBag from /home/airflow/.local/lib/python3.10/site-packages/airflow/example_dags/tutorial.py
[2022-12-15T06:00:09.230+0000] {processor.py:766} INFO - DAG(s) dict_keys(['tutorial']) retrieved from /home/airflow/.local/lib/python3.10/site-packages/airflow/example_dags/tutorial.py
[2022-12-15T06:00:09.270+0000] {logging_mixin.py:137} INFO - [2022-12-15T06:00:09.270+0000] {dag.py:2585} INFO - Sync 1 DAGs
[2022-12-15T06:00:09.291+0000] {logging_mixin.py:137} INFO - [2022-12-15T06:00:09.291+0000] {dag.py:3336} INFO - Setting next_dagrun for tutorial to 2022-12-14T06:00:09.290839+00:00, run_after=2022-12-15T06:00:09.290839+00:00
[2022-12-15T06:00:09.312+0000] {processor.py:176} INFO - Processing /home/airflow/.local/lib/python3.10/site-packages/airflow/example_dags/tutorial.py took 0.249 seconds
[2022-12-15T06:00:39.431+0000] {processor.py:154} INFO - Started process (PID=164) to work on /home/airflow/.local/lib/python3.10/site-packages/airflow/example_dags/tutorial.py
[2022-12-15T06:00:39.432+0000] {processor.py:756} INFO - Processing file /home/airflow/.local/lib/python3.10/site-packages/airflow/example_dags/tutorial.py for tasks to queue
[2022-12-15T06:00:39.433+0000] {logging_mixin.py:137} INFO - [2022-12-15T06:00:39.432+0000] {dagbag.py:537} INFO - Filling up the DagBag from /home/airflow/.local/lib/python3.10/site-packages/airflow/example_dags/tutorial.py
[2022-12-15T06:00:39.452+0000] {processor.py:766} INFO - DAG(s) dict_keys(['tutorial']) retrieved from /home/airflow/.local/lib/python3.10/site-packages/airflow/example_dags/tutorial.py
[2022-12-15T06:00:39.498+0000] {logging_mixin.py:137} INFO - [2022-12-15T06:00:39.498+0000] {dag.py:2585} INFO - Sync 1 DAGs
[2022-12-15T06:00:39.526+0000] {logging_mixin.py:137} INFO - [2022-12-15T06:00:39.526+0000] {dag.py:3336} INFO - Setting next_dagrun for tutorial to 2022-12-14T06:00:39.525854+00:00, run_after=2022-12-15T06:00:39.525854+00:00
[2022-12-15T06:00:39.561+0000] {processor.py:176} INFO - Processing /home/airflow/.local/lib/python3.10/site-packages/airflow/example_dags/tutorial.py took 0.134 seconds
[2022-12-15T06:01:10.257+0000] {processor.py:154} INFO - Started process (PID=223) to work on /home/airflow/.local/lib/python3.10/site-packages/airflow/example_dags/tutorial.py
[2022-12-15T06:01:10.259+0000] {processor.py:756} INFO - Processing file /home/airflow/.local/lib/python3.10/site-packages/airflow/example_dags/tutorial.py for tasks to queue
[2022-12-15T06:01:10.263+0000] {logging_mixin.py:137} INFO - [2022-12-15T06:01:10.262+0000] {dagbag.py:537} INFO - Filling up the DagBag from /home/airflow/.local/lib/python3.10/site-packages/airflow/example_dags/tutorial.py
[2022-12-15T06:01:10.277+0000] {processor.py:766} INFO - DAG(s) dict_keys(['tutorial']) retrieved from /home/airflow/.local/lib/python3.10/site-packages/airflow/example_dags/tutorial.py
[2022-12-15T06:01:10.316+0000] {logging_mixin.py:137} INFO - [2022-12-15T06:01:10.316+0000] {dag.py:2585} INFO - Sync 1 DAGs
[2022-12-15T06:01:10.339+0000] {logging_mixin.py:137} INFO - [2022-12-15T06:01:10.339+0000] {dag.py:3336} INFO - Setting next_dagrun for tutorial to 2022-12-14T06:01:10.338860+00:00, run_after=2022-12-15T06:01:10.338860+00:00
[2022-12-15T06:01:10.360+0000] {processor.py:176} INFO - Processing /home/airflow/.local/lib/python3.10/site-packages/airflow/example_dags/tutorial.py took 0.107 seconds
[2022-12-15T06:01:40.628+0000] {processor.py:154} INFO - Started process (PID=274) to work on /home/airflow/.local/lib/python3.10/site-packages/airflow/example_dags/tutorial.py
[2022-12-15T06:01:40.629+0000] {processor.py:756} INFO - Processing file /home/airflow/.local/lib/python3.10/site-packages/airflow/example_dags/tutorial.py for tasks to queue
[2022-12-15T06:01:40.630+0000] {logging_mixin.py:137} INFO - [2022-12-15T06:01:40.630+0000] {dagbag.py:537} INFO - Filling up the DagBag from /home/airflow/.local/lib/python3.10/site-packages/airflow/example_dags/tutorial.py
[2022-12-15T06:01:40.643+0000] {processor.py:766} INFO - DAG(s) dict_keys(['tutorial']) retrieved from /home/airflow/.local/lib/python3.10/site-packages/airflow/example_dags/tutorial.py
[2022-12-15T06:01:40.681+0000] {logging_mixin.py:137} INFO - [2022-12-15T06:01:40.681+0000] {dag.py:2585} INFO - Sync 1 DAGs
[2022-12-15T06:01:40.704+0000] {logging_mixin.py:137} INFO - [2022-12-15T06:01:40.704+0000] {dag.py:3336} INFO - Setting next_dagrun for tutorial to 2022-12-14T06:01:40.704084+00:00, run_after=2022-12-15T06:01:40.704084+00:00
[2022-12-15T06:01:40.726+0000] {processor.py:176} INFO - Processing /home/airflow/.local/lib/python3.10/site-packages/airflow/example_dags/tutorial.py took 0.102 seconds
