[2022-12-15T05:51:30.043+0000] {processor.py:154} INFO - Started process (PID=48) to work on /home/airflow/.local/lib/python3.10/site-packages/airflow/example_dags/tutorial_taskflow_api_virtualenv.py
[2022-12-15T05:51:30.044+0000] {processor.py:756} INFO - Processing file /home/airflow/.local/lib/python3.10/site-packages/airflow/example_dags/tutorial_taskflow_api_virtualenv.py for tasks to queue
[2022-12-15T05:51:30.045+0000] {logging_mixin.py:137} INFO - [2022-12-15T05:51:30.044+0000] {dagbag.py:537} INFO - Filling up the DagBag from /home/airflow/.local/lib/python3.10/site-packages/airflow/example_dags/tutorial_taskflow_api_virtualenv.py
[2022-12-15T05:51:30.074+0000] {processor.py:766} INFO - DAG(s) dict_keys(['tutorial_taskflow_api_virtualenv']) retrieved from /home/airflow/.local/lib/python3.10/site-packages/airflow/example_dags/tutorial_taskflow_api_virtualenv.py
[2022-12-15T05:51:30.436+0000] {logging_mixin.py:137} INFO - [2022-12-15T05:51:30.435+0000] {manager.py:507} INFO - Created Permission View: can delete on DAG:tutorial_taskflow_api_virtualenv
[2022-12-15T05:51:30.448+0000] {logging_mixin.py:137} INFO - [2022-12-15T05:51:30.448+0000] {manager.py:507} INFO - Created Permission View: can edit on DAG:tutorial_taskflow_api_virtualenv
[2022-12-15T05:51:30.461+0000] {logging_mixin.py:137} INFO - [2022-12-15T05:51:30.461+0000] {manager.py:507} INFO - Created Permission View: can read on DAG:tutorial_taskflow_api_virtualenv
[2022-12-15T05:51:30.461+0000] {logging_mixin.py:137} INFO - [2022-12-15T05:51:30.461+0000] {dag.py:2585} INFO - Sync 1 DAGs
[2022-12-15T05:51:30.473+0000] {logging_mixin.py:137} INFO - [2022-12-15T05:51:30.473+0000] {dag.py:2606} INFO - Creating ORM DAG for tutorial_taskflow_api_virtualenv
[2022-12-15T05:51:30.497+0000] {logging_mixin.py:137} INFO - [2022-12-15T05:51:30.496+0000] {dag.py:3336} INFO - Setting next_dagrun for tutorial_taskflow_api_virtualenv to None, run_after=None
[2022-12-15T05:51:30.541+0000] {processor.py:176} INFO - Processing /home/airflow/.local/lib/python3.10/site-packages/airflow/example_dags/tutorial_taskflow_api_virtualenv.py took 0.501 seconds
[2022-12-15T05:52:00.722+0000] {processor.py:154} INFO - Started process (PID=100) to work on /home/airflow/.local/lib/python3.10/site-packages/airflow/example_dags/tutorial_taskflow_api_virtualenv.py
[2022-12-15T05:52:00.723+0000] {processor.py:756} INFO - Processing file /home/airflow/.local/lib/python3.10/site-packages/airflow/example_dags/tutorial_taskflow_api_virtualenv.py for tasks to queue
[2022-12-15T05:52:00.723+0000] {logging_mixin.py:137} INFO - [2022-12-15T05:52:00.723+0000] {dagbag.py:537} INFO - Filling up the DagBag from /home/airflow/.local/lib/python3.10/site-packages/airflow/example_dags/tutorial_taskflow_api_virtualenv.py
[2022-12-15T05:52:00.876+0000] {processor.py:766} INFO - DAG(s) dict_keys(['tutorial_taskflow_api_virtualenv']) retrieved from /home/airflow/.local/lib/python3.10/site-packages/airflow/example_dags/tutorial_taskflow_api_virtualenv.py
[2022-12-15T05:52:00.913+0000] {logging_mixin.py:137} INFO - [2022-12-15T05:52:00.913+0000] {dag.py:2585} INFO - Sync 1 DAGs
[2022-12-15T05:52:00.935+0000] {logging_mixin.py:137} INFO - [2022-12-15T05:52:00.935+0000] {dag.py:3336} INFO - Setting next_dagrun for tutorial_taskflow_api_virtualenv to None, run_after=None
[2022-12-15T05:52:00.954+0000] {processor.py:176} INFO - Processing /home/airflow/.local/lib/python3.10/site-packages/airflow/example_dags/tutorial_taskflow_api_virtualenv.py took 0.234 seconds
[2022-12-15T05:52:31.762+0000] {processor.py:154} INFO - Started process (PID=160) to work on /home/airflow/.local/lib/python3.10/site-packages/airflow/example_dags/tutorial_taskflow_api_virtualenv.py
[2022-12-15T05:52:31.763+0000] {processor.py:756} INFO - Processing file /home/airflow/.local/lib/python3.10/site-packages/airflow/example_dags/tutorial_taskflow_api_virtualenv.py for tasks to queue
[2022-12-15T05:52:31.763+0000] {logging_mixin.py:137} INFO - [2022-12-15T05:52:31.763+0000] {dagbag.py:537} INFO - Filling up the DagBag from /home/airflow/.local/lib/python3.10/site-packages/airflow/example_dags/tutorial_taskflow_api_virtualenv.py
[2022-12-15T05:52:31.927+0000] {processor.py:766} INFO - DAG(s) dict_keys(['tutorial_taskflow_api_virtualenv']) retrieved from /home/airflow/.local/lib/python3.10/site-packages/airflow/example_dags/tutorial_taskflow_api_virtualenv.py
[2022-12-15T05:52:31.963+0000] {logging_mixin.py:137} INFO - [2022-12-15T05:52:31.962+0000] {dag.py:2585} INFO - Sync 1 DAGs
[2022-12-15T05:52:31.988+0000] {logging_mixin.py:137} INFO - [2022-12-15T05:52:31.988+0000] {dag.py:3336} INFO - Setting next_dagrun for tutorial_taskflow_api_virtualenv to None, run_after=None
[2022-12-15T05:52:32.009+0000] {processor.py:176} INFO - Processing /home/airflow/.local/lib/python3.10/site-packages/airflow/example_dags/tutorial_taskflow_api_virtualenv.py took 0.251 seconds
[2022-12-15T05:53:02.569+0000] {processor.py:154} INFO - Started process (PID=218) to work on /home/airflow/.local/lib/python3.10/site-packages/airflow/example_dags/tutorial_taskflow_api_virtualenv.py
[2022-12-15T05:53:02.570+0000] {processor.py:756} INFO - Processing file /home/airflow/.local/lib/python3.10/site-packages/airflow/example_dags/tutorial_taskflow_api_virtualenv.py for tasks to queue
[2022-12-15T05:53:02.571+0000] {logging_mixin.py:137} INFO - [2022-12-15T05:53:02.571+0000] {dagbag.py:537} INFO - Filling up the DagBag from /home/airflow/.local/lib/python3.10/site-packages/airflow/example_dags/tutorial_taskflow_api_virtualenv.py
[2022-12-15T05:53:02.593+0000] {processor.py:766} INFO - DAG(s) dict_keys(['tutorial_taskflow_api_virtualenv']) retrieved from /home/airflow/.local/lib/python3.10/site-packages/airflow/example_dags/tutorial_taskflow_api_virtualenv.py
[2022-12-15T05:53:02.639+0000] {logging_mixin.py:137} INFO - [2022-12-15T05:53:02.639+0000] {dag.py:2585} INFO - Sync 1 DAGs
[2022-12-15T05:53:02.664+0000] {logging_mixin.py:137} INFO - [2022-12-15T05:53:02.663+0000] {dag.py:3336} INFO - Setting next_dagrun for tutorial_taskflow_api_virtualenv to None, run_after=None
[2022-12-15T05:53:02.687+0000] {processor.py:176} INFO - Processing /home/airflow/.local/lib/python3.10/site-packages/airflow/example_dags/tutorial_taskflow_api_virtualenv.py took 0.120 seconds
[2022-12-15T05:53:32.924+0000] {processor.py:154} INFO - Started process (PID=269) to work on /home/airflow/.local/lib/python3.10/site-packages/airflow/example_dags/tutorial_taskflow_api_virtualenv.py
[2022-12-15T05:53:32.926+0000] {processor.py:756} INFO - Processing file /home/airflow/.local/lib/python3.10/site-packages/airflow/example_dags/tutorial_taskflow_api_virtualenv.py for tasks to queue
[2022-12-15T05:53:32.927+0000] {logging_mixin.py:137} INFO - [2022-12-15T05:53:32.926+0000] {dagbag.py:537} INFO - Filling up the DagBag from /home/airflow/.local/lib/python3.10/site-packages/airflow/example_dags/tutorial_taskflow_api_virtualenv.py
[2022-12-15T05:53:32.953+0000] {processor.py:766} INFO - DAG(s) dict_keys(['tutorial_taskflow_api_virtualenv']) retrieved from /home/airflow/.local/lib/python3.10/site-packages/airflow/example_dags/tutorial_taskflow_api_virtualenv.py
[2022-12-15T05:53:33.042+0000] {logging_mixin.py:137} INFO - [2022-12-15T05:53:33.042+0000] {dag.py:2585} INFO - Sync 1 DAGs
[2022-12-15T05:53:33.064+0000] {logging_mixin.py:137} INFO - [2022-12-15T05:53:33.064+0000] {dag.py:3336} INFO - Setting next_dagrun for tutorial_taskflow_api_virtualenv to None, run_after=None
[2022-12-15T05:53:33.085+0000] {processor.py:176} INFO - Processing /home/airflow/.local/lib/python3.10/site-packages/airflow/example_dags/tutorial_taskflow_api_virtualenv.py took 0.165 seconds
[2022-12-15T05:54:03.420+0000] {processor.py:154} INFO - Started process (PID=327) to work on /home/airflow/.local/lib/python3.10/site-packages/airflow/example_dags/tutorial_taskflow_api_virtualenv.py
[2022-12-15T05:54:03.421+0000] {processor.py:756} INFO - Processing file /home/airflow/.local/lib/python3.10/site-packages/airflow/example_dags/tutorial_taskflow_api_virtualenv.py for tasks to queue
[2022-12-15T05:54:03.421+0000] {logging_mixin.py:137} INFO - [2022-12-15T05:54:03.421+0000] {dagbag.py:537} INFO - Filling up the DagBag from /home/airflow/.local/lib/python3.10/site-packages/airflow/example_dags/tutorial_taskflow_api_virtualenv.py
[2022-12-15T05:54:03.442+0000] {processor.py:766} INFO - DAG(s) dict_keys(['tutorial_taskflow_api_virtualenv']) retrieved from /home/airflow/.local/lib/python3.10/site-packages/airflow/example_dags/tutorial_taskflow_api_virtualenv.py
[2022-12-15T05:54:03.477+0000] {logging_mixin.py:137} INFO - [2022-12-15T05:54:03.477+0000] {dag.py:2585} INFO - Sync 1 DAGs
[2022-12-15T05:54:03.496+0000] {logging_mixin.py:137} INFO - [2022-12-15T05:54:03.496+0000] {dag.py:3336} INFO - Setting next_dagrun for tutorial_taskflow_api_virtualenv to None, run_after=None
[2022-12-15T05:54:03.516+0000] {processor.py:176} INFO - Processing /home/airflow/.local/lib/python3.10/site-packages/airflow/example_dags/tutorial_taskflow_api_virtualenv.py took 0.099 seconds
[2022-12-15T05:54:33.775+0000] {processor.py:154} INFO - Started process (PID=385) to work on /home/airflow/.local/lib/python3.10/site-packages/airflow/example_dags/tutorial_taskflow_api_virtualenv.py
[2022-12-15T05:54:33.776+0000] {processor.py:756} INFO - Processing file /home/airflow/.local/lib/python3.10/site-packages/airflow/example_dags/tutorial_taskflow_api_virtualenv.py for tasks to queue
[2022-12-15T05:54:33.776+0000] {logging_mixin.py:137} INFO - [2022-12-15T05:54:33.776+0000] {dagbag.py:537} INFO - Filling up the DagBag from /home/airflow/.local/lib/python3.10/site-packages/airflow/example_dags/tutorial_taskflow_api_virtualenv.py
[2022-12-15T05:54:33.796+0000] {processor.py:766} INFO - DAG(s) dict_keys(['tutorial_taskflow_api_virtualenv']) retrieved from /home/airflow/.local/lib/python3.10/site-packages/airflow/example_dags/tutorial_taskflow_api_virtualenv.py
[2022-12-15T05:54:33.829+0000] {logging_mixin.py:137} INFO - [2022-12-15T05:54:33.829+0000] {dag.py:2585} INFO - Sync 1 DAGs
[2022-12-15T05:54:33.849+0000] {logging_mixin.py:137} INFO - [2022-12-15T05:54:33.848+0000] {dag.py:3336} INFO - Setting next_dagrun for tutorial_taskflow_api_virtualenv to None, run_after=None
[2022-12-15T05:54:33.867+0000] {processor.py:176} INFO - Processing /home/airflow/.local/lib/python3.10/site-packages/airflow/example_dags/tutorial_taskflow_api_virtualenv.py took 0.094 seconds
[2022-12-15T05:55:04.215+0000] {processor.py:154} INFO - Started process (PID=436) to work on /home/airflow/.local/lib/python3.10/site-packages/airflow/example_dags/tutorial_taskflow_api_virtualenv.py
[2022-12-15T05:55:04.215+0000] {processor.py:756} INFO - Processing file /home/airflow/.local/lib/python3.10/site-packages/airflow/example_dags/tutorial_taskflow_api_virtualenv.py for tasks to queue
[2022-12-15T05:55:04.216+0000] {logging_mixin.py:137} INFO - [2022-12-15T05:55:04.216+0000] {dagbag.py:537} INFO - Filling up the DagBag from /home/airflow/.local/lib/python3.10/site-packages/airflow/example_dags/tutorial_taskflow_api_virtualenv.py
[2022-12-15T05:55:04.235+0000] {processor.py:766} INFO - DAG(s) dict_keys(['tutorial_taskflow_api_virtualenv']) retrieved from /home/airflow/.local/lib/python3.10/site-packages/airflow/example_dags/tutorial_taskflow_api_virtualenv.py
[2022-12-15T05:55:04.269+0000] {logging_mixin.py:137} INFO - [2022-12-15T05:55:04.269+0000] {dag.py:2585} INFO - Sync 1 DAGs
[2022-12-15T05:55:04.287+0000] {logging_mixin.py:137} INFO - [2022-12-15T05:55:04.287+0000] {dag.py:3336} INFO - Setting next_dagrun for tutorial_taskflow_api_virtualenv to None, run_after=None
[2022-12-15T05:55:04.305+0000] {processor.py:176} INFO - Processing /home/airflow/.local/lib/python3.10/site-packages/airflow/example_dags/tutorial_taskflow_api_virtualenv.py took 0.092 seconds
[2022-12-15T05:55:34.497+0000] {processor.py:154} INFO - Started process (PID=495) to work on /home/airflow/.local/lib/python3.10/site-packages/airflow/example_dags/tutorial_taskflow_api_virtualenv.py
[2022-12-15T05:55:34.497+0000] {processor.py:756} INFO - Processing file /home/airflow/.local/lib/python3.10/site-packages/airflow/example_dags/tutorial_taskflow_api_virtualenv.py for tasks to queue
[2022-12-15T05:55:34.498+0000] {logging_mixin.py:137} INFO - [2022-12-15T05:55:34.498+0000] {dagbag.py:537} INFO - Filling up the DagBag from /home/airflow/.local/lib/python3.10/site-packages/airflow/example_dags/tutorial_taskflow_api_virtualenv.py
[2022-12-15T05:55:34.516+0000] {processor.py:766} INFO - DAG(s) dict_keys(['tutorial_taskflow_api_virtualenv']) retrieved from /home/airflow/.local/lib/python3.10/site-packages/airflow/example_dags/tutorial_taskflow_api_virtualenv.py
[2022-12-15T05:55:34.549+0000] {logging_mixin.py:137} INFO - [2022-12-15T05:55:34.549+0000] {dag.py:2585} INFO - Sync 1 DAGs
[2022-12-15T05:55:34.569+0000] {logging_mixin.py:137} INFO - [2022-12-15T05:55:34.569+0000] {dag.py:3336} INFO - Setting next_dagrun for tutorial_taskflow_api_virtualenv to None, run_after=None
[2022-12-15T05:55:34.589+0000] {processor.py:176} INFO - Processing /home/airflow/.local/lib/python3.10/site-packages/airflow/example_dags/tutorial_taskflow_api_virtualenv.py took 0.095 seconds
[2022-12-15T05:56:26.893+0000] {processor.py:154} INFO - Started process (PID=46) to work on /home/airflow/.local/lib/python3.10/site-packages/airflow/example_dags/tutorial_taskflow_api_virtualenv.py
[2022-12-15T05:56:26.894+0000] {processor.py:756} INFO - Processing file /home/airflow/.local/lib/python3.10/site-packages/airflow/example_dags/tutorial_taskflow_api_virtualenv.py for tasks to queue
[2022-12-15T05:56:26.895+0000] {logging_mixin.py:137} INFO - [2022-12-15T05:56:26.895+0000] {dagbag.py:537} INFO - Filling up the DagBag from /home/airflow/.local/lib/python3.10/site-packages/airflow/example_dags/tutorial_taskflow_api_virtualenv.py
[2022-12-15T05:56:26.917+0000] {processor.py:766} INFO - DAG(s) dict_keys(['tutorial_taskflow_api_virtualenv']) retrieved from /home/airflow/.local/lib/python3.10/site-packages/airflow/example_dags/tutorial_taskflow_api_virtualenv.py
[2022-12-15T05:56:27.131+0000] {logging_mixin.py:137} INFO - [2022-12-15T05:56:27.131+0000] {dag.py:2585} INFO - Sync 1 DAGs
[2022-12-15T05:56:27.161+0000] {logging_mixin.py:137} INFO - [2022-12-15T05:56:27.161+0000] {dag.py:3336} INFO - Setting next_dagrun for tutorial_taskflow_api_virtualenv to None, run_after=None
[2022-12-15T05:56:27.188+0000] {processor.py:176} INFO - Processing /home/airflow/.local/lib/python3.10/site-packages/airflow/example_dags/tutorial_taskflow_api_virtualenv.py took 0.297 seconds
[2022-12-15T05:56:57.218+0000] {processor.py:154} INFO - Started process (PID=97) to work on /home/airflow/.local/lib/python3.10/site-packages/airflow/example_dags/tutorial_taskflow_api_virtualenv.py
[2022-12-15T05:56:57.219+0000] {processor.py:756} INFO - Processing file /home/airflow/.local/lib/python3.10/site-packages/airflow/example_dags/tutorial_taskflow_api_virtualenv.py for tasks to queue
[2022-12-15T05:56:57.220+0000] {logging_mixin.py:137} INFO - [2022-12-15T05:56:57.220+0000] {dagbag.py:537} INFO - Filling up the DagBag from /home/airflow/.local/lib/python3.10/site-packages/airflow/example_dags/tutorial_taskflow_api_virtualenv.py
[2022-12-15T05:56:57.367+0000] {processor.py:766} INFO - DAG(s) dict_keys(['tutorial_taskflow_api_virtualenv']) retrieved from /home/airflow/.local/lib/python3.10/site-packages/airflow/example_dags/tutorial_taskflow_api_virtualenv.py
[2022-12-15T05:56:57.396+0000] {logging_mixin.py:137} INFO - [2022-12-15T05:56:57.396+0000] {dag.py:2585} INFO - Sync 1 DAGs
[2022-12-15T05:56:57.415+0000] {logging_mixin.py:137} INFO - [2022-12-15T05:56:57.415+0000] {dag.py:3336} INFO - Setting next_dagrun for tutorial_taskflow_api_virtualenv to None, run_after=None
[2022-12-15T05:56:57.435+0000] {processor.py:176} INFO - Processing /home/airflow/.local/lib/python3.10/site-packages/airflow/example_dags/tutorial_taskflow_api_virtualenv.py took 0.219 seconds
[2022-12-15T05:57:27.992+0000] {processor.py:154} INFO - Started process (PID=156) to work on /home/airflow/.local/lib/python3.10/site-packages/airflow/example_dags/tutorial_taskflow_api_virtualenv.py
[2022-12-15T05:57:27.992+0000] {processor.py:756} INFO - Processing file /home/airflow/.local/lib/python3.10/site-packages/airflow/example_dags/tutorial_taskflow_api_virtualenv.py for tasks to queue
[2022-12-15T05:57:27.993+0000] {logging_mixin.py:137} INFO - [2022-12-15T05:57:27.993+0000] {dagbag.py:537} INFO - Filling up the DagBag from /home/airflow/.local/lib/python3.10/site-packages/airflow/example_dags/tutorial_taskflow_api_virtualenv.py
[2022-12-15T05:57:28.011+0000] {processor.py:766} INFO - DAG(s) dict_keys(['tutorial_taskflow_api_virtualenv']) retrieved from /home/airflow/.local/lib/python3.10/site-packages/airflow/example_dags/tutorial_taskflow_api_virtualenv.py
[2022-12-15T05:57:28.056+0000] {logging_mixin.py:137} INFO - [2022-12-15T05:57:28.056+0000] {dag.py:2585} INFO - Sync 1 DAGs
[2022-12-15T05:57:28.078+0000] {logging_mixin.py:137} INFO - [2022-12-15T05:57:28.078+0000] {dag.py:3336} INFO - Setting next_dagrun for tutorial_taskflow_api_virtualenv to None, run_after=None
[2022-12-15T05:57:28.100+0000] {processor.py:176} INFO - Processing /home/airflow/.local/lib/python3.10/site-packages/airflow/example_dags/tutorial_taskflow_api_virtualenv.py took 0.110 seconds
[2022-12-15T05:59:37.361+0000] {processor.py:154} INFO - Started process (PID=46) to work on /home/airflow/.local/lib/python3.10/site-packages/airflow/example_dags/tutorial_taskflow_api_virtualenv.py
[2022-12-15T05:59:37.362+0000] {processor.py:756} INFO - Processing file /home/airflow/.local/lib/python3.10/site-packages/airflow/example_dags/tutorial_taskflow_api_virtualenv.py for tasks to queue
[2022-12-15T05:59:37.363+0000] {logging_mixin.py:137} INFO - [2022-12-15T05:59:37.363+0000] {dagbag.py:537} INFO - Filling up the DagBag from /home/airflow/.local/lib/python3.10/site-packages/airflow/example_dags/tutorial_taskflow_api_virtualenv.py
[2022-12-15T05:59:37.386+0000] {processor.py:766} INFO - DAG(s) dict_keys(['tutorial_taskflow_api_virtualenv']) retrieved from /home/airflow/.local/lib/python3.10/site-packages/airflow/example_dags/tutorial_taskflow_api_virtualenv.py
[2022-12-15T05:59:37.554+0000] {logging_mixin.py:137} INFO - [2022-12-15T05:59:37.554+0000] {dag.py:2585} INFO - Sync 1 DAGs
[2022-12-15T05:59:37.595+0000] {logging_mixin.py:137} INFO - [2022-12-15T05:59:37.595+0000] {dag.py:3336} INFO - Setting next_dagrun for tutorial_taskflow_api_virtualenv to None, run_after=None
[2022-12-15T05:59:37.624+0000] {processor.py:176} INFO - Processing /home/airflow/.local/lib/python3.10/site-packages/airflow/example_dags/tutorial_taskflow_api_virtualenv.py took 0.265 seconds
[2022-12-15T06:00:07.815+0000] {processor.py:154} INFO - Started process (PID=97) to work on /home/airflow/.local/lib/python3.10/site-packages/airflow/example_dags/tutorial_taskflow_api_virtualenv.py
[2022-12-15T06:00:07.816+0000] {processor.py:756} INFO - Processing file /home/airflow/.local/lib/python3.10/site-packages/airflow/example_dags/tutorial_taskflow_api_virtualenv.py for tasks to queue
[2022-12-15T06:00:07.816+0000] {logging_mixin.py:137} INFO - [2022-12-15T06:00:07.816+0000] {dagbag.py:537} INFO - Filling up the DagBag from /home/airflow/.local/lib/python3.10/site-packages/airflow/example_dags/tutorial_taskflow_api_virtualenv.py
[2022-12-15T06:00:07.966+0000] {processor.py:766} INFO - DAG(s) dict_keys(['tutorial_taskflow_api_virtualenv']) retrieved from /home/airflow/.local/lib/python3.10/site-packages/airflow/example_dags/tutorial_taskflow_api_virtualenv.py
[2022-12-15T06:00:07.993+0000] {logging_mixin.py:137} INFO - [2022-12-15T06:00:07.993+0000] {dag.py:2585} INFO - Sync 1 DAGs
[2022-12-15T06:00:08.012+0000] {logging_mixin.py:137} INFO - [2022-12-15T06:00:08.012+0000] {dag.py:3336} INFO - Setting next_dagrun for tutorial_taskflow_api_virtualenv to None, run_after=None
[2022-12-15T06:00:08.030+0000] {processor.py:176} INFO - Processing /home/airflow/.local/lib/python3.10/site-packages/airflow/example_dags/tutorial_taskflow_api_virtualenv.py took 0.217 seconds
[2022-12-15T06:00:38.875+0000] {processor.py:154} INFO - Started process (PID=156) to work on /home/airflow/.local/lib/python3.10/site-packages/airflow/example_dags/tutorial_taskflow_api_virtualenv.py
[2022-12-15T06:00:38.876+0000] {processor.py:756} INFO - Processing file /home/airflow/.local/lib/python3.10/site-packages/airflow/example_dags/tutorial_taskflow_api_virtualenv.py for tasks to queue
[2022-12-15T06:00:38.876+0000] {logging_mixin.py:137} INFO - [2022-12-15T06:00:38.876+0000] {dagbag.py:537} INFO - Filling up the DagBag from /home/airflow/.local/lib/python3.10/site-packages/airflow/example_dags/tutorial_taskflow_api_virtualenv.py
[2022-12-15T06:00:38.906+0000] {processor.py:766} INFO - DAG(s) dict_keys(['tutorial_taskflow_api_virtualenv']) retrieved from /home/airflow/.local/lib/python3.10/site-packages/airflow/example_dags/tutorial_taskflow_api_virtualenv.py
[2022-12-15T06:00:38.948+0000] {logging_mixin.py:137} INFO - [2022-12-15T06:00:38.948+0000] {dag.py:2585} INFO - Sync 1 DAGs
[2022-12-15T06:00:38.968+0000] {logging_mixin.py:137} INFO - [2022-12-15T06:00:38.968+0000] {dag.py:3336} INFO - Setting next_dagrun for tutorial_taskflow_api_virtualenv to None, run_after=None
[2022-12-15T06:00:38.990+0000] {processor.py:176} INFO - Processing /home/airflow/.local/lib/python3.10/site-packages/airflow/example_dags/tutorial_taskflow_api_virtualenv.py took 0.118 seconds
[2022-12-15T06:01:09.805+0000] {processor.py:154} INFO - Started process (PID=215) to work on /home/airflow/.local/lib/python3.10/site-packages/airflow/example_dags/tutorial_taskflow_api_virtualenv.py
[2022-12-15T06:01:09.806+0000] {processor.py:756} INFO - Processing file /home/airflow/.local/lib/python3.10/site-packages/airflow/example_dags/tutorial_taskflow_api_virtualenv.py for tasks to queue
[2022-12-15T06:01:09.807+0000] {logging_mixin.py:137} INFO - [2022-12-15T06:01:09.806+0000] {dagbag.py:537} INFO - Filling up the DagBag from /home/airflow/.local/lib/python3.10/site-packages/airflow/example_dags/tutorial_taskflow_api_virtualenv.py
[2022-12-15T06:01:09.827+0000] {processor.py:766} INFO - DAG(s) dict_keys(['tutorial_taskflow_api_virtualenv']) retrieved from /home/airflow/.local/lib/python3.10/site-packages/airflow/example_dags/tutorial_taskflow_api_virtualenv.py
[2022-12-15T06:01:09.866+0000] {logging_mixin.py:137} INFO - [2022-12-15T06:01:09.866+0000] {dag.py:2585} INFO - Sync 1 DAGs
[2022-12-15T06:01:09.886+0000] {logging_mixin.py:137} INFO - [2022-12-15T06:01:09.886+0000] {dag.py:3336} INFO - Setting next_dagrun for tutorial_taskflow_api_virtualenv to None, run_after=None
[2022-12-15T06:01:09.906+0000] {processor.py:176} INFO - Processing /home/airflow/.local/lib/python3.10/site-packages/airflow/example_dags/tutorial_taskflow_api_virtualenv.py took 0.103 seconds
[2022-12-15T06:01:40.138+0000] {processor.py:154} INFO - Started process (PID=266) to work on /home/airflow/.local/lib/python3.10/site-packages/airflow/example_dags/tutorial_taskflow_api_virtualenv.py
[2022-12-15T06:01:40.139+0000] {processor.py:756} INFO - Processing file /home/airflow/.local/lib/python3.10/site-packages/airflow/example_dags/tutorial_taskflow_api_virtualenv.py for tasks to queue
[2022-12-15T06:01:40.140+0000] {logging_mixin.py:137} INFO - [2022-12-15T06:01:40.140+0000] {dagbag.py:537} INFO - Filling up the DagBag from /home/airflow/.local/lib/python3.10/site-packages/airflow/example_dags/tutorial_taskflow_api_virtualenv.py
[2022-12-15T06:01:40.163+0000] {processor.py:766} INFO - DAG(s) dict_keys(['tutorial_taskflow_api_virtualenv']) retrieved from /home/airflow/.local/lib/python3.10/site-packages/airflow/example_dags/tutorial_taskflow_api_virtualenv.py
[2022-12-15T06:01:40.206+0000] {logging_mixin.py:137} INFO - [2022-12-15T06:01:40.205+0000] {dag.py:2585} INFO - Sync 1 DAGs
[2022-12-15T06:01:40.233+0000] {logging_mixin.py:137} INFO - [2022-12-15T06:01:40.233+0000] {dag.py:3336} INFO - Setting next_dagrun for tutorial_taskflow_api_virtualenv to None, run_after=None
[2022-12-15T06:01:40.257+0000] {processor.py:176} INFO - Processing /home/airflow/.local/lib/python3.10/site-packages/airflow/example_dags/tutorial_taskflow_api_virtualenv.py took 0.121 seconds
