[2022-12-15T05:51:34.812+0000] {processor.py:154} INFO - Started process (PID=60) to work on /home/airflow/.local/lib/python3.10/site-packages/airflow/example_dags/tutorial_taskflow_api.py
[2022-12-15T05:51:34.813+0000] {processor.py:756} INFO - Processing file /home/airflow/.local/lib/python3.10/site-packages/airflow/example_dags/tutorial_taskflow_api.py for tasks to queue
[2022-12-15T05:51:34.814+0000] {logging_mixin.py:137} INFO - [2022-12-15T05:51:34.814+0000] {dagbag.py:537} INFO - Filling up the DagBag from /home/airflow/.local/lib/python3.10/site-packages/airflow/example_dags/tutorial_taskflow_api.py
[2022-12-15T05:51:34.860+0000] {processor.py:766} INFO - DAG(s) dict_keys(['tutorial_taskflow_api']) retrieved from /home/airflow/.local/lib/python3.10/site-packages/airflow/example_dags/tutorial_taskflow_api.py
[2022-12-15T05:51:35.136+0000] {logging_mixin.py:137} INFO - [2022-12-15T05:51:35.135+0000] {manager.py:507} INFO - Created Permission View: can delete on DAG:tutorial_taskflow_api
[2022-12-15T05:51:35.154+0000] {logging_mixin.py:137} INFO - [2022-12-15T05:51:35.153+0000] {manager.py:507} INFO - Created Permission View: can edit on DAG:tutorial_taskflow_api
[2022-12-15T05:51:35.165+0000] {logging_mixin.py:137} INFO - [2022-12-15T05:51:35.165+0000] {manager.py:507} INFO - Created Permission View: can read on DAG:tutorial_taskflow_api
[2022-12-15T05:51:35.165+0000] {logging_mixin.py:137} INFO - [2022-12-15T05:51:35.165+0000] {dag.py:2585} INFO - Sync 1 DAGs
[2022-12-15T05:51:35.180+0000] {logging_mixin.py:137} INFO - [2022-12-15T05:51:35.180+0000] {dag.py:2606} INFO - Creating ORM DAG for tutorial_taskflow_api
[2022-12-15T05:51:35.190+0000] {logging_mixin.py:137} INFO - [2022-12-15T05:51:35.190+0000] {dag.py:3336} INFO - Setting next_dagrun for tutorial_taskflow_api to None, run_after=None
[2022-12-15T05:51:35.207+0000] {processor.py:176} INFO - Processing /home/airflow/.local/lib/python3.10/site-packages/airflow/example_dags/tutorial_taskflow_api.py took 0.400 seconds
[2022-12-15T05:52:05.625+0000] {processor.py:154} INFO - Started process (PID=119) to work on /home/airflow/.local/lib/python3.10/site-packages/airflow/example_dags/tutorial_taskflow_api.py
[2022-12-15T05:52:05.625+0000] {processor.py:756} INFO - Processing file /home/airflow/.local/lib/python3.10/site-packages/airflow/example_dags/tutorial_taskflow_api.py for tasks to queue
[2022-12-15T05:52:05.625+0000] {logging_mixin.py:137} INFO - [2022-12-15T05:52:05.625+0000] {dagbag.py:537} INFO - Filling up the DagBag from /home/airflow/.local/lib/python3.10/site-packages/airflow/example_dags/tutorial_taskflow_api.py
[2022-12-15T05:52:05.756+0000] {processor.py:766} INFO - DAG(s) dict_keys(['tutorial_taskflow_api']) retrieved from /home/airflow/.local/lib/python3.10/site-packages/airflow/example_dags/tutorial_taskflow_api.py
[2022-12-15T05:52:05.788+0000] {logging_mixin.py:137} INFO - [2022-12-15T05:52:05.788+0000] {dag.py:2585} INFO - Sync 1 DAGs
[2022-12-15T05:52:05.808+0000] {logging_mixin.py:137} INFO - [2022-12-15T05:52:05.808+0000] {dag.py:3336} INFO - Setting next_dagrun for tutorial_taskflow_api to None, run_after=None
[2022-12-15T05:52:05.826+0000] {processor.py:176} INFO - Processing /home/airflow/.local/lib/python3.10/site-packages/airflow/example_dags/tutorial_taskflow_api.py took 0.203 seconds
[2022-12-15T05:52:36.218+0000] {processor.py:154} INFO - Started process (PID=179) to work on /home/airflow/.local/lib/python3.10/site-packages/airflow/example_dags/tutorial_taskflow_api.py
[2022-12-15T05:52:36.219+0000] {processor.py:756} INFO - Processing file /home/airflow/.local/lib/python3.10/site-packages/airflow/example_dags/tutorial_taskflow_api.py for tasks to queue
[2022-12-15T05:52:36.220+0000] {logging_mixin.py:137} INFO - [2022-12-15T05:52:36.220+0000] {dagbag.py:537} INFO - Filling up the DagBag from /home/airflow/.local/lib/python3.10/site-packages/airflow/example_dags/tutorial_taskflow_api.py
[2022-12-15T05:52:36.236+0000] {processor.py:766} INFO - DAG(s) dict_keys(['tutorial_taskflow_api']) retrieved from /home/airflow/.local/lib/python3.10/site-packages/airflow/example_dags/tutorial_taskflow_api.py
[2022-12-15T05:52:36.267+0000] {logging_mixin.py:137} INFO - [2022-12-15T05:52:36.267+0000] {dag.py:2585} INFO - Sync 1 DAGs
[2022-12-15T05:52:36.287+0000] {logging_mixin.py:137} INFO - [2022-12-15T05:52:36.287+0000] {dag.py:3336} INFO - Setting next_dagrun for tutorial_taskflow_api to None, run_after=None
[2022-12-15T05:52:36.307+0000] {processor.py:176} INFO - Processing /home/airflow/.local/lib/python3.10/site-packages/airflow/example_dags/tutorial_taskflow_api.py took 0.221 seconds
[2022-12-15T05:53:07.239+0000] {processor.py:154} INFO - Started process (PID=230) to work on /home/airflow/.local/lib/python3.10/site-packages/airflow/example_dags/tutorial_taskflow_api.py
[2022-12-15T05:53:07.239+0000] {processor.py:756} INFO - Processing file /home/airflow/.local/lib/python3.10/site-packages/airflow/example_dags/tutorial_taskflow_api.py for tasks to queue
[2022-12-15T05:53:07.240+0000] {logging_mixin.py:137} INFO - [2022-12-15T05:53:07.240+0000] {dagbag.py:537} INFO - Filling up the DagBag from /home/airflow/.local/lib/python3.10/site-packages/airflow/example_dags/tutorial_taskflow_api.py
[2022-12-15T05:53:07.269+0000] {processor.py:766} INFO - DAG(s) dict_keys(['tutorial_taskflow_api']) retrieved from /home/airflow/.local/lib/python3.10/site-packages/airflow/example_dags/tutorial_taskflow_api.py
[2022-12-15T05:53:07.313+0000] {logging_mixin.py:137} INFO - [2022-12-15T05:53:07.313+0000] {dag.py:2585} INFO - Sync 1 DAGs
[2022-12-15T05:53:07.332+0000] {logging_mixin.py:137} INFO - [2022-12-15T05:53:07.332+0000] {dag.py:3336} INFO - Setting next_dagrun for tutorial_taskflow_api to None, run_after=None
[2022-12-15T05:53:07.351+0000] {processor.py:176} INFO - Processing /home/airflow/.local/lib/python3.10/site-packages/airflow/example_dags/tutorial_taskflow_api.py took 0.115 seconds
[2022-12-15T05:53:37.684+0000] {processor.py:154} INFO - Started process (PID=288) to work on /home/airflow/.local/lib/python3.10/site-packages/airflow/example_dags/tutorial_taskflow_api.py
[2022-12-15T05:53:37.685+0000] {processor.py:756} INFO - Processing file /home/airflow/.local/lib/python3.10/site-packages/airflow/example_dags/tutorial_taskflow_api.py for tasks to queue
[2022-12-15T05:53:37.685+0000] {logging_mixin.py:137} INFO - [2022-12-15T05:53:37.685+0000] {dagbag.py:537} INFO - Filling up the DagBag from /home/airflow/.local/lib/python3.10/site-packages/airflow/example_dags/tutorial_taskflow_api.py
[2022-12-15T05:53:37.704+0000] {processor.py:766} INFO - DAG(s) dict_keys(['tutorial_taskflow_api']) retrieved from /home/airflow/.local/lib/python3.10/site-packages/airflow/example_dags/tutorial_taskflow_api.py
[2022-12-15T05:53:37.742+0000] {logging_mixin.py:137} INFO - [2022-12-15T05:53:37.742+0000] {dag.py:2585} INFO - Sync 1 DAGs
[2022-12-15T05:53:37.763+0000] {logging_mixin.py:137} INFO - [2022-12-15T05:53:37.762+0000] {dag.py:3336} INFO - Setting next_dagrun for tutorial_taskflow_api to None, run_after=None
[2022-12-15T05:53:37.785+0000] {processor.py:176} INFO - Processing /home/airflow/.local/lib/python3.10/site-packages/airflow/example_dags/tutorial_taskflow_api.py took 0.104 seconds
[2022-12-15T05:54:08.123+0000] {processor.py:154} INFO - Started process (PID=346) to work on /home/airflow/.local/lib/python3.10/site-packages/airflow/example_dags/tutorial_taskflow_api.py
[2022-12-15T05:54:08.123+0000] {processor.py:756} INFO - Processing file /home/airflow/.local/lib/python3.10/site-packages/airflow/example_dags/tutorial_taskflow_api.py for tasks to queue
[2022-12-15T05:54:08.124+0000] {logging_mixin.py:137} INFO - [2022-12-15T05:54:08.124+0000] {dagbag.py:537} INFO - Filling up the DagBag from /home/airflow/.local/lib/python3.10/site-packages/airflow/example_dags/tutorial_taskflow_api.py
[2022-12-15T05:54:08.146+0000] {processor.py:766} INFO - DAG(s) dict_keys(['tutorial_taskflow_api']) retrieved from /home/airflow/.local/lib/python3.10/site-packages/airflow/example_dags/tutorial_taskflow_api.py
[2022-12-15T05:54:08.187+0000] {logging_mixin.py:137} INFO - [2022-12-15T05:54:08.187+0000] {dag.py:2585} INFO - Sync 1 DAGs
[2022-12-15T05:54:08.217+0000] {logging_mixin.py:137} INFO - [2022-12-15T05:54:08.216+0000] {dag.py:3336} INFO - Setting next_dagrun for tutorial_taskflow_api to None, run_after=None
[2022-12-15T05:54:08.246+0000] {processor.py:176} INFO - Processing /home/airflow/.local/lib/python3.10/site-packages/airflow/example_dags/tutorial_taskflow_api.py took 0.126 seconds
[2022-12-15T05:54:38.404+0000] {processor.py:154} INFO - Started process (PID=397) to work on /home/airflow/.local/lib/python3.10/site-packages/airflow/example_dags/tutorial_taskflow_api.py
[2022-12-15T05:54:38.405+0000] {processor.py:756} INFO - Processing file /home/airflow/.local/lib/python3.10/site-packages/airflow/example_dags/tutorial_taskflow_api.py for tasks to queue
[2022-12-15T05:54:38.405+0000] {logging_mixin.py:137} INFO - [2022-12-15T05:54:38.405+0000] {dagbag.py:537} INFO - Filling up the DagBag from /home/airflow/.local/lib/python3.10/site-packages/airflow/example_dags/tutorial_taskflow_api.py
[2022-12-15T05:54:38.422+0000] {processor.py:766} INFO - DAG(s) dict_keys(['tutorial_taskflow_api']) retrieved from /home/airflow/.local/lib/python3.10/site-packages/airflow/example_dags/tutorial_taskflow_api.py
[2022-12-15T05:54:38.455+0000] {logging_mixin.py:137} INFO - [2022-12-15T05:54:38.455+0000] {dag.py:2585} INFO - Sync 1 DAGs
[2022-12-15T05:54:38.477+0000] {logging_mixin.py:137} INFO - [2022-12-15T05:54:38.477+0000] {dag.py:3336} INFO - Setting next_dagrun for tutorial_taskflow_api to None, run_after=None
[2022-12-15T05:54:38.496+0000] {processor.py:176} INFO - Processing /home/airflow/.local/lib/python3.10/site-packages/airflow/example_dags/tutorial_taskflow_api.py took 0.094 seconds
[2022-12-15T05:55:08.922+0000] {processor.py:154} INFO - Started process (PID=455) to work on /home/airflow/.local/lib/python3.10/site-packages/airflow/example_dags/tutorial_taskflow_api.py
[2022-12-15T05:55:08.923+0000] {processor.py:756} INFO - Processing file /home/airflow/.local/lib/python3.10/site-packages/airflow/example_dags/tutorial_taskflow_api.py for tasks to queue
[2022-12-15T05:55:08.923+0000] {logging_mixin.py:137} INFO - [2022-12-15T05:55:08.923+0000] {dagbag.py:537} INFO - Filling up the DagBag from /home/airflow/.local/lib/python3.10/site-packages/airflow/example_dags/tutorial_taskflow_api.py
[2022-12-15T05:55:08.943+0000] {processor.py:766} INFO - DAG(s) dict_keys(['tutorial_taskflow_api']) retrieved from /home/airflow/.local/lib/python3.10/site-packages/airflow/example_dags/tutorial_taskflow_api.py
[2022-12-15T05:55:08.978+0000] {logging_mixin.py:137} INFO - [2022-12-15T05:55:08.978+0000] {dag.py:2585} INFO - Sync 1 DAGs
[2022-12-15T05:55:08.997+0000] {logging_mixin.py:137} INFO - [2022-12-15T05:55:08.997+0000] {dag.py:3336} INFO - Setting next_dagrun for tutorial_taskflow_api to None, run_after=None
[2022-12-15T05:55:09.021+0000] {processor.py:176} INFO - Processing /home/airflow/.local/lib/python3.10/site-packages/airflow/example_dags/tutorial_taskflow_api.py took 0.102 seconds
[2022-12-15T05:56:29.000+0000] {processor.py:154} INFO - Started process (PID=58) to work on /home/airflow/.local/lib/python3.10/site-packages/airflow/example_dags/tutorial_taskflow_api.py
[2022-12-15T05:56:29.001+0000] {processor.py:756} INFO - Processing file /home/airflow/.local/lib/python3.10/site-packages/airflow/example_dags/tutorial_taskflow_api.py for tasks to queue
[2022-12-15T05:56:29.002+0000] {logging_mixin.py:137} INFO - [2022-12-15T05:56:29.002+0000] {dagbag.py:537} INFO - Filling up the DagBag from /home/airflow/.local/lib/python3.10/site-packages/airflow/example_dags/tutorial_taskflow_api.py
[2022-12-15T05:56:29.025+0000] {processor.py:766} INFO - DAG(s) dict_keys(['tutorial_taskflow_api']) retrieved from /home/airflow/.local/lib/python3.10/site-packages/airflow/example_dags/tutorial_taskflow_api.py
[2022-12-15T05:56:29.193+0000] {logging_mixin.py:137} INFO - [2022-12-15T05:56:29.193+0000] {dag.py:2585} INFO - Sync 1 DAGs
[2022-12-15T05:56:29.211+0000] {logging_mixin.py:137} INFO - [2022-12-15T05:56:29.211+0000] {dag.py:3336} INFO - Setting next_dagrun for tutorial_taskflow_api to None, run_after=None
[2022-12-15T05:56:29.232+0000] {processor.py:176} INFO - Processing /home/airflow/.local/lib/python3.10/site-packages/airflow/example_dags/tutorial_taskflow_api.py took 0.234 seconds
[2022-12-15T05:56:59.957+0000] {processor.py:154} INFO - Started process (PID=116) to work on /home/airflow/.local/lib/python3.10/site-packages/airflow/example_dags/tutorial_taskflow_api.py
[2022-12-15T05:56:59.958+0000] {processor.py:756} INFO - Processing file /home/airflow/.local/lib/python3.10/site-packages/airflow/example_dags/tutorial_taskflow_api.py for tasks to queue
[2022-12-15T05:56:59.960+0000] {logging_mixin.py:137} INFO - [2022-12-15T05:56:59.959+0000] {dagbag.py:537} INFO - Filling up the DagBag from /home/airflow/.local/lib/python3.10/site-packages/airflow/example_dags/tutorial_taskflow_api.py
[2022-12-15T05:57:00.168+0000] {processor.py:766} INFO - DAG(s) dict_keys(['tutorial_taskflow_api']) retrieved from /home/airflow/.local/lib/python3.10/site-packages/airflow/example_dags/tutorial_taskflow_api.py
[2022-12-15T05:57:00.206+0000] {logging_mixin.py:137} INFO - [2022-12-15T05:57:00.206+0000] {dag.py:2585} INFO - Sync 1 DAGs
[2022-12-15T05:57:00.235+0000] {logging_mixin.py:137} INFO - [2022-12-15T05:57:00.235+0000] {dag.py:3336} INFO - Setting next_dagrun for tutorial_taskflow_api to None, run_after=None
[2022-12-15T05:57:00.264+0000] {processor.py:176} INFO - Processing /home/airflow/.local/lib/python3.10/site-packages/airflow/example_dags/tutorial_taskflow_api.py took 0.310 seconds
[2022-12-15T05:57:30.673+0000] {processor.py:154} INFO - Started process (PID=169) to work on /home/airflow/.local/lib/python3.10/site-packages/airflow/example_dags/tutorial_taskflow_api.py
[2022-12-15T05:57:30.674+0000] {processor.py:756} INFO - Processing file /home/airflow/.local/lib/python3.10/site-packages/airflow/example_dags/tutorial_taskflow_api.py for tasks to queue
[2022-12-15T05:57:30.674+0000] {logging_mixin.py:137} INFO - [2022-12-15T05:57:30.674+0000] {dagbag.py:537} INFO - Filling up the DagBag from /home/airflow/.local/lib/python3.10/site-packages/airflow/example_dags/tutorial_taskflow_api.py
[2022-12-15T05:57:30.692+0000] {processor.py:766} INFO - DAG(s) dict_keys(['tutorial_taskflow_api']) retrieved from /home/airflow/.local/lib/python3.10/site-packages/airflow/example_dags/tutorial_taskflow_api.py
[2022-12-15T05:57:30.724+0000] {logging_mixin.py:137} INFO - [2022-12-15T05:57:30.724+0000] {dag.py:2585} INFO - Sync 1 DAGs
[2022-12-15T05:57:30.743+0000] {logging_mixin.py:137} INFO - [2022-12-15T05:57:30.743+0000] {dag.py:3336} INFO - Setting next_dagrun for tutorial_taskflow_api to None, run_after=None
[2022-12-15T05:57:30.762+0000] {processor.py:176} INFO - Processing /home/airflow/.local/lib/python3.10/site-packages/airflow/example_dags/tutorial_taskflow_api.py took 0.090 seconds
[2022-12-15T05:59:39.269+0000] {processor.py:154} INFO - Started process (PID=58) to work on /home/airflow/.local/lib/python3.10/site-packages/airflow/example_dags/tutorial_taskflow_api.py
[2022-12-15T05:59:39.270+0000] {processor.py:756} INFO - Processing file /home/airflow/.local/lib/python3.10/site-packages/airflow/example_dags/tutorial_taskflow_api.py for tasks to queue
[2022-12-15T05:59:39.271+0000] {logging_mixin.py:137} INFO - [2022-12-15T05:59:39.271+0000] {dagbag.py:537} INFO - Filling up the DagBag from /home/airflow/.local/lib/python3.10/site-packages/airflow/example_dags/tutorial_taskflow_api.py
[2022-12-15T05:59:39.296+0000] {processor.py:766} INFO - DAG(s) dict_keys(['tutorial_taskflow_api']) retrieved from /home/airflow/.local/lib/python3.10/site-packages/airflow/example_dags/tutorial_taskflow_api.py
[2022-12-15T05:59:39.490+0000] {logging_mixin.py:137} INFO - [2022-12-15T05:59:39.490+0000] {dag.py:2585} INFO - Sync 1 DAGs
[2022-12-15T05:59:39.513+0000] {logging_mixin.py:137} INFO - [2022-12-15T05:59:39.513+0000] {dag.py:3336} INFO - Setting next_dagrun for tutorial_taskflow_api to None, run_after=None
[2022-12-15T05:59:39.542+0000] {processor.py:176} INFO - Processing /home/airflow/.local/lib/python3.10/site-packages/airflow/example_dags/tutorial_taskflow_api.py took 0.276 seconds
[2022-12-15T06:00:09.591+0000] {processor.py:154} INFO - Started process (PID=116) to work on /home/airflow/.local/lib/python3.10/site-packages/airflow/example_dags/tutorial_taskflow_api.py
[2022-12-15T06:00:09.592+0000] {processor.py:756} INFO - Processing file /home/airflow/.local/lib/python3.10/site-packages/airflow/example_dags/tutorial_taskflow_api.py for tasks to queue
[2022-12-15T06:00:09.592+0000] {logging_mixin.py:137} INFO - [2022-12-15T06:00:09.592+0000] {dagbag.py:537} INFO - Filling up the DagBag from /home/airflow/.local/lib/python3.10/site-packages/airflow/example_dags/tutorial_taskflow_api.py
[2022-12-15T06:00:09.764+0000] {processor.py:766} INFO - DAG(s) dict_keys(['tutorial_taskflow_api']) retrieved from /home/airflow/.local/lib/python3.10/site-packages/airflow/example_dags/tutorial_taskflow_api.py
[2022-12-15T06:00:09.798+0000] {logging_mixin.py:137} INFO - [2022-12-15T06:00:09.798+0000] {dag.py:2585} INFO - Sync 1 DAGs
[2022-12-15T06:00:09.821+0000] {logging_mixin.py:137} INFO - [2022-12-15T06:00:09.820+0000] {dag.py:3336} INFO - Setting next_dagrun for tutorial_taskflow_api to None, run_after=None
[2022-12-15T06:00:09.849+0000] {processor.py:176} INFO - Processing /home/airflow/.local/lib/python3.10/site-packages/airflow/example_dags/tutorial_taskflow_api.py took 0.261 seconds
[2022-12-15T06:00:40.826+0000] {processor.py:154} INFO - Started process (PID=169) to work on /home/airflow/.local/lib/python3.10/site-packages/airflow/example_dags/tutorial_taskflow_api.py
[2022-12-15T06:00:40.828+0000] {processor.py:756} INFO - Processing file /home/airflow/.local/lib/python3.10/site-packages/airflow/example_dags/tutorial_taskflow_api.py for tasks to queue
[2022-12-15T06:00:40.828+0000] {logging_mixin.py:137} INFO - [2022-12-15T06:00:40.828+0000] {dagbag.py:537} INFO - Filling up the DagBag from /home/airflow/.local/lib/python3.10/site-packages/airflow/example_dags/tutorial_taskflow_api.py
[2022-12-15T06:00:40.846+0000] {processor.py:766} INFO - DAG(s) dict_keys(['tutorial_taskflow_api']) retrieved from /home/airflow/.local/lib/python3.10/site-packages/airflow/example_dags/tutorial_taskflow_api.py
[2022-12-15T06:00:40.885+0000] {logging_mixin.py:137} INFO - [2022-12-15T06:00:40.885+0000] {dag.py:2585} INFO - Sync 1 DAGs
[2022-12-15T06:00:40.908+0000] {logging_mixin.py:137} INFO - [2022-12-15T06:00:40.907+0000] {dag.py:3336} INFO - Setting next_dagrun for tutorial_taskflow_api to None, run_after=None
[2022-12-15T06:00:40.931+0000] {processor.py:176} INFO - Processing /home/airflow/.local/lib/python3.10/site-packages/airflow/example_dags/tutorial_taskflow_api.py took 0.107 seconds
[2022-12-15T06:01:11.499+0000] {processor.py:154} INFO - Started process (PID=227) to work on /home/airflow/.local/lib/python3.10/site-packages/airflow/example_dags/tutorial_taskflow_api.py
[2022-12-15T06:01:11.500+0000] {processor.py:756} INFO - Processing file /home/airflow/.local/lib/python3.10/site-packages/airflow/example_dags/tutorial_taskflow_api.py for tasks to queue
[2022-12-15T06:01:11.501+0000] {logging_mixin.py:137} INFO - [2022-12-15T06:01:11.500+0000] {dagbag.py:537} INFO - Filling up the DagBag from /home/airflow/.local/lib/python3.10/site-packages/airflow/example_dags/tutorial_taskflow_api.py
[2022-12-15T06:01:11.518+0000] {processor.py:766} INFO - DAG(s) dict_keys(['tutorial_taskflow_api']) retrieved from /home/airflow/.local/lib/python3.10/site-packages/airflow/example_dags/tutorial_taskflow_api.py
[2022-12-15T06:01:11.558+0000] {logging_mixin.py:137} INFO - [2022-12-15T06:01:11.558+0000] {dag.py:2585} INFO - Sync 1 DAGs
[2022-12-15T06:01:11.579+0000] {logging_mixin.py:137} INFO - [2022-12-15T06:01:11.578+0000] {dag.py:3336} INFO - Setting next_dagrun for tutorial_taskflow_api to None, run_after=None
[2022-12-15T06:01:11.600+0000] {processor.py:176} INFO - Processing /home/airflow/.local/lib/python3.10/site-packages/airflow/example_dags/tutorial_taskflow_api.py took 0.103 seconds
[2022-12-15T06:01:42.067+0000] {processor.py:154} INFO - Started process (PID=285) to work on /home/airflow/.local/lib/python3.10/site-packages/airflow/example_dags/tutorial_taskflow_api.py
[2022-12-15T06:01:42.068+0000] {processor.py:756} INFO - Processing file /home/airflow/.local/lib/python3.10/site-packages/airflow/example_dags/tutorial_taskflow_api.py for tasks to queue
[2022-12-15T06:01:42.069+0000] {logging_mixin.py:137} INFO - [2022-12-15T06:01:42.068+0000] {dagbag.py:537} INFO - Filling up the DagBag from /home/airflow/.local/lib/python3.10/site-packages/airflow/example_dags/tutorial_taskflow_api.py
[2022-12-15T06:01:42.093+0000] {processor.py:766} INFO - DAG(s) dict_keys(['tutorial_taskflow_api']) retrieved from /home/airflow/.local/lib/python3.10/site-packages/airflow/example_dags/tutorial_taskflow_api.py
[2022-12-15T06:01:42.139+0000] {logging_mixin.py:137} INFO - [2022-12-15T06:01:42.139+0000] {dag.py:2585} INFO - Sync 1 DAGs
[2022-12-15T06:01:42.162+0000] {logging_mixin.py:137} INFO - [2022-12-15T06:01:42.162+0000] {dag.py:3336} INFO - Setting next_dagrun for tutorial_taskflow_api to None, run_after=None
[2022-12-15T06:01:42.186+0000] {processor.py:176} INFO - Processing /home/airflow/.local/lib/python3.10/site-packages/airflow/example_dags/tutorial_taskflow_api.py took 0.123 seconds
